ARM GAS  C:\Users\mgnocco\AppData\Local\Temp\ccsPb2gY.s 			page 1


   1              		.syntax unified
   2              		.cpu cortex-m3
   3              		.fpu softvfp
   4              		.eabi_attribute 20, 1
   5              		.eabi_attribute 21, 1
   6              		.eabi_attribute 23, 3
   7              		.eabi_attribute 24, 1
   8              		.eabi_attribute 25, 1
   9              		.eabi_attribute 26, 1
  10              		.eabi_attribute 30, 1
  11              		.eabi_attribute 34, 1
  12              		.eabi_attribute 18, 4
  13              		.thumb
  14              		.syntax unified
  15              		.file	"cymetadata.c"
  16              		.text
  17              	.Ltext0:
  18              		.cfi_sections	.debug_frame
  19              		.global	cy_metadata
  20              		.global	cy_meta_flashprotect
  21              		.global	cy_meta_wonvl
  22              		.global	cy_meta_custnvl
  23              		.global	cy_meta_configecc
  24              		.section	.cyconfigecc,"a",%progbits
  25              		.align	2
  26              		.type	cy_meta_configecc, %object
  27              		.size	cy_meta_configecc, 1496
  28              	cy_meta_configecc:
  29 0000 02       		.byte	2
  30 0001 4F       		.byte	79
  31 0002 00       		.byte	0
  32 0003 40       		.byte	64
  33 0004 03       		.byte	3
  34 0005 52       		.byte	82
  35 0006 00       		.byte	0
  36 0007 40       		.byte	64
  37 0008 01       		.byte	1
  38 0009 64       		.byte	100
  39 000a 00       		.byte	0
  40 000b 40       		.byte	64
  41 000c 03       		.byte	3
  42 000d 65       		.byte	101
  43 000e 00       		.byte	0
  44 000f 40       		.byte	64
  45 0010 5C       		.byte	92
  46 0011 04       		.byte	4
  47 0012 01       		.byte	1
  48 0013 40       		.byte	64
  49 0014 42       		.byte	66
  50 0015 05       		.byte	5
  51 0016 01       		.byte	1
  52 0017 40       		.byte	64
  53 0018 57       		.byte	87
  54 0019 06       		.byte	6
  55 001a 01       		.byte	1
  56 001b 40       		.byte	64
  57 001c 46       		.byte	70
ARM GAS  C:\Users\mgnocco\AppData\Local\Temp\ccsPb2gY.s 			page 2


  58 001d 07       		.byte	7
  59 001e 01       		.byte	1
  60 001f 40       		.byte	64
  61 0020 01       		.byte	1
  62 0021 09       		.byte	9
  63 0022 01       		.byte	1
  64 0023 40       		.byte	64
  65 0024 02       		.byte	2
  66 0025 0B       		.byte	11
  67 0026 01       		.byte	1
  68 0027 40       		.byte	64
  69 0028 09       		.byte	9
  70 0029 14       		.byte	20
  71 002a 01       		.byte	1
  72 002b 40       		.byte	64
  73 002c 46       		.byte	70
  74 002d 15       		.byte	21
  75 002e 01       		.byte	1
  76 002f 40       		.byte	64
  77 0030 4F       		.byte	79
  78 0031 16       		.byte	22
  79 0032 01       		.byte	1
  80 0033 40       		.byte	64
  81 0034 42       		.byte	66
  82 0035 17       		.byte	23
  83 0036 01       		.byte	1
  84 0037 40       		.byte	64
  85 0038 04       		.byte	4
  86 0039 1A       		.byte	26
  87 003a 01       		.byte	1
  88 003b 40       		.byte	64
  89 003c 04       		.byte	4
  90 003d 1B       		.byte	27
  91 003e 01       		.byte	1
  92 003f 40       		.byte	64
  93 0040 03       		.byte	3
  94 0041 41       		.byte	65
  95 0042 01       		.byte	1
  96 0043 40       		.byte	64
  97 0044 06       		.byte	6
  98 0045 42       		.byte	66
  99 0046 01       		.byte	1
 100 0047 40       		.byte	64
 101 0048 01       		.byte	1
 102 0049 43       		.byte	67
 103 004a 01       		.byte	1
 104 004b 40       		.byte	64
 105 004c 03       		.byte	3
 106 004d 45       		.byte	69
 107 004e 01       		.byte	1
 108 004f 40       		.byte	64
 109 0050 03       		.byte	3
 110 0051 46       		.byte	70
 111 0052 01       		.byte	1
 112 0053 40       		.byte	64
 113 0054 01       		.byte	1
 114 0055 47       		.byte	71
ARM GAS  C:\Users\mgnocco\AppData\Local\Temp\ccsPb2gY.s 			page 3


 115 0056 01       		.byte	1
 116 0057 40       		.byte	64
 117 0058 03       		.byte	3
 118 0059 48       		.byte	72
 119 005a 01       		.byte	1
 120 005b 40       		.byte	64
 121 005c 08       		.byte	8
 122 005d 49       		.byte	73
 123 005e 01       		.byte	1
 124 005f 40       		.byte	64
 125 0060 01       		.byte	1
 126 0061 4C       		.byte	76
 127 0062 01       		.byte	1
 128 0063 40       		.byte	64
 129 0064 0A       		.byte	10
 130 0065 4D       		.byte	77
 131 0066 01       		.byte	1
 132 0067 40       		.byte	64
 133 0068 06       		.byte	6
 134 0069 50       		.byte	80
 135 006a 01       		.byte	1
 136 006b 40       		.byte	64
 137 006c 01       		.byte	1
 138 006d 80       		.byte	-128
 139 006e 0A       		.byte	10
 140 006f 36       		.byte	54
 141 0070 00       		.byte	0
 142 0071 10       		.byte	16
 143 0072 10       		.byte	16
 144 0073 18       		.byte	24
 145 0074 11       		.byte	17
 146 0075 08       		.byte	8
 147 0076 86       		.byte	-122
 148 0077 0F       		.byte	15
 149 0078 84       		.byte	-124
 150 0079 72       		.byte	114
 151 007a 85       		.byte	-123
 152 007b 38       		.byte	56
 153 007c 87       		.byte	-121
 154 007d 0F       		.byte	15
 155 007e 04       		.byte	4
 156 007f 14       		.byte	20
 157 0080 05       		.byte	5
 158 0081 2C       		.byte	44
 159 0082 07       		.byte	7
 160 0083 43       		.byte	67
 161 0084 08       		.byte	8
 162 0085 DC       		.byte	-36
 163 0086 09       		.byte	9
 164 0087 80       		.byte	-128
 165 0088 0A       		.byte	10
 166 0089 22       		.byte	34
 167 008a 0B       		.byte	11
 168 008b 13       		.byte	19
 169 008c 0C       		.byte	12
 170 008d 0C       		.byte	12
 171 008e 0E       		.byte	14
ARM GAS  C:\Users\mgnocco\AppData\Local\Temp\ccsPb2gY.s 			page 4


 172 008f 71       		.byte	113
 173 0090 13       		.byte	19
 174 0091 0C       		.byte	12
 175 0092 15       		.byte	21
 176 0093 71       		.byte	113
 177 0094 17       		.byte	23
 178 0095 06       		.byte	6
 179 0096 1A       		.byte	26
 180 0097 03       		.byte	3
 181 0098 1C       		.byte	28
 182 0099 09       		.byte	9
 183 009a 1E       		.byte	30
 184 009b D0       		.byte	-48
 185 009c 1F       		.byte	31
 186 009d 08       		.byte	8
 187 009e 20       		.byte	32
 188 009f 10       		.byte	16
 189 00a0 22       		.byte	34
 190 00a1 40       		.byte	64
 191 00a2 26       		.byte	38
 192 00a3 20       		.byte	32
 193 00a4 28       		.byte	40
 194 00a5 10       		.byte	16
 195 00a6 2A       		.byte	42
 196 00a7 AC       		.byte	-84
 197 00a8 2D       		.byte	45
 198 00a9 71       		.byte	113
 199 00aa 2F       		.byte	47
 200 00ab 0E       		.byte	14
 201 00ac 31       		.byte	49
 202 00ad C0       		.byte	-64
 203 00ae 33       		.byte	51
 204 00af 0F       		.byte	15
 205 00b0 34       		.byte	52
 206 00b1 1F       		.byte	31
 207 00b2 35       		.byte	53
 208 00b3 30       		.byte	48
 209 00b4 36       		.byte	54
 210 00b5 E0       		.byte	-32
 211 00b6 39       		.byte	57
 212 00b7 22       		.byte	34
 213 00b8 3A       		.byte	58
 214 00b9 80       		.byte	-128
 215 00ba 3B       		.byte	59
 216 00bb 08       		.byte	8
 217 00bc 3F       		.byte	63
 218 00bd 10       		.byte	16
 219 00be 40       		.byte	64
 220 00bf 02       		.byte	2
 221 00c0 45       		.byte	69
 222 00c1 40       		.byte	64
 223 00c2 49       		.byte	73
 224 00c3 FF       		.byte	-1
 225 00c4 4A       		.byte	74
 226 00c5 07       		.byte	7
 227 00c6 4B       		.byte	75
 228 00c7 FF       		.byte	-1
ARM GAS  C:\Users\mgnocco\AppData\Local\Temp\ccsPb2gY.s 			page 5


 229 00c8 4C       		.byte	76
 230 00c9 40       		.byte	64
 231 00ca 4D       		.byte	77
 232 00cb 20       		.byte	32
 233 00cc 4E       		.byte	78
 234 00cd F0       		.byte	-16
 235 00ce 4F       		.byte	79
 236 00cf 05       		.byte	5
 237 00d0 50       		.byte	80
 238 00d1 08       		.byte	8
 239 00d2 58       		.byte	88
 240 00d3 04       		.byte	4
 241 00d4 59       		.byte	89
 242 00d5 04       		.byte	4
 243 00d6 5A       		.byte	90
 244 00d7 04       		.byte	4
 245 00d8 5B       		.byte	91
 246 00d9 04       		.byte	4
 247 00da 5C       		.byte	92
 248 00db 11       		.byte	17
 249 00dc 5D       		.byte	93
 250 00dd 01       		.byte	1
 251 00de 5F       		.byte	95
 252 00df 01       		.byte	1
 253 00e0 60       		.byte	96
 254 00e1 40       		.byte	64
 255 00e2 61       		.byte	97
 256 00e3 A8       		.byte	-88
 257 00e4 62       		.byte	98
 258 00e5 40       		.byte	64
 259 00e6 63       		.byte	99
 260 00e7 20       		.byte	32
 261 00e8 80       		.byte	-128
 262 00e9 23       		.byte	35
 263 00ea 82       		.byte	-126
 264 00eb 98       		.byte	-104
 265 00ec 83       		.byte	-125
 266 00ed 20       		.byte	32
 267 00ee 84       		.byte	-124
 268 00ef 52       		.byte	82
 269 00f0 88       		.byte	-120
 270 00f1 50       		.byte	80
 271 00f2 8A       		.byte	-118
 272 00f3 02       		.byte	2
 273 00f4 8B       		.byte	-117
 274 00f5 18       		.byte	24
 275 00f6 90       		.byte	-112
 276 00f7 23       		.byte	35
 277 00f8 91       		.byte	-111
 278 00f9 06       		.byte	6
 279 00fa 92       		.byte	-110
 280 00fb 8C       		.byte	-116
 281 00fc 94       		.byte	-108
 282 00fd 81       		.byte	-127
 283 00fe 96       		.byte	-106
 284 00ff 34       		.byte	52
 285 0100 98       		.byte	-104
ARM GAS  C:\Users\mgnocco\AppData\Local\Temp\ccsPb2gY.s 			page 6


 286 0101 02       		.byte	2
 287 0102 9C       		.byte	-100
 288 0103 52       		.byte	82
 289 0104 9D       		.byte	-99
 290 0105 70       		.byte	112
 291 0106 9F       		.byte	-97
 292 0107 09       		.byte	9
 293 0108 A0       		.byte	-96
 294 0109 52       		.byte	82
 295 010a A5       		.byte	-91
 296 010b 55       		.byte	85
 297 010c A7       		.byte	-89
 298 010d 22       		.byte	34
 299 010e AC       		.byte	-84
 300 010f 02       		.byte	2
 301 0110 AD       		.byte	-83
 302 0111 6B       		.byte	107
 303 0112 AE       		.byte	-82
 304 0113 50       		.byte	80
 305 0114 AF       		.byte	-81
 306 0115 14       		.byte	20
 307 0116 B0       		.byte	-80
 308 0117 20       		.byte	32
 309 0118 B1       		.byte	-79
 310 0119 07       		.byte	7
 311 011a B2       		.byte	-78
 312 011b 40       		.byte	64
 313 011c B4       		.byte	-76
 314 011d 1F       		.byte	31
 315 011e B5       		.byte	-75
 316 011f 38       		.byte	56
 317 0120 B6       		.byte	-74
 318 0121 80       		.byte	-128
 319 0122 B7       		.byte	-73
 320 0123 40       		.byte	64
 321 0124 B8       		.byte	-72
 322 0125 22       		.byte	34
 323 0126 B9       		.byte	-71
 324 0127 02       		.byte	2
 325 0128 BE       		.byte	-66
 326 0129 44       		.byte	68
 327 012a BF       		.byte	-65
 328 012b 40       		.byte	64
 329 012c D4       		.byte	-44
 330 012d 09       		.byte	9
 331 012e D8       		.byte	-40
 332 012f 04       		.byte	4
 333 0130 D9       		.byte	-39
 334 0131 04       		.byte	4
 335 0132 DB       		.byte	-37
 336 0133 04       		.byte	4
 337 0134 DF       		.byte	-33
 338 0135 01       		.byte	1
 339 0136 01       		.byte	1
 340 0137 80       		.byte	-128
 341 0138 02       		.byte	2
 342 0139 24       		.byte	36
ARM GAS  C:\Users\mgnocco\AppData\Local\Temp\ccsPb2gY.s 			page 7


 343 013a 05       		.byte	5
 344 013b 01       		.byte	1
 345 013c 07       		.byte	7
 346 013d 54       		.byte	84
 347 013e 0A       		.byte	10
 348 013f 06       		.byte	6
 349 0140 0B       		.byte	11
 350 0141 30       		.byte	48
 351 0142 0E       		.byte	14
 352 0143 42       		.byte	66
 353 0144 0F       		.byte	15
 354 0145 18       		.byte	24
 355 0146 10       		.byte	16
 356 0147 A0       		.byte	-96
 357 0148 12       		.byte	18
 358 0149 08       		.byte	8
 359 014a 15       		.byte	21
 360 014b 40       		.byte	64
 361 014c 17       		.byte	23
 362 014d 02       		.byte	2
 363 014e 19       		.byte	25
 364 014f 80       		.byte	-128
 365 0150 1A       		.byte	26
 366 0151 04       		.byte	4
 367 0152 1C       		.byte	28
 368 0153 20       		.byte	32
 369 0154 1D       		.byte	29
 370 0155 08       		.byte	8
 371 0156 1F       		.byte	31
 372 0157 51       		.byte	81
 373 0158 20       		.byte	32
 374 0159 04       		.byte	4
 375 015a 21       		.byte	33
 376 015b 04       		.byte	4
 377 015c 22       		.byte	34
 378 015d 01       		.byte	1
 379 015e 25       		.byte	37
 380 015f 10       		.byte	16
 381 0160 26       		.byte	38
 382 0161 02       		.byte	2
 383 0162 27       		.byte	39
 384 0163 01       		.byte	1
 385 0164 28       		.byte	40
 386 0165 02       		.byte	2
 387 0166 29       		.byte	41
 388 0167 80       		.byte	-128
 389 0168 2E       		.byte	46
 390 0169 40       		.byte	64
 391 016a 2F       		.byte	47
 392 016b 10       		.byte	16
 393 016c 30       		.byte	48
 394 016d 80       		.byte	-128
 395 016e 32       		.byte	50
 396 016f 09       		.byte	9
 397 0170 36       		.byte	54
 398 0171 02       		.byte	2
 399 0172 37       		.byte	55
ARM GAS  C:\Users\mgnocco\AppData\Local\Temp\ccsPb2gY.s 			page 8


 400 0173 40       		.byte	64
 401 0174 38       		.byte	56
 402 0175 20       		.byte	32
 403 0176 39       		.byte	57
 404 0177 08       		.byte	8
 405 0178 3A       		.byte	58
 406 0179 04       		.byte	4
 407 017a 3D       		.byte	61
 408 017b 20       		.byte	32
 409 017c 3F       		.byte	63
 410 017d 02       		.byte	2
 411 017e 40       		.byte	64
 412 017f 04       		.byte	4
 413 0180 46       		.byte	70
 414 0181 80       		.byte	-128
 415 0182 47       		.byte	71
 416 0183 01       		.byte	1
 417 0184 48       		.byte	72
 418 0185 80       		.byte	-128
 419 0186 4B       		.byte	75
 420 0187 C0       		.byte	-64
 421 0188 50       		.byte	80
 422 0189 30       		.byte	48
 423 018a 51       		.byte	81
 424 018b 10       		.byte	16
 425 018c 58       		.byte	88
 426 018d 80       		.byte	-128
 427 018e 5D       		.byte	93
 428 018f 20       		.byte	32
 429 0190 5E       		.byte	94
 430 0191 01       		.byte	1
 431 0192 5F       		.byte	95
 432 0193 44       		.byte	68
 433 0194 66       		.byte	102
 434 0195 80       		.byte	-128
 435 0196 6F       		.byte	111
 436 0197 02       		.byte	2
 437 0198 86       		.byte	-122
 438 0199 02       		.byte	2
 439 019a 87       		.byte	-121
 440 019b 02       		.byte	2
 441 019c 8D       		.byte	-115
 442 019d 10       		.byte	16
 443 019e 97       		.byte	-105
 444 019f 02       		.byte	2
 445 01a0 AB       		.byte	-85
 446 01a1 01       		.byte	1
 447 01a2 C0       		.byte	-64
 448 01a3 77       		.byte	119
 449 01a4 C2       		.byte	-62
 450 01a5 F3       		.byte	-13
 451 01a6 C4       		.byte	-60
 452 01a7 9E       		.byte	-98
 453 01a8 CA       		.byte	-54
 454 01a9 58       		.byte	88
 455 01aa CC       		.byte	-52
 456 01ab 9B       		.byte	-101
ARM GAS  C:\Users\mgnocco\AppData\Local\Temp\ccsPb2gY.s 			page 9


 457 01ac CE       		.byte	-50
 458 01ad A6       		.byte	-90
 459 01ae D0       		.byte	-48
 460 01af 04       		.byte	4
 461 01b0 D6       		.byte	-42
 462 01b1 F8       		.byte	-8
 463 01b2 D8       		.byte	-40
 464 01b3 10       		.byte	16
 465 01b4 E0       		.byte	-32
 466 01b5 02       		.byte	2
 467 01b6 E6       		.byte	-26
 468 01b7 10       		.byte	16
 469 01b8 EC       		.byte	-20
 470 01b9 04       		.byte	4
 471 01ba 02       		.byte	2
 472 01bb 80       		.byte	-128
 473 01bc 04       		.byte	4
 474 01bd 02       		.byte	2
 475 01be 06       		.byte	6
 476 01bf 1D       		.byte	29
 477 01c0 08       		.byte	8
 478 01c1 20       		.byte	32
 479 01c2 0C       		.byte	12
 480 01c3 21       		.byte	33
 481 01c4 0E       		.byte	14
 482 01c5 5A       		.byte	90
 483 01c6 10       		.byte	16
 484 01c7 63       		.byte	99
 485 01c8 12       		.byte	18
 486 01c9 0C       		.byte	12
 487 01ca 14       		.byte	20
 488 01cb 03       		.byte	3
 489 01cc 16       		.byte	22
 490 01cd 74       		.byte	116
 491 01ce 1C       		.byte	28
 492 01cf F0       		.byte	-16
 493 01d0 20       		.byte	32
 494 01d1 F0       		.byte	-16
 495 01d2 24       		.byte	36
 496 01d3 D0       		.byte	-48
 497 01d4 26       		.byte	38
 498 01d5 20       		.byte	32
 499 01d6 28       		.byte	40
 500 01d7 F0       		.byte	-16
 501 01d8 2C       		.byte	44
 502 01d9 20       		.byte	32
 503 01da 2E       		.byte	46
 504 01db D0       		.byte	-48
 505 01dc 30       		.byte	48
 506 01dd 60       		.byte	96
 507 01de 32       		.byte	50
 508 01df 80       		.byte	-128
 509 01e0 34       		.byte	52
 510 01e1 1F       		.byte	31
 511 01e2 3A       		.byte	58
 512 01e3 20       		.byte	32
 513 01e4 3E       		.byte	62
ARM GAS  C:\Users\mgnocco\AppData\Local\Temp\ccsPb2gY.s 			page 10


 514 01e5 04       		.byte	4
 515 01e6 40       		.byte	64
 516 01e7 65       		.byte	101
 517 01e8 41       		.byte	65
 518 01e9 04       		.byte	4
 519 01ea 42       		.byte	66
 520 01eb 30       		.byte	48
 521 01ec 44       		.byte	68
 522 01ed 02       		.byte	2
 523 01ee 45       		.byte	69
 524 01ef 0E       		.byte	14
 525 01f0 46       		.byte	70
 526 01f1 FD       		.byte	-3
 527 01f2 47       		.byte	71
 528 01f3 BC       		.byte	-68
 529 01f4 48       		.byte	72
 530 01f5 3D       		.byte	61
 531 01f6 49       		.byte	73
 532 01f7 FF       		.byte	-1
 533 01f8 4A       		.byte	74
 534 01f9 FF       		.byte	-1
 535 01fa 4B       		.byte	75
 536 01fb FF       		.byte	-1
 537 01fc 4C       		.byte	76
 538 01fd 22       		.byte	34
 539 01fe 4E       		.byte	78
 540 01ff F0       		.byte	-16
 541 0200 4F       		.byte	79
 542 0201 0C       		.byte	12
 543 0202 50       		.byte	80
 544 0203 04       		.byte	4
 545 0204 56       		.byte	86
 546 0205 02       		.byte	2
 547 0206 57       		.byte	87
 548 0207 28       		.byte	40
 549 0208 58       		.byte	88
 550 0209 04       		.byte	4
 551 020a 5A       		.byte	90
 552 020b 04       		.byte	4
 553 020c 5B       		.byte	91
 554 020d 04       		.byte	4
 555 020e 5F       		.byte	95
 556 020f 01       		.byte	1
 557 0210 62       		.byte	98
 558 0211 C0       		.byte	-64
 559 0212 64       		.byte	100
 560 0213 40       		.byte	64
 561 0214 65       		.byte	101
 562 0215 01       		.byte	1
 563 0216 66       		.byte	102
 564 0217 10       		.byte	16
 565 0218 67       		.byte	103
 566 0219 11       		.byte	17
 567 021a 68       		.byte	104
 568 021b C0       		.byte	-64
 569 021c 69       		.byte	105
 570 021d 01       		.byte	1
ARM GAS  C:\Users\mgnocco\AppData\Local\Temp\ccsPb2gY.s 			page 11


 571 021e 6B       		.byte	107
 572 021f 11       		.byte	17
 573 0220 6C       		.byte	108
 574 0221 40       		.byte	64
 575 0222 6D       		.byte	109
 576 0223 01       		.byte	1
 577 0224 6E       		.byte	110
 578 0225 40       		.byte	64
 579 0226 6F       		.byte	111
 580 0227 01       		.byte	1
 581 0228 85       		.byte	-123
 582 0229 13       		.byte	19
 583 022a 87       		.byte	-121
 584 022b 0C       		.byte	12
 585 022c 8B       		.byte	-117
 586 022d 15       		.byte	21
 587 022e 8D       		.byte	-115
 588 022f 40       		.byte	64
 589 0230 8F       		.byte	-113
 590 0231 A0       		.byte	-96
 591 0232 93       		.byte	-109
 592 0233 08       		.byte	8
 593 0234 95       		.byte	-107
 594 0235 E0       		.byte	-32
 595 0236 98       		.byte	-104
 596 0237 01       		.byte	1
 597 0238 99       		.byte	-103
 598 0239 E0       		.byte	-32
 599 023a 9D       		.byte	-99
 600 023b 03       		.byte	3
 601 023c 9F       		.byte	-97
 602 023d 14       		.byte	20
 603 023e A1       		.byte	-95
 604 023f 20       		.byte	32
 605 0240 A3       		.byte	-93
 606 0241 40       		.byte	64
 607 0242 A5       		.byte	-91
 608 0243 0A       		.byte	10
 609 0244 A7       		.byte	-89
 610 0245 14       		.byte	20
 611 0246 A9       		.byte	-87
 612 0247 80       		.byte	-128
 613 0248 AB       		.byte	-85
 614 0249 40       		.byte	64
 615 024a AD       		.byte	-83
 616 024b 13       		.byte	19
 617 024c AF       		.byte	-81
 618 024d 04       		.byte	4
 619 024e B0       		.byte	-80
 620 024f 01       		.byte	1
 621 0250 B1       		.byte	-79
 622 0251 E0       		.byte	-32
 623 0252 B3       		.byte	-77
 624 0253 0F       		.byte	15
 625 0254 B7       		.byte	-73
 626 0255 10       		.byte	16
 627 0256 BB       		.byte	-69
ARM GAS  C:\Users\mgnocco\AppData\Local\Temp\ccsPb2gY.s 			page 12


 628 0257 08       		.byte	8
 629 0258 BE       		.byte	-66
 630 0259 01       		.byte	1
 631 025a BF       		.byte	-65
 632 025b 40       		.byte	64
 633 025c D4       		.byte	-44
 634 025d 40       		.byte	64
 635 025e D8       		.byte	-40
 636 025f 04       		.byte	4
 637 0260 D9       		.byte	-39
 638 0261 04       		.byte	4
 639 0262 DB       		.byte	-37
 640 0263 04       		.byte	4
 641 0264 DC       		.byte	-36
 642 0265 10       		.byte	16
 643 0266 DF       		.byte	-33
 644 0267 01       		.byte	1
 645 0268 04       		.byte	4
 646 0269 04       		.byte	4
 647 026a 05       		.byte	5
 648 026b 20       		.byte	32
 649 026c 06       		.byte	6
 650 026d 88       		.byte	-120
 651 026e 07       		.byte	7
 652 026f 01       		.byte	1
 653 0270 0A       		.byte	10
 654 0271 04       		.byte	4
 655 0272 0E       		.byte	14
 656 0273 42       		.byte	66
 657 0274 0F       		.byte	15
 658 0275 10       		.byte	16
 659 0276 15       		.byte	21
 660 0277 40       		.byte	64
 661 0278 17       		.byte	23
 662 0279 16       		.byte	22
 663 027a 18       		.byte	24
 664 027b 80       		.byte	-128
 665 027c 1C       		.byte	28
 666 027d 04       		.byte	4
 667 027e 1D       		.byte	29
 668 027f 06       		.byte	6
 669 0280 1E       		.byte	30
 670 0281 40       		.byte	64
 671 0282 1F       		.byte	31
 672 0283 10       		.byte	16
 673 0284 21       		.byte	33
 674 0285 04       		.byte	4
 675 0286 22       		.byte	34
 676 0287 48       		.byte	72
 677 0288 23       		.byte	35
 678 0289 40       		.byte	64
 679 028a 28       		.byte	40
 680 028b 02       		.byte	2
 681 028c 29       		.byte	41
 682 028d 02       		.byte	2
 683 028e 2A       		.byte	42
 684 028f 14       		.byte	20
ARM GAS  C:\Users\mgnocco\AppData\Local\Temp\ccsPb2gY.s 			page 13


 685 0290 30       		.byte	48
 686 0291 A8       		.byte	-88
 687 0292 32       		.byte	50
 688 0293 01       		.byte	1
 689 0294 35       		.byte	53
 690 0295 01       		.byte	1
 691 0296 36       		.byte	54
 692 0297 02       		.byte	2
 693 0298 37       		.byte	55
 694 0299 01       		.byte	1
 695 029a 39       		.byte	57
 696 029b 28       		.byte	40
 697 029c 3B       		.byte	59
 698 029d 40       		.byte	64
 699 029e 44       		.byte	68
 700 029f 40       		.byte	64
 701 02a0 45       		.byte	69
 702 02a1 0A       		.byte	10
 703 02a2 47       		.byte	71
 704 02a3 20       		.byte	32
 705 02a4 4C       		.byte	76
 706 02a5 04       		.byte	4
 707 02a6 4E       		.byte	78
 708 02a7 02       		.byte	2
 709 02a8 4F       		.byte	79
 710 02a9 14       		.byte	20
 711 02aa 55       		.byte	85
 712 02ab 20       		.byte	32
 713 02ac 56       		.byte	86
 714 02ad C8       		.byte	-56
 715 02ae 57       		.byte	87
 716 02af 05       		.byte	5
 717 02b0 61       		.byte	97
 718 02b1 24       		.byte	36
 719 02b2 62       		.byte	98
 720 02b3 40       		.byte	64
 721 02b4 67       		.byte	103
 722 02b5 20       		.byte	32
 723 02b6 6D       		.byte	109
 724 02b7 40       		.byte	64
 725 02b8 6E       		.byte	110
 726 02b9 0A       		.byte	10
 727 02ba 6F       		.byte	111
 728 02bb 14       		.byte	20
 729 02bc 77       		.byte	119
 730 02bd 02       		.byte	2
 731 02be 80       		.byte	-128
 732 02bf 40       		.byte	64
 733 02c0 91       		.byte	-111
 734 02c1 20       		.byte	32
 735 02c2 92       		.byte	-110
 736 02c3 06       		.byte	6
 737 02c4 93       		.byte	-109
 738 02c5 10       		.byte	16
 739 02c6 95       		.byte	-107
 740 02c7 40       		.byte	64
 741 02c8 96       		.byte	-106
ARM GAS  C:\Users\mgnocco\AppData\Local\Temp\ccsPb2gY.s 			page 14


 742 02c9 40       		.byte	64
 743 02ca 97       		.byte	-105
 744 02cb 04       		.byte	4
 745 02cc 98       		.byte	-104
 746 02cd 02       		.byte	2
 747 02ce 9A       		.byte	-102
 748 02cf 04       		.byte	4
 749 02d0 9C       		.byte	-100
 750 02d1 80       		.byte	-128
 751 02d2 9D       		.byte	-99
 752 02d3 21       		.byte	33
 753 02d4 9F       		.byte	-97
 754 02d5 16       		.byte	22
 755 02d6 A1       		.byte	-95
 756 02d7 08       		.byte	8
 757 02d8 A6       		.byte	-90
 758 02d9 29       		.byte	41
 759 02da A7       		.byte	-89
 760 02db 05       		.byte	5
 761 02dc AC       		.byte	-84
 762 02dd 10       		.byte	16
 763 02de AE       		.byte	-82
 764 02df 01       		.byte	1
 765 02e0 C0       		.byte	-64
 766 02e1 F0       		.byte	-16
 767 02e2 C2       		.byte	-62
 768 02e3 B2       		.byte	-78
 769 02e4 C4       		.byte	-60
 770 02e5 F0       		.byte	-16
 771 02e6 CA       		.byte	-54
 772 02e7 0F       		.byte	15
 773 02e8 CC       		.byte	-52
 774 02e9 0F       		.byte	15
 775 02ea CE       		.byte	-50
 776 02eb 0E       		.byte	14
 777 02ec D0       		.byte	-48
 778 02ed E0       		.byte	-32
 779 02ee D2       		.byte	-46
 780 02ef 30       		.byte	48
 781 02f0 D8       		.byte	-40
 782 02f1 4E       		.byte	78
 783 02f2 E0       		.byte	-32
 784 02f3 01       		.byte	1
 785 02f4 E0       		.byte	-32
 786 02f5 01       		.byte	1
 787 02f6 E0       		.byte	-32
 788 02f7 02       		.byte	2
 789 02f8 EC       		.byte	-20
 790 02f9 04       		.byte	4
 791 02fa 9E       		.byte	-98
 792 02fb 01       		.byte	1
 793 02fc A6       		.byte	-90
 794 02fd 01       		.byte	1
 795 02fe B0       		.byte	-80
 796 02ff 01       		.byte	1
 797 0300 BE       		.byte	-66
 798 0301 01       		.byte	1
ARM GAS  C:\Users\mgnocco\AppData\Local\Temp\ccsPb2gY.s 			page 15


 799 0302 D4       		.byte	-44
 800 0303 18       		.byte	24
 801 0304 D8       		.byte	-40
 802 0305 04       		.byte	4
 803 0306 DB       		.byte	-37
 804 0307 04       		.byte	4
 805 0308 DD       		.byte	-35
 806 0309 10       		.byte	16
 807 030a DF       		.byte	-33
 808 030b 01       		.byte	1
 809 030c 00       		.byte	0
 810 030d 44       		.byte	68
 811 030e 01       		.byte	1
 812 030f 02       		.byte	2
 813 0310 03       		.byte	3
 814 0311 08       		.byte	8
 815 0312 08       		.byte	8
 816 0313 01       		.byte	1
 817 0314 09       		.byte	9
 818 0315 08       		.byte	8
 819 0316 0A       		.byte	10
 820 0317 04       		.byte	4
 821 0318 0B       		.byte	11
 822 0319 40       		.byte	64
 823 031a 0D       		.byte	13
 824 031b 80       		.byte	-128
 825 031c 10       		.byte	16
 826 031d 90       		.byte	-112
 827 031e 12       		.byte	18
 828 031f 02       		.byte	2
 829 0320 13       		.byte	19
 830 0321 10       		.byte	16
 831 0322 14       		.byte	20
 832 0323 20       		.byte	32
 833 0324 17       		.byte	23
 834 0325 08       		.byte	8
 835 0326 18       		.byte	24
 836 0327 05       		.byte	5
 837 0328 19       		.byte	25
 838 0329 01       		.byte	1
 839 032a 1B       		.byte	27
 840 032b 08       		.byte	8
 841 032c 1F       		.byte	31
 842 032d 01       		.byte	1
 843 032e 21       		.byte	33
 844 032f 01       		.byte	1
 845 0330 22       		.byte	34
 846 0331 03       		.byte	3
 847 0332 23       		.byte	35
 848 0333 09       		.byte	9
 849 0334 28       		.byte	40
 850 0335 01       		.byte	1
 851 0336 29       		.byte	41
 852 0337 02       		.byte	2
 853 0338 2A       		.byte	42
 854 0339 08       		.byte	8
 855 033a 2B       		.byte	43
ARM GAS  C:\Users\mgnocco\AppData\Local\Temp\ccsPb2gY.s 			page 16


 856 033b 08       		.byte	8
 857 033c 30       		.byte	48
 858 033d 90       		.byte	-112
 859 033e 31       		.byte	49
 860 033f 0A       		.byte	10
 861 0340 38       		.byte	56
 862 0341 44       		.byte	68
 863 0342 39       		.byte	57
 864 0343 02       		.byte	2
 865 0344 3B       		.byte	59
 866 0345 10       		.byte	16
 867 0346 40       		.byte	64
 868 0347 65       		.byte	101
 869 0348 49       		.byte	73
 870 0349 10       		.byte	16
 871 034a 51       		.byte	81
 872 034b 80       		.byte	-128
 873 034c 52       		.byte	82
 874 034d 04       		.byte	4
 875 034e 59       		.byte	89
 876 034f 01       		.byte	1
 877 0350 5F       		.byte	95
 878 0351 01       		.byte	1
 879 0352 67       		.byte	103
 880 0353 06       		.byte	6
 881 0354 68       		.byte	104
 882 0355 28       		.byte	40
 883 0356 6A       		.byte	106
 884 0357 40       		.byte	64
 885 0358 70       		.byte	112
 886 0359 80       		.byte	-128
 887 035a 72       		.byte	114
 888 035b 0C       		.byte	12
 889 035c 73       		.byte	115
 890 035d 10       		.byte	16
 891 035e 87       		.byte	-121
 892 035f 20       		.byte	32
 893 0360 88       		.byte	-120
 894 0361 10       		.byte	16
 895 0362 8D       		.byte	-115
 896 0363 12       		.byte	18
 897 0364 90       		.byte	-112
 898 0365 40       		.byte	64
 899 0366 93       		.byte	-109
 900 0367 44       		.byte	68
 901 0368 94       		.byte	-108
 902 0369 04       		.byte	4
 903 036a 96       		.byte	-106
 904 036b 42       		.byte	66
 905 036c 99       		.byte	-103
 906 036d 10       		.byte	16
 907 036e 9C       		.byte	-100
 908 036f 10       		.byte	16
 909 0370 9E       		.byte	-98
 910 0371 04       		.byte	4
 911 0372 9F       		.byte	-97
 912 0373 20       		.byte	32
ARM GAS  C:\Users\mgnocco\AppData\Local\Temp\ccsPb2gY.s 			page 17


 913 0374 A1       		.byte	-95
 914 0375 0A       		.byte	10
 915 0376 A4       		.byte	-92
 916 0377 28       		.byte	40
 917 0378 A7       		.byte	-89
 918 0379 08       		.byte	8
 919 037a A9       		.byte	-87
 920 037b 80       		.byte	-128
 921 037c B1       		.byte	-79
 922 037d 02       		.byte	2
 923 037e B4       		.byte	-76
 924 037f 80       		.byte	-128
 925 0380 B7       		.byte	-73
 926 0381 10       		.byte	16
 927 0382 C0       		.byte	-64
 928 0383 0F       		.byte	15
 929 0384 C2       		.byte	-62
 930 0385 8E       		.byte	-114
 931 0386 C4       		.byte	-60
 932 0387 2F       		.byte	47
 933 0388 CA       		.byte	-54
 934 0389 0F       		.byte	15
 935 038a CC       		.byte	-52
 936 038b 0F       		.byte	15
 937 038c CE       		.byte	-50
 938 038d 0F       		.byte	15
 939 038e D0       		.byte	-48
 940 038f 0F       		.byte	15
 941 0390 D2       		.byte	-46
 942 0391 04       		.byte	4
 943 0392 D6       		.byte	-42
 944 0393 81       		.byte	-127
 945 0394 D8       		.byte	-40
 946 0395 30       		.byte	48
 947 0396 E6       		.byte	-26
 948 0397 02       		.byte	2
 949 0398 00       		.byte	0
 950 0399 2E       		.byte	46
 951 039a 02       		.byte	2
 952 039b 81       		.byte	-127
 953 039c 03       		.byte	3
 954 039d 02       		.byte	2
 955 039e 04       		.byte	4
 956 039f 24       		.byte	36
 957 03a0 06       		.byte	6
 958 03a1 49       		.byte	73
 959 03a2 0C       		.byte	12
 960 03a3 D9       		.byte	-39
 961 03a4 11       		.byte	17
 962 03a5 03       		.byte	3
 963 03a6 14       		.byte	20
 964 03a7 20       		.byte	32
 965 03a8 16       		.byte	22
 966 03a9 D0       		.byte	-48
 967 03aa 18       		.byte	24
 968 03ab D9       		.byte	-39
 969 03ac 1C       		.byte	28
ARM GAS  C:\Users\mgnocco\AppData\Local\Temp\ccsPb2gY.s 			page 18


 970 03ad D9       		.byte	-39
 971 03ae 1F       		.byte	31
 972 03af 01       		.byte	1
 973 03b0 20       		.byte	32
 974 03b1 11       		.byte	17
 975 03b2 22       		.byte	34
 976 03b3 22       		.byte	34
 977 03b4 24       		.byte	36
 978 03b5 D1       		.byte	-47
 979 03b6 26       		.byte	38
 980 03b7 08       		.byte	8
 981 03b8 28       		.byte	40
 982 03b9 08       		.byte	8
 983 03ba 2A       		.byte	42
 984 03bb 04       		.byte	4
 985 03bc 2C       		.byte	44
 986 03bd D8       		.byte	-40
 987 03be 2E       		.byte	46
 988 03bf 01       		.byte	1
 989 03c0 30       		.byte	48
 990 03c1 0F       		.byte	15
 991 03c2 31       		.byte	49
 992 03c3 03       		.byte	3
 993 03c4 32       		.byte	50
 994 03c5 F0       		.byte	-16
 995 03c6 3A       		.byte	58
 996 03c7 0B       		.byte	11
 997 03c8 56       		.byte	86
 998 03c9 08       		.byte	8
 999 03ca 58       		.byte	88
 1000 03cb 04       		.byte	4
 1001 03cc 59       		.byte	89
 1002 03cd 04       		.byte	4
 1003 03ce 5B       		.byte	91
 1004 03cf 04       		.byte	4
 1005 03d0 5C       		.byte	92
 1006 03d1 90       		.byte	-112
 1007 03d2 5D       		.byte	93
 1008 03d3 90       		.byte	-112
 1009 03d4 5F       		.byte	95
 1010 03d5 01       		.byte	1
 1011 03d6 84       		.byte	-124
 1012 03d7 01       		.byte	1
 1013 03d8 87       		.byte	-121
 1014 03d9 08       		.byte	8
 1015 03da 89       		.byte	-119
 1016 03db 02       		.byte	2
 1017 03dc 8A       		.byte	-118
 1018 03dd 01       		.byte	1
 1019 03de 8B       		.byte	-117
 1020 03df 01       		.byte	1
 1021 03e0 8C       		.byte	-116
 1022 03e1 01       		.byte	1
 1023 03e2 90       		.byte	-112
 1024 03e3 04       		.byte	4
 1025 03e4 95       		.byte	-107
 1026 03e5 03       		.byte	3
ARM GAS  C:\Users\mgnocco\AppData\Local\Temp\ccsPb2gY.s 			page 19


 1027 03e6 99       		.byte	-103
 1028 03e7 03       		.byte	3
 1029 03e8 9E       		.byte	-98
 1030 03e9 01       		.byte	1
 1031 03ea A3       		.byte	-93
 1032 03eb 08       		.byte	8
 1033 03ec A4       		.byte	-92
 1034 03ed 04       		.byte	4
 1035 03ee A5       		.byte	-91
 1036 03ef 01       		.byte	1
 1037 03f0 A7       		.byte	-89
 1038 03f1 06       		.byte	6
 1039 03f2 A8       		.byte	-88
 1040 03f3 04       		.byte	4
 1041 03f4 AC       		.byte	-84
 1042 03f5 02       		.byte	2
 1043 03f6 B1       		.byte	-79
 1044 03f7 04       		.byte	4
 1045 03f8 B2       		.byte	-78
 1046 03f9 02       		.byte	2
 1047 03fa B3       		.byte	-77
 1048 03fb 03       		.byte	3
 1049 03fc B4       		.byte	-76
 1050 03fd 04       		.byte	4
 1051 03fe B5       		.byte	-75
 1052 03ff 08       		.byte	8
 1053 0400 B6       		.byte	-74
 1054 0401 01       		.byte	1
 1055 0402 B8       		.byte	-72
 1056 0403 80       		.byte	-128
 1057 0404 BA       		.byte	-70
 1058 0405 02       		.byte	2
 1059 0406 BE       		.byte	-66
 1060 0407 04       		.byte	4
 1061 0408 BF       		.byte	-65
 1062 0409 10       		.byte	16
 1063 040a C0       		.byte	-64
 1064 040b 62       		.byte	98
 1065 040c C1       		.byte	-63
 1066 040d 01       		.byte	1
 1067 040e C6       		.byte	-58
 1068 040f BC       		.byte	-68
 1069 0410 C7       		.byte	-57
 1070 0411 E0       		.byte	-32
 1071 0412 C8       		.byte	-56
 1072 0413 2C       		.byte	44
 1073 0414 C9       		.byte	-55
 1074 0415 FF       		.byte	-1
 1075 0416 CA       		.byte	-54
 1076 0417 FF       		.byte	-1
 1077 0418 CB       		.byte	-53
 1078 0419 FF       		.byte	-1
 1079 041a CE       		.byte	-50
 1080 041b F0       		.byte	-16
 1081 041c CF       		.byte	-49
 1082 041d 44       		.byte	68
 1083 041e D0       		.byte	-48
ARM GAS  C:\Users\mgnocco\AppData\Local\Temp\ccsPb2gY.s 			page 20


 1084 041f 0C       		.byte	12
 1085 0420 D4       		.byte	-44
 1086 0421 01       		.byte	1
 1087 0422 D8       		.byte	-40
 1088 0423 04       		.byte	4
 1089 0424 D9       		.byte	-39
 1090 0425 04       		.byte	4
 1091 0426 DA       		.byte	-38
 1092 0427 04       		.byte	4
 1093 0428 DB       		.byte	-37
 1094 0429 04       		.byte	4
 1095 042a DC       		.byte	-36
 1096 042b 11       		.byte	17
 1097 042c DD       		.byte	-35
 1098 042d 11       		.byte	17
 1099 042e DF       		.byte	-33
 1100 042f 01       		.byte	1
 1101 0430 E6       		.byte	-26
 1102 0431 C0       		.byte	-64
 1103 0432 EA       		.byte	-22
 1104 0433 40       		.byte	64
 1105 0434 EB       		.byte	-21
 1106 0435 02       		.byte	2
 1107 0436 00       		.byte	0
 1108 0437 44       		.byte	68
 1109 0438 03       		.byte	3
 1110 0439 08       		.byte	8
 1111 043a 04       		.byte	4
 1112 043b 08       		.byte	8
 1113 043c 05       		.byte	5
 1114 043d 01       		.byte	1
 1115 043e 07       		.byte	7
 1116 043f 02       		.byte	2
 1117 0440 0A       		.byte	10
 1118 0441 42       		.byte	66
 1119 0442 0E       		.byte	14
 1120 0443 2A       		.byte	42
 1121 0444 10       		.byte	16
 1122 0445 29       		.byte	41
 1123 0446 12       		.byte	18
 1124 0447 02       		.byte	2
 1125 0448 14       		.byte	20
 1126 0449 40       		.byte	64
 1127 044a 15       		.byte	21
 1128 044b 40       		.byte	64
 1129 044c 16       		.byte	22
 1130 044d 08       		.byte	8
 1131 044e 17       		.byte	23
 1132 044f 04       		.byte	4
 1133 0450 18       		.byte	24
 1134 0451 40       		.byte	64
 1135 0452 19       		.byte	25
 1136 0453 14       		.byte	20
 1137 0454 1B       		.byte	27
 1138 0455 80       		.byte	-128
 1139 0456 1D       		.byte	29
 1140 0457 01       		.byte	1
ARM GAS  C:\Users\mgnocco\AppData\Local\Temp\ccsPb2gY.s 			page 21


 1141 0458 1E       		.byte	30
 1142 0459 20       		.byte	32
 1143 045a 21       		.byte	33
 1144 045b 0A       		.byte	10
 1145 045c 23       		.byte	35
 1146 045d 04       		.byte	4
 1147 045e 27       		.byte	39
 1148 045f 80       		.byte	-128
 1149 0460 28       		.byte	40
 1150 0461 10       		.byte	16
 1151 0462 2B       		.byte	43
 1152 0463 80       		.byte	-128
 1153 0464 30       		.byte	48
 1154 0465 28       		.byte	40
 1155 0466 34       		.byte	52
 1156 0467 80       		.byte	-128
 1157 0468 37       		.byte	55
 1158 0469 81       		.byte	-127
 1159 046a 3A       		.byte	58
 1160 046b 14       		.byte	20
 1161 046c 3F       		.byte	63
 1162 046d 01       		.byte	1
 1163 046e 40       		.byte	64
 1164 046f 02       		.byte	2
 1165 0470 41       		.byte	65
 1166 0471 10       		.byte	16
 1167 0472 45       		.byte	69
 1168 0473 08       		.byte	8
 1169 0474 46       		.byte	70
 1170 0475 10       		.byte	16
 1171 0476 4A       		.byte	74
 1172 0477 08       		.byte	8
 1173 0478 50       		.byte	80
 1174 0479 80       		.byte	-128
 1175 047a 52       		.byte	82
 1176 047b 22       		.byte	34
 1177 047c 58       		.byte	88
 1178 047d 01       		.byte	1
 1179 047e 59       		.byte	89
 1180 047f 04       		.byte	4
 1181 0480 5A       		.byte	90
 1182 0481 80       		.byte	-128
 1183 0482 5B       		.byte	91
 1184 0483 10       		.byte	16
 1185 0484 5D       		.byte	93
 1186 0485 80       		.byte	-128
 1187 0486 67       		.byte	103
 1188 0487 01       		.byte	1
 1189 0488 6F       		.byte	111
 1190 0489 01       		.byte	1
 1191 048a 90       		.byte	-112
 1192 048b 08       		.byte	8
 1193 048c 91       		.byte	-111
 1194 048d 60       		.byte	96
 1195 048e 92       		.byte	-110
 1196 048f 80       		.byte	-128
 1197 0490 93       		.byte	-109
ARM GAS  C:\Users\mgnocco\AppData\Local\Temp\ccsPb2gY.s 			page 22


 1198 0491 40       		.byte	64
 1199 0492 98       		.byte	-104
 1200 0493 42       		.byte	66
 1201 0494 9A       		.byte	-102
 1202 0495 08       		.byte	8
 1203 0496 9B       		.byte	-101
 1204 0497 06       		.byte	6
 1205 0498 9C       		.byte	-100
 1206 0499 80       		.byte	-128
 1207 049a 9D       		.byte	-99
 1208 049b 03       		.byte	3
 1209 049c 9E       		.byte	-98
 1210 049d 10       		.byte	16
 1211 049e 9F       		.byte	-97
 1212 049f 20       		.byte	32
 1213 04a0 A2       		.byte	-94
 1214 04a1 0D       		.byte	13
 1215 04a2 A4       		.byte	-92
 1216 04a3 A8       		.byte	-88
 1217 04a4 A6       		.byte	-90
 1218 04a5 20       		.byte	32
 1219 04a6 C0       		.byte	-64
 1220 04a7 B7       		.byte	-73
 1221 04a8 C2       		.byte	-62
 1222 04a9 E9       		.byte	-23
 1223 04aa C4       		.byte	-60
 1224 04ab F7       		.byte	-9
 1225 04ac CA       		.byte	-54
 1226 04ad 03       		.byte	3
 1227 04ae CC       		.byte	-52
 1228 04af 96       		.byte	-106
 1229 04b0 CE       		.byte	-50
 1230 04b1 86       		.byte	-122
 1231 04b2 D0       		.byte	-48
 1232 04b3 0C       		.byte	12
 1233 04b4 D2       		.byte	-46
 1234 04b5 04       		.byte	4
 1235 04b6 D6       		.byte	-42
 1236 04b7 1F       		.byte	31
 1237 04b8 D8       		.byte	-40
 1238 04b9 10       		.byte	16
 1239 04ba B8       		.byte	-72
 1240 04bb 08       		.byte	8
 1241 04bc BE       		.byte	-66
 1242 04bd 04       		.byte	4
 1243 04be D8       		.byte	-40
 1244 04bf 04       		.byte	4
 1245 04c0 DF       		.byte	-33
 1246 04c1 01       		.byte	1
 1247 04c2 1F       		.byte	31
 1248 04c3 08       		.byte	8
 1249 04c4 87       		.byte	-121
 1250 04c5 08       		.byte	8
 1251 04c6 E2       		.byte	-30
 1252 04c7 20       		.byte	32
 1253 04c8 EA       		.byte	-22
 1254 04c9 80       		.byte	-128
ARM GAS  C:\Users\mgnocco\AppData\Local\Temp\ccsPb2gY.s 			page 23


 1255 04ca 5B       		.byte	91
 1256 04cb 04       		.byte	4
 1257 04cc 5F       		.byte	95
 1258 04cd 08       		.byte	8
 1259 04ce D6       		.byte	-42
 1260 04cf C0       		.byte	-64
 1261 04d0 10       		.byte	16
 1262 04d1 80       		.byte	-128
 1263 04d2 87       		.byte	-121
 1264 04d3 08       		.byte	8
 1265 04d4 8F       		.byte	-113
 1266 04d5 04       		.byte	4
 1267 04d6 9F       		.byte	-97
 1268 04d7 0C       		.byte	12
 1269 04d8 C4       		.byte	-60
 1270 04d9 10       		.byte	16
 1271 04da E2       		.byte	-30
 1272 04db 10       		.byte	16
 1273 04dc A0       		.byte	-96
 1274 04dd 80       		.byte	-128
 1275 04de 5D       		.byte	93
 1276 04df 02       		.byte	2
 1277 04e0 5F       		.byte	95
 1278 04e1 80       		.byte	-128
 1279 04e2 D6       		.byte	-42
 1280 04e3 05       		.byte	5
 1281 04e4 87       		.byte	-121
 1282 04e5 80       		.byte	-128
 1283 04e6 9F       		.byte	-97
 1284 04e7 80       		.byte	-128
 1285 04e8 A9       		.byte	-87
 1286 04e9 02       		.byte	2
 1287 04ea 83       		.byte	-125
 1288 04eb 20       		.byte	32
 1289 04ec 67       		.byte	103
 1290 04ed 40       		.byte	64
 1291 04ee A0       		.byte	-96
 1292 04ef 80       		.byte	-128
 1293 04f0 D8       		.byte	-40
 1294 04f1 80       		.byte	-128
 1295 04f2 0F       		.byte	15
 1296 04f3 04       		.byte	4
 1297 04f4 87       		.byte	-121
 1298 04f5 44       		.byte	68
 1299 04f6 97       		.byte	-105
 1300 04f7 40       		.byte	64
 1301 04f8 A8       		.byte	-88
 1302 04f9 80       		.byte	-128
 1303 04fa C2       		.byte	-62
 1304 04fb 80       		.byte	-128
 1305 04fc E0       		.byte	-32
 1306 04fd 40       		.byte	64
 1307 04fe E6       		.byte	-26
 1308 04ff 40       		.byte	64
 1309 0500 E8       		.byte	-24
 1310 0501 20       		.byte	32
 1311 0502 9B       		.byte	-101
ARM GAS  C:\Users\mgnocco\AppData\Local\Temp\ccsPb2gY.s 			page 24


 1312 0503 20       		.byte	32
 1313 0504 10       		.byte	16
 1314 0505 50       		.byte	80
 1315 0506 77       		.byte	119
 1316 0507 20       		.byte	32
 1317 0508 88       		.byte	-120
 1318 0509 10       		.byte	16
 1319 050a 9B       		.byte	-101
 1320 050b 20       		.byte	32
 1321 050c 9C       		.byte	-100
 1322 050d 40       		.byte	64
 1323 050e B0       		.byte	-80
 1324 050f 40       		.byte	64
 1325 0510 C4       		.byte	-60
 1326 0511 08       		.byte	8
 1327 0512 DE       		.byte	-34
 1328 0513 04       		.byte	4
 1329 0514 E2       		.byte	-30
 1330 0515 04       		.byte	4
 1331 0516 EA       		.byte	-22
 1332 0517 01       		.byte	1
 1333 0518 00       		.byte	0
 1334 0519 03       		.byte	3
 1335 051a 0A       		.byte	10
 1336 051b 03       		.byte	3
 1337 051c 10       		.byte	16
 1338 051d 03       		.byte	3
 1339 051e 11       		.byte	17
 1340 051f 01       		.byte	1
 1341 0520 1A       		.byte	26
 1342 0521 03       		.byte	3
 1343 0522 1B       		.byte	27
 1344 0523 01       		.byte	1
 1345 0524 80       		.byte	-128
 1346 0525 80       		.byte	-128
 1347 0526 00       		.byte	0
 1348 0527 00       		.byte	0
 1349 0528 40       		.byte	64
 1350 0529 00       		.byte	0
 1351 052a 00       		.byte	0
 1352 052b 00       		.byte	0
 1353 052c 00       		.byte	0
 1354 052d 39       		.byte	57
 1355 052e 23       		.byte	35
 1356 052f C4       		.byte	-60
 1357 0530 33       		.byte	51
 1358 0531 E7       		.byte	-25
 1359 0532 0C       		.byte	12
 1360 0533 18       		.byte	24
 1361 0534 1F       		.byte	31
 1362 0535 18       		.byte	24
 1363 0536 20       		.byte	32
 1364 0537 00       		.byte	0
 1365 0538 3F       		.byte	63
 1366 0539 FF       		.byte	-1
 1367 053a 00       		.byte	0
 1368 053b 00       		.byte	0
ARM GAS  C:\Users\mgnocco\AppData\Local\Temp\ccsPb2gY.s 			page 25


 1369 053c 03       		.byte	3
 1370 053d 00       		.byte	0
 1371 053e 80       		.byte	-128
 1372 053f 01       		.byte	1
 1373 0540 02       		.byte	2
 1374 0541 80       		.byte	-128
 1375 0542 40       		.byte	64
 1376 0543 00       		.byte	0
 1377 0544 04       		.byte	4
 1378 0545 41       		.byte	65
 1379 0546 00       		.byte	0
 1380 0547 00       		.byte	0
 1381 0548 00       		.byte	0
 1382 0549 10       		.byte	16
 1383 054a 00       		.byte	0
 1384 054b 00       		.byte	0
 1385 054c 08       		.byte	8
 1386 054d 00       		.byte	0
 1387 054e 00       		.byte	0
 1388 054f E6       		.byte	-26
 1389 0550 01       		.byte	1
 1390 0551 08       		.byte	8
 1391 0552 40       		.byte	64
 1392 0553 00       		.byte	0
 1393 0554 0C       		.byte	12
 1394 0555 19       		.byte	25
 1395 0556 00       		.byte	0
 1396 0557 E2       		.byte	-30
 1397 0558 1C       		.byte	28
 1398 0559 C0       		.byte	-64
 1399 055a 23       		.byte	35
 1400 055b 00       		.byte	0
 1401 055c 10       		.byte	16
 1402 055d 1F       		.byte	31
 1403 055e 2C       		.byte	44
 1404 055f 00       		.byte	0
 1405 0560 0F       		.byte	15
 1406 0561 38       		.byte	56
 1407 0562 C0       		.byte	-64
 1408 0563 C0       		.byte	-64
 1409 0564 00       		.byte	0
 1410 0565 00       		.byte	0
 1411 0566 28       		.byte	40
 1412 0567 02       		.byte	2
 1413 0568 00       		.byte	0
 1414 0569 00       		.byte	0
 1415 056a 41       		.byte	65
 1416 056b 00       		.byte	0
 1417 056c 26       		.byte	38
 1418 056d 04       		.byte	4
 1419 056e 03       		.byte	3
 1420 056f 00       		.byte	0
 1421 0570 01       		.byte	1
 1422 0571 00       		.byte	0
 1423 0572 0C       		.byte	12
 1424 0573 0E       		.byte	14
 1425 0574 14       		.byte	20
ARM GAS  C:\Users\mgnocco\AppData\Local\Temp\ccsPb2gY.s 			page 26


 1426 0575 FF       		.byte	-1
 1427 0576 FF       		.byte	-1
 1428 0577 FF       		.byte	-1
 1429 0578 62       		.byte	98
 1430 0579 A0       		.byte	-96
 1431 057a F0       		.byte	-16
 1432 057b 41       		.byte	65
 1433 057c 0C       		.byte	12
 1434 057d 00       		.byte	0
 1435 057e 00       		.byte	0
 1436 057f 00       		.byte	0
 1437 0580 00       		.byte	0
 1438 0581 00       		.byte	0
 1439 0582 02       		.byte	2
 1440 0583 13       		.byte	19
 1441 0584 04       		.byte	4
 1442 0585 04       		.byte	4
 1443 0586 04       		.byte	4
 1444 0587 04       		.byte	4
 1445 0588 11       		.byte	17
 1446 0589 11       		.byte	17
 1447 058a 00       		.byte	0
 1448 058b 01       		.byte	1
 1449 058c 00       		.byte	0
 1450 058d 00       		.byte	0
 1451 058e 00       		.byte	0
 1452 058f 00       		.byte	0
 1453 0590 00       		.byte	0
 1454 0591 00       		.byte	0
 1455 0592 40       		.byte	64
 1456 0593 02       		.byte	2
 1457 0594 00       		.byte	0
 1458 0595 10       		.byte	16
 1459 0596 30       		.byte	48
 1460 0597 10       		.byte	16
 1461 0598 00       		.byte	0
 1462 0599 10       		.byte	16
 1463 059a 10       		.byte	16
 1464 059b 12       		.byte	18
 1465 059c 00       		.byte	0
 1466 059d 00       		.byte	0
 1467 059e 00       		.byte	0
 1468 059f 00       		.byte	0
 1469 05a0 00       		.byte	0
 1470 05a1 00       		.byte	0
 1471 05a2 00       		.byte	0
 1472 05a3 00       		.byte	0
 1473 05a4 00       		.byte	0
 1474 05a5 00       		.byte	0
 1475 05a6 00       		.byte	0
 1476 05a7 00       		.byte	0
 1477 05a8 00       		.byte	0
 1478 05a9 00       		.byte	0
 1479 05aa 00       		.byte	0
 1480 05ab 00       		.byte	0
 1481 05ac 00       		.byte	0
 1482 05ad 90       		.byte	-112
ARM GAS  C:\Users\mgnocco\AppData\Local\Temp\ccsPb2gY.s 			page 27


 1483 05ae 90       		.byte	-112
 1484 05af 00       		.byte	0
 1485 05b0 90       		.byte	-112
 1486 05b1 00       		.byte	0
 1487 05b2 00       		.byte	0
 1488 05b3 00       		.byte	0
 1489 05b4 80       		.byte	-128
 1490 05b5 00       		.byte	0
 1491 05b6 40       		.byte	64
 1492 05b7 80       		.byte	-128
 1493 05b8 80       		.byte	-128
 1494 05b9 00       		.byte	0
 1495 05ba 80       		.byte	-128
 1496 05bb 00       		.byte	0
 1497 05bc 00       		.byte	0
 1498 05bd 00       		.byte	0
 1499 05be 00       		.byte	0
 1500 05bf 00       		.byte	0
 1501 05c0 00       		.byte	0
 1502 05c1 0B       		.byte	11
 1503 05c2 0B       		.byte	11
 1504 05c3 00       		.byte	0
 1505 05c4 00       		.byte	0
 1506 05c5 00       		.byte	0
 1507 05c6 00       		.byte	0
 1508 05c7 00       		.byte	0
 1509 05c8 00       		.byte	0
 1510 05c9 18       		.byte	24
 1511 05ca 18       		.byte	24
 1512 05cb 00       		.byte	0
 1513 05cc 18       		.byte	24
 1514 05cd 00       		.byte	0
 1515 05ce 00       		.byte	0
 1516 05cf 00       		.byte	0
 1517 05d0 80       		.byte	-128
 1518 05d1 00       		.byte	0
 1519 05d2 00       		.byte	0
 1520 05d3 00       		.byte	0
 1521 05d4 00       		.byte	0
 1522 05d5 00       		.byte	0
 1523 05d6 00       		.byte	0
 1524 05d7 00       		.byte	0
 1525              		.section	.cywolatch,"a",%progbits
 1526              		.align	2
 1527              		.type	cy_meta_wonvl, %object
 1528              		.size	cy_meta_wonvl, 4
 1529              	cy_meta_wonvl:
 1530 0000 BC       		.byte	-68
 1531 0001 90       		.byte	-112
 1532 0002 AC       		.byte	-84
 1533 0003 AF       		.byte	-81
 1534              		.section	.cycustnvl,"a",%progbits
 1535              		.align	2
 1536              		.type	cy_meta_custnvl, %object
 1537              		.size	cy_meta_custnvl, 4
 1538              	cy_meta_custnvl:
 1539 0000 00       		.byte	0
ARM GAS  C:\Users\mgnocco\AppData\Local\Temp\ccsPb2gY.s 			page 28


 1540 0001 00       		.byte	0
 1541 0002 40       		.byte	64
 1542 0003 05       		.byte	5
 1543              		.section	.cymeta,"a",%progbits
 1544              		.align	2
 1545              		.type	cy_metadata, %object
 1546              		.size	cy_metadata, 12
 1547              	cy_metadata:
 1548 0000 00       		.byte	0
 1549 0001 01       		.byte	1
 1550 0002 2E       		.byte	46
 1551 0003 16       		.byte	22
 1552 0004 10       		.byte	16
 1553 0005 69       		.byte	105
 1554 0006 00       		.byte	0
 1555 0007 01       		.byte	1
 1556 0008 00       		.byte	0
 1557 0009 00       		.byte	0
 1558 000a 00       		.byte	0
 1559 000b 00       		.byte	0
 1560              		.section	.cyflashprotect,"a",%progbits
 1561              		.align	2
 1562              		.type	cy_meta_flashprotect, %object
 1563              		.size	cy_meta_flashprotect, 256
 1564              	cy_meta_flashprotect:
 1565 0000 00000000 		.space	256
 1565      00000000 
 1565      00000000 
 1565      00000000 
 1565      00000000 
 1566              		.text
 1567              	.Letext0:
 1568              		.file 1 "c:\\program files (x86)\\cypress\\psoc creator\\4.4\\psoc creator\\import\\gnu\\arm\\5.4.
 1569              		.file 2 "c:\\program files (x86)\\cypress\\psoc creator\\4.4\\psoc creator\\import\\gnu\\arm\\5.4.
 1570              		.file 3 "Generated_Source\\PSoC5\\cymetadata.c"
 1571              		.section	.debug_info,"",%progbits
 1572              	.Ldebug_info0:
 1573 0000 33010000 		.4byte	0x133
 1574 0004 0400     		.2byte	0x4
 1575 0006 00000000 		.4byte	.Ldebug_abbrev0
 1576 000a 04       		.byte	0x4
 1577 000b 01       		.uleb128 0x1
 1578 000c 6C000000 		.4byte	.LASF17
 1579 0010 0C       		.byte	0xc
 1580 0011 C6010000 		.4byte	.LASF18
 1581 0015 16000000 		.4byte	.LASF19
 1582 0019 00000000 		.4byte	.Ldebug_line0
 1583 001d 02       		.uleb128 0x2
 1584 001e 01       		.byte	0x1
 1585 001f 06       		.byte	0x6
 1586 0020 BA010000 		.4byte	.LASF0
 1587 0024 03       		.uleb128 0x3
 1588 0025 00000000 		.4byte	.LASF9
 1589 0029 01       		.byte	0x1
 1590 002a 1D       		.byte	0x1d
 1591 002b 2F000000 		.4byte	0x2f
 1592 002f 02       		.uleb128 0x2
ARM GAS  C:\Users\mgnocco\AppData\Local\Temp\ccsPb2gY.s 			page 29


 1593 0030 01       		.byte	0x1
 1594 0031 08       		.byte	0x8
 1595 0032 5E000000 		.4byte	.LASF1
 1596 0036 02       		.uleb128 0x2
 1597 0037 02       		.byte	0x2
 1598 0038 05       		.byte	0x5
 1599 0039 A7010000 		.4byte	.LASF2
 1600 003d 02       		.uleb128 0x2
 1601 003e 02       		.byte	0x2
 1602 003f 07       		.byte	0x7
 1603 0040 0C010000 		.4byte	.LASF3
 1604 0044 02       		.uleb128 0x2
 1605 0045 04       		.byte	0x4
 1606 0046 05       		.byte	0x5
 1607 0047 B1010000 		.4byte	.LASF4
 1608 004b 02       		.uleb128 0x2
 1609 004c 04       		.byte	0x4
 1610 004d 07       		.byte	0x7
 1611 004e FA000000 		.4byte	.LASF5
 1612 0052 02       		.uleb128 0x2
 1613 0053 08       		.byte	0x8
 1614 0054 05       		.byte	0x5
 1615 0055 99010000 		.4byte	.LASF6
 1616 0059 02       		.uleb128 0x2
 1617 005a 08       		.byte	0x8
 1618 005b 07       		.byte	0x7
 1619 005c 4E010000 		.4byte	.LASF7
 1620 0060 04       		.uleb128 0x4
 1621 0061 04       		.byte	0x4
 1622 0062 05       		.byte	0x5
 1623 0063 696E7400 		.ascii	"int\000"
 1624 0067 02       		.uleb128 0x2
 1625 0068 04       		.byte	0x4
 1626 0069 07       		.byte	0x7
 1627 006a 41010000 		.4byte	.LASF8
 1628 006e 03       		.uleb128 0x3
 1629 006f 65010000 		.4byte	.LASF10
 1630 0073 02       		.byte	0x2
 1631 0074 18       		.byte	0x18
 1632 0075 24000000 		.4byte	0x24
 1633 0079 05       		.uleb128 0x5
 1634 007a 91000000 		.4byte	0x91
 1635 007e 8A000000 		.4byte	0x8a
 1636 0082 06       		.uleb128 0x6
 1637 0083 8A000000 		.4byte	0x8a
 1638 0087 D705     		.2byte	0x5d7
 1639 0089 00       		.byte	0
 1640 008a 02       		.uleb128 0x2
 1641 008b 04       		.byte	0x4
 1642 008c 07       		.byte	0x7
 1643 008d 90010000 		.4byte	.LASF11
 1644 0091 07       		.uleb128 0x7
 1645 0092 6E000000 		.4byte	0x6e
 1646 0096 08       		.uleb128 0x8
 1647 0097 2F010000 		.4byte	.LASF12
 1648 009b 03       		.byte	0x3
 1649 009c 1F       		.byte	0x1f
ARM GAS  C:\Users\mgnocco\AppData\Local\Temp\ccsPb2gY.s 			page 30


 1650 009d A7000000 		.4byte	0xa7
 1651 00a1 05       		.uleb128 0x5
 1652 00a2 03       		.byte	0x3
 1653 00a3 00000000 		.4byte	cy_meta_configecc
 1654 00a7 07       		.uleb128 0x7
 1655 00a8 79000000 		.4byte	0x79
 1656 00ac 05       		.uleb128 0x5
 1657 00ad 91000000 		.4byte	0x91
 1658 00b1 BC000000 		.4byte	0xbc
 1659 00b5 09       		.uleb128 0x9
 1660 00b6 8A000000 		.4byte	0x8a
 1661 00ba 03       		.byte	0x3
 1662 00bb 00       		.byte	0
 1663 00bc 08       		.uleb128 0x8
 1664 00bd 1F010000 		.4byte	.LASF13
 1665 00c1 03       		.byte	0x3
 1666 00c2 E7       		.byte	0xe7
 1667 00c3 CD000000 		.4byte	0xcd
 1668 00c7 05       		.uleb128 0x5
 1669 00c8 03       		.byte	0x3
 1670 00c9 00000000 		.4byte	cy_meta_custnvl
 1671 00cd 07       		.uleb128 0x7
 1672 00ce AC000000 		.4byte	0xac
 1673 00d2 08       		.uleb128 0x8
 1674 00d3 82010000 		.4byte	.LASF14
 1675 00d7 03       		.byte	0x3
 1676 00d8 F5       		.byte	0xf5
 1677 00d9 E3000000 		.4byte	0xe3
 1678 00dd 05       		.uleb128 0x5
 1679 00de 03       		.byte	0x3
 1680 00df 00000000 		.4byte	cy_meta_wonvl
 1681 00e3 07       		.uleb128 0x7
 1682 00e4 AC000000 		.4byte	0xac
 1683 00e8 05       		.uleb128 0x5
 1684 00e9 91000000 		.4byte	0x91
 1685 00ed F8000000 		.4byte	0xf8
 1686 00f1 09       		.uleb128 0x9
 1687 00f2 8A000000 		.4byte	0x8a
 1688 00f6 FF       		.byte	0xff
 1689 00f7 00       		.byte	0
 1690 00f8 0A       		.uleb128 0xa
 1691 00f9 6D010000 		.4byte	.LASF15
 1692 00fd 03       		.byte	0x3
 1693 00fe 0301     		.2byte	0x103
 1694 0100 0A010000 		.4byte	0x10a
 1695 0104 05       		.uleb128 0x5
 1696 0105 03       		.byte	0x3
 1697 0106 00000000 		.4byte	cy_meta_flashprotect
 1698 010a 07       		.uleb128 0x7
 1699 010b E8000000 		.4byte	0xe8
 1700 010f 05       		.uleb128 0x5
 1701 0110 91000000 		.4byte	0x91
 1702 0114 1F010000 		.4byte	0x11f
 1703 0118 09       		.uleb128 0x9
 1704 0119 8A000000 		.4byte	0x8a
 1705 011d 0B       		.byte	0xb
 1706 011e 00       		.byte	0
ARM GAS  C:\Users\mgnocco\AppData\Local\Temp\ccsPb2gY.s 			page 31


 1707 011f 0A       		.uleb128 0xa
 1708 0120 0A000000 		.4byte	.LASF16
 1709 0124 03       		.byte	0x3
 1710 0125 3001     		.2byte	0x130
 1711 0127 31010000 		.4byte	0x131
 1712 012b 05       		.uleb128 0x5
 1713 012c 03       		.byte	0x3
 1714 012d 00000000 		.4byte	cy_metadata
 1715 0131 07       		.uleb128 0x7
 1716 0132 0F010000 		.4byte	0x10f
 1717 0136 00       		.byte	0
 1718              		.section	.debug_abbrev,"",%progbits
 1719              	.Ldebug_abbrev0:
 1720 0000 01       		.uleb128 0x1
 1721 0001 11       		.uleb128 0x11
 1722 0002 01       		.byte	0x1
 1723 0003 25       		.uleb128 0x25
 1724 0004 0E       		.uleb128 0xe
 1725 0005 13       		.uleb128 0x13
 1726 0006 0B       		.uleb128 0xb
 1727 0007 03       		.uleb128 0x3
 1728 0008 0E       		.uleb128 0xe
 1729 0009 1B       		.uleb128 0x1b
 1730 000a 0E       		.uleb128 0xe
 1731 000b 10       		.uleb128 0x10
 1732 000c 17       		.uleb128 0x17
 1733 000d 00       		.byte	0
 1734 000e 00       		.byte	0
 1735 000f 02       		.uleb128 0x2
 1736 0010 24       		.uleb128 0x24
 1737 0011 00       		.byte	0
 1738 0012 0B       		.uleb128 0xb
 1739 0013 0B       		.uleb128 0xb
 1740 0014 3E       		.uleb128 0x3e
 1741 0015 0B       		.uleb128 0xb
 1742 0016 03       		.uleb128 0x3
 1743 0017 0E       		.uleb128 0xe
 1744 0018 00       		.byte	0
 1745 0019 00       		.byte	0
 1746 001a 03       		.uleb128 0x3
 1747 001b 16       		.uleb128 0x16
 1748 001c 00       		.byte	0
 1749 001d 03       		.uleb128 0x3
 1750 001e 0E       		.uleb128 0xe
 1751 001f 3A       		.uleb128 0x3a
 1752 0020 0B       		.uleb128 0xb
 1753 0021 3B       		.uleb128 0x3b
 1754 0022 0B       		.uleb128 0xb
 1755 0023 49       		.uleb128 0x49
 1756 0024 13       		.uleb128 0x13
 1757 0025 00       		.byte	0
 1758 0026 00       		.byte	0
 1759 0027 04       		.uleb128 0x4
 1760 0028 24       		.uleb128 0x24
 1761 0029 00       		.byte	0
 1762 002a 0B       		.uleb128 0xb
 1763 002b 0B       		.uleb128 0xb
ARM GAS  C:\Users\mgnocco\AppData\Local\Temp\ccsPb2gY.s 			page 32


 1764 002c 3E       		.uleb128 0x3e
 1765 002d 0B       		.uleb128 0xb
 1766 002e 03       		.uleb128 0x3
 1767 002f 08       		.uleb128 0x8
 1768 0030 00       		.byte	0
 1769 0031 00       		.byte	0
 1770 0032 05       		.uleb128 0x5
 1771 0033 01       		.uleb128 0x1
 1772 0034 01       		.byte	0x1
 1773 0035 49       		.uleb128 0x49
 1774 0036 13       		.uleb128 0x13
 1775 0037 01       		.uleb128 0x1
 1776 0038 13       		.uleb128 0x13
 1777 0039 00       		.byte	0
 1778 003a 00       		.byte	0
 1779 003b 06       		.uleb128 0x6
 1780 003c 21       		.uleb128 0x21
 1781 003d 00       		.byte	0
 1782 003e 49       		.uleb128 0x49
 1783 003f 13       		.uleb128 0x13
 1784 0040 2F       		.uleb128 0x2f
 1785 0041 05       		.uleb128 0x5
 1786 0042 00       		.byte	0
 1787 0043 00       		.byte	0
 1788 0044 07       		.uleb128 0x7
 1789 0045 26       		.uleb128 0x26
 1790 0046 00       		.byte	0
 1791 0047 49       		.uleb128 0x49
 1792 0048 13       		.uleb128 0x13
 1793 0049 00       		.byte	0
 1794 004a 00       		.byte	0
 1795 004b 08       		.uleb128 0x8
 1796 004c 34       		.uleb128 0x34
 1797 004d 00       		.byte	0
 1798 004e 03       		.uleb128 0x3
 1799 004f 0E       		.uleb128 0xe
 1800 0050 3A       		.uleb128 0x3a
 1801 0051 0B       		.uleb128 0xb
 1802 0052 3B       		.uleb128 0x3b
 1803 0053 0B       		.uleb128 0xb
 1804 0054 49       		.uleb128 0x49
 1805 0055 13       		.uleb128 0x13
 1806 0056 3F       		.uleb128 0x3f
 1807 0057 19       		.uleb128 0x19
 1808 0058 02       		.uleb128 0x2
 1809 0059 18       		.uleb128 0x18
 1810 005a 00       		.byte	0
 1811 005b 00       		.byte	0
 1812 005c 09       		.uleb128 0x9
 1813 005d 21       		.uleb128 0x21
 1814 005e 00       		.byte	0
 1815 005f 49       		.uleb128 0x49
 1816 0060 13       		.uleb128 0x13
 1817 0061 2F       		.uleb128 0x2f
 1818 0062 0B       		.uleb128 0xb
 1819 0063 00       		.byte	0
 1820 0064 00       		.byte	0
ARM GAS  C:\Users\mgnocco\AppData\Local\Temp\ccsPb2gY.s 			page 33


 1821 0065 0A       		.uleb128 0xa
 1822 0066 34       		.uleb128 0x34
 1823 0067 00       		.byte	0
 1824 0068 03       		.uleb128 0x3
 1825 0069 0E       		.uleb128 0xe
 1826 006a 3A       		.uleb128 0x3a
 1827 006b 0B       		.uleb128 0xb
 1828 006c 3B       		.uleb128 0x3b
 1829 006d 05       		.uleb128 0x5
 1830 006e 49       		.uleb128 0x49
 1831 006f 13       		.uleb128 0x13
 1832 0070 3F       		.uleb128 0x3f
 1833 0071 19       		.uleb128 0x19
 1834 0072 02       		.uleb128 0x2
 1835 0073 18       		.uleb128 0x18
 1836 0074 00       		.byte	0
 1837 0075 00       		.byte	0
 1838 0076 00       		.byte	0
 1839              		.section	.debug_aranges,"",%progbits
 1840 0000 14000000 		.4byte	0x14
 1841 0004 0200     		.2byte	0x2
 1842 0006 00000000 		.4byte	.Ldebug_info0
 1843 000a 04       		.byte	0x4
 1844 000b 00       		.byte	0
 1845 000c 0000     		.2byte	0
 1846 000e 0000     		.2byte	0
 1847 0010 00000000 		.4byte	0
 1848 0014 00000000 		.4byte	0
 1849              		.section	.debug_line,"",%progbits
 1850              	.Ldebug_line0:
 1851 0000 3D010000 		.section	.debug_str,"MS",%progbits,1
 1851      02003701 
 1851      00000201 
 1851      FB0E0D00 
 1851      01010101 
 1852              	.LASF9:
 1853 0000 5F5F7569 		.ascii	"__uint8_t\000"
 1853      6E74385F 
 1853      7400
 1854              	.LASF16:
 1855 000a 63795F6D 		.ascii	"cy_metadata\000"
 1855      65746164 
 1855      61746100 
 1856              	.LASF19:
 1857 0016 433A5C55 		.ascii	"C:\\Users\\mgnocco\\Desktop\\IMU_NUOVE\\Firmware+AP"
 1857      73657273 
 1857      5C6D676E 
 1857      6F63636F 
 1857      5C446573 
 1858 0044 495C4C53 		.ascii	"I\\LSM6DSRX\\Design02.cydsn\000"
 1858      4D364453 
 1858      52585C44 
 1858      65736967 
 1858      6E30322E 
 1859              	.LASF1:
 1860 005e 756E7369 		.ascii	"unsigned char\000"
 1860      676E6564 
ARM GAS  C:\Users\mgnocco\AppData\Local\Temp\ccsPb2gY.s 			page 34


 1860      20636861 
 1860      7200
 1861              	.LASF17:
 1862 006c 474E5520 		.ascii	"GNU C11 5.4.1 20160609 (release) [ARM/embedded-5-br"
 1862      43313120 
 1862      352E342E 
 1862      31203230 
 1862      31363036 
 1863 009f 616E6368 		.ascii	"anch revision 237715] -mcpu=cortex-m3 -mthumb -g -O"
 1863      20726576 
 1863      6973696F 
 1863      6E203233 
 1863      37373135 
 1864 00d2 67202D66 		.ascii	"g -ffunction-sections -ffat-lto-objects\000"
 1864      66756E63 
 1864      74696F6E 
 1864      2D736563 
 1864      74696F6E 
 1865              	.LASF5:
 1866 00fa 6C6F6E67 		.ascii	"long unsigned int\000"
 1866      20756E73 
 1866      69676E65 
 1866      6420696E 
 1866      7400
 1867              	.LASF3:
 1868 010c 73686F72 		.ascii	"short unsigned int\000"
 1868      7420756E 
 1868      7369676E 
 1868      65642069 
 1868      6E7400
 1869              	.LASF13:
 1870 011f 63795F6D 		.ascii	"cy_meta_custnvl\000"
 1870      6574615F 
 1870      63757374 
 1870      6E766C00 
 1871              	.LASF12:
 1872 012f 63795F6D 		.ascii	"cy_meta_configecc\000"
 1872      6574615F 
 1872      636F6E66 
 1872      69676563 
 1872      6300
 1873              	.LASF8:
 1874 0141 756E7369 		.ascii	"unsigned int\000"
 1874      676E6564 
 1874      20696E74 
 1874      00
 1875              	.LASF7:
 1876 014e 6C6F6E67 		.ascii	"long long unsigned int\000"
 1876      206C6F6E 
 1876      6720756E 
 1876      7369676E 
 1876      65642069 
 1877              	.LASF10:
 1878 0165 75696E74 		.ascii	"uint8_t\000"
 1878      385F7400 
 1879              	.LASF15:
 1880 016d 63795F6D 		.ascii	"cy_meta_flashprotect\000"
ARM GAS  C:\Users\mgnocco\AppData\Local\Temp\ccsPb2gY.s 			page 35


 1880      6574615F 
 1880      666C6173 
 1880      6870726F 
 1880      74656374 
 1881              	.LASF14:
 1882 0182 63795F6D 		.ascii	"cy_meta_wonvl\000"
 1882      6574615F 
 1882      776F6E76 
 1882      6C00
 1883              	.LASF11:
 1884 0190 73697A65 		.ascii	"sizetype\000"
 1884      74797065 
 1884      00
 1885              	.LASF6:
 1886 0199 6C6F6E67 		.ascii	"long long int\000"
 1886      206C6F6E 
 1886      6720696E 
 1886      7400
 1887              	.LASF2:
 1888 01a7 73686F72 		.ascii	"short int\000"
 1888      7420696E 
 1888      7400
 1889              	.LASF4:
 1890 01b1 6C6F6E67 		.ascii	"long int\000"
 1890      20696E74 
 1890      00
 1891              	.LASF0:
 1892 01ba 7369676E 		.ascii	"signed char\000"
 1892      65642063 
 1892      68617200 
 1893              	.LASF18:
 1894 01c6 47656E65 		.ascii	"Generated_Source\\PSoC5\\cymetadata.c\000"
 1894      72617465 
 1894      645F536F 
 1894      75726365 
 1894      5C50536F 
 1895              		.ident	"GCC: (GNU Tools for ARM Embedded Processors) 5.4.1 20160609 (release) [ARM/embedded-5-bran
