ARM GAS  C:\Users\mgnocco\AppData\Local\Temp\cchN7Q55.s 			page 1


   1              		.syntax unified
   2              		.cpu cortex-m3
   3              		.fpu softvfp
   4              		.eabi_attribute 20, 1
   5              		.eabi_attribute 21, 1
   6              		.eabi_attribute 23, 3
   7              		.eabi_attribute 24, 1
   8              		.eabi_attribute 25, 1
   9              		.eabi_attribute 26, 1
  10              		.eabi_attribute 30, 4
  11              		.eabi_attribute 34, 1
  12              		.eabi_attribute 18, 4
  13              		.thumb
  14              		.syntax unified
  15              		.file	"cymetadata.c"
  16              		.text
  17              	.Ltext0:
  18              		.cfi_sections	.debug_frame
  19              		.global	cy_metadata
  20              		.global	cy_meta_flashprotect
  21              		.global	cy_meta_wonvl
  22              		.global	cy_meta_custnvl
  23              		.global	cy_meta_configecc
  24              		.section	.cyconfigecc,"a",%progbits
  25              		.type	cy_meta_configecc, %object
  26              		.size	cy_meta_configecc, 1372
  27              	cy_meta_configecc:
  28 0000 04       		.byte	4
  29 0001 52       		.byte	82
  30 0002 00       		.byte	0
  31 0003 40       		.byte	64
  32 0004 01       		.byte	1
  33 0005 64       		.byte	100
  34 0006 00       		.byte	0
  35 0007 40       		.byte	64
  36 0008 03       		.byte	3
  37 0009 65       		.byte	101
  38 000a 00       		.byte	0
  39 000b 40       		.byte	64
  40 000c 01       		.byte	1
  41 000d 07       		.byte	7
  42 000e 01       		.byte	1
  43 000f 40       		.byte	64
  44 0010 54       		.byte	84
  45 0011 08       		.byte	8
  46 0012 01       		.byte	1
  47 0013 40       		.byte	64
  48 0014 3D       		.byte	61
  49 0015 09       		.byte	9
  50 0016 01       		.byte	1
  51 0017 40       		.byte	64
  52 0018 02       		.byte	2
  53 0019 15       		.byte	21
  54 001a 01       		.byte	1
  55 001b 40       		.byte	64
  56 001c 01       		.byte	1
  57 001d 17       		.byte	23
ARM GAS  C:\Users\mgnocco\AppData\Local\Temp\cchN7Q55.s 			page 2


  58 001e 01       		.byte	1
  59 001f 40       		.byte	64
  60 0020 71       		.byte	113
  61 0021 18       		.byte	24
  62 0022 01       		.byte	1
  63 0023 40       		.byte	64
  64 0024 58       		.byte	88
  65 0025 19       		.byte	25
  66 0026 01       		.byte	1
  67 0027 40       		.byte	64
  68 0028 35       		.byte	53
  69 0029 1A       		.byte	26
  70 002a 01       		.byte	1
  71 002b 40       		.byte	64
  72 002c 5B       		.byte	91
  73 002d 1B       		.byte	27
  74 002e 01       		.byte	1
  75 002f 40       		.byte	64
  76 0030 03       		.byte	3
  77 0031 40       		.byte	64
  78 0032 01       		.byte	1
  79 0033 40       		.byte	64
  80 0034 04       		.byte	4
  81 0035 41       		.byte	65
  82 0036 01       		.byte	1
  83 0037 40       		.byte	64
  84 0038 03       		.byte	3
  85 0039 42       		.byte	66
  86 003a 01       		.byte	1
  87 003b 40       		.byte	64
  88 003c 05       		.byte	5
  89 003d 43       		.byte	67
  90 003e 01       		.byte	1
  91 003f 40       		.byte	64
  92 0040 04       		.byte	4
  93 0041 45       		.byte	69
  94 0042 01       		.byte	1
  95 0043 40       		.byte	64
  96 0044 02       		.byte	2
  97 0045 46       		.byte	70
  98 0046 01       		.byte	1
  99 0047 40       		.byte	64
 100 0048 05       		.byte	5
 101 0049 47       		.byte	71
 102 004a 01       		.byte	1
 103 004b 40       		.byte	64
 104 004c 04       		.byte	4
 105 004d 48       		.byte	72
 106 004e 01       		.byte	1
 107 004f 40       		.byte	64
 108 0050 08       		.byte	8
 109 0051 49       		.byte	73
 110 0052 01       		.byte	1
 111 0053 40       		.byte	64
 112 0054 07       		.byte	7
 113 0055 4D       		.byte	77
 114 0056 01       		.byte	1
ARM GAS  C:\Users\mgnocco\AppData\Local\Temp\cchN7Q55.s 			page 3


 115 0057 40       		.byte	64
 116 0058 04       		.byte	4
 117 0059 50       		.byte	80
 118 005a 01       		.byte	1
 119 005b 40       		.byte	64
 120 005c 01       		.byte	1
 121 005d 51       		.byte	81
 122 005e 01       		.byte	1
 123 005f 40       		.byte	64
 124 0060 10       		.byte	16
 125 0061 10       		.byte	16
 126 0062 11       		.byte	17
 127 0063 08       		.byte	8
 128 0064 61       		.byte	97
 129 0065 80       		.byte	-128
 130 0066 64       		.byte	100
 131 0067 40       		.byte	64
 132 0068 88       		.byte	-120
 133 0069 0F       		.byte	15
 134 006a 89       		.byte	-119
 135 006b 72       		.byte	114
 136 006c 8A       		.byte	-118
 137 006d 38       		.byte	56
 138 006e 8B       		.byte	-117
 139 006f 0F       		.byte	15
 140 0070 E6       		.byte	-26
 141 0071 08       		.byte	8
 142 0072 00       		.byte	0
 143 0073 20       		.byte	32
 144 0074 01       		.byte	1
 145 0075 D2       		.byte	-46
 146 0076 04       		.byte	4
 147 0077 63       		.byte	99
 148 0078 05       		.byte	5
 149 0079 D2       		.byte	-46
 150 007a 06       		.byte	6
 151 007b 0C       		.byte	12
 152 007c 08       		.byte	8
 153 007d 03       		.byte	3
 154 007e 09       		.byte	9
 155 007f D0       		.byte	-48
 156 0080 0A       		.byte	10
 157 0081 74       		.byte	116
 158 0082 0B       		.byte	11
 159 0083 02       		.byte	2
 160 0084 0C       		.byte	12
 161 0085 70       		.byte	112
 162 0086 0F       		.byte	15
 163 0087 80       		.byte	-128
 164 0088 10       		.byte	16
 165 0089 20       		.byte	32
 166 008a 11       		.byte	17
 167 008b D2       		.byte	-46
 168 008c 12       		.byte	18
 169 008d 50       		.byte	80
 170 008e 15       		.byte	21
 171 008f 01       		.byte	1
ARM GAS  C:\Users\mgnocco\AppData\Local\Temp\cchN7Q55.s 			page 4


 172 0090 17       		.byte	23
 173 0091 34       		.byte	52
 174 0092 18       		.byte	24
 175 0093 02       		.byte	2
 176 0094 1A       		.byte	26
 177 0095 1D       		.byte	29
 178 0096 1C       		.byte	28
 179 0097 70       		.byte	112
 180 0098 1D       		.byte	29
 181 0099 02       		.byte	2
 182 009a 20       		.byte	32
 183 009b 21       		.byte	33
 184 009c 21       		.byte	33
 185 009d 23       		.byte	35
 186 009e 22       		.byte	34
 187 009f 5A       		.byte	90
 188 00a0 23       		.byte	35
 189 00a1 18       		.byte	24
 190 00a2 24       		.byte	36
 191 00a3 50       		.byte	80
 192 00a4 26       		.byte	38
 193 00a5 20       		.byte	32
 194 00a6 28       		.byte	40
 195 00a7 70       		.byte	112
 196 00a8 29       		.byte	41
 197 00a9 23       		.byte	35
 198 00aa 2B       		.byte	43
 199 00ab 0C       		.byte	12
 200 00ac 2D       		.byte	45
 201 00ad 02       		.byte	2
 202 00ae 2F       		.byte	47
 203 00af D0       		.byte	-48
 204 00b0 31       		.byte	49
 205 00b1 40       		.byte	64
 206 00b2 32       		.byte	50
 207 00b3 60       		.byte	96
 208 00b4 33       		.byte	51
 209 00b5 1F       		.byte	31
 210 00b6 34       		.byte	52
 211 00b7 1F       		.byte	31
 212 00b8 35       		.byte	53
 213 00b9 80       		.byte	-128
 214 00ba 37       		.byte	55
 215 00bb 20       		.byte	32
 216 00bc 39       		.byte	57
 217 00bd 88       		.byte	-120
 218 00be 3A       		.byte	58
 219 00bf 20       		.byte	32
 220 00c0 3F       		.byte	63
 221 00c1 11       		.byte	17
 222 00c2 56       		.byte	86
 223 00c3 02       		.byte	2
 224 00c4 57       		.byte	87
 225 00c5 28       		.byte	40
 226 00c6 58       		.byte	88
 227 00c7 04       		.byte	4
 228 00c8 59       		.byte	89
ARM GAS  C:\Users\mgnocco\AppData\Local\Temp\cchN7Q55.s 			page 5


 229 00c9 04       		.byte	4
 230 00ca 5B       		.byte	91
 231 00cb 04       		.byte	4
 232 00cc 5F       		.byte	95
 233 00cd 01       		.byte	1
 234 00ce 81       		.byte	-127
 235 00cf 06       		.byte	6
 236 00d0 84       		.byte	-124
 237 00d1 67       		.byte	103
 238 00d2 86       		.byte	-122
 239 00d3 18       		.byte	24
 240 00d4 87       		.byte	-121
 241 00d5 20       		.byte	32
 242 00d6 88       		.byte	-120
 243 00d7 19       		.byte	25
 244 00d8 89       		.byte	-119
 245 00d9 D5       		.byte	-43
 246 00da 8A       		.byte	-118
 247 00db 62       		.byte	98
 248 00dc 8B       		.byte	-117
 249 00dd 22       		.byte	34
 250 00de 8D       		.byte	-115
 251 00df 70       		.byte	112
 252 00e0 8F       		.byte	-113
 253 00e1 89       		.byte	-119
 254 00e2 90       		.byte	-112
 255 00e3 39       		.byte	57
 256 00e4 92       		.byte	-110
 257 00e5 44       		.byte	68
 258 00e6 94       		.byte	-108
 259 00e7 18       		.byte	24
 260 00e8 97       		.byte	-105
 261 00e9 18       		.byte	24
 262 00ea 98       		.byte	-104
 263 00eb 08       		.byte	8
 264 00ec 9C       		.byte	-100
 265 00ed 01       		.byte	1
 266 00ee A0       		.byte	-96
 267 00ef 10       		.byte	16
 268 00f0 A6       		.byte	-90
 269 00f1 01       		.byte	1
 270 00f2 A8       		.byte	-88
 271 00f3 7F       		.byte	127
 272 00f4 A9       		.byte	-87
 273 00f5 6B       		.byte	107
 274 00f6 AB       		.byte	-85
 275 00f7 94       		.byte	-108
 276 00f8 AE       		.byte	-82
 277 00f9 66       		.byte	102
 278 00fa B0       		.byte	-80
 279 00fb 1F       		.byte	31
 280 00fc B1       		.byte	-79
 281 00fd 07       		.byte	7
 282 00fe B3       		.byte	-77
 283 00ff 38       		.byte	56
 284 0100 B4       		.byte	-76
 285 0101 58       		.byte	88
ARM GAS  C:\Users\mgnocco\AppData\Local\Temp\cchN7Q55.s 			page 6


 286 0102 B5       		.byte	-75
 287 0103 80       		.byte	-128
 288 0104 B6       		.byte	-74
 289 0105 38       		.byte	56
 290 0106 B7       		.byte	-73
 291 0107 40       		.byte	64
 292 0108 B9       		.byte	-71
 293 0109 02       		.byte	2
 294 010a BA       		.byte	-70
 295 010b 22       		.byte	34
 296 010c BF       		.byte	-65
 297 010d 50       		.byte	80
 298 010e D4       		.byte	-44
 299 010f 09       		.byte	9
 300 0110 D8       		.byte	-40
 301 0111 04       		.byte	4
 302 0112 D9       		.byte	-39
 303 0113 04       		.byte	4
 304 0114 DB       		.byte	-37
 305 0115 04       		.byte	4
 306 0116 DC       		.byte	-36
 307 0117 01       		.byte	1
 308 0118 DF       		.byte	-33
 309 0119 01       		.byte	1
 310 011a 00       		.byte	0
 311 011b 08       		.byte	8
 312 011c 01       		.byte	1
 313 011d 20       		.byte	32
 314 011e 04       		.byte	4
 315 011f 20       		.byte	32
 316 0120 06       		.byte	6
 317 0121 22       		.byte	34
 318 0122 07       		.byte	7
 319 0123 40       		.byte	64
 320 0124 09       		.byte	9
 321 0125 08       		.byte	8
 322 0126 0A       		.byte	10
 323 0127 81       		.byte	-127
 324 0128 0B       		.byte	11
 325 0129 04       		.byte	4
 326 012a 0C       		.byte	12
 327 012b 12       		.byte	18
 328 012c 0E       		.byte	14
 329 012d 22       		.byte	34
 330 012e 0F       		.byte	15
 331 012f 10       		.byte	16
 332 0130 10       		.byte	16
 333 0131 84       		.byte	-124
 334 0132 11       		.byte	17
 335 0133 40       		.byte	64
 336 0134 12       		.byte	18
 337 0135 20       		.byte	32
 338 0136 16       		.byte	22
 339 0137 80       		.byte	-128
 340 0138 17       		.byte	23
 341 0139 14       		.byte	20
 342 013a 18       		.byte	24
ARM GAS  C:\Users\mgnocco\AppData\Local\Temp\cchN7Q55.s 			page 7


 343 013b 80       		.byte	-128
 344 013c 19       		.byte	25
 345 013d 60       		.byte	96
 346 013e 1A       		.byte	26
 347 013f 80       		.byte	-128
 348 0140 1F       		.byte	31
 349 0141 18       		.byte	24
 350 0142 21       		.byte	33
 351 0143 21       		.byte	33
 352 0144 22       		.byte	34
 353 0145 04       		.byte	4
 354 0146 23       		.byte	35
 355 0147 01       		.byte	1
 356 0148 24       		.byte	36
 357 0149 20       		.byte	32
 358 014a 25       		.byte	37
 359 014b 40       		.byte	64
 360 014c 26       		.byte	38
 361 014d 1A       		.byte	26
 362 014e 2A       		.byte	42
 363 014f 20       		.byte	32
 364 0150 2B       		.byte	43
 365 0151 08       		.byte	8
 366 0152 2C       		.byte	44
 367 0153 02       		.byte	2
 368 0154 2F       		.byte	47
 369 0155 48       		.byte	72
 370 0156 32       		.byte	50
 371 0157 04       		.byte	4
 372 0158 36       		.byte	54
 373 0159 89       		.byte	-119
 374 015a 37       		.byte	55
 375 015b 40       		.byte	64
 376 015c 38       		.byte	56
 377 015d 28       		.byte	40
 378 015e 39       		.byte	57
 379 015f 02       		.byte	2
 380 0160 3A       		.byte	58
 381 0161 80       		.byte	-128
 382 0162 3B       		.byte	59
 383 0163 80       		.byte	-128
 384 0164 3C       		.byte	60
 385 0165 80       		.byte	-128
 386 0166 3E       		.byte	62
 387 0167 16       		.byte	22
 388 0168 4E       		.byte	78
 389 0169 03       		.byte	3
 390 016a 59       		.byte	89
 391 016b 14       		.byte	20
 392 016c 5A       		.byte	90
 393 016d 42       		.byte	66
 394 016e 63       		.byte	99
 395 016f 01       		.byte	1
 396 0170 64       		.byte	100
 397 0171 10       		.byte	16
 398 0172 67       		.byte	103
 399 0173 20       		.byte	32
ARM GAS  C:\Users\mgnocco\AppData\Local\Temp\cchN7Q55.s 			page 8


 400 0174 6C       		.byte	108
 401 0175 03       		.byte	3
 402 0176 6E       		.byte	110
 403 0177 16       		.byte	22
 404 0178 6F       		.byte	111
 405 0179 14       		.byte	20
 406 017a 76       		.byte	118
 407 017b 02       		.byte	2
 408 017c 85       		.byte	-123
 409 017d 40       		.byte	64
 410 017e 86       		.byte	-122
 411 017f 04       		.byte	4
 412 0180 89       		.byte	-119
 413 0181 01       		.byte	1
 414 0182 C0       		.byte	-64
 415 0183 F6       		.byte	-10
 416 0184 C2       		.byte	-62
 417 0185 DF       		.byte	-33
 418 0186 C4       		.byte	-60
 419 0187 7F       		.byte	127
 420 0188 CA       		.byte	-54
 421 0189 B4       		.byte	-76
 422 018a CC       		.byte	-52
 423 018b D2       		.byte	-46
 424 018c CE       		.byte	-50
 425 018d FF       		.byte	-1
 426 018e D6       		.byte	-42
 427 018f 0F       		.byte	15
 428 0190 D8       		.byte	-40
 429 0191 48       		.byte	72
 430 0192 E0       		.byte	-32
 431 0193 02       		.byte	2
 432 0194 E2       		.byte	-30
 433 0195 02       		.byte	2
 434 0196 EE       		.byte	-18
 435 0197 08       		.byte	8
 436 0198 E0       		.byte	-32
 437 0199 02       		.byte	2
 438 019a 00       		.byte	0
 439 019b D8       		.byte	-40
 440 019c 01       		.byte	1
 441 019d 03       		.byte	3
 442 019e 02       		.byte	2
 443 019f 01       		.byte	1
 444 01a0 03       		.byte	3
 445 01a1 04       		.byte	4
 446 01a2 04       		.byte	4
 447 01a3 2E       		.byte	46
 448 01a4 05       		.byte	5
 449 01a5 2A       		.byte	42
 450 01a6 06       		.byte	6
 451 01a7 81       		.byte	-127
 452 01a8 07       		.byte	7
 453 01a9 44       		.byte	68
 454 01aa 08       		.byte	8
 455 01ab 24       		.byte	36
 456 01ac 0A       		.byte	10
ARM GAS  C:\Users\mgnocco\AppData\Local\Temp\cchN7Q55.s 			page 9


 457 01ad 49       		.byte	73
 458 01ae 0C       		.byte	12
 459 01af D9       		.byte	-39
 460 01b0 0F       		.byte	15
 461 01b1 08       		.byte	8
 462 01b2 11       		.byte	17
 463 01b3 73       		.byte	115
 464 01b4 13       		.byte	19
 465 01b5 04       		.byte	4
 466 01b6 14       		.byte	20
 467 01b7 11       		.byte	17
 468 01b8 15       		.byte	21
 469 01b9 73       		.byte	115
 470 01ba 16       		.byte	22
 471 01bb 22       		.byte	34
 472 01bc 17       		.byte	23
 473 01bd 0C       		.byte	12
 474 01be 18       		.byte	24
 475 01bf 20       		.byte	32
 476 01c0 1A       		.byte	26
 477 01c1 D0       		.byte	-48
 478 01c2 1C       		.byte	28
 479 01c3 D9       		.byte	-39
 480 01c4 20       		.byte	32
 481 01c5 08       		.byte	8
 482 01c6 22       		.byte	34
 483 01c7 04       		.byte	4
 484 01c8 24       		.byte	36
 485 01c9 D1       		.byte	-47
 486 01ca 25       		.byte	37
 487 01cb 80       		.byte	-128
 488 01cc 26       		.byte	38
 489 01cd 08       		.byte	8
 490 01ce 27       		.byte	39
 491 01cf 15       		.byte	21
 492 01d0 28       		.byte	40
 493 01d1 D9       		.byte	-39
 494 01d2 31       		.byte	49
 495 01d3 C0       		.byte	-64
 496 01d4 33       		.byte	51
 497 01d5 0F       		.byte	15
 498 01d6 34       		.byte	52
 499 01d7 F0       		.byte	-16
 500 01d8 35       		.byte	53
 501 01d9 30       		.byte	48
 502 01da 36       		.byte	54
 503 01db 0F       		.byte	15
 504 01dc 39       		.byte	57
 505 01dd 22       		.byte	34
 506 01de 3A       		.byte	58
 507 01df E0       		.byte	-32
 508 01e0 3B       		.byte	59
 509 01e1 08       		.byte	8
 510 01e2 3F       		.byte	63
 511 01e3 10       		.byte	16
 512 01e4 40       		.byte	64
 513 01e5 23       		.byte	35
ARM GAS  C:\Users\mgnocco\AppData\Local\Temp\cchN7Q55.s 			page 10


 514 01e6 41       		.byte	65
 515 01e7 04       		.byte	4
 516 01e8 45       		.byte	69
 517 01e9 E0       		.byte	-32
 518 01ea 47       		.byte	71
 519 01eb CB       		.byte	-53
 520 01ec 48       		.byte	72
 521 01ed 32       		.byte	50
 522 01ee 49       		.byte	73
 523 01ef FF       		.byte	-1
 524 01f0 4A       		.byte	74
 525 01f1 FF       		.byte	-1
 526 01f2 4B       		.byte	75
 527 01f3 FF       		.byte	-1
 528 01f4 4E       		.byte	78
 529 01f5 F0       		.byte	-16
 530 01f6 4F       		.byte	79
 531 01f7 44       		.byte	68
 532 01f8 50       		.byte	80
 533 01f9 0C       		.byte	12
 534 01fa 54       		.byte	84
 535 01fb 40       		.byte	64
 536 01fc 58       		.byte	88
 537 01fd 04       		.byte	4
 538 01fe 59       		.byte	89
 539 01ff 04       		.byte	4
 540 0200 5A       		.byte	90
 541 0201 04       		.byte	4
 542 0202 5B       		.byte	91
 543 0203 04       		.byte	4
 544 0204 5C       		.byte	92
 545 0205 10       		.byte	16
 546 0206 5D       		.byte	93
 547 0207 01       		.byte	1
 548 0208 5F       		.byte	95
 549 0209 01       		.byte	1
 550 020a 66       		.byte	102
 551 020b C0       		.byte	-64
 552 020c 6A       		.byte	106
 553 020d 40       		.byte	64
 554 020e 6B       		.byte	107
 555 020f 02       		.byte	2
 556 0210 81       		.byte	-127
 557 0211 08       		.byte	8
 558 0212 85       		.byte	-123
 559 0213 67       		.byte	103
 560 0214 88       		.byte	-120
 561 0215 01       		.byte	1
 562 0216 91       		.byte	-111
 563 0217 02       		.byte	2
 564 0218 93       		.byte	-109
 565 0219 05       		.byte	5
 566 021a 99       		.byte	-103
 567 021b 67       		.byte	103
 568 021c 9D       		.byte	-99
 569 021d 44       		.byte	68
 570 021e 9F       		.byte	-97
ARM GAS  C:\Users\mgnocco\AppData\Local\Temp\cchN7Q55.s 			page 11


 571 021f 22       		.byte	34
 572 0220 A8       		.byte	-88
 573 0221 01       		.byte	1
 574 0222 AC       		.byte	-84
 575 0223 01       		.byte	1
 576 0224 AD       		.byte	-83
 577 0225 21       		.byte	33
 578 0226 AF       		.byte	-81
 579 0227 52       		.byte	82
 580 0228 B0       		.byte	-80
 581 0229 01       		.byte	1
 582 022a B1       		.byte	-79
 583 022b 07       		.byte	7
 584 022c B3       		.byte	-77
 585 022d 10       		.byte	16
 586 022e B5       		.byte	-75
 587 022f 08       		.byte	8
 588 0230 B7       		.byte	-73
 589 0231 60       		.byte	96
 590 0232 BF       		.byte	-65
 591 0233 10       		.byte	16
 592 0234 C0       		.byte	-64
 593 0235 61       		.byte	97
 594 0236 C1       		.byte	-63
 595 0237 03       		.byte	3
 596 0238 C2       		.byte	-62
 597 0239 50       		.byte	80
 598 023a C4       		.byte	-60
 599 023b 02       		.byte	2
 600 023c C5       		.byte	-59
 601 023d DE       		.byte	-34
 602 023e C6       		.byte	-58
 603 023f FC       		.byte	-4
 604 0240 C7       		.byte	-57
 605 0241 0B       		.byte	11
 606 0242 C8       		.byte	-56
 607 0243 1F       		.byte	31
 608 0244 C9       		.byte	-55
 609 0245 FF       		.byte	-1
 610 0246 CA       		.byte	-54
 611 0247 FF       		.byte	-1
 612 0248 CB       		.byte	-53
 613 0249 FF       		.byte	-1
 614 024a CC       		.byte	-52
 615 024b 22       		.byte	34
 616 024c CE       		.byte	-50
 617 024d F0       		.byte	-16
 618 024e CF       		.byte	-49
 619 024f 0C       		.byte	12
 620 0250 D0       		.byte	-48
 621 0251 04       		.byte	4
 622 0252 D6       		.byte	-42
 623 0253 02       		.byte	2
 624 0254 D7       		.byte	-41
 625 0255 12       		.byte	18
 626 0256 D8       		.byte	-40
 627 0257 04       		.byte	4
ARM GAS  C:\Users\mgnocco\AppData\Local\Temp\cchN7Q55.s 			page 12


 628 0258 D9       		.byte	-39
 629 0259 04       		.byte	4
 630 025a DA       		.byte	-38
 631 025b 04       		.byte	4
 632 025c DB       		.byte	-37
 633 025d 04       		.byte	4
 634 025e DC       		.byte	-36
 635 025f 11       		.byte	17
 636 0260 DD       		.byte	-35
 637 0261 10       		.byte	16
 638 0262 DF       		.byte	-33
 639 0263 01       		.byte	1
 640 0264 E2       		.byte	-30
 641 0265 C0       		.byte	-64
 642 0266 E4       		.byte	-28
 643 0267 40       		.byte	64
 644 0268 E5       		.byte	-27
 645 0269 01       		.byte	1
 646 026a E6       		.byte	-26
 647 026b 10       		.byte	16
 648 026c E7       		.byte	-25
 649 026d 11       		.byte	17
 650 026e E8       		.byte	-24
 651 026f C0       		.byte	-64
 652 0270 E9       		.byte	-23
 653 0271 01       		.byte	1
 654 0272 EB       		.byte	-21
 655 0273 11       		.byte	17
 656 0274 EC       		.byte	-20
 657 0275 40       		.byte	64
 658 0276 ED       		.byte	-19
 659 0277 01       		.byte	1
 660 0278 EE       		.byte	-18
 661 0279 40       		.byte	64
 662 027a EF       		.byte	-17
 663 027b 01       		.byte	1
 664 027c 00       		.byte	0
 665 027d 20       		.byte	32
 666 027e 04       		.byte	4
 667 027f 22       		.byte	34
 668 0280 06       		.byte	6
 669 0281 22       		.byte	34
 670 0282 0E       		.byte	14
 671 0283 16       		.byte	22
 672 0284 10       		.byte	16
 673 0285 02       		.byte	2
 674 0286 11       		.byte	17
 675 0287 10       		.byte	16
 676 0288 16       		.byte	22
 677 0289 40       		.byte	64
 678 028a 17       		.byte	23
 679 028b 14       		.byte	20
 680 028c 1A       		.byte	26
 681 028d 40       		.byte	64
 682 028e 1D       		.byte	29
 683 028f 80       		.byte	-128
 684 0290 1E       		.byte	30
ARM GAS  C:\Users\mgnocco\AppData\Local\Temp\cchN7Q55.s 			page 13


 685 0291 04       		.byte	4
 686 0292 1F       		.byte	31
 687 0293 40       		.byte	64
 688 0294 20       		.byte	32
 689 0295 02       		.byte	2
 690 0296 21       		.byte	33
 691 0297 04       		.byte	4
 692 0298 22       		.byte	34
 693 0299 41       		.byte	65
 694 029a 23       		.byte	35
 695 029b 08       		.byte	8
 696 029c 24       		.byte	36
 697 029d 40       		.byte	64
 698 029e 25       		.byte	37
 699 029f 10       		.byte	16
 700 02a0 26       		.byte	38
 701 02a1 04       		.byte	4
 702 02a2 27       		.byte	39
 703 02a3 40       		.byte	64
 704 02a4 29       		.byte	41
 705 02a5 80       		.byte	-128
 706 02a6 2C       		.byte	44
 707 02a7 10       		.byte	16
 708 02a8 2F       		.byte	47
 709 02a9 20       		.byte	32
 710 02aa 32       		.byte	50
 711 02ab 51       		.byte	81
 712 02ac 34       		.byte	52
 713 02ad 08       		.byte	8
 714 02ae 36       		.byte	54
 715 02af 04       		.byte	4
 716 02b0 37       		.byte	55
 717 02b1 01       		.byte	1
 718 02b2 39       		.byte	57
 719 02b3 04       		.byte	4
 720 02b4 3B       		.byte	59
 721 02b5 01       		.byte	1
 722 02b6 3C       		.byte	60
 723 02b7 40       		.byte	64
 724 02b8 3D       		.byte	61
 725 02b9 08       		.byte	8
 726 02ba 3F       		.byte	63
 727 02bb 02       		.byte	2
 728 02bc 41       		.byte	65
 729 02bd 90       		.byte	-112
 730 02be 42       		.byte	66
 731 02bf 10       		.byte	16
 732 02c0 43       		.byte	67
 733 02c1 08       		.byte	8
 734 02c2 44       		.byte	68
 735 02c3 18       		.byte	24
 736 02c4 47       		.byte	71
 737 02c5 01       		.byte	1
 738 02c6 48       		.byte	72
 739 02c7 40       		.byte	64
 740 02c8 49       		.byte	73
 741 02c9 04       		.byte	4
ARM GAS  C:\Users\mgnocco\AppData\Local\Temp\cchN7Q55.s 			page 14


 742 02ca 4A       		.byte	74
 743 02cb 0A       		.byte	10
 744 02cc 4B       		.byte	75
 745 02cd 02       		.byte	2
 746 02ce 4F       		.byte	79
 747 02cf 01       		.byte	1
 748 02d0 50       		.byte	80
 749 02d1 04       		.byte	4
 750 02d2 52       		.byte	82
 751 02d3 D0       		.byte	-48
 752 02d4 56       		.byte	86
 753 02d5 04       		.byte	4
 754 02d6 57       		.byte	87
 755 02d7 01       		.byte	1
 756 02d8 5A       		.byte	90
 757 02d9 08       		.byte	8
 758 02da 5D       		.byte	93
 759 02db 40       		.byte	64
 760 02dc 5E       		.byte	94
 761 02dd 40       		.byte	64
 762 02de 66       		.byte	102
 763 02df 10       		.byte	16
 764 02e0 67       		.byte	103
 765 02e1 12       		.byte	18
 766 02e2 68       		.byte	104
 767 02e3 12       		.byte	18
 768 02e4 69       		.byte	105
 769 02e5 14       		.byte	20
 770 02e6 6A       		.byte	106
 771 02e7 20       		.byte	32
 772 02e8 70       		.byte	112
 773 02e9 80       		.byte	-128
 774 02ea 71       		.byte	113
 775 02eb 08       		.byte	8
 776 02ec 73       		.byte	115
 777 02ed 24       		.byte	36
 778 02ee 79       		.byte	121
 779 02ef 08       		.byte	8
 780 02f0 7A       		.byte	122
 781 02f1 20       		.byte	32
 782 02f2 85       		.byte	-123
 783 02f3 10       		.byte	16
 784 02f4 90       		.byte	-112
 785 02f5 A2       		.byte	-94
 786 02f6 93       		.byte	-109
 787 02f7 10       		.byte	16
 788 02f8 94       		.byte	-108
 789 02f9 08       		.byte	8
 790 02fa 95       		.byte	-107
 791 02fb 40       		.byte	64
 792 02fc 96       		.byte	-106
 793 02fd 01       		.byte	1
 794 02fe 97       		.byte	-105
 795 02ff 84       		.byte	-124
 796 0300 99       		.byte	-103
 797 0301 60       		.byte	96
 798 0302 9A       		.byte	-102
ARM GAS  C:\Users\mgnocco\AppData\Local\Temp\cchN7Q55.s 			page 15


 799 0303 02       		.byte	2
 800 0304 9B       		.byte	-101
 801 0305 14       		.byte	20
 802 0306 9C       		.byte	-100
 803 0307 04       		.byte	4
 804 0308 9D       		.byte	-99
 805 0309 04       		.byte	4
 806 030a A2       		.byte	-94
 807 030b 0B       		.byte	11
 808 030c A3       		.byte	-93
 809 030d 08       		.byte	8
 810 030e A4       		.byte	-92
 811 030f C4       		.byte	-60
 812 0310 A5       		.byte	-91
 813 0311 08       		.byte	8
 814 0312 A6       		.byte	-90
 815 0313 A0       		.byte	-96
 816 0314 B5       		.byte	-75
 817 0315 30       		.byte	48
 818 0316 B6       		.byte	-74
 819 0317 C0       		.byte	-64
 820 0318 C0       		.byte	-64
 821 0319 F2       		.byte	-14
 822 031a C2       		.byte	-62
 823 031b E0       		.byte	-32
 824 031c C4       		.byte	-60
 825 031d 73       		.byte	115
 826 031e CA       		.byte	-54
 827 031f 48       		.byte	72
 828 0320 CC       		.byte	-52
 829 0321 CD       		.byte	-51
 830 0322 CE       		.byte	-50
 831 0323 D3       		.byte	-45
 832 0324 D0       		.byte	-48
 833 0325 EE       		.byte	-18
 834 0326 D2       		.byte	-46
 835 0327 0C       		.byte	12
 836 0328 D6       		.byte	-42
 837 0329 02       		.byte	2
 838 032a D8       		.byte	-40
 839 032b 70       		.byte	112
 840 032c 80       		.byte	-128
 841 032d 09       		.byte	9
 842 032e 82       		.byte	-126
 843 032f 10       		.byte	16
 844 0330 83       		.byte	-125
 845 0331 10       		.byte	16
 846 0332 84       		.byte	-124
 847 0333 1C       		.byte	28
 848 0334 85       		.byte	-123
 849 0335 4C       		.byte	76
 850 0336 86       		.byte	-122
 851 0337 02       		.byte	2
 852 0338 87       		.byte	-121
 853 0339 13       		.byte	19
 854 033a 88       		.byte	-120
 855 033b 10       		.byte	16
ARM GAS  C:\Users\mgnocco\AppData\Local\Temp\cchN7Q55.s 			page 16


 856 033c 8A       		.byte	-118
 857 033d 0C       		.byte	12
 858 033e 92       		.byte	-110
 859 033f 03       		.byte	3
 860 0340 95       		.byte	-107
 861 0341 11       		.byte	17
 862 0342 97       		.byte	-105
 863 0343 46       		.byte	70
 864 0344 98       		.byte	-104
 865 0345 10       		.byte	16
 866 0346 9B       		.byte	-101
 867 0347 08       		.byte	8
 868 0348 9F       		.byte	-97
 869 0349 4C       		.byte	76
 870 034a A0       		.byte	-96
 871 034b 0C       		.byte	12
 872 034c A1       		.byte	-95
 873 034d 20       		.byte	32
 874 034e A2       		.byte	-94
 875 034f 11       		.byte	17
 876 0350 A7       		.byte	-89
 877 0351 13       		.byte	19
 878 0352 A8       		.byte	-88
 879 0353 14       		.byte	20
 880 0354 AD       		.byte	-83
 881 0355 11       		.byte	17
 882 0356 AF       		.byte	-81
 883 0357 0E       		.byte	14
 884 0358 B0       		.byte	-80
 885 0359 1F       		.byte	31
 886 035a B1       		.byte	-79
 887 035b 20       		.byte	32
 888 035c B3       		.byte	-77
 889 035d 0F       		.byte	15
 890 035e B5       		.byte	-75
 891 035f 10       		.byte	16
 892 0360 B6       		.byte	-74
 893 0361 1F       		.byte	31
 894 0362 B7       		.byte	-73
 895 0363 4A       		.byte	74
 896 0364 BB       		.byte	-69
 897 0365 88       		.byte	-120
 898 0366 BF       		.byte	-65
 899 0367 11       		.byte	17
 900 0368 C0       		.byte	-64
 901 0369 02       		.byte	2
 902 036a C5       		.byte	-59
 903 036b 04       		.byte	4
 904 036c C9       		.byte	-55
 905 036d FF       		.byte	-1
 906 036e CA       		.byte	-54
 907 036f 07       		.byte	7
 908 0370 CB       		.byte	-53
 909 0371 FF       		.byte	-1
 910 0372 CC       		.byte	-52
 911 0373 40       		.byte	64
 912 0374 CD       		.byte	-51
ARM GAS  C:\Users\mgnocco\AppData\Local\Temp\cchN7Q55.s 			page 17


 913 0375 20       		.byte	32
 914 0376 CE       		.byte	-50
 915 0377 F0       		.byte	-16
 916 0378 CF       		.byte	-49
 917 0379 05       		.byte	5
 918 037a D0       		.byte	-48
 919 037b 08       		.byte	8
 920 037c D4       		.byte	-44
 921 037d 01       		.byte	1
 922 037e D6       		.byte	-42
 923 037f 04       		.byte	4
 924 0380 D8       		.byte	-40
 925 0381 04       		.byte	4
 926 0382 D9       		.byte	-39
 927 0383 04       		.byte	4
 928 0384 DA       		.byte	-38
 929 0385 04       		.byte	4
 930 0386 DB       		.byte	-37
 931 0387 04       		.byte	4
 932 0388 DC       		.byte	-36
 933 0389 11       		.byte	17
 934 038a DD       		.byte	-35
 935 038b 11       		.byte	17
 936 038c DF       		.byte	-33
 937 038d 01       		.byte	1
 938 038e E0       		.byte	-32
 939 038f 40       		.byte	64
 940 0390 E1       		.byte	-31
 941 0391 A8       		.byte	-88
 942 0392 E2       		.byte	-30
 943 0393 40       		.byte	64
 944 0394 E3       		.byte	-29
 945 0395 20       		.byte	32
 946 0396 00       		.byte	0
 947 0397 4A       		.byte	74
 948 0398 07       		.byte	7
 949 0399 54       		.byte	84
 950 039a 08       		.byte	8
 951 039b 28       		.byte	40
 952 039c 0A       		.byte	10
 953 039d 42       		.byte	66
 954 039e 0E       		.byte	14
 955 039f 80       		.byte	-128
 956 03a0 0F       		.byte	15
 957 03a1 08       		.byte	8
 958 03a2 10       		.byte	16
 959 03a3 82       		.byte	-126
 960 03a4 13       		.byte	19
 961 03a5 24       		.byte	36
 962 03a6 16       		.byte	22
 963 03a7 04       		.byte	4
 964 03a8 17       		.byte	23
 965 03a9 01       		.byte	1
 966 03aa 18       		.byte	24
 967 03ab 01       		.byte	1
 968 03ac 19       		.byte	25
 969 03ad 15       		.byte	21
ARM GAS  C:\Users\mgnocco\AppData\Local\Temp\cchN7Q55.s 			page 18


 970 03ae 1A       		.byte	26
 971 03af 10       		.byte	16
 972 03b0 1E       		.byte	30
 973 03b1 80       		.byte	-128
 974 03b2 1F       		.byte	31
 975 03b3 80       		.byte	-128
 976 03b4 20       		.byte	32
 977 03b5 04       		.byte	4
 978 03b6 21       		.byte	33
 979 03b7 82       		.byte	-126
 980 03b8 22       		.byte	34
 981 03b9 04       		.byte	4
 982 03ba 24       		.byte	36
 983 03bb 08       		.byte	8
 984 03bc 25       		.byte	37
 985 03bd 04       		.byte	4
 986 03be 26       		.byte	38
 987 03bf 01       		.byte	1
 988 03c0 27       		.byte	39
 989 03c1 11       		.byte	17
 990 03c2 28       		.byte	40
 991 03c3 08       		.byte	8
 992 03c4 29       		.byte	41
 993 03c5 62       		.byte	98
 994 03c6 2E       		.byte	46
 995 03c7 80       		.byte	-128
 996 03c8 2F       		.byte	47
 997 03c9 A0       		.byte	-96
 998 03ca 30       		.byte	48
 999 03cb 04       		.byte	4
 1000 03cc 31       		.byte	49
 1001 03cd 16       		.byte	22
 1002 03ce 36       		.byte	54
 1003 03cf 24       		.byte	36
 1004 03d0 37       		.byte	55
 1005 03d1 44       		.byte	68
 1006 03d2 38       		.byte	56
 1007 03d3 E0       		.byte	-32
 1008 03d4 3D       		.byte	61
 1009 03d5 08       		.byte	8
 1010 03d6 3F       		.byte	63
 1011 03d7 02       		.byte	2
 1012 03d8 40       		.byte	64
 1013 03d9 21       		.byte	33
 1014 03da 42       		.byte	66
 1015 03db 50       		.byte	80
 1016 03dc 45       		.byte	69
 1017 03dd 10       		.byte	16
 1018 03de 46       		.byte	70
 1019 03df 80       		.byte	-128
 1020 03e0 47       		.byte	71
 1021 03e1 01       		.byte	1
 1022 03e2 48       		.byte	72
 1023 03e3 04       		.byte	4
 1024 03e4 49       		.byte	73
 1025 03e5 52       		.byte	82
 1026 03e6 4E       		.byte	78
ARM GAS  C:\Users\mgnocco\AppData\Local\Temp\cchN7Q55.s 			page 19


 1027 03e7 20       		.byte	32
 1028 03e8 4F       		.byte	79
 1029 03e9 08       		.byte	8
 1030 03ea 50       		.byte	80
 1031 03eb 10       		.byte	16
 1032 03ec 57       		.byte	87
 1033 03ed 20       		.byte	32
 1034 03ee 59       		.byte	89
 1035 03ef 01       		.byte	1
 1036 03f0 5C       		.byte	92
 1037 03f1 80       		.byte	-128
 1038 03f2 5D       		.byte	93
 1039 03f3 10       		.byte	16
 1040 03f4 5F       		.byte	95
 1041 03f5 09       		.byte	9
 1042 03f6 60       		.byte	96
 1043 03f7 04       		.byte	4
 1044 03f8 61       		.byte	97
 1045 03f9 80       		.byte	-128
 1046 03fa 62       		.byte	98
 1047 03fb 02       		.byte	2
 1048 03fc 64       		.byte	100
 1049 03fd 40       		.byte	64
 1050 03fe 82       		.byte	-126
 1051 03ff 01       		.byte	1
 1052 0400 85       		.byte	-123
 1053 0401 10       		.byte	16
 1054 0402 86       		.byte	-122
 1055 0403 02       		.byte	2
 1056 0404 87       		.byte	-121
 1057 0405 01       		.byte	1
 1058 0406 88       		.byte	-120
 1059 0407 02       		.byte	2
 1060 0408 89       		.byte	-119
 1061 0409 80       		.byte	-128
 1062 040a 8A       		.byte	-118
 1063 040b 01       		.byte	1
 1064 040c 8C       		.byte	-116
 1065 040d 84       		.byte	-124
 1066 040e 90       		.byte	-112
 1067 040f 80       		.byte	-128
 1068 0410 92       		.byte	-110
 1069 0411 42       		.byte	66
 1070 0412 93       		.byte	-109
 1071 0413 05       		.byte	5
 1072 0414 96       		.byte	-106
 1073 0415 09       		.byte	9
 1074 0416 99       		.byte	-103
 1075 0417 60       		.byte	96
 1076 0418 9A       		.byte	-102
 1077 0419 04       		.byte	4
 1078 041a 9B       		.byte	-101
 1079 041b 68       		.byte	104
 1080 041c 9C       		.byte	-100
 1081 041d 44       		.byte	68
 1082 041e 9D       		.byte	-99
 1083 041f 80       		.byte	-128
ARM GAS  C:\Users\mgnocco\AppData\Local\Temp\cchN7Q55.s 			page 20


 1084 0420 9F       		.byte	-97
 1085 0421 01       		.byte	1
 1086 0422 A0       		.byte	-96
 1087 0423 81       		.byte	-127
 1088 0424 A1       		.byte	-95
 1089 0425 10       		.byte	16
 1090 0426 A2       		.byte	-94
 1091 0427 04       		.byte	4
 1092 0428 A3       		.byte	-93
 1093 0429 01       		.byte	1
 1094 042a A4       		.byte	-92
 1095 042b 04       		.byte	4
 1096 042c A5       		.byte	-91
 1097 042d 04       		.byte	4
 1098 042e A7       		.byte	-89
 1099 042f 20       		.byte	32
 1100 0430 AC       		.byte	-84
 1101 0431 40       		.byte	64
 1102 0432 B2       		.byte	-78
 1103 0433 20       		.byte	32
 1104 0434 B3       		.byte	-77
 1105 0435 40       		.byte	64
 1106 0436 C0       		.byte	-64
 1107 0437 7D       		.byte	125
 1108 0438 C2       		.byte	-62
 1109 0439 5F       		.byte	95
 1110 043a C4       		.byte	-60
 1111 043b 5F       		.byte	95
 1112 043c CA       		.byte	-54
 1113 043d DD       		.byte	-35
 1114 043e CC       		.byte	-52
 1115 043f 77       		.byte	119
 1116 0440 CE       		.byte	-50
 1117 0441 CC       		.byte	-52
 1118 0442 D0       		.byte	-48
 1119 0443 2B       		.byte	43
 1120 0444 D2       		.byte	-46
 1121 0445 0C       		.byte	12
 1122 0446 D6       		.byte	-42
 1123 0447 F1       		.byte	-15
 1124 0448 D8       		.byte	-40
 1125 0449 8D       		.byte	-115
 1126 044a E4       		.byte	-28
 1127 044b 01       		.byte	1
 1128 044c 30       		.byte	48
 1129 044d 20       		.byte	32
 1130 044e 36       		.byte	54
 1131 044f 80       		.byte	-128
 1132 0450 CC       		.byte	-52
 1133 0451 30       		.byte	48
 1134 0452 63       		.byte	99
 1135 0453 02       		.byte	2
 1136 0454 A4       		.byte	-92
 1137 0455 20       		.byte	32
 1138 0456 A6       		.byte	-90
 1139 0457 80       		.byte	-128
 1140 0458 D6       		.byte	-42
ARM GAS  C:\Users\mgnocco\AppData\Local\Temp\cchN7Q55.s 			page 21


 1141 0459 40       		.byte	64
 1142 045a A4       		.byte	-92
 1143 045b 20       		.byte	32
 1144 045c A6       		.byte	-90
 1145 045d 80       		.byte	-128
 1146 045e A7       		.byte	-89
 1147 045f 01       		.byte	1
 1148 0460 87       		.byte	-121
 1149 0461 01       		.byte	1
 1150 0462 A4       		.byte	-92
 1151 0463 20       		.byte	32
 1152 0464 A6       		.byte	-90
 1153 0465 80       		.byte	-128
 1154 0466 A7       		.byte	-89
 1155 0467 01       		.byte	1
 1156 0468 E6       		.byte	-26
 1157 0469 10       		.byte	16
 1158 046a 58       		.byte	88
 1159 046b 10       		.byte	16
 1160 046c 66       		.byte	102
 1161 046d 80       		.byte	-128
 1162 046e D4       		.byte	-44
 1163 046f 01       		.byte	1
 1164 0470 D6       		.byte	-42
 1165 0471 01       		.byte	1
 1166 0472 9C       		.byte	-100
 1167 0473 10       		.byte	16
 1168 0474 9E       		.byte	-98
 1169 0475 80       		.byte	-128
 1170 0476 86       		.byte	-122
 1171 0477 80       		.byte	-128
 1172 0478 88       		.byte	-120
 1173 0479 10       		.byte	16
 1174 047a 9C       		.byte	-100
 1175 047b 10       		.byte	16
 1176 047c 9E       		.byte	-98
 1177 047d 80       		.byte	-128
 1178 047e E0       		.byte	-32
 1179 047f 04       		.byte	4
 1180 0480 85       		.byte	-123
 1181 0481 10       		.byte	16
 1182 0482 A4       		.byte	-92
 1183 0483 20       		.byte	32
 1184 0484 A6       		.byte	-90
 1185 0485 80       		.byte	-128
 1186 0486 E0       		.byte	-32
 1187 0487 40       		.byte	64
 1188 0488 0D       		.byte	13
 1189 0489 10       		.byte	16
 1190 048a 84       		.byte	-124
 1191 048b 20       		.byte	32
 1192 048c 95       		.byte	-107
 1193 048d 20       		.byte	32
 1194 048e A4       		.byte	-92
 1195 048f 20       		.byte	32
 1196 0490 AE       		.byte	-82
 1197 0491 80       		.byte	-128
ARM GAS  C:\Users\mgnocco\AppData\Local\Temp\cchN7Q55.s 			page 22


 1198 0492 C2       		.byte	-62
 1199 0493 80       		.byte	-128
 1200 0494 E2       		.byte	-30
 1201 0495 40       		.byte	64
 1202 0496 EE       		.byte	-18
 1203 0497 10       		.byte	16
 1204 0498 10       		.byte	16
 1205 0499 80       		.byte	-128
 1206 049a 70       		.byte	112
 1207 049b 04       		.byte	4
 1208 049c 80       		.byte	-128
 1209 049d 04       		.byte	4
 1210 049e 88       		.byte	-120
 1211 049f 80       		.byte	-128
 1212 04a0 C4       		.byte	-60
 1213 04a1 08       		.byte	8
 1214 04a2 DC       		.byte	-36
 1215 04a3 01       		.byte	1
 1216 04a4 E6       		.byte	-26
 1217 04a5 01       		.byte	1
 1218 04a6 00       		.byte	0
 1219 04a7 03       		.byte	3
 1220 04a8 0C       		.byte	12
 1221 04a9 03       		.byte	3
 1222 04aa 10       		.byte	16
 1223 04ab 03       		.byte	3
 1224 04ac 1C       		.byte	28
 1225 04ad 03       		.byte	3
 1226 04ae 00       		.byte	0
 1227 04af 0F       		.byte	15
 1228 04b0 82       		.byte	-126
 1229 04b1 00       		.byte	0
 1230 04b2 10       		.byte	16
 1231 04b3 00       		.byte	0
 1232 04b4 C3       		.byte	-61
 1233 04b5 00       		.byte	0
 1234 04b6 0C       		.byte	12
 1235 04b7 00       		.byte	0
 1236 04b8 00       		.byte	0
 1237 04b9 00       		.byte	0
 1238 04ba 00       		.byte	0
 1239 04bb 04       		.byte	4
 1240 04bc 0C       		.byte	12
 1241 04bd 02       		.byte	2
 1242 04be C3       		.byte	-61
 1243 04bf 01       		.byte	1
 1244 04c0 00       		.byte	0
 1245 04c1 00       		.byte	0
 1246 04c2 C3       		.byte	-61
 1247 04c3 08       		.byte	8
 1248 04c4 0F       		.byte	15
 1249 04c5 03       		.byte	3
 1250 04c6 C0       		.byte	-64
 1251 04c7 00       		.byte	0
 1252 04c8 CF       		.byte	-49
 1253 04c9 03       		.byte	3
 1254 04ca 00       		.byte	0
ARM GAS  C:\Users\mgnocco\AppData\Local\Temp\cchN7Q55.s 			page 23


 1255 04cb 00       		.byte	0
 1256 04cc C3       		.byte	-61
 1257 04cd 00       		.byte	0
 1258 04ce 20       		.byte	32
 1259 04cf 00       		.byte	0
 1260 04d0 08       		.byte	8
 1261 04d1 00       		.byte	0
 1262 04d2 00       		.byte	0
 1263 04d3 08       		.byte	8
 1264 04d4 04       		.byte	4
 1265 04d5 00       		.byte	0
 1266 04d6 00       		.byte	0
 1267 04d7 00       		.byte	0
 1268 04d8 0C       		.byte	12
 1269 04d9 02       		.byte	2
 1270 04da 00       		.byte	0
 1271 04db 01       		.byte	1
 1272 04dc 41       		.byte	65
 1273 04dd 00       		.byte	0
 1274 04de 10       		.byte	16
 1275 04df 04       		.byte	4
 1276 04e0 C0       		.byte	-64
 1277 04e1 01       		.byte	1
 1278 04e2 00       		.byte	0
 1279 04e3 02       		.byte	2
 1280 04e4 0F       		.byte	15
 1281 04e5 08       		.byte	8
 1282 04e6 30       		.byte	48
 1283 04e7 04       		.byte	4
 1284 04e8 00       		.byte	0
 1285 04e9 02       		.byte	2
 1286 04ea 28       		.byte	40
 1287 04eb 00       		.byte	0
 1288 04ec 00       		.byte	0
 1289 04ed 00       		.byte	0
 1290 04ee 40       		.byte	64
 1291 04ef 54       		.byte	84
 1292 04f0 64       		.byte	100
 1293 04f1 03       		.byte	3
 1294 04f2 05       		.byte	5
 1295 04f3 00       		.byte	0
 1296 04f4 01       		.byte	1
 1297 04f5 E0       		.byte	-32
 1298 04f6 C0       		.byte	-64
 1299 04f7 00       		.byte	0
 1300 04f8 0A       		.byte	10
 1301 04f9 FF       		.byte	-1
 1302 04fa FF       		.byte	-1
 1303 04fb FF       		.byte	-1
 1304 04fc 62       		.byte	98
 1305 04fd A0       		.byte	-96
 1306 04fe F0       		.byte	-16
 1307 04ff 41       		.byte	65
 1308 0500 0C       		.byte	12
 1309 0501 00       		.byte	0
 1310 0502 00       		.byte	0
 1311 0503 00       		.byte	0
ARM GAS  C:\Users\mgnocco\AppData\Local\Temp\cchN7Q55.s 			page 24


 1312 0504 18       		.byte	24
 1313 0505 00       		.byte	0
 1314 0506 04       		.byte	4
 1315 0507 00       		.byte	0
 1316 0508 04       		.byte	4
 1317 0509 04       		.byte	4
 1318 050a 04       		.byte	4
 1319 050b 04       		.byte	4
 1320 050c 11       		.byte	17
 1321 050d 11       		.byte	17
 1322 050e 00       		.byte	0
 1323 050f 01       		.byte	1
 1324 0510 00       		.byte	0
 1325 0511 00       		.byte	0
 1326 0512 00       		.byte	0
 1327 0513 00       		.byte	0
 1328 0514 00       		.byte	0
 1329 0515 00       		.byte	0
 1330 0516 40       		.byte	64
 1331 0517 02       		.byte	2
 1332 0518 00       		.byte	0
 1333 0519 10       		.byte	16
 1334 051a 30       		.byte	48
 1335 051b 10       		.byte	16
 1336 051c 00       		.byte	0
 1337 051d 10       		.byte	16
 1338 051e 10       		.byte	16
 1339 051f 12       		.byte	18
 1340 0520 00       		.byte	0
 1341 0521 00       		.byte	0
 1342 0522 00       		.byte	0
 1343 0523 00       		.byte	0
 1344 0524 00       		.byte	0
 1345 0525 00       		.byte	0
 1346 0526 00       		.byte	0
 1347 0527 00       		.byte	0
 1348 0528 00       		.byte	0
 1349 0529 00       		.byte	0
 1350 052a 00       		.byte	0
 1351 052b 00       		.byte	0
 1352 052c 00       		.byte	0
 1353 052d 00       		.byte	0
 1354 052e 00       		.byte	0
 1355 052f 00       		.byte	0
 1356 0530 00       		.byte	0
 1357 0531 80       		.byte	-128
 1358 0532 80       		.byte	-128
 1359 0533 00       		.byte	0
 1360 0534 80       		.byte	-128
 1361 0535 00       		.byte	0
 1362 0536 00       		.byte	0
 1363 0537 00       		.byte	0
 1364 0538 80       		.byte	-128
 1365 0539 00       		.byte	0
 1366 053a 40       		.byte	64
 1367 053b 80       		.byte	-128
 1368 053c 80       		.byte	-128
ARM GAS  C:\Users\mgnocco\AppData\Local\Temp\cchN7Q55.s 			page 25


 1369 053d 00       		.byte	0
 1370 053e 80       		.byte	-128
 1371 053f 00       		.byte	0
 1372 0540 00       		.byte	0
 1373 0541 00       		.byte	0
 1374 0542 00       		.byte	0
 1375 0543 00       		.byte	0
 1376 0544 00       		.byte	0
 1377 0545 0B       		.byte	11
 1378 0546 0B       		.byte	11
 1379 0547 00       		.byte	0
 1380 0548 00       		.byte	0
 1381 0549 00       		.byte	0
 1382 054a 00       		.byte	0
 1383 054b 00       		.byte	0
 1384 054c 00       		.byte	0
 1385 054d 18       		.byte	24
 1386 054e 18       		.byte	24
 1387 054f 00       		.byte	0
 1388 0550 18       		.byte	24
 1389 0551 00       		.byte	0
 1390 0552 00       		.byte	0
 1391 0553 00       		.byte	0
 1392 0554 80       		.byte	-128
 1393 0555 00       		.byte	0
 1394 0556 00       		.byte	0
 1395 0557 00       		.byte	0
 1396 0558 00       		.byte	0
 1397 0559 00       		.byte	0
 1398 055a 00       		.byte	0
 1399 055b 00       		.byte	0
 1400              		.section	.cywolatch,"a",%progbits
 1401              		.type	cy_meta_wonvl, %object
 1402              		.size	cy_meta_wonvl, 4
 1403              	cy_meta_wonvl:
 1404 0000 BC       		.byte	-68
 1405 0001 90       		.byte	-112
 1406 0002 AC       		.byte	-84
 1407 0003 AF       		.byte	-81
 1408              		.section	.cycustnvl,"a",%progbits
 1409              		.type	cy_meta_custnvl, %object
 1410              		.size	cy_meta_custnvl, 4
 1411              	cy_meta_custnvl:
 1412 0000 00       		.byte	0
 1413 0001 00       		.byte	0
 1414 0002 40       		.byte	64
 1415 0003 05       		.byte	5
 1416              		.section	.cymeta,"a",%progbits
 1417              		.type	cy_metadata, %object
 1418              		.size	cy_metadata, 12
 1419              	cy_metadata:
 1420 0000 00       		.byte	0
 1421 0001 01       		.byte	1
 1422 0002 2E       		.byte	46
 1423 0003 16       		.byte	22
 1424 0004 10       		.byte	16
 1425 0005 69       		.byte	105
ARM GAS  C:\Users\mgnocco\AppData\Local\Temp\cchN7Q55.s 			page 26


 1426 0006 00       		.byte	0
 1427 0007 01       		.byte	1
 1428 0008 00       		.byte	0
 1429 0009 00       		.byte	0
 1430 000a 00       		.byte	0
 1431 000b 00       		.byte	0
 1432              		.section	.cyflashprotect,"a",%progbits
 1433              		.type	cy_meta_flashprotect, %object
 1434              		.size	cy_meta_flashprotect, 256
 1435              	cy_meta_flashprotect:
 1436 0000 00000000 		.space	256
 1436      00000000 
 1436      00000000 
 1436      00000000 
 1436      00000000 
 1437              		.text
 1438              	.Letext0:
 1439              		.file 1 "c:\\program files (x86)\\cypress\\psoc creator\\4.4\\psoc creator\\import\\gnu\\arm\\5.4.
 1440              		.file 2 "c:\\program files (x86)\\cypress\\psoc creator\\4.4\\psoc creator\\import\\gnu\\arm\\5.4.
 1441              		.file 3 "Generated_Source\\PSoC5\\cymetadata.c"
 1442              		.section	.debug_info,"",%progbits
 1443              	.Ldebug_info0:
 1444 0000 32010000 		.4byte	0x132
 1445 0004 0400     		.2byte	0x4
 1446 0006 00000000 		.4byte	.Ldebug_abbrev0
 1447 000a 04       		.byte	0x4
 1448 000b 01       		.uleb128 0x1
 1449 000c DF000000 		.4byte	.LASF17
 1450 0010 0C       		.byte	0xc
 1451 0011 CE010000 		.4byte	.LASF18
 1452 0015 16000000 		.4byte	.LASF19
 1453 0019 00000000 		.4byte	.Ldebug_line0
 1454 001d 02       		.uleb128 0x2
 1455 001e 01       		.byte	0x1
 1456 001f 06       		.byte	0x6
 1457 0020 C2010000 		.4byte	.LASF0
 1458 0024 03       		.uleb128 0x3
 1459 0025 00000000 		.4byte	.LASF9
 1460 0029 01       		.byte	0x1
 1461 002a 1D       		.byte	0x1d
 1462 002b 2F000000 		.4byte	0x2f
 1463 002f 02       		.uleb128 0x2
 1464 0030 01       		.byte	0x1
 1465 0031 08       		.byte	0x8
 1466 0032 7D000000 		.4byte	.LASF1
 1467 0036 02       		.uleb128 0x2
 1468 0037 02       		.byte	0x2
 1469 0038 05       		.byte	0x5
 1470 0039 AF010000 		.4byte	.LASF2
 1471 003d 02       		.uleb128 0x2
 1472 003e 02       		.byte	0x2
 1473 003f 07       		.byte	0x7
 1474 0040 9D000000 		.4byte	.LASF3
 1475 0044 02       		.uleb128 0x2
 1476 0045 04       		.byte	0x4
 1477 0046 05       		.byte	0x5
 1478 0047 B9010000 		.4byte	.LASF4
ARM GAS  C:\Users\mgnocco\AppData\Local\Temp\cchN7Q55.s 			page 27


 1479 004b 02       		.uleb128 0x2
 1480 004c 04       		.byte	0x4
 1481 004d 07       		.byte	0x7
 1482 004e 8B000000 		.4byte	.LASF5
 1483 0052 02       		.uleb128 0x2
 1484 0053 08       		.byte	0x8
 1485 0054 05       		.byte	0x5
 1486 0055 A1010000 		.4byte	.LASF6
 1487 0059 02       		.uleb128 0x2
 1488 005a 08       		.byte	0x8
 1489 005b 07       		.byte	0x7
 1490 005c 66000000 		.4byte	.LASF7
 1491 0060 04       		.uleb128 0x4
 1492 0061 04       		.byte	0x4
 1493 0062 05       		.byte	0x5
 1494 0063 696E7400 		.ascii	"int\000"
 1495 0067 02       		.uleb128 0x2
 1496 0068 04       		.byte	0x4
 1497 0069 07       		.byte	0x7
 1498 006a D2000000 		.4byte	.LASF8
 1499 006e 03       		.uleb128 0x3
 1500 006f 6D010000 		.4byte	.LASF10
 1501 0073 02       		.byte	0x2
 1502 0074 18       		.byte	0x18
 1503 0075 24000000 		.4byte	0x24
 1504 0079 05       		.uleb128 0x5
 1505 007a 91000000 		.4byte	0x91
 1506 007e 8A000000 		.4byte	0x8a
 1507 0082 06       		.uleb128 0x6
 1508 0083 8A000000 		.4byte	0x8a
 1509 0087 5B05     		.2byte	0x55b
 1510 0089 00       		.byte	0
 1511 008a 02       		.uleb128 0x2
 1512 008b 04       		.byte	0x4
 1513 008c 07       		.byte	0x7
 1514 008d 98010000 		.4byte	.LASF11
 1515 0091 07       		.uleb128 0x7
 1516 0092 6E000000 		.4byte	0x6e
 1517 0096 08       		.uleb128 0x8
 1518 0097 C0000000 		.4byte	.LASF12
 1519 009b 03       		.byte	0x3
 1520 009c 1F       		.byte	0x1f
 1521 009d A7000000 		.4byte	0xa7
 1522 00a1 05       		.uleb128 0x5
 1523 00a2 03       		.byte	0x3
 1524 00a3 00000000 		.4byte	cy_meta_configecc
 1525 00a7 07       		.uleb128 0x7
 1526 00a8 79000000 		.4byte	0x79
 1527 00ac 05       		.uleb128 0x5
 1528 00ad 91000000 		.4byte	0x91
 1529 00b1 BC000000 		.4byte	0xbc
 1530 00b5 09       		.uleb128 0x9
 1531 00b6 8A000000 		.4byte	0x8a
 1532 00ba 03       		.byte	0x3
 1533 00bb 00       		.byte	0
 1534 00bc 08       		.uleb128 0x8
 1535 00bd B0000000 		.4byte	.LASF13
ARM GAS  C:\Users\mgnocco\AppData\Local\Temp\cchN7Q55.s 			page 28


 1536 00c1 03       		.byte	0x3
 1537 00c2 D8       		.byte	0xd8
 1538 00c3 CD000000 		.4byte	0xcd
 1539 00c7 05       		.uleb128 0x5
 1540 00c8 03       		.byte	0x3
 1541 00c9 00000000 		.4byte	cy_meta_custnvl
 1542 00cd 07       		.uleb128 0x7
 1543 00ce AC000000 		.4byte	0xac
 1544 00d2 08       		.uleb128 0x8
 1545 00d3 8A010000 		.4byte	.LASF14
 1546 00d7 03       		.byte	0x3
 1547 00d8 E6       		.byte	0xe6
 1548 00d9 E3000000 		.4byte	0xe3
 1549 00dd 05       		.uleb128 0x5
 1550 00de 03       		.byte	0x3
 1551 00df 00000000 		.4byte	cy_meta_wonvl
 1552 00e3 07       		.uleb128 0x7
 1553 00e4 AC000000 		.4byte	0xac
 1554 00e8 05       		.uleb128 0x5
 1555 00e9 91000000 		.4byte	0x91
 1556 00ed F8000000 		.4byte	0xf8
 1557 00f1 09       		.uleb128 0x9
 1558 00f2 8A000000 		.4byte	0x8a
 1559 00f6 FF       		.byte	0xff
 1560 00f7 00       		.byte	0
 1561 00f8 08       		.uleb128 0x8
 1562 00f9 75010000 		.4byte	.LASF15
 1563 00fd 03       		.byte	0x3
 1564 00fe F4       		.byte	0xf4
 1565 00ff 09010000 		.4byte	0x109
 1566 0103 05       		.uleb128 0x5
 1567 0104 03       		.byte	0x3
 1568 0105 00000000 		.4byte	cy_meta_flashprotect
 1569 0109 07       		.uleb128 0x7
 1570 010a E8000000 		.4byte	0xe8
 1571 010e 05       		.uleb128 0x5
 1572 010f 91000000 		.4byte	0x91
 1573 0113 1E010000 		.4byte	0x11e
 1574 0117 09       		.uleb128 0x9
 1575 0118 8A000000 		.4byte	0x8a
 1576 011c 0B       		.byte	0xb
 1577 011d 00       		.byte	0
 1578 011e 0A       		.uleb128 0xa
 1579 011f 0A000000 		.4byte	.LASF16
 1580 0123 03       		.byte	0x3
 1581 0124 2101     		.2byte	0x121
 1582 0126 30010000 		.4byte	0x130
 1583 012a 05       		.uleb128 0x5
 1584 012b 03       		.byte	0x3
 1585 012c 00000000 		.4byte	cy_metadata
 1586 0130 07       		.uleb128 0x7
 1587 0131 0E010000 		.4byte	0x10e
 1588 0135 00       		.byte	0
 1589              		.section	.debug_abbrev,"",%progbits
 1590              	.Ldebug_abbrev0:
 1591 0000 01       		.uleb128 0x1
 1592 0001 11       		.uleb128 0x11
ARM GAS  C:\Users\mgnocco\AppData\Local\Temp\cchN7Q55.s 			page 29


 1593 0002 01       		.byte	0x1
 1594 0003 25       		.uleb128 0x25
 1595 0004 0E       		.uleb128 0xe
 1596 0005 13       		.uleb128 0x13
 1597 0006 0B       		.uleb128 0xb
 1598 0007 03       		.uleb128 0x3
 1599 0008 0E       		.uleb128 0xe
 1600 0009 1B       		.uleb128 0x1b
 1601 000a 0E       		.uleb128 0xe
 1602 000b 10       		.uleb128 0x10
 1603 000c 17       		.uleb128 0x17
 1604 000d 00       		.byte	0
 1605 000e 00       		.byte	0
 1606 000f 02       		.uleb128 0x2
 1607 0010 24       		.uleb128 0x24
 1608 0011 00       		.byte	0
 1609 0012 0B       		.uleb128 0xb
 1610 0013 0B       		.uleb128 0xb
 1611 0014 3E       		.uleb128 0x3e
 1612 0015 0B       		.uleb128 0xb
 1613 0016 03       		.uleb128 0x3
 1614 0017 0E       		.uleb128 0xe
 1615 0018 00       		.byte	0
 1616 0019 00       		.byte	0
 1617 001a 03       		.uleb128 0x3
 1618 001b 16       		.uleb128 0x16
 1619 001c 00       		.byte	0
 1620 001d 03       		.uleb128 0x3
 1621 001e 0E       		.uleb128 0xe
 1622 001f 3A       		.uleb128 0x3a
 1623 0020 0B       		.uleb128 0xb
 1624 0021 3B       		.uleb128 0x3b
 1625 0022 0B       		.uleb128 0xb
 1626 0023 49       		.uleb128 0x49
 1627 0024 13       		.uleb128 0x13
 1628 0025 00       		.byte	0
 1629 0026 00       		.byte	0
 1630 0027 04       		.uleb128 0x4
 1631 0028 24       		.uleb128 0x24
 1632 0029 00       		.byte	0
 1633 002a 0B       		.uleb128 0xb
 1634 002b 0B       		.uleb128 0xb
 1635 002c 3E       		.uleb128 0x3e
 1636 002d 0B       		.uleb128 0xb
 1637 002e 03       		.uleb128 0x3
 1638 002f 08       		.uleb128 0x8
 1639 0030 00       		.byte	0
 1640 0031 00       		.byte	0
 1641 0032 05       		.uleb128 0x5
 1642 0033 01       		.uleb128 0x1
 1643 0034 01       		.byte	0x1
 1644 0035 49       		.uleb128 0x49
 1645 0036 13       		.uleb128 0x13
 1646 0037 01       		.uleb128 0x1
 1647 0038 13       		.uleb128 0x13
 1648 0039 00       		.byte	0
 1649 003a 00       		.byte	0
ARM GAS  C:\Users\mgnocco\AppData\Local\Temp\cchN7Q55.s 			page 30


 1650 003b 06       		.uleb128 0x6
 1651 003c 21       		.uleb128 0x21
 1652 003d 00       		.byte	0
 1653 003e 49       		.uleb128 0x49
 1654 003f 13       		.uleb128 0x13
 1655 0040 2F       		.uleb128 0x2f
 1656 0041 05       		.uleb128 0x5
 1657 0042 00       		.byte	0
 1658 0043 00       		.byte	0
 1659 0044 07       		.uleb128 0x7
 1660 0045 26       		.uleb128 0x26
 1661 0046 00       		.byte	0
 1662 0047 49       		.uleb128 0x49
 1663 0048 13       		.uleb128 0x13
 1664 0049 00       		.byte	0
 1665 004a 00       		.byte	0
 1666 004b 08       		.uleb128 0x8
 1667 004c 34       		.uleb128 0x34
 1668 004d 00       		.byte	0
 1669 004e 03       		.uleb128 0x3
 1670 004f 0E       		.uleb128 0xe
 1671 0050 3A       		.uleb128 0x3a
 1672 0051 0B       		.uleb128 0xb
 1673 0052 3B       		.uleb128 0x3b
 1674 0053 0B       		.uleb128 0xb
 1675 0054 49       		.uleb128 0x49
 1676 0055 13       		.uleb128 0x13
 1677 0056 3F       		.uleb128 0x3f
 1678 0057 19       		.uleb128 0x19
 1679 0058 02       		.uleb128 0x2
 1680 0059 18       		.uleb128 0x18
 1681 005a 00       		.byte	0
 1682 005b 00       		.byte	0
 1683 005c 09       		.uleb128 0x9
 1684 005d 21       		.uleb128 0x21
 1685 005e 00       		.byte	0
 1686 005f 49       		.uleb128 0x49
 1687 0060 13       		.uleb128 0x13
 1688 0061 2F       		.uleb128 0x2f
 1689 0062 0B       		.uleb128 0xb
 1690 0063 00       		.byte	0
 1691 0064 00       		.byte	0
 1692 0065 0A       		.uleb128 0xa
 1693 0066 34       		.uleb128 0x34
 1694 0067 00       		.byte	0
 1695 0068 03       		.uleb128 0x3
 1696 0069 0E       		.uleb128 0xe
 1697 006a 3A       		.uleb128 0x3a
 1698 006b 0B       		.uleb128 0xb
 1699 006c 3B       		.uleb128 0x3b
 1700 006d 05       		.uleb128 0x5
 1701 006e 49       		.uleb128 0x49
 1702 006f 13       		.uleb128 0x13
 1703 0070 3F       		.uleb128 0x3f
 1704 0071 19       		.uleb128 0x19
 1705 0072 02       		.uleb128 0x2
 1706 0073 18       		.uleb128 0x18
ARM GAS  C:\Users\mgnocco\AppData\Local\Temp\cchN7Q55.s 			page 31


 1707 0074 00       		.byte	0
 1708 0075 00       		.byte	0
 1709 0076 00       		.byte	0
 1710              		.section	.debug_aranges,"",%progbits
 1711 0000 14000000 		.4byte	0x14
 1712 0004 0200     		.2byte	0x2
 1713 0006 00000000 		.4byte	.Ldebug_info0
 1714 000a 04       		.byte	0x4
 1715 000b 00       		.byte	0
 1716 000c 0000     		.2byte	0
 1717 000e 0000     		.2byte	0
 1718 0010 00000000 		.4byte	0
 1719 0014 00000000 		.4byte	0
 1720              		.section	.debug_line,"",%progbits
 1721              	.Ldebug_line0:
 1722 0000 3D010000 		.section	.debug_str,"MS",%progbits,1
 1722      02003701 
 1722      00000201 
 1722      FB0E0D00 
 1722      01010101 
 1723              	.LASF9:
 1724 0000 5F5F7569 		.ascii	"__uint8_t\000"
 1724      6E74385F 
 1724      7400
 1725              	.LASF16:
 1726 000a 63795F6D 		.ascii	"cy_metadata\000"
 1726      65746164 
 1726      61746100 
 1727              	.LASF19:
 1728 0016 433A5C55 		.ascii	"C:\\Users\\mgnocco\\Documents\\ControlloDiVersione\\"
 1728      73657273 
 1728      5C6D676E 
 1728      6F63636F 
 1728      5C446F63 
 1729 0045 494D552B 		.ascii	"IMU+schede_logica\\Design02.cydsn\000"
 1729      73636865 
 1729      64655F6C 
 1729      6F676963 
 1729      615C4465 
 1730              	.LASF7:
 1731 0066 6C6F6E67 		.ascii	"long long unsigned int\000"
 1731      206C6F6E 
 1731      6720756E 
 1731      7369676E 
 1731      65642069 
 1732              	.LASF1:
 1733 007d 756E7369 		.ascii	"unsigned char\000"
 1733      676E6564 
 1733      20636861 
 1733      7200
 1734              	.LASF5:
 1735 008b 6C6F6E67 		.ascii	"long unsigned int\000"
 1735      20756E73 
 1735      69676E65 
 1735      6420696E 
 1735      7400
 1736              	.LASF3:
ARM GAS  C:\Users\mgnocco\AppData\Local\Temp\cchN7Q55.s 			page 32


 1737 009d 73686F72 		.ascii	"short unsigned int\000"
 1737      7420756E 
 1737      7369676E 
 1737      65642069 
 1737      6E7400
 1738              	.LASF13:
 1739 00b0 63795F6D 		.ascii	"cy_meta_custnvl\000"
 1739      6574615F 
 1739      63757374 
 1739      6E766C00 
 1740              	.LASF12:
 1741 00c0 63795F6D 		.ascii	"cy_meta_configecc\000"
 1741      6574615F 
 1741      636F6E66 
 1741      69676563 
 1741      6300
 1742              	.LASF8:
 1743 00d2 756E7369 		.ascii	"unsigned int\000"
 1743      676E6564 
 1743      20696E74 
 1743      00
 1744              	.LASF17:
 1745 00df 474E5520 		.ascii	"GNU C11 5.4.1 20160609 (release) [ARM/embedded-5-br"
 1745      43313120 
 1745      352E342E 
 1745      31203230 
 1745      31363036 
 1746 0112 616E6368 		.ascii	"anch revision 237715] -mcpu=cortex-m3 -mthumb -g -O"
 1746      20726576 
 1746      6973696F 
 1746      6E203233 
 1746      37373135 
 1747 0145 73202D66 		.ascii	"s -ffunction-sections -ffat-lto-objects\000"
 1747      66756E63 
 1747      74696F6E 
 1747      2D736563 
 1747      74696F6E 
 1748              	.LASF10:
 1749 016d 75696E74 		.ascii	"uint8_t\000"
 1749      385F7400 
 1750              	.LASF15:
 1751 0175 63795F6D 		.ascii	"cy_meta_flashprotect\000"
 1751      6574615F 
 1751      666C6173 
 1751      6870726F 
 1751      74656374 
 1752              	.LASF14:
 1753 018a 63795F6D 		.ascii	"cy_meta_wonvl\000"
 1753      6574615F 
 1753      776F6E76 
 1753      6C00
 1754              	.LASF11:
 1755 0198 73697A65 		.ascii	"sizetype\000"
 1755      74797065 
 1755      00
 1756              	.LASF6:
 1757 01a1 6C6F6E67 		.ascii	"long long int\000"
ARM GAS  C:\Users\mgnocco\AppData\Local\Temp\cchN7Q55.s 			page 33


 1757      206C6F6E 
 1757      6720696E 
 1757      7400
 1758              	.LASF2:
 1759 01af 73686F72 		.ascii	"short int\000"
 1759      7420696E 
 1759      7400
 1760              	.LASF4:
 1761 01b9 6C6F6E67 		.ascii	"long int\000"
 1761      20696E74 
 1761      00
 1762              	.LASF0:
 1763 01c2 7369676E 		.ascii	"signed char\000"
 1763      65642063 
 1763      68617200 
 1764              	.LASF18:
 1765 01ce 47656E65 		.ascii	"Generated_Source\\PSoC5\\cymetadata.c\000"
 1765      72617465 
 1765      645F536F 
 1765      75726365 
 1765      5C50536F 
 1766              		.ident	"GCC: (GNU Tools for ARM Embedded Processors) 5.4.1 20160609 (release) [ARM/embedded-5-bran
