--------------- Rebuild Started: 11/07/2023 12:25:18 Project: Design02, Configuration: ARM GCC 5.4-2016-q2-update Release ---------------
Deleting file ".\CortexM3\ARM_GCC_541\Release\main.o"
Deleting file ".\CortexM3\ARM_GCC_541\Release\source01.o"
Deleting file ".\CortexM3\ARM_GCC_541\Release\interrupts.o"
Deleting file ".\CortexM3\ARM_GCC_541\Release\cyfitter_cfg.o"
Deleting file ".\CortexM3\ARM_GCC_541\Release\cymetadata.o"
Deleting file ".\CortexM3\ARM_GCC_541\Release\SCLK.o"
Deleting file ".\CortexM3\ARM_GCC_541\Release\SPI_IMU.o"
Deleting file ".\CortexM3\ARM_GCC_541\Release\SPI_IMU_PM.o"
Deleting file ".\CortexM3\ARM_GCC_541\Release\SPI_IMU_INT.o"
Deleting file ".\CortexM3\ARM_GCC_541\Release\ChipSelect.o"
Deleting file ".\CortexM3\ARM_GCC_541\Release\CLOCK_PWM.o"
Deleting file ".\CortexM3\ARM_GCC_541\Release\Cm3Start.o"
Deleting file ".\CortexM3\ARM_GCC_541\Release\CyBootAsmGnu.o"
Deleting file ".\CortexM3\ARM_GCC_541\Release\CyDmac.o"
Deleting file ".\CortexM3\ARM_GCC_541\Release\CyFlash.o"
Deleting file ".\CortexM3\ARM_GCC_541\Release\CyLib.o"
Deleting file ".\CortexM3\ARM_GCC_541\Release\cyPm.o"
Deleting file ".\CortexM3\ARM_GCC_541\Release\CySpc.o"
Deleting file ".\CortexM3\ARM_GCC_541\Release\cyutils.o"
Deleting file ".\CortexM3\ARM_GCC_541\Release\cy_em_eeprom.o"
Deleting file ".\CortexM3\ARM_GCC_541\Release\UART.o"
Deleting file ".\CortexM3\ARM_GCC_541\Release\UART_PM.o"
Deleting file ".\CortexM3\ARM_GCC_541\Release\UART_INT.o"
Deleting file ".\CortexM3\ARM_GCC_541\Release\UART_BOOT.o"
Deleting file ".\CortexM3\ARM_GCC_541\Release\UART_IntClock.o"
Deleting file ".\CortexM3\ARM_GCC_541\Release\MOSI_SDA.o"
Deleting file ".\CortexM3\ARM_GCC_541\Release\MISO_SDO.o"
Deleting file ".\CortexM3\ARM_GCC_541\Release\isr_Acc.o"
Deleting file ".\CortexM3\ARM_GCC_541\Release\LED.o"
Deleting file ".\CortexM3\ARM_GCC_541\Release\Acc.o"
Deleting file ".\CortexM3\ARM_GCC_541\Release\Design02.hex"
Deleting file ".\CortexM3\ARM_GCC_541\Release\Design02.elf"
Deleting file ".\CortexM3\ARM_GCC_541\Release\Design02.map"
Deleting file ".\Design02.cycdx"
Deleting file ".\Design02.svd"
Deleting file ".\Design02.rpt"
Deleting file ".\Design02_timing.html"
Deleting file ".\CortexM3\ARM_GCC_541\Release\.deps\SOURCE_C__ARM_GCC_GENERIC.P"
Deleting file ".\CortexM3\ARM_GCC_541\Release\.deps\SOURCE_ASM__ARM_GCC_GENERIC.P"
cydsfit.exe -.appdatapath "C:\Users\mgnocco\AppData\Local\Cypress Semiconductor\PSoC Creator\4.4" -.fdsnotice -.fdswarpdepfile=warp_dependencies.txt -.fdselabdepfile=elab_dependencies.txt -.fdsbldfile=generated_files.txt -.fdsreffile=referenced_files.txt -p "C:\Users\mgnocco\Documents\Git\PSoC5\PSoC5_FW_IMU_LSM6DSRX_LIS2MDL\LSM6DSRX +lis2mdl_funziona -NONTOCCARE\Design02.cydsn\Design02.cyprj" -d CY8C5888LTI-LP097 -s "C:\Users\mgnocco\Documents\Git\PSoC5\PSoC5_FW_IMU_LSM6DSRX_LIS2MDL\LSM6DSRX +lis2mdl_funziona -NONTOCCARE\Design02.cydsn\Generated_Source\PSoC5" -- -yv2 -q10 -ygs -o2 -v3 -.fftcfgtype=LE
Elaborating Design...
HDL Generation...
Synthesis...
Tech Mapping...
Analog Placement...
Analog Routing...
Analog Code Generation...
Digital Placement...
Digital Routing...
Bitstream Generation...
Bitstream Verification...
Static timing analysis...
API Generation...
Dependency Generation...
Cleanup...
arm-none-eabi-gcc.exe -mcpu=cortex-m3 -mthumb -I. -IGenerated_Source\PSoC5 -Wa,-alh=.\CortexM3\ARM_GCC_541\Release/main.lst -g -D NDEBUG -D CY_CORE_ID=0 -Wall -ffunction-sections -ffat-lto-objects -Os -c main.c -o .\CortexM3\ARM_GCC_541\Release\main.o
arm-none-eabi-gcc.exe -mcpu=cortex-m3 -mthumb -I. -IGenerated_Source\PSoC5 -Wa,-alh=.\CortexM3\ARM_GCC_541\Release/source01.lst -g -D NDEBUG -D CY_CORE_ID=0 -Wall -ffunction-sections -ffat-lto-objects -Os -c source01.c -o .\CortexM3\ARM_GCC_541\Release\source01.o
arm-none-eabi-gcc.exe -mcpu=cortex-m3 -mthumb -I. -IGenerated_Source\PSoC5 -Wa,-alh=.\CortexM3\ARM_GCC_541\Release/interrupts.lst -g -D NDEBUG -D CY_CORE_ID=0 -Wall -ffunction-sections -ffat-lto-objects -Os -c interrupts.c -o .\CortexM3\ARM_GCC_541\Release\interrupts.o
arm-none-eabi-gcc.exe -mcpu=cortex-m3 -mthumb -I. -IGenerated_Source\PSoC5 -Wa,-alh=.\CortexM3\ARM_GCC_541\Release/cyfitter_cfg.lst -g -D NDEBUG -D CY_CORE_ID=0 -Wall -ffunction-sections -ffat-lto-objects -Os -c Generated_Source\PSoC5\cyfitter_cfg.c -o .\CortexM3\ARM_GCC_541\Release\cyfitter_cfg.o
arm-none-eabi-gcc.exe -mcpu=cortex-m3 -mthumb -I. -IGenerated_Source\PSoC5 -Wa,-alh=.\CortexM3\ARM_GCC_541\Release/cymetadata.lst -g -D NDEBUG -D CY_CORE_ID=0 -Wall -ffunction-sections -ffat-lto-objects -Os -c Generated_Source\PSoC5\cymetadata.c -o .\CortexM3\ARM_GCC_541\Release\cymetadata.o
arm-none-eabi-gcc.exe -mcpu=cortex-m3 -mthumb -I. -IGenerated_Source\PSoC5 -Wa,-alh=.\CortexM3\ARM_GCC_541\Release/SCLK.lst -g -D NDEBUG -D CY_CORE_ID=0 -Wall -ffunction-sections -ffat-lto-objects -Os -c Generated_Source\PSoC5\SCLK.c -o .\CortexM3\ARM_GCC_541\Release\SCLK.o
arm-none-eabi-gcc.exe -mcpu=cortex-m3 -mthumb -I. -IGenerated_Source\PSoC5 -Wa,-alh=.\CortexM3\ARM_GCC_541\Release/SPI_IMU.lst -g -D NDEBUG -D CY_CORE_ID=0 -Wall -ffunction-sections -ffat-lto-objects -Os -c Generated_Source\PSoC5\SPI_IMU.c -o .\CortexM3\ARM_GCC_541\Release\SPI_IMU.o
arm-none-eabi-gcc.exe -mcpu=cortex-m3 -mthumb -I. -IGenerated_Source\PSoC5 -Wa,-alh=.\CortexM3\ARM_GCC_541\Release/SPI_IMU_PM.lst -g -D NDEBUG -D CY_CORE_ID=0 -Wall -ffunction-sections -ffat-lto-objects -Os -c Generated_Source\PSoC5\SPI_IMU_PM.c -o .\CortexM3\ARM_GCC_541\Release\SPI_IMU_PM.o
arm-none-eabi-gcc.exe -mcpu=cortex-m3 -mthumb -I. -IGenerated_Source\PSoC5 -Wa,-alh=.\CortexM3\ARM_GCC_541\Release/SPI_IMU_INT.lst -g -D NDEBUG -D CY_CORE_ID=0 -Wall -ffunction-sections -ffat-lto-objects -Os -c Generated_Source\PSoC5\SPI_IMU_INT.c -o .\CortexM3\ARM_GCC_541\Release\SPI_IMU_INT.o
arm-none-eabi-gcc.exe -mcpu=cortex-m3 -mthumb -I. -IGenerated_Source\PSoC5 -Wa,-alh=.\CortexM3\ARM_GCC_541\Release/ChipSelect.lst -g -D NDEBUG -D CY_CORE_ID=0 -Wall -ffunction-sections -ffat-lto-objects -Os -c Generated_Source\PSoC5\ChipSelect.c -o .\CortexM3\ARM_GCC_541\Release\ChipSelect.o
arm-none-eabi-gcc.exe -mcpu=cortex-m3 -mthumb -I. -IGenerated_Source\PSoC5 -Wa,-alh=.\CortexM3\ARM_GCC_541\Release/CLOCK_PWM.lst -g -D NDEBUG -D CY_CORE_ID=0 -Wall -ffunction-sections -ffat-lto-objects -Os -c Generated_Source\PSoC5\CLOCK_PWM.c -o .\CortexM3\ARM_GCC_541\Release\CLOCK_PWM.o
arm-none-eabi-gcc.exe -mcpu=cortex-m3 -mthumb -I. -IGenerated_Source\PSoC5 -Wa,-alh=.\CortexM3\ARM_GCC_541\Release/Cm3Start.lst -g -D NDEBUG -D CY_CORE_ID=0 -Wall -ffunction-sections -ffat-lto-objects -Os -c Generated_Source\PSoC5\Cm3Start.c -o .\CortexM3\ARM_GCC_541\Release\Cm3Start.o
arm-none-eabi-gcc.exe -mcpu=cortex-m3 -mthumb -I. -IGenerated_Source\PSoC5 -Wa,-alh=.\CortexM3\ARM_GCC_541\Release/CyDmac.lst -g -D NDEBUG -D CY_CORE_ID=0 -Wall -ffunction-sections -ffat-lto-objects -Os -c Generated_Source\PSoC5\CyDmac.c -o .\CortexM3\ARM_GCC_541\Release\CyDmac.o
arm-none-eabi-gcc.exe -mcpu=cortex-m3 -mthumb -I. -IGenerated_Source\PSoC5 -Wa,-alh=.\CortexM3\ARM_GCC_541\Release/CyFlash.lst -g -D NDEBUG -D CY_CORE_ID=0 -Wall -ffunction-sections -ffat-lto-objects -Os -c Generated_Source\PSoC5\CyFlash.c -o .\CortexM3\ARM_GCC_541\Release\CyFlash.o
arm-none-eabi-gcc.exe -mcpu=cortex-m3 -mthumb -I. -IGenerated_Source\PSoC5 -Wa,-alh=.\CortexM3\ARM_GCC_541\Release/CyLib.lst -g -D NDEBUG -D CY_CORE_ID=0 -Wall -ffunction-sections -ffat-lto-objects -Os -c Generated_Source\PSoC5\CyLib.c -o .\CortexM3\ARM_GCC_541\Release\CyLib.o
arm-none-eabi-gcc.exe -mcpu=cortex-m3 -mthumb -I. -IGenerated_Source\PSoC5 -Wa,-alh=.\CortexM3\ARM_GCC_541\Release/cyPm.lst -g -D NDEBUG -D CY_CORE_ID=0 -Wall -ffunction-sections -ffat-lto-objects -Os -c Generated_Source\PSoC5\cyPm.c -o .\CortexM3\ARM_GCC_541\Release\cyPm.o
arm-none-eabi-gcc.exe -mcpu=cortex-m3 -mthumb -I. -IGenerated_Source\PSoC5 -Wa,-alh=.\CortexM3\ARM_GCC_541\Release/CySpc.lst -g -D NDEBUG -D CY_CORE_ID=0 -Wall -ffunction-sections -ffat-lto-objects -Os -c Generated_Source\PSoC5\CySpc.c -o .\CortexM3\ARM_GCC_541\Release\CySpc.o
arm-none-eabi-gcc.exe -mcpu=cortex-m3 -mthumb -I. -IGenerated_Source\PSoC5 -Wa,-alh=.\CortexM3\ARM_GCC_541\Release/cyutils.lst -g -D NDEBUG -D CY_CORE_ID=0 -Wall -ffunction-sections -ffat-lto-objects -Os -c Generated_Source\PSoC5\cyutils.c -o .\CortexM3\ARM_GCC_541\Release\cyutils.o
arm-none-eabi-gcc.exe -mcpu=cortex-m3 -mthumb -I. -IGenerated_Source\PSoC5 -Wa,-alh=.\CortexM3\ARM_GCC_541\Release/cy_em_eeprom.lst -g -D NDEBUG -D CY_CORE_ID=0 -Wall -ffunction-sections -ffat-lto-objects -Os -c Generated_Source\PSoC5\cy_em_eeprom.c -o .\CortexM3\ARM_GCC_541\Release\cy_em_eeprom.o
arm-none-eabi-gcc.exe -mcpu=cortex-m3 -mthumb -I. -IGenerated_Source\PSoC5 -Wa,-alh=.\CortexM3\ARM_GCC_541\Release/UART.lst -g -D NDEBUG -D CY_CORE_ID=0 -Wall -ffunction-sections -ffat-lto-objects -Os -c Generated_Source\PSoC5\UART.c -o .\CortexM3\ARM_GCC_541\Release\UART.o
arm-none-eabi-gcc.exe -mcpu=cortex-m3 -mthumb -I. -IGenerated_Source\PSoC5 -Wa,-alh=.\CortexM3\ARM_GCC_541\Release/UART_PM.lst -g -D NDEBUG -D CY_CORE_ID=0 -Wall -ffunction-sections -ffat-lto-objects -Os -c Generated_Source\PSoC5\UART_PM.c -o .\CortexM3\ARM_GCC_541\Release\UART_PM.o
arm-none-eabi-gcc.exe -mcpu=cortex-m3 -mthumb -I. -IGenerated_Source\PSoC5 -Wa,-alh=.\CortexM3\ARM_GCC_541\Release/UART_INT.lst -g -D NDEBUG -D CY_CORE_ID=0 -Wall -ffunction-sections -ffat-lto-objects -Os -c Generated_Source\PSoC5\UART_INT.c -o .\CortexM3\ARM_GCC_541\Release\UART_INT.o
arm-none-eabi-gcc.exe -mcpu=cortex-m3 -mthumb -I. -IGenerated_Source\PSoC5 -Wa,-alh=.\CortexM3\ARM_GCC_541\Release/UART_BOOT.lst -g -D NDEBUG -D CY_CORE_ID=0 -Wall -ffunction-sections -ffat-lto-objects -Os -c Generated_Source\PSoC5\UART_BOOT.c -o .\CortexM3\ARM_GCC_541\Release\UART_BOOT.o
arm-none-eabi-gcc.exe -mcpu=cortex-m3 -mthumb -I. -IGenerated_Source\PSoC5 -Wa,-alh=.\CortexM3\ARM_GCC_541\Release/UART_IntClock.lst -g -D NDEBUG -D CY_CORE_ID=0 -Wall -ffunction-sections -ffat-lto-objects -Os -c Generated_Source\PSoC5\UART_IntClock.c -o .\CortexM3\ARM_GCC_541\Release\UART_IntClock.o
arm-none-eabi-gcc.exe -mcpu=cortex-m3 -mthumb -I. -IGenerated_Source\PSoC5 -Wa,-alh=.\CortexM3\ARM_GCC_541\Release/MOSI_SDA.lst -g -D NDEBUG -D CY_CORE_ID=0 -Wall -ffunction-sections -ffat-lto-objects -Os -c Generated_Source\PSoC5\MOSI_SDA.c -o .\CortexM3\ARM_GCC_541\Release\MOSI_SDA.o
arm-none-eabi-gcc.exe -mcpu=cortex-m3 -mthumb -I. -IGenerated_Source\PSoC5 -Wa,-alh=.\CortexM3\ARM_GCC_541\Release/MISO_SDO.lst -g -D NDEBUG -D CY_CORE_ID=0 -Wall -ffunction-sections -ffat-lto-objects -Os -c Generated_Source\PSoC5\MISO_SDO.c -o .\CortexM3\ARM_GCC_541\Release\MISO_SDO.o
arm-none-eabi-gcc.exe -mcpu=cortex-m3 -mthumb -I. -IGenerated_Source\PSoC5 -Wa,-alh=.\CortexM3\ARM_GCC_541\Release/isr_Acc.lst -g -D NDEBUG -D CY_CORE_ID=0 -Wall -ffunction-sections -ffat-lto-objects -Os -c Generated_Source\PSoC5\isr_Acc.c -o .\CortexM3\ARM_GCC_541\Release\isr_Acc.o
arm-none-eabi-gcc.exe -mcpu=cortex-m3 -mthumb -I. -IGenerated_Source\PSoC5 -Wa,-alh=.\CortexM3\ARM_GCC_541\Release/LED.lst -g -D NDEBUG -D CY_CORE_ID=0 -Wall -ffunction-sections -ffat-lto-objects -Os -c Generated_Source\PSoC5\LED.c -o .\CortexM3\ARM_GCC_541\Release\LED.o
arm-none-eabi-gcc.exe -mcpu=cortex-m3 -mthumb -I. -IGenerated_Source\PSoC5 -Wa,-alh=.\CortexM3\ARM_GCC_541\Release/Acc.lst -g -D NDEBUG -D CY_CORE_ID=0 -Wall -ffunction-sections -ffat-lto-objects -Os -c Generated_Source\PSoC5\Acc.c -o .\CortexM3\ARM_GCC_541\Release\Acc.o
arm-none-eabi-as.exe -mcpu=cortex-m3 -mthumb -I. -IGenerated_Source\PSoC5 -alh=.\CortexM3\ARM_GCC_541\Release/CyBootAsmGnu.lst -g -W -o .\CortexM3\ARM_GCC_541\Release\CyBootAsmGnu.o Generated_Source\PSoC5\CyBootAsmGnu.s
arm-none-eabi-ar.exe -rs .\CortexM3\ARM_GCC_541\Release\Design02.a .\CortexM3\ARM_GCC_541\Release\SCLK.o .\CortexM3\ARM_GCC_541\Release\SPI_IMU.o .\CortexM3\ARM_GCC_541\Release\SPI_IMU_PM.o .\CortexM3\ARM_GCC_541\Release\SPI_IMU_INT.o .\CortexM3\ARM_GCC_541\Release\ChipSelect.o .\CortexM3\ARM_GCC_541\Release\CLOCK_PWM.o .\CortexM3\ARM_GCC_541\Release\CyDmac.o .\CortexM3\ARM_GCC_541\Release\CyFlash.o .\CortexM3\ARM_GCC_541\Release\CyLib.o .\CortexM3\ARM_GCC_541\Release\cyPm.o .\CortexM3\ARM_GCC_541\Release\CySpc.o .\CortexM3\ARM_GCC_541\Release\cyutils.o .\CortexM3\ARM_GCC_541\Release\cy_em_eeprom.o .\CortexM3\ARM_GCC_541\Release\UART.o .\CortexM3\ARM_GCC_541\Release\UART_PM.o .\CortexM3\ARM_GCC_541\Release\UART_INT.o .\CortexM3\ARM_GCC_541\Release\UART_BOOT.o .\CortexM3\ARM_GCC_541\Release\UART_IntClock.o .\CortexM3\ARM_GCC_541\Release\MOSI_SDA.o .\CortexM3\ARM_GCC_541\Release\MISO_SDO.o .\CortexM3\ARM_GCC_541\Release\isr_Acc.o .\CortexM3\ARM_GCC_541\Release\LED.o .\CortexM3\ARM_GCC_541\Release\Acc.o .\CortexM3\ARM_GCC_541\Release\CyBootAsmGnu.o
arm-none-eabi-ar.exe: creating .\CortexM3\ARM_GCC_541\Release\Design02.a
arm-none-eabi-gcc.exe -Wl,--start-group -o "C:\Users\mgnocco\Documents\Git\PSoC5\PSoC5_FW_IMU_LSM6DSRX_LIS2MDL\LSM6DSRX +lis2mdl_funziona -NONTOCCARE\Design02.cydsn\CortexM3\ARM_GCC_541\Release\Design02.elf" .\CortexM3\ARM_GCC_541\Release\main.o .\CortexM3\ARM_GCC_541\Release\source01.o .\CortexM3\ARM_GCC_541\Release\interrupts.o .\CortexM3\ARM_GCC_541\Release\cyfitter_cfg.o .\CortexM3\ARM_GCC_541\Release\cymetadata.o .\CortexM3\ARM_GCC_541\Release\Cm3Start.o .\CortexM3\ARM_GCC_541\Release\Design02.a "C:\Program Files (x86)\Cypress\PSoC Creator\4.4\PSoC Creator\psoc\content\cycomponentlibrary\CyComponentLibrary.cylib\CortexM3\ARM_GCC_541\Release\CyComponentLibrary.a" -mcpu=cortex-m3 -mthumb -L Generated_Source\PSoC5 -Wl,-Map,.\CortexM3\ARM_GCC_541\Release/Design02.map -T Generated_Source\PSoC5\cm3gcc.ld -specs=nano.specs -Wl,--gc-sections -g -ffunction-sections -Os -ffat-lto-objects -Wl,--end-group
cyelftool.exe -C "C:\Users\mgnocco\Documents\Git\PSoC5\PSoC5_FW_IMU_LSM6DSRX_LIS2MDL\LSM6DSRX +lis2mdl_funziona -NONTOCCARE\Design02.cydsn\CortexM3\ARM_GCC_541\Release\Design02.elf" --flash_row_size 256 --flash_size 262144 --flash_offset 0x00000000
No ELF section .cychecksum found, creating one
Application checksum calculated and stored in ELF section .cychecksum
Checksum calculated and stored in ELF section .cymeta
cyelftool.exe -S "C:\Users\mgnocco\Documents\Git\PSoC5\PSoC5_FW_IMU_LSM6DSRX_LIS2MDL\LSM6DSRX +lis2mdl_funziona -NONTOCCARE\Design02.cydsn\CortexM3\ARM_GCC_541\Release\Design02.elf"
Flash used: 2336 of 262144 bytes (0,9%).
SRAM used: 2793 of 65536 bytes (4,3%). Stack: 2048 bytes. Heap: 128 bytes.
--------------- Rebuild Succeeded: 11/07/2023 12:25:42 ---------------
