ARM GAS  C:\Users\mgnocco\AppData\Local\Temp\cc61L3gn.s 			page 1


   1              		.syntax unified
   2              		.cpu cortex-m3
   3              		.fpu softvfp
   4              		.eabi_attribute 20, 1
   5              		.eabi_attribute 21, 1
   6              		.eabi_attribute 23, 3
   7              		.eabi_attribute 24, 1
   8              		.eabi_attribute 25, 1
   9              		.eabi_attribute 26, 1
  10              		.eabi_attribute 30, 1
  11              		.eabi_attribute 34, 1
  12              		.eabi_attribute 18, 4
  13              		.thumb
  14              		.syntax unified
  15              		.file	"cymetadata.c"
  16              		.text
  17              	.Ltext0:
  18              		.cfi_sections	.debug_frame
  19              		.global	cy_metadata
  20              		.global	cy_meta_flashprotect
  21              		.global	cy_meta_wonvl
  22              		.global	cy_meta_custnvl
  23              		.global	cy_meta_configecc
  24              		.section	.cyconfigecc,"a",%progbits
  25              		.align	2
  26              		.type	cy_meta_configecc, %object
  27              		.size	cy_meta_configecc, 1600
  28              	cy_meta_configecc:
  29 0000 02       		.byte	2
  30 0001 4F       		.byte	79
  31 0002 00       		.byte	0
  32 0003 40       		.byte	64
  33 0004 04       		.byte	4
  34 0005 52       		.byte	82
  35 0006 00       		.byte	0
  36 0007 40       		.byte	64
  37 0008 02       		.byte	2
  38 0009 64       		.byte	100
  39 000a 00       		.byte	0
  40 000b 40       		.byte	64
  41 000c 02       		.byte	2
  42 000d 65       		.byte	101
  43 000e 00       		.byte	0
  44 000f 40       		.byte	64
  45 0010 2B       		.byte	43
  46 0011 04       		.byte	4
  47 0012 01       		.byte	1
  48 0013 40       		.byte	64
  49 0014 3D       		.byte	61
  50 0015 05       		.byte	5
  51 0016 01       		.byte	1
  52 0017 40       		.byte	64
  53 0018 13       		.byte	19
  54 0019 07       		.byte	7
  55 001a 01       		.byte	1
  56 001b 40       		.byte	64
  57 001c 3E       		.byte	62
ARM GAS  C:\Users\mgnocco\AppData\Local\Temp\cc61L3gn.s 			page 2


  58 001d 08       		.byte	8
  59 001e 01       		.byte	1
  60 001f 40       		.byte	64
  61 0020 38       		.byte	56
  62 0021 09       		.byte	9
  63 0022 01       		.byte	1
  64 0023 40       		.byte	64
  65 0024 01       		.byte	1
  66 0025 0B       		.byte	11
  67 0026 01       		.byte	1
  68 0027 40       		.byte	64
  69 0028 05       		.byte	5
  70 0029 15       		.byte	21
  71 002a 01       		.byte	1
  72 002b 40       		.byte	64
  73 002c 0A       		.byte	10
  74 002d 17       		.byte	23
  75 002e 01       		.byte	1
  76 002f 40       		.byte	64
  77 0030 67       		.byte	103
  78 0031 18       		.byte	24
  79 0032 01       		.byte	1
  80 0033 40       		.byte	64
  81 0034 4A       		.byte	74
  82 0035 19       		.byte	25
  83 0036 01       		.byte	1
  84 0037 40       		.byte	64
  85 0038 50       		.byte	80
  86 0039 1A       		.byte	26
  87 003a 01       		.byte	1
  88 003b 40       		.byte	64
  89 003c 50       		.byte	80
  90 003d 1B       		.byte	27
  91 003e 01       		.byte	1
  92 003f 40       		.byte	64
  93 0040 03       		.byte	3
  94 0041 40       		.byte	64
  95 0042 01       		.byte	1
  96 0043 40       		.byte	64
  97 0044 04       		.byte	4
  98 0045 41       		.byte	65
  99 0046 01       		.byte	1
 100 0047 40       		.byte	64
 101 0048 06       		.byte	6
 102 0049 42       		.byte	66
 103 004a 01       		.byte	1
 104 004b 40       		.byte	64
 105 004c 08       		.byte	8
 106 004d 43       		.byte	67
 107 004e 01       		.byte	1
 108 004f 40       		.byte	64
 109 0050 04       		.byte	4
 110 0051 45       		.byte	69
 111 0052 01       		.byte	1
 112 0053 40       		.byte	64
 113 0054 05       		.byte	5
 114 0055 46       		.byte	70
ARM GAS  C:\Users\mgnocco\AppData\Local\Temp\cc61L3gn.s 			page 3


 115 0056 01       		.byte	1
 116 0057 40       		.byte	64
 117 0058 02       		.byte	2
 118 0059 48       		.byte	72
 119 005a 01       		.byte	1
 120 005b 40       		.byte	64
 121 005c 08       		.byte	8
 122 005d 49       		.byte	73
 123 005e 01       		.byte	1
 124 005f 40       		.byte	64
 125 0060 01       		.byte	1
 126 0061 4C       		.byte	76
 127 0062 01       		.byte	1
 128 0063 40       		.byte	64
 129 0064 07       		.byte	7
 130 0065 4D       		.byte	77
 131 0066 01       		.byte	1
 132 0067 40       		.byte	64
 133 0068 05       		.byte	5
 134 0069 50       		.byte	80
 135 006a 01       		.byte	1
 136 006b 40       		.byte	64
 137 006c 01       		.byte	1
 138 006d 51       		.byte	81
 139 006e 01       		.byte	1
 140 006f 40       		.byte	64
 141 0070 01       		.byte	1
 142 0071 10       		.byte	16
 143 0072 0A       		.byte	10
 144 0073 4B       		.byte	75
 145 0074 00       		.byte	0
 146 0075 80       		.byte	-128
 147 0076 10       		.byte	16
 148 0077 10       		.byte	16
 149 0078 61       		.byte	97
 150 0079 80       		.byte	-128
 151 007a 64       		.byte	100
 152 007b 40       		.byte	64
 153 007c 88       		.byte	-120
 154 007d 0F       		.byte	15
 155 007e 89       		.byte	-119
 156 007f 72       		.byte	114
 157 0080 8A       		.byte	-118
 158 0081 38       		.byte	56
 159 0082 8B       		.byte	-117
 160 0083 0F       		.byte	15
 161 0084 00       		.byte	0
 162 0085 10       		.byte	16
 163 0086 01       		.byte	1
 164 0087 D9       		.byte	-39
 165 0088 08       		.byte	8
 166 0089 02       		.byte	2
 167 008a 09       		.byte	9
 168 008b 08       		.byte	8
 169 008c 0A       		.byte	10
 170 008d 1D       		.byte	29
 171 008e 0B       		.byte	11
ARM GAS  C:\Users\mgnocco\AppData\Local\Temp\cc61L3gn.s 			page 4


 172 008f 04       		.byte	4
 173 0090 0D       		.byte	13
 174 0091 D1       		.byte	-47
 175 0092 0E       		.byte	14
 176 0093 10       		.byte	16
 177 0094 0F       		.byte	15
 178 0095 08       		.byte	8
 179 0096 10       		.byte	16
 180 0097 23       		.byte	35
 181 0098 11       		.byte	17
 182 0099 20       		.byte	32
 183 009a 12       		.byte	18
 184 009b 0C       		.byte	12
 185 009c 13       		.byte	19
 186 009d D0       		.byte	-48
 187 009e 14       		.byte	20
 188 009f 03       		.byte	3
 189 00a0 15       		.byte	21
 190 00a1 24       		.byte	36
 191 00a2 16       		.byte	22
 192 00a3 34       		.byte	52
 193 00a4 17       		.byte	23
 194 00a5 49       		.byte	73
 195 00a6 19       		.byte	25
 196 00a7 2E       		.byte	46
 197 00a8 1B       		.byte	27
 198 00a9 81       		.byte	-127
 199 00aa 1D       		.byte	29
 200 00ab D9       		.byte	-39
 201 00ac 20       		.byte	32
 202 00ad 10       		.byte	16
 203 00ae 21       		.byte	33
 204 00af D8       		.byte	-40
 205 00b0 23       		.byte	35
 206 00b1 01       		.byte	1
 207 00b2 24       		.byte	36
 208 00b3 21       		.byte	33
 209 00b4 25       		.byte	37
 210 00b5 D9       		.byte	-39
 211 00b6 26       		.byte	38
 212 00b7 1A       		.byte	26
 213 00b8 28       		.byte	40
 214 00b9 10       		.byte	16
 215 00ba 29       		.byte	41
 216 00bb 11       		.byte	17
 217 00bc 2B       		.byte	43
 218 00bd 22       		.byte	34
 219 00be 2C       		.byte	44
 220 00bf 10       		.byte	16
 221 00c0 31       		.byte	49
 222 00c1 F0       		.byte	-16
 223 00c2 32       		.byte	50
 224 00c3 1F       		.byte	31
 225 00c4 34       		.byte	52
 226 00c5 20       		.byte	32
 227 00c6 35       		.byte	53
 228 00c7 0F       		.byte	15
ARM GAS  C:\Users\mgnocco\AppData\Local\Temp\cc61L3gn.s 			page 5


 229 00c8 38       		.byte	56
 230 00c9 20       		.byte	32
 231 00ca 39       		.byte	57
 232 00cb 80       		.byte	-128
 233 00cc 3A       		.byte	58
 234 00cd 08       		.byte	8
 235 00ce 3B       		.byte	59
 236 00cf 32       		.byte	50
 237 00d0 3F       		.byte	63
 238 00d1 40       		.byte	64
 239 00d2 58       		.byte	88
 240 00d3 04       		.byte	4
 241 00d4 59       		.byte	89
 242 00d5 04       		.byte	4
 243 00d6 5B       		.byte	91
 244 00d7 04       		.byte	4
 245 00d8 5F       		.byte	95
 246 00d9 01       		.byte	1
 247 00da 00       		.byte	0
 248 00db 10       		.byte	16
 249 00dc 03       		.byte	3
 250 00dd 41       		.byte	65
 251 00de 04       		.byte	4
 252 00df 80       		.byte	-128
 253 00e0 06       		.byte	6
 254 00e1 0C       		.byte	12
 255 00e2 07       		.byte	7
 256 00e3 42       		.byte	66
 257 00e4 0A       		.byte	10
 258 00e5 10       		.byte	16
 259 00e6 0B       		.byte	11
 260 00e7 40       		.byte	64
 261 00e8 0E       		.byte	14
 262 00e9 20       		.byte	32
 263 00ea 0F       		.byte	15
 264 00eb 41       		.byte	65
 265 00ec 12       		.byte	18
 266 00ed 25       		.byte	37
 267 00ee 13       		.byte	19
 268 00ef 02       		.byte	2
 269 00f0 14       		.byte	20
 270 00f1 40       		.byte	64
 271 00f2 15       		.byte	21
 272 00f3 20       		.byte	32
 273 00f4 16       		.byte	22
 274 00f5 11       		.byte	17
 275 00f6 17       		.byte	23
 276 00f7 01       		.byte	1
 277 00f8 18       		.byte	24
 278 00f9 10       		.byte	16
 279 00fa 1B       		.byte	27
 280 00fb 20       		.byte	32
 281 00fc 1C       		.byte	28
 282 00fd 40       		.byte	64
 283 00fe 1D       		.byte	29
 284 00ff 04       		.byte	4
 285 0100 1E       		.byte	30
ARM GAS  C:\Users\mgnocco\AppData\Local\Temp\cc61L3gn.s 			page 6


 286 0101 30       		.byte	48
 287 0102 1F       		.byte	31
 288 0103 10       		.byte	16
 289 0104 20       		.byte	32
 290 0105 02       		.byte	2
 291 0106 21       		.byte	33
 292 0107 10       		.byte	16
 293 0108 22       		.byte	34
 294 0109 21       		.byte	33
 295 010a 25       		.byte	37
 296 010b 50       		.byte	80
 297 010c 28       		.byte	40
 298 010d 48       		.byte	72
 299 010e 2A       		.byte	42
 300 010f 08       		.byte	8
 301 0110 2F       		.byte	47
 302 0111 08       		.byte	8
 303 0112 31       		.byte	49
 304 0113 04       		.byte	4
 305 0114 32       		.byte	50
 306 0115 21       		.byte	33
 307 0116 33       		.byte	51
 308 0117 40       		.byte	64
 309 0118 34       		.byte	52
 310 0119 08       		.byte	8
 311 011a 36       		.byte	54
 312 011b 20       		.byte	32
 313 011c 38       		.byte	56
 314 011d 80       		.byte	-128
 315 011e 3A       		.byte	58
 316 011f 11       		.byte	17
 317 0120 3D       		.byte	61
 318 0121 A0       		.byte	-96
 319 0122 3E       		.byte	62
 320 0123 02       		.byte	2
 321 0124 44       		.byte	68
 322 0125 04       		.byte	4
 323 0126 46       		.byte	70
 324 0127 82       		.byte	-126
 325 0128 47       		.byte	71
 326 0129 08       		.byte	8
 327 012a 4F       		.byte	79
 328 012b 45       		.byte	69
 329 012c 56       		.byte	86
 330 012d 10       		.byte	16
 331 012e 57       		.byte	87
 332 012f 09       		.byte	9
 333 0130 5C       		.byte	92
 334 0131 40       		.byte	64
 335 0132 5F       		.byte	95
 336 0133 40       		.byte	64
 337 0134 67       		.byte	103
 338 0135 25       		.byte	37
 339 0136 69       		.byte	105
 340 0137 40       		.byte	64
 341 0138 87       		.byte	-121
 342 0139 20       		.byte	32
ARM GAS  C:\Users\mgnocco\AppData\Local\Temp\cc61L3gn.s 			page 7


 343 013a 88       		.byte	-120
 344 013b 01       		.byte	1
 345 013c 8D       		.byte	-115
 346 013d 10       		.byte	16
 347 013e C0       		.byte	-64
 348 013f DB       		.byte	-37
 349 0140 C2       		.byte	-62
 350 0141 BC       		.byte	-68
 351 0142 C4       		.byte	-60
 352 0143 FF       		.byte	-1
 353 0144 CA       		.byte	-54
 354 0145 27       		.byte	39
 355 0146 CC       		.byte	-52
 356 0147 6F       		.byte	111
 357 0148 CE       		.byte	-50
 358 0149 BD       		.byte	-67
 359 014a D0       		.byte	-48
 360 014b F0       		.byte	-16
 361 014c D2       		.byte	-46
 362 014d 10       		.byte	16
 363 014e D8       		.byte	-40
 364 014f 70       		.byte	112
 365 0150 E2       		.byte	-30
 366 0151 80       		.byte	-128
 367 0152 E4       		.byte	-28
 368 0153 08       		.byte	8
 369 0154 80       		.byte	-128
 370 0155 40       		.byte	64
 371 0156 82       		.byte	-126
 372 0157 01       		.byte	1
 373 0158 87       		.byte	-121
 374 0159 01       		.byte	1
 375 015a 94       		.byte	-108
 376 015b 80       		.byte	-128
 377 015c 9A       		.byte	-102
 378 015d 10       		.byte	16
 379 015e 9C       		.byte	-100
 380 015f 04       		.byte	4
 381 0160 9E       		.byte	-98
 382 0161 01       		.byte	1
 383 0162 9F       		.byte	-97
 384 0163 49       		.byte	73
 385 0164 A3       		.byte	-93
 386 0165 01       		.byte	1
 387 0166 A9       		.byte	-87
 388 0167 40       		.byte	64
 389 0168 AA       		.byte	-86
 390 0169 08       		.byte	8
 391 016a AD       		.byte	-83
 392 016b 10       		.byte	16
 393 016c AE       		.byte	-82
 394 016d 92       		.byte	-110
 395 016e B1       		.byte	-79
 396 016f 40       		.byte	64
 397 0170 B4       		.byte	-76
 398 0171 58       		.byte	88
 399 0172 E2       		.byte	-30
ARM GAS  C:\Users\mgnocco\AppData\Local\Temp\cc61L3gn.s 			page 8


 400 0173 07       		.byte	7
 401 0174 E8       		.byte	-24
 402 0175 02       		.byte	2
 403 0176 EC       		.byte	-20
 404 0177 08       		.byte	8
 405 0178 EE       		.byte	-18
 406 0179 21       		.byte	33
 407 017a 05       		.byte	5
 408 017b 02       		.byte	2
 409 017c 07       		.byte	7
 410 017d 01       		.byte	1
 411 017e 0C       		.byte	12
 412 017f 01       		.byte	1
 413 0180 11       		.byte	17
 414 0181 02       		.byte	2
 415 0182 13       		.byte	19
 416 0183 01       		.byte	1
 417 0184 1C       		.byte	28
 418 0185 01       		.byte	1
 419 0186 1D       		.byte	29
 420 0187 03       		.byte	3
 421 0188 22       		.byte	34
 422 0189 01       		.byte	1
 423 018a 24       		.byte	36
 424 018b 01       		.byte	1
 425 018c 28       		.byte	40
 426 018d 01       		.byte	1
 427 018e 30       		.byte	48
 428 018f 01       		.byte	1
 429 0190 31       		.byte	49
 430 0191 01       		.byte	1
 431 0192 37       		.byte	55
 432 0193 02       		.byte	2
 433 0194 3E       		.byte	62
 434 0195 01       		.byte	1
 435 0196 3F       		.byte	63
 436 0197 41       		.byte	65
 437 0198 56       		.byte	86
 438 0199 02       		.byte	2
 439 019a 57       		.byte	87
 440 019b 28       		.byte	40
 441 019c 58       		.byte	88
 442 019d 04       		.byte	4
 443 019e 59       		.byte	89
 444 019f 04       		.byte	4
 445 01a0 5B       		.byte	91
 446 01a1 04       		.byte	4
 447 01a2 5F       		.byte	95
 448 01a3 01       		.byte	1
 449 01a4 84       		.byte	-124
 450 01a5 01       		.byte	1
 451 01a6 89       		.byte	-119
 452 01a7 04       		.byte	4
 453 01a8 8A       		.byte	-118
 454 01a9 04       		.byte	4
 455 01aa 8C       		.byte	-116
 456 01ab 1E       		.byte	30
ARM GAS  C:\Users\mgnocco\AppData\Local\Temp\cc61L3gn.s 			page 9


 457 01ac 8D       		.byte	-115
 458 01ad 0E       		.byte	14
 459 01ae 8F       		.byte	-113
 460 01af 01       		.byte	1
 461 01b0 90       		.byte	-112
 462 01b1 1A       		.byte	26
 463 01b2 92       		.byte	-110
 464 01b3 04       		.byte	4
 465 01b4 94       		.byte	-108
 466 01b5 18       		.byte	24
 467 01b6 95       		.byte	-107
 468 01b7 0C       		.byte	12
 469 01b8 98       		.byte	-104
 470 01b9 1A       		.byte	26
 471 01ba 9A       		.byte	-102
 472 01bb 04       		.byte	4
 473 01bc 9B       		.byte	-101
 474 01bd 02       		.byte	2
 475 01be 9C       		.byte	-100
 476 01bf 10       		.byte	16
 477 01c0 9D       		.byte	-99
 478 01c1 08       		.byte	8
 479 01c2 A0       		.byte	-96
 480 01c3 06       		.byte	6
 481 01c4 A1       		.byte	-95
 482 01c5 03       		.byte	3
 483 01c6 A2       		.byte	-94
 484 01c7 18       		.byte	24
 485 01c8 A3       		.byte	-93
 486 01c9 0C       		.byte	12
 487 01ca A4       		.byte	-92
 488 01cb 08       		.byte	8
 489 01cc A8       		.byte	-88
 490 01cd 01       		.byte	1
 491 01ce A9       		.byte	-87
 492 01cf 0C       		.byte	12
 493 01d0 AB       		.byte	-85
 494 01d1 03       		.byte	3
 495 01d2 AC       		.byte	-84
 496 01d3 01       		.byte	1
 497 01d4 AD       		.byte	-83
 498 01d5 0F       		.byte	15
 499 01d6 B0       		.byte	-80
 500 01d7 02       		.byte	2
 501 01d8 B2       		.byte	-78
 502 01d9 01       		.byte	1
 503 01da B3       		.byte	-77
 504 01db 0E       		.byte	14
 505 01dc B4       		.byte	-76
 506 01dd 1C       		.byte	28
 507 01de B7       		.byte	-73
 508 01df 01       		.byte	1
 509 01e0 B9       		.byte	-71
 510 01e1 80       		.byte	-128
 511 01e2 BA       		.byte	-70
 512 01e3 20       		.byte	32
 513 01e4 BE       		.byte	-66
ARM GAS  C:\Users\mgnocco\AppData\Local\Temp\cc61L3gn.s 			page 10


 514 01e5 01       		.byte	1
 515 01e6 D6       		.byte	-42
 516 01e7 02       		.byte	2
 517 01e8 D7       		.byte	-41
 518 01e9 13       		.byte	19
 519 01ea D8       		.byte	-40
 520 01eb 04       		.byte	4
 521 01ec D9       		.byte	-39
 522 01ed 04       		.byte	4
 523 01ee DB       		.byte	-37
 524 01ef 04       		.byte	4
 525 01f0 DC       		.byte	-36
 526 01f1 22       		.byte	34
 527 01f2 DD       		.byte	-35
 528 01f3 20       		.byte	32
 529 01f4 DF       		.byte	-33
 530 01f5 01       		.byte	1
 531 01f6 01       		.byte	1
 532 01f7 84       		.byte	-124
 533 01f8 03       		.byte	3
 534 01f9 08       		.byte	8
 535 01fa 04       		.byte	4
 536 01fb 02       		.byte	2
 537 01fc 06       		.byte	6
 538 01fd 40       		.byte	64
 539 01fe 07       		.byte	7
 540 01ff 02       		.byte	2
 541 0200 09       		.byte	9
 542 0201 88       		.byte	-120
 543 0202 0A       		.byte	10
 544 0203 04       		.byte	4
 545 0204 0B       		.byte	11
 546 0205 40       		.byte	64
 547 0206 0E       		.byte	14
 548 0207 02       		.byte	2
 549 0208 10       		.byte	16
 550 0209 22       		.byte	34
 551 020a 11       		.byte	17
 552 020b 12       		.byte	18
 553 020c 17       		.byte	23
 554 020d 15       		.byte	21
 555 020e 19       		.byte	25
 556 020f 11       		.byte	17
 557 0210 1A       		.byte	26
 558 0211 34       		.byte	52
 559 0212 1B       		.byte	27
 560 0213 08       		.byte	8
 561 0214 1F       		.byte	31
 562 0215 02       		.byte	2
 563 0216 22       		.byte	34
 564 0217 48       		.byte	72
 565 0218 24       		.byte	36
 566 0219 42       		.byte	66
 567 021a 28       		.byte	40
 568 021b 80       		.byte	-128
 569 021c 29       		.byte	41
 570 021d 90       		.byte	-112
ARM GAS  C:\Users\mgnocco\AppData\Local\Temp\cc61L3gn.s 			page 11


 571 021e 30       		.byte	48
 572 021f 80       		.byte	-128
 573 0220 31       		.byte	49
 574 0221 08       		.byte	8
 575 0222 32       		.byte	50
 576 0223 10       		.byte	16
 577 0224 36       		.byte	54
 578 0225 82       		.byte	-126
 579 0226 38       		.byte	56
 580 0227 20       		.byte	32
 581 0228 3B       		.byte	59
 582 0229 40       		.byte	64
 583 022a 3F       		.byte	63
 584 022b 08       		.byte	8
 585 022c 59       		.byte	89
 586 022d 01       		.byte	1
 587 022e 66       		.byte	102
 588 022f 08       		.byte	8
 589 0230 68       		.byte	104
 590 0231 02       		.byte	2
 591 0232 69       		.byte	105
 592 0233 14       		.byte	20
 593 0234 6D       		.byte	109
 594 0235 80       		.byte	-128
 595 0236 6E       		.byte	110
 596 0237 02       		.byte	2
 597 0238 6F       		.byte	111
 598 0239 15       		.byte	21
 599 023a 70       		.byte	112
 600 023b B0       		.byte	-80
 601 023c 71       		.byte	113
 602 023d 88       		.byte	-120
 603 023e 77       		.byte	119
 604 023f 02       		.byte	2
 605 0240 83       		.byte	-125
 606 0241 14       		.byte	20
 607 0242 85       		.byte	-123
 608 0243 40       		.byte	64
 609 0244 9A       		.byte	-102
 610 0245 08       		.byte	8
 611 0246 A2       		.byte	-94
 612 0247 82       		.byte	-126
 613 0248 A3       		.byte	-93
 614 0249 04       		.byte	4
 615 024a A6       		.byte	-90
 616 024b 01       		.byte	1
 617 024c AA       		.byte	-86
 618 024d 01       		.byte	1
 619 024e AE       		.byte	-82
 620 024f 82       		.byte	-126
 621 0250 B6       		.byte	-74
 622 0251 08       		.byte	8
 623 0252 B7       		.byte	-73
 624 0253 04       		.byte	4
 625 0254 C0       		.byte	-64
 626 0255 87       		.byte	-121
 627 0256 C2       		.byte	-62
ARM GAS  C:\Users\mgnocco\AppData\Local\Temp\cc61L3gn.s 			page 12


 628 0257 8F       		.byte	-113
 629 0258 C4       		.byte	-60
 630 0259 7F       		.byte	127
 631 025a CA       		.byte	-54
 632 025b 0D       		.byte	13
 633 025c CC       		.byte	-52
 634 025d 9E       		.byte	-98
 635 025e CE       		.byte	-50
 636 025f 4C       		.byte	76
 637 0260 D6       		.byte	-42
 638 0261 01       		.byte	1
 639 0262 D8       		.byte	-40
 640 0263 40       		.byte	64
 641 0264 E8       		.byte	-24
 642 0265 50       		.byte	80
 643 0266 E4       		.byte	-28
 644 0267 18       		.byte	24
 645 0268 88       		.byte	-120
 646 0269 04       		.byte	4
 647 026a 9C       		.byte	-100
 648 026b 04       		.byte	4
 649 026c E2       		.byte	-30
 650 026d 10       		.byte	16
 651 026e E4       		.byte	-28
 652 026f 80       		.byte	-128
 653 0270 E6       		.byte	-26
 654 0271 08       		.byte	8
 655 0272 86       		.byte	-122
 656 0273 10       		.byte	16
 657 0274 87       		.byte	-121
 658 0275 01       		.byte	1
 659 0276 9A       		.byte	-102
 660 0277 10       		.byte	16
 661 0278 9C       		.byte	-100
 662 0279 04       		.byte	4
 663 027a A3       		.byte	-93
 664 027b 01       		.byte	1
 665 027c AB       		.byte	-85
 666 027d 40       		.byte	64
 667 027e B7       		.byte	-73
 668 027f 08       		.byte	8
 669 0280 E0       		.byte	-32
 670 0281 02       		.byte	2
 671 0282 E4       		.byte	-28
 672 0283 08       		.byte	8
 673 0284 EE       		.byte	-18
 674 0285 01       		.byte	1
 675 0286 01       		.byte	1
 676 0287 20       		.byte	32
 677 0288 03       		.byte	3
 678 0289 03       		.byte	3
 679 028a 04       		.byte	4
 680 028b 5C       		.byte	92
 681 028c 05       		.byte	5
 682 028d 4C       		.byte	76
 683 028e 06       		.byte	6
 684 028f 02       		.byte	2
ARM GAS  C:\Users\mgnocco\AppData\Local\Temp\cc61L3gn.s 			page 13


 685 0290 07       		.byte	7
 686 0291 13       		.byte	19
 687 0292 08       		.byte	8
 688 0293 70       		.byte	112
 689 0294 0A       		.byte	10
 690 0295 0C       		.byte	12
 691 0296 0C       		.byte	12
 692 0297 14       		.byte	20
 693 0298 13       		.byte	19
 694 0299 4C       		.byte	76
 695 029a 14       		.byte	20
 696 029b 80       		.byte	-128
 697 029c 15       		.byte	21
 698 029d 11       		.byte	17
 699 029e 16       		.byte	22
 700 029f 03       		.byte	3
 701 02a0 17       		.byte	23
 702 02a1 0E       		.byte	14
 703 02a2 19       		.byte	25
 704 02a3 11       		.byte	17
 705 02a4 1B       		.byte	27
 706 02a5 46       		.byte	70
 707 02a6 1E       		.byte	30
 708 02a7 20       		.byte	32
 709 02a8 20       		.byte	32
 710 02a9 09       		.byte	9
 711 02aa 22       		.byte	34
 712 02ab 10       		.byte	16
 713 02ac 24       		.byte	36
 714 02ad 6C       		.byte	108
 715 02ae 26       		.byte	38
 716 02af 11       		.byte	17
 717 02b0 27       		.byte	39
 718 02b1 08       		.byte	8
 719 02b2 28       		.byte	40
 720 02b3 10       		.byte	16
 721 02b4 32       		.byte	50
 722 02b5 1F       		.byte	31
 723 02b6 33       		.byte	51
 724 02b7 0F       		.byte	15
 725 02b8 34       		.byte	52
 726 02b9 80       		.byte	-128
 727 02ba 35       		.byte	53
 728 02bb 4A       		.byte	74
 729 02bc 36       		.byte	54
 730 02bd 60       		.byte	96
 731 02be 37       		.byte	55
 732 02bf 30       		.byte	48
 733 02c0 38       		.byte	56
 734 02c1 80       		.byte	-128
 735 02c2 39       		.byte	57
 736 02c3 80       		.byte	-128
 737 02c4 3B       		.byte	59
 738 02c5 28       		.byte	40
 739 02c6 3E       		.byte	62
 740 02c7 50       		.byte	80
 741 02c8 40       		.byte	64
ARM GAS  C:\Users\mgnocco\AppData\Local\Temp\cc61L3gn.s 			page 14


 742 02c9 01       		.byte	1
 743 02ca 47       		.byte	71
 744 02cb 04       		.byte	4
 745 02cc 49       		.byte	73
 746 02cd FF       		.byte	-1
 747 02ce 4A       		.byte	74
 748 02cf 07       		.byte	7
 749 02d0 4B       		.byte	75
 750 02d1 FF       		.byte	-1
 751 02d2 4C       		.byte	76
 752 02d3 40       		.byte	64
 753 02d4 4D       		.byte	77
 754 02d5 20       		.byte	32
 755 02d6 4E       		.byte	78
 756 02d7 F0       		.byte	-16
 757 02d8 4F       		.byte	79
 758 02d9 05       		.byte	5
 759 02da 50       		.byte	80
 760 02db 08       		.byte	8
 761 02dc 54       		.byte	84
 762 02dd 09       		.byte	9
 763 02de 58       		.byte	88
 764 02df 04       		.byte	4
 765 02e0 59       		.byte	89
 766 02e1 04       		.byte	4
 767 02e2 5A       		.byte	90
 768 02e3 04       		.byte	4
 769 02e4 5B       		.byte	91
 770 02e5 04       		.byte	4
 771 02e6 5C       		.byte	92
 772 02e7 22       		.byte	34
 773 02e8 5D       		.byte	93
 774 02e9 02       		.byte	2
 775 02ea 5F       		.byte	95
 776 02eb 01       		.byte	1
 777 02ec 60       		.byte	96
 778 02ed 40       		.byte	64
 779 02ee 61       		.byte	97
 780 02ef A8       		.byte	-88
 781 02f0 62       		.byte	98
 782 02f1 40       		.byte	64
 783 02f2 63       		.byte	99
 784 02f3 20       		.byte	32
 785 02f4 81       		.byte	-127
 786 02f5 10       		.byte	16
 787 02f6 82       		.byte	-126
 788 02f7 01       		.byte	1
 789 02f8 83       		.byte	-125
 790 02f9 61       		.byte	97
 791 02fa 85       		.byte	-123
 792 02fb 7C       		.byte	124
 793 02fc 89       		.byte	-119
 794 02fd 7C       		.byte	124
 795 02fe 8A       		.byte	-118
 796 02ff 02       		.byte	2
 797 0300 92       		.byte	-110
 798 0301 01       		.byte	1
ARM GAS  C:\Users\mgnocco\AppData\Local\Temp\cc61L3gn.s 			page 15


 799 0302 95       		.byte	-107
 800 0303 48       		.byte	72
 801 0304 97       		.byte	-105
 802 0305 16       		.byte	22
 803 0306 A5       		.byte	-91
 804 0307 24       		.byte	36
 805 0308 A7       		.byte	-89
 806 0309 9A       		.byte	-102
 807 030a AA       		.byte	-86
 808 030b 02       		.byte	2
 809 030c B0       		.byte	-80
 810 030d 02       		.byte	2
 811 030e B1       		.byte	-79
 812 030f 70       		.byte	112
 813 0310 B3       		.byte	-77
 814 0311 0C       		.byte	12
 815 0312 B4       		.byte	-76
 816 0313 01       		.byte	1
 817 0314 B5       		.byte	-75
 818 0315 80       		.byte	-128
 819 0316 B7       		.byte	-73
 820 0317 03       		.byte	3
 821 0318 BE       		.byte	-66
 822 0319 11       		.byte	17
 823 031a BF       		.byte	-65
 824 031b 40       		.byte	64
 825 031c C0       		.byte	-64
 826 031d 43       		.byte	67
 827 031e C1       		.byte	-63
 828 031f 05       		.byte	5
 829 0320 C2       		.byte	-62
 830 0321 06       		.byte	6
 831 0322 C4       		.byte	-60
 832 0323 01       		.byte	1
 833 0324 C5       		.byte	-59
 834 0325 EC       		.byte	-20
 835 0326 C8       		.byte	-56
 836 0327 03       		.byte	3
 837 0328 C9       		.byte	-55
 838 0329 FF       		.byte	-1
 839 032a CA       		.byte	-54
 840 032b FF       		.byte	-1
 841 032c CB       		.byte	-53
 842 032d FF       		.byte	-1
 843 032e CC       		.byte	-52
 844 032f 62       		.byte	98
 845 0330 CD       		.byte	-51
 846 0331 A0       		.byte	-96
 847 0332 CE       		.byte	-50
 848 0333 F0       		.byte	-16
 849 0334 CF       		.byte	-49
 850 0335 41       		.byte	65
 851 0336 D0       		.byte	-48
 852 0337 0C       		.byte	12
 853 0338 D8       		.byte	-40
 854 0339 04       		.byte	4
 855 033a D9       		.byte	-39
ARM GAS  C:\Users\mgnocco\AppData\Local\Temp\cc61L3gn.s 			page 16


 856 033b 04       		.byte	4
 857 033c DA       		.byte	-38
 858 033d 04       		.byte	4
 859 033e DC       		.byte	-36
 860 033f 20       		.byte	32
 861 0340 DD       		.byte	-35
 862 0341 02       		.byte	2
 863 0342 DF       		.byte	-33
 864 0343 01       		.byte	1
 865 0344 E6       		.byte	-26
 866 0345 40       		.byte	64
 867 0346 E7       		.byte	-25
 868 0347 02       		.byte	2
 869 0348 E9       		.byte	-23
 870 0349 10       		.byte	16
 871 034a EA       		.byte	-22
 872 034b 30       		.byte	48
 873 034c EB       		.byte	-21
 874 034d 10       		.byte	16
 875 034e ED       		.byte	-19
 876 034f 10       		.byte	16
 877 0350 EE       		.byte	-18
 878 0351 10       		.byte	16
 879 0352 EF       		.byte	-17
 880 0353 12       		.byte	18
 881 0354 00       		.byte	0
 882 0355 20       		.byte	32
 883 0356 01       		.byte	1
 884 0357 02       		.byte	2
 885 0358 05       		.byte	5
 886 0359 10       		.byte	16
 887 035a 06       		.byte	6
 888 035b 01       		.byte	1
 889 035c 07       		.byte	7
 890 035d 10       		.byte	16
 891 035e 0A       		.byte	10
 892 035f 80       		.byte	-128
 893 0360 0E       		.byte	14
 894 0361 20       		.byte	32
 895 0362 0F       		.byte	15
 896 0363 01       		.byte	1
 897 0364 12       		.byte	18
 898 0365 08       		.byte	8
 899 0366 16       		.byte	22
 900 0367 04       		.byte	4
 901 0368 17       		.byte	23
 902 0369 06       		.byte	6
 903 036a 18       		.byte	24
 904 036b 04       		.byte	4
 905 036c 1B       		.byte	27
 906 036d 01       		.byte	1
 907 036e 1D       		.byte	29
 908 036f 80       		.byte	-128
 909 0370 1E       		.byte	30
 910 0371 20       		.byte	32
 911 0372 1F       		.byte	31
 912 0373 10       		.byte	16
ARM GAS  C:\Users\mgnocco\AppData\Local\Temp\cc61L3gn.s 			page 17


 913 0374 20       		.byte	32
 914 0375 01       		.byte	1
 915 0376 21       		.byte	33
 916 0377 11       		.byte	17
 917 0378 22       		.byte	34
 918 0379 04       		.byte	4
 919 037a 25       		.byte	37
 920 037b 04       		.byte	4
 921 037c 27       		.byte	39
 922 037d 16       		.byte	22
 923 037e 28       		.byte	40
 924 037f 20       		.byte	32
 925 0380 2E       		.byte	46
 926 0381 08       		.byte	8
 927 0382 32       		.byte	50
 928 0383 04       		.byte	4
 929 0384 35       		.byte	53
 930 0385 10       		.byte	16
 931 0386 37       		.byte	55
 932 0387 06       		.byte	6
 933 0388 39       		.byte	57
 934 0389 17       		.byte	23
 935 038a 3D       		.byte	61
 936 038b 08       		.byte	8
 937 038c 3F       		.byte	63
 938 038d 01       		.byte	1
 939 038e 40       		.byte	64
 940 038f 81       		.byte	-127
 941 0390 42       		.byte	66
 942 0391 30       		.byte	48
 943 0392 45       		.byte	69
 944 0393 80       		.byte	-128
 945 0394 48       		.byte	72
 946 0395 10       		.byte	16
 947 0396 49       		.byte	73
 948 0397 82       		.byte	-126
 949 0398 4A       		.byte	74
 950 0399 08       		.byte	8
 951 039a 4F       		.byte	79
 952 039b 01       		.byte	1
 953 039c 56       		.byte	86
 954 039d 0C       		.byte	12
 955 039e 5C       		.byte	92
 956 039f 40       		.byte	64
 957 03a0 5D       		.byte	93
 958 03a1 08       		.byte	8
 959 03a2 5E       		.byte	94
 960 03a3 02       		.byte	2
 961 03a4 5F       		.byte	95
 962 03a5 20       		.byte	32
 963 03a6 66       		.byte	102
 964 03a7 40       		.byte	64
 965 03a8 7A       		.byte	122
 966 03a9 01       		.byte	1
 967 03aa 7B       		.byte	123
 968 03ab 02       		.byte	2
 969 03ac 85       		.byte	-123
ARM GAS  C:\Users\mgnocco\AppData\Local\Temp\cc61L3gn.s 			page 18


 970 03ad 08       		.byte	8
 971 03ae 87       		.byte	-121
 972 03af 30       		.byte	48
 973 03b0 88       		.byte	-120
 974 03b1 40       		.byte	64
 975 03b2 8A       		.byte	-118
 976 03b3 04       		.byte	4
 977 03b4 90       		.byte	-112
 978 03b5 40       		.byte	64
 979 03b6 91       		.byte	-111
 980 03b7 14       		.byte	20
 981 03b8 92       		.byte	-110
 982 03b9 94       		.byte	-108
 983 03ba 97       		.byte	-105
 984 03bb 40       		.byte	64
 985 03bc 9A       		.byte	-102
 986 03bd 40       		.byte	64
 987 03be 9C       		.byte	-100
 988 03bf 80       		.byte	-128
 989 03c0 9D       		.byte	-99
 990 03c1 80       		.byte	-128
 991 03c2 A0       		.byte	-96
 992 03c3 A0       		.byte	-96
 993 03c4 A1       		.byte	-95
 994 03c5 08       		.byte	8
 995 03c6 A2       		.byte	-94
 996 03c7 08       		.byte	8
 997 03c8 A3       		.byte	-93
 998 03c9 02       		.byte	2
 999 03ca A5       		.byte	-91
 1000 03cb 01       		.byte	1
 1001 03cc AB       		.byte	-85
 1002 03cd 02       		.byte	2
 1003 03ce B7       		.byte	-73
 1004 03cf 02       		.byte	2
 1005 03d0 C0       		.byte	-64
 1006 03d1 EA       		.byte	-22
 1007 03d2 C2       		.byte	-62
 1008 03d3 A8       		.byte	-88
 1009 03d4 C4       		.byte	-60
 1010 03d5 72       		.byte	114
 1011 03d6 CA       		.byte	-54
 1012 03d7 42       		.byte	66
 1013 03d8 CC       		.byte	-52
 1014 03d9 E2       		.byte	-30
 1015 03da CE       		.byte	-50
 1016 03db C7       		.byte	-57
 1017 03dc D0       		.byte	-48
 1018 03dd 1B       		.byte	27
 1019 03de D2       		.byte	-46
 1020 03df 0C       		.byte	12
 1021 03e0 D6       		.byte	-42
 1022 03e1 F0       		.byte	-16
 1023 03e2 D8       		.byte	-40
 1024 03e3 10       		.byte	16
 1025 03e4 E4       		.byte	-28
 1026 03e5 02       		.byte	2
ARM GAS  C:\Users\mgnocco\AppData\Local\Temp\cc61L3gn.s 			page 19


 1027 03e6 EE       		.byte	-18
 1028 03e7 40       		.byte	64
 1029 03e8 00       		.byte	0
 1030 03e9 33       		.byte	51
 1031 03ea 04       		.byte	4
 1032 03eb 33       		.byte	51
 1033 03ec 05       		.byte	5
 1034 03ed 08       		.byte	8
 1035 03ee 06       		.byte	6
 1036 03ef 0C       		.byte	12
 1037 03f0 0B       		.byte	11
 1038 03f1 04       		.byte	4
 1039 03f2 0C       		.byte	12
 1040 03f3 3F       		.byte	63
 1041 03f4 0D       		.byte	13
 1042 03f5 1C       		.byte	28
 1043 03f6 0F       		.byte	15
 1044 03f7 02       		.byte	2
 1045 03f8 10       		.byte	16
 1046 03f9 0F       		.byte	15
 1047 03fa 11       		.byte	17
 1048 03fb 1C       		.byte	28
 1049 03fc 12       		.byte	18
 1050 03fd 30       		.byte	48
 1051 03fe 13       		.byte	19
 1052 03ff 01       		.byte	1
 1053 0400 15       		.byte	21
 1054 0401 18       		.byte	24
 1055 0402 16       		.byte	22
 1056 0403 33       		.byte	51
 1057 0404 18       		.byte	24
 1058 0405 11       		.byte	17
 1059 0406 19       		.byte	25
 1060 0407 07       		.byte	7
 1061 0408 1B       		.byte	27
 1062 0409 18       		.byte	24
 1063 040a 1C       		.byte	28
 1064 040b 22       		.byte	34
 1065 040c 1D       		.byte	29
 1066 040d 10       		.byte	16
 1067 040e 20       		.byte	32
 1068 040f 08       		.byte	8
 1069 0410 24       		.byte	36
 1070 0411 04       		.byte	4
 1071 0412 25       		.byte	37
 1072 0413 04       		.byte	4
 1073 0414 28       		.byte	40
 1074 0415 0C       		.byte	12
 1075 0416 2B       		.byte	43
 1076 0417 03       		.byte	3
 1077 0418 2C       		.byte	44
 1078 0419 0C       		.byte	12
 1079 041a 2D       		.byte	45
 1080 041b 1F       		.byte	31
 1081 041c 2E       		.byte	46
 1082 041d 33       		.byte	51
 1083 041e 30       		.byte	48
ARM GAS  C:\Users\mgnocco\AppData\Local\Temp\cc61L3gn.s 			page 20


 1084 041f 30       		.byte	48
 1085 0420 31       		.byte	49
 1086 0421 1F       		.byte	31
 1087 0422 34       		.byte	52
 1088 0423 0F       		.byte	15
 1089 0424 3A       		.byte	58
 1090 0425 A0       		.byte	-96
 1091 0426 3B       		.byte	59
 1092 0427 02       		.byte	2
 1093 0428 54       		.byte	84
 1094 0429 18       		.byte	24
 1095 042a 56       		.byte	86
 1096 042b 04       		.byte	4
 1097 042c 58       		.byte	88
 1098 042d 04       		.byte	4
 1099 042e 59       		.byte	89
 1100 042f 04       		.byte	4
 1101 0430 5B       		.byte	91
 1102 0431 04       		.byte	4
 1103 0432 5C       		.byte	92
 1104 0433 22       		.byte	34
 1105 0434 5D       		.byte	93
 1106 0435 20       		.byte	32
 1107 0436 5F       		.byte	95
 1108 0437 01       		.byte	1
 1109 0438 84       		.byte	-124
 1110 0439 0A       		.byte	10
 1111 043a 86       		.byte	-122
 1112 043b 14       		.byte	20
 1113 043c 88       		.byte	-120
 1114 043d 13       		.byte	19
 1115 043e 8A       		.byte	-118
 1116 043f 0C       		.byte	12
 1117 0440 98       		.byte	-104
 1118 0441 03       		.byte	3
 1119 0442 9A       		.byte	-102
 1120 0443 14       		.byte	20
 1121 0444 9E       		.byte	-98
 1122 0445 15       		.byte	21
 1123 0446 A2       		.byte	-94
 1124 0447 08       		.byte	8
 1125 0448 A4       		.byte	-92
 1126 0449 13       		.byte	19
 1127 044a A6       		.byte	-90
 1128 044b 04       		.byte	4
 1129 044c A9       		.byte	-87
 1130 044d 01       		.byte	1
 1131 044e B0       		.byte	-80
 1132 044f 10       		.byte	16
 1133 0450 B3       		.byte	-77
 1134 0451 01       		.byte	1
 1135 0452 B4       		.byte	-76
 1136 0453 0F       		.byte	15
 1137 0454 BA       		.byte	-70
 1138 0455 20       		.byte	32
 1139 0456 BE       		.byte	-66
 1140 0457 01       		.byte	1
ARM GAS  C:\Users\mgnocco\AppData\Local\Temp\cc61L3gn.s 			page 21


 1141 0458 BF       		.byte	-65
 1142 0459 04       		.byte	4
 1143 045a C0       		.byte	-64
 1144 045b 61       		.byte	97
 1145 045c C1       		.byte	-63
 1146 045d 03       		.byte	3
 1147 045e C5       		.byte	-59
 1148 045f 0C       		.byte	12
 1149 0460 C7       		.byte	-57
 1150 0461 BE       		.byte	-66
 1151 0462 C8       		.byte	-56
 1152 0463 31       		.byte	49
 1153 0464 C9       		.byte	-55
 1154 0465 FF       		.byte	-1
 1155 0466 CA       		.byte	-54
 1156 0467 FF       		.byte	-1
 1157 0468 CB       		.byte	-53
 1158 0469 FF       		.byte	-1
 1159 046a CE       		.byte	-50
 1160 046b F0       		.byte	-16
 1161 046c CF       		.byte	-49
 1162 046d 44       		.byte	68
 1163 046e D0       		.byte	-48
 1164 046f 0C       		.byte	12
 1165 0470 D4       		.byte	-44
 1166 0471 01       		.byte	1
 1167 0472 D6       		.byte	-42
 1168 0473 04       		.byte	4
 1169 0474 D8       		.byte	-40
 1170 0475 04       		.byte	4
 1171 0476 D9       		.byte	-39
 1172 0477 04       		.byte	4
 1173 0478 DA       		.byte	-38
 1174 0479 04       		.byte	4
 1175 047a DB       		.byte	-37
 1176 047b 04       		.byte	4
 1177 047c DC       		.byte	-36
 1178 047d 02       		.byte	2
 1179 047e DD       		.byte	-35
 1180 047f 22       		.byte	34
 1181 0480 DF       		.byte	-33
 1182 0481 01       		.byte	1
 1183 0482 E6       		.byte	-26
 1184 0483 C0       		.byte	-64
 1185 0484 EA       		.byte	-22
 1186 0485 40       		.byte	64
 1187 0486 EB       		.byte	-21
 1188 0487 02       		.byte	2
 1189 0488 01       		.byte	1
 1190 0489 81       		.byte	-127
 1191 048a 03       		.byte	3
 1192 048b 20       		.byte	32
 1193 048c 05       		.byte	5
 1194 048d 10       		.byte	16
 1195 048e 07       		.byte	7
 1196 048f 10       		.byte	16
 1197 0490 08       		.byte	8
ARM GAS  C:\Users\mgnocco\AppData\Local\Temp\cc61L3gn.s 			page 22


 1198 0491 60       		.byte	96
 1199 0492 09       		.byte	9
 1200 0493 02       		.byte	2
 1201 0494 0A       		.byte	10
 1202 0495 10       		.byte	16
 1203 0496 0D       		.byte	13
 1204 0497 80       		.byte	-128
 1205 0498 0F       		.byte	15
 1206 0499 09       		.byte	9
 1207 049a 10       		.byte	16
 1208 049b A4       		.byte	-92
 1209 049c 11       		.byte	17
 1210 049d 04       		.byte	4
 1211 049e 13       		.byte	19
 1212 049f 40       		.byte	64
 1213 04a0 17       		.byte	23
 1214 04a1 06       		.byte	6
 1215 04a2 18       		.byte	24
 1216 04a3 08       		.byte	8
 1217 04a4 19       		.byte	25
 1218 04a5 81       		.byte	-127
 1219 04a6 1B       		.byte	27
 1220 04a7 20       		.byte	32
 1221 04a8 1D       		.byte	29
 1222 04a9 10       		.byte	16
 1223 04aa 1E       		.byte	30
 1224 04ab 40       		.byte	64
 1225 04ac 23       		.byte	35
 1226 04ad 40       		.byte	64
 1227 04ae 26       		.byte	38
 1228 04af 04       		.byte	4
 1229 04b0 28       		.byte	40
 1230 04b1 20       		.byte	32
 1231 04b2 29       		.byte	41
 1232 04b3 80       		.byte	-128
 1233 04b4 2A       		.byte	42
 1234 04b5 20       		.byte	32
 1235 04b6 2F       		.byte	47
 1236 04b7 08       		.byte	8
 1237 04b8 30       		.byte	48
 1238 04b9 84       		.byte	-124
 1239 04ba 31       		.byte	49
 1240 04bb 0A       		.byte	10
 1241 04bc 33       		.byte	51
 1242 04bd 20       		.byte	32
 1243 04be 39       		.byte	57
 1244 04bf 24       		.byte	36
 1245 04c0 3B       		.byte	59
 1246 04c1 40       		.byte	64
 1247 04c2 45       		.byte	69
 1248 04c3 80       		.byte	-128
 1249 04c4 47       		.byte	71
 1250 04c5 04       		.byte	4
 1251 04c6 49       		.byte	73
 1252 04c7 10       		.byte	16
 1253 04c8 4A       		.byte	74
 1254 04c9 08       		.byte	8
ARM GAS  C:\Users\mgnocco\AppData\Local\Temp\cc61L3gn.s 			page 23


 1255 04ca 4E       		.byte	78
 1256 04cb 08       		.byte	8
 1257 04cc 4F       		.byte	79
 1258 04cd 08       		.byte	8
 1259 04ce 56       		.byte	86
 1260 04cf 01       		.byte	1
 1261 04d0 57       		.byte	87
 1262 04d1 08       		.byte	8
 1263 04d2 59       		.byte	89
 1264 04d3 01       		.byte	1
 1265 04d4 5C       		.byte	92
 1266 04d5 02       		.byte	2
 1267 04d6 5D       		.byte	93
 1268 04d7 10       		.byte	16
 1269 04d8 5E       		.byte	94
 1270 04d9 48       		.byte	72
 1271 04da 60       		.byte	96
 1272 04db 84       		.byte	-124
 1273 04dc 63       		.byte	99
 1274 04dd 02       		.byte	2
 1275 04de 65       		.byte	101
 1276 04df 02       		.byte	2
 1277 04e0 79       		.byte	121
 1278 04e1 10       		.byte	16
 1279 04e2 7B       		.byte	123
 1280 04e3 04       		.byte	4
 1281 04e4 80       		.byte	-128
 1282 04e5 02       		.byte	2
 1283 04e6 83       		.byte	-125
 1284 04e7 08       		.byte	8
 1285 04e8 85       		.byte	-123
 1286 04e9 02       		.byte	2
 1287 04ea 89       		.byte	-119
 1288 04eb 02       		.byte	2
 1289 04ec 8A       		.byte	-118
 1290 04ed 04       		.byte	4
 1291 04ee 8C       		.byte	-116
 1292 04ef A0       		.byte	-96
 1293 04f0 90       		.byte	-112
 1294 04f1 04       		.byte	4
 1295 04f2 91       		.byte	-111
 1296 04f3 21       		.byte	33
 1297 04f4 92       		.byte	-110
 1298 04f5 14       		.byte	20
 1299 04f6 93       		.byte	-109
 1300 04f7 01       		.byte	1
 1301 04f8 94       		.byte	-108
 1302 04f9 08       		.byte	8
 1303 04fa 97       		.byte	-105
 1304 04fb 40       		.byte	64
 1305 04fc 98       		.byte	-104
 1306 04fd 40       		.byte	64
 1307 04fe 9A       		.byte	-102
 1308 04ff 20       		.byte	32
 1309 0500 9B       		.byte	-101
 1310 0501 16       		.byte	22
 1311 0502 9C       		.byte	-100
ARM GAS  C:\Users\mgnocco\AppData\Local\Temp\cc61L3gn.s 			page 24


 1312 0503 20       		.byte	32
 1313 0504 9D       		.byte	-99
 1314 0505 90       		.byte	-112
 1315 0506 9E       		.byte	-98
 1316 0507 01       		.byte	1
 1317 0508 A0       		.byte	-96
 1318 0509 A0       		.byte	-96
 1319 050a A1       		.byte	-95
 1320 050b 08       		.byte	8
 1321 050c A3       		.byte	-93
 1322 050d 01       		.byte	1
 1323 050e B4       		.byte	-76
 1324 050f 84       		.byte	-124
 1325 0510 B5       		.byte	-75
 1326 0511 01       		.byte	1
 1327 0512 C0       		.byte	-64
 1328 0513 6D       		.byte	109
 1329 0514 C2       		.byte	-62
 1330 0515 CF       		.byte	-49
 1331 0516 C4       		.byte	-60
 1332 0517 3F       		.byte	63
 1333 0518 CA       		.byte	-54
 1334 0519 2E       		.byte	46
 1335 051a CC       		.byte	-52
 1336 051b 0F       		.byte	15
 1337 051c CE       		.byte	-50
 1338 051d 0E       		.byte	14
 1339 051e D0       		.byte	-48
 1340 051f 50       		.byte	80
 1341 0520 D2       		.byte	-46
 1342 0521 20       		.byte	32
 1343 0522 D6       		.byte	-42
 1344 0523 F1       		.byte	-15
 1345 0524 D8       		.byte	-40
 1346 0525 8D       		.byte	-115
 1347 0526 E2       		.byte	-30
 1348 0527 10       		.byte	16
 1349 0528 32       		.byte	50
 1350 0529 40       		.byte	64
 1351 052a 36       		.byte	54
 1352 052b 80       		.byte	-128
 1353 052c CC       		.byte	-52
 1354 052d 30       		.byte	48
 1355 052e 66       		.byte	102
 1356 052f 80       		.byte	-128
 1357 0530 96       		.byte	-106
 1358 0531 80       		.byte	-128
 1359 0532 A6       		.byte	-90
 1360 0533 80       		.byte	-128
 1361 0534 D6       		.byte	-42
 1362 0535 80       		.byte	-128
 1363 0536 63       		.byte	99
 1364 0537 02       		.byte	2
 1365 0538 8B       		.byte	-117
 1366 0539 01       		.byte	1
 1367 053a 96       		.byte	-106
 1368 053b 80       		.byte	-128
ARM GAS  C:\Users\mgnocco\AppData\Local\Temp\cc61L3gn.s 			page 25


 1369 053c 9E       		.byte	-98
 1370 053d 80       		.byte	-128
 1371 053e A6       		.byte	-90
 1372 053f 80       		.byte	-128
 1373 0540 D6       		.byte	-42
 1374 0541 40       		.byte	64
 1375 0542 60       		.byte	96
 1376 0543 40       		.byte	64
 1377 0544 90       		.byte	-112
 1378 0545 40       		.byte	64
 1379 0546 96       		.byte	-106
 1380 0547 80       		.byte	-128
 1381 0548 A6       		.byte	-90
 1382 0549 80       		.byte	-128
 1383 054a A8       		.byte	-88
 1384 054b 40       		.byte	64
 1385 054c B2       		.byte	-78
 1386 054d 80       		.byte	-128
 1387 054e D8       		.byte	-40
 1388 054f 40       		.byte	64
 1389 0550 EE       		.byte	-18
 1390 0551 20       		.byte	32
 1391 0552 50       		.byte	80
 1392 0553 08       		.byte	8
 1393 0554 5D       		.byte	93
 1394 0555 02       		.byte	2
 1395 0556 D4       		.byte	-44
 1396 0557 04       		.byte	4
 1397 0558 D6       		.byte	-42
 1398 0559 01       		.byte	1
 1399 055a 85       		.byte	-123
 1400 055b 02       		.byte	2
 1401 055c 8C       		.byte	-116
 1402 055d 08       		.byte	8
 1403 055e 9D       		.byte	-99
 1404 055f 02       		.byte	2
 1405 0560 A4       		.byte	-92
 1406 0561 08       		.byte	8
 1407 0562 E4       		.byte	-28
 1408 0563 08       		.byte	8
 1409 0564 96       		.byte	-106
 1410 0565 80       		.byte	-128
 1411 0566 A6       		.byte	-90
 1412 0567 80       		.byte	-128
 1413 0568 0E       		.byte	14
 1414 0569 01       		.byte	1
 1415 056a 86       		.byte	-122
 1416 056b 80       		.byte	-128
 1417 056c 8A       		.byte	-118
 1418 056d 01       		.byte	1
 1419 056e 8E       		.byte	-114
 1420 056f 40       		.byte	64
 1421 0570 96       		.byte	-106
 1422 0571 80       		.byte	-128
 1423 0572 A6       		.byte	-90
 1424 0573 80       		.byte	-128
 1425 0574 C2       		.byte	-62
ARM GAS  C:\Users\mgnocco\AppData\Local\Temp\cc61L3gn.s 			page 26


 1426 0575 80       		.byte	-128
 1427 0576 E6       		.byte	-26
 1428 0577 10       		.byte	16
 1429 0578 87       		.byte	-121
 1430 0579 40       		.byte	64
 1431 057a 12       		.byte	18
 1432 057b 80       		.byte	-128
 1433 057c 73       		.byte	115
 1434 057d 40       		.byte	64
 1435 057e 8E       		.byte	-114
 1436 057f 80       		.byte	-128
 1437 0580 93       		.byte	-109
 1438 0581 40       		.byte	64
 1439 0582 C4       		.byte	-60
 1440 0583 08       		.byte	8
 1441 0584 DC       		.byte	-36
 1442 0585 01       		.byte	1
 1443 0586 E2       		.byte	-30
 1444 0587 02       		.byte	2
 1445 0588 00       		.byte	0
 1446 0589 05       		.byte	5
 1447 058a 0A       		.byte	10
 1448 058b 01       		.byte	1
 1449 058c 0C       		.byte	12
 1450 058d 05       		.byte	5
 1451 058e 10       		.byte	16
 1452 058f 05       		.byte	5
 1453 0590 1C       		.byte	28
 1454 0591 05       		.byte	5
 1455 0592 00       		.byte	0
 1456 0593 0F       		.byte	15
 1457 0594 F2       		.byte	-14
 1458 0595 15       		.byte	21
 1459 0596 00       		.byte	0
 1460 0597 22       		.byte	34
 1461 0598 00       		.byte	0
 1462 0599 00       		.byte	0
 1463 059a 00       		.byte	0
 1464 059b 00       		.byte	0
 1465 059c F2       		.byte	-14
 1466 059d 06       		.byte	6
 1467 059e 00       		.byte	0
 1468 059f 00       		.byte	0
 1469 05a0 B0       		.byte	-80
 1470 05a1 00       		.byte	0
 1471 05a2 42       		.byte	66
 1472 05a3 18       		.byte	24
 1473 05a4 C3       		.byte	-61
 1474 05a5 00       		.byte	0
 1475 05a6 0C       		.byte	12
 1476 05a7 00       		.byte	0
 1477 05a8 01       		.byte	1
 1478 05a9 2B       		.byte	43
 1479 05aa D4       		.byte	-44
 1480 05ab 14       		.byte	20
 1481 05ac 00       		.byte	0
 1482 05ad 30       		.byte	48
ARM GAS  C:\Users\mgnocco\AppData\Local\Temp\cc61L3gn.s 			page 27


 1483 05ae 00       		.byte	0
 1484 05af 09       		.byte	9
 1485 05b0 00       		.byte	0
 1486 05b1 00       		.byte	0
 1487 05b2 20       		.byte	32
 1488 05b3 00       		.byte	0
 1489 05b4 42       		.byte	66
 1490 05b5 00       		.byte	0
 1491 05b6 B0       		.byte	-80
 1492 05b7 00       		.byte	0
 1493 05b8 42       		.byte	66
 1494 05b9 00       		.byte	0
 1495 05ba 00       		.byte	0
 1496 05bb 00       		.byte	0
 1497 05bc 43       		.byte	67
 1498 05bd 00       		.byte	0
 1499 05be 98       		.byte	-104
 1500 05bf 20       		.byte	32
 1501 05c0 F2       		.byte	-14
 1502 05c1 00       		.byte	0
 1503 05c2 00       		.byte	0
 1504 05c3 00       		.byte	0
 1505 05c4 C0       		.byte	-64
 1506 05c5 00       		.byte	0
 1507 05c6 1F       		.byte	31
 1508 05c7 00       		.byte	0
 1509 05c8 20       		.byte	32
 1510 05c9 07       		.byte	7
 1511 05ca 00       		.byte	0
 1512 05cb 38       		.byte	56
 1513 05cc 08       		.byte	8
 1514 05cd 20       		.byte	32
 1515 05ce 00       		.byte	0
 1516 05cf 00       		.byte	0
 1517 05d0 00       		.byte	0
 1518 05d1 00       		.byte	0
 1519 05d2 10       		.byte	16
 1520 05d3 00       		.byte	0
 1521 05d4 14       		.byte	20
 1522 05d5 05       		.byte	5
 1523 05d6 30       		.byte	48
 1524 05d7 00       		.byte	0
 1525 05d8 02       		.byte	2
 1526 05d9 DF       		.byte	-33
 1527 05da C0       		.byte	-64
 1528 05db EB       		.byte	-21
 1529 05dc 3B       		.byte	59
 1530 05dd FF       		.byte	-1
 1531 05de FF       		.byte	-1
 1532 05df FF       		.byte	-1
 1533 05e0 22       		.byte	34
 1534 05e1 00       		.byte	0
 1535 05e2 F0       		.byte	-16
 1536 05e3 0C       		.byte	12
 1537 05e4 04       		.byte	4
 1538 05e5 00       		.byte	0
 1539 05e6 00       		.byte	0
ARM GAS  C:\Users\mgnocco\AppData\Local\Temp\cc61L3gn.s 			page 28


 1540 05e7 00       		.byte	0
 1541 05e8 40       		.byte	64
 1542 05e9 00       		.byte	0
 1543 05ea 00       		.byte	0
 1544 05eb 00       		.byte	0
 1545 05ec 04       		.byte	4
 1546 05ed 04       		.byte	4
 1547 05ee 04       		.byte	4
 1548 05ef 04       		.byte	4
 1549 05f0 00       		.byte	0
 1550 05f1 00       		.byte	0
 1551 05f2 00       		.byte	0
 1552 05f3 01       		.byte	1
 1553 05f4 00       		.byte	0
 1554 05f5 00       		.byte	0
 1555 05f6 C0       		.byte	-64
 1556 05f7 00       		.byte	0
 1557 05f8 40       		.byte	64
 1558 05f9 01       		.byte	1
 1559 05fa 10       		.byte	16
 1560 05fb 11       		.byte	17
 1561 05fc C0       		.byte	-64
 1562 05fd 01       		.byte	1
 1563 05fe 00       		.byte	0
 1564 05ff 11       		.byte	17
 1565 0600 40       		.byte	64
 1566 0601 01       		.byte	1
 1567 0602 40       		.byte	64
 1568 0603 01       		.byte	1
 1569 0604 00       		.byte	0
 1570 0605 00       		.byte	0
 1571 0606 00       		.byte	0
 1572 0607 00       		.byte	0
 1573 0608 00       		.byte	0
 1574 0609 00       		.byte	0
 1575 060a 00       		.byte	0
 1576 060b 00       		.byte	0
 1577 060c 00       		.byte	0
 1578 060d 00       		.byte	0
 1579 060e 00       		.byte	0
 1580 060f 00       		.byte	0
 1581 0610 00       		.byte	0
 1582 0611 00       		.byte	0
 1583 0612 00       		.byte	0
 1584 0613 00       		.byte	0
 1585 0614 00       		.byte	0
 1586 0615 80       		.byte	-128
 1587 0616 80       		.byte	-128
 1588 0617 00       		.byte	0
 1589 0618 80       		.byte	-128
 1590 0619 00       		.byte	0
 1591 061a 00       		.byte	0
 1592 061b 00       		.byte	0
 1593 061c 80       		.byte	-128
 1594 061d 00       		.byte	0
 1595 061e 40       		.byte	64
 1596 061f 80       		.byte	-128
ARM GAS  C:\Users\mgnocco\AppData\Local\Temp\cc61L3gn.s 			page 29


 1597 0620 80       		.byte	-128
 1598 0621 00       		.byte	0
 1599 0622 80       		.byte	-128
 1600 0623 00       		.byte	0
 1601 0624 00       		.byte	0
 1602 0625 00       		.byte	0
 1603 0626 00       		.byte	0
 1604 0627 00       		.byte	0
 1605 0628 00       		.byte	0
 1606 0629 0B       		.byte	11
 1607 062a 0B       		.byte	11
 1608 062b 00       		.byte	0
 1609 062c 00       		.byte	0
 1610 062d 00       		.byte	0
 1611 062e 00       		.byte	0
 1612 062f 00       		.byte	0
 1613 0630 00       		.byte	0
 1614 0631 18       		.byte	24
 1615 0632 18       		.byte	24
 1616 0633 00       		.byte	0
 1617 0634 18       		.byte	24
 1618 0635 00       		.byte	0
 1619 0636 00       		.byte	0
 1620 0637 00       		.byte	0
 1621 0638 80       		.byte	-128
 1622 0639 00       		.byte	0
 1623 063a 00       		.byte	0
 1624 063b 00       		.byte	0
 1625 063c 00       		.byte	0
 1626 063d 00       		.byte	0
 1627 063e 00       		.byte	0
 1628 063f 00       		.byte	0
 1629              		.section	.cywolatch,"a",%progbits
 1630              		.align	2
 1631              		.type	cy_meta_wonvl, %object
 1632              		.size	cy_meta_wonvl, 4
 1633              	cy_meta_wonvl:
 1634 0000 BC       		.byte	-68
 1635 0001 90       		.byte	-112
 1636 0002 AC       		.byte	-84
 1637 0003 AF       		.byte	-81
 1638              		.section	.cycustnvl,"a",%progbits
 1639              		.align	2
 1640              		.type	cy_meta_custnvl, %object
 1641              		.size	cy_meta_custnvl, 4
 1642              	cy_meta_custnvl:
 1643 0000 00       		.byte	0
 1644 0001 00       		.byte	0
 1645 0002 40       		.byte	64
 1646 0003 05       		.byte	5
 1647              		.section	.cymeta,"a",%progbits
 1648              		.align	2
 1649              		.type	cy_metadata, %object
 1650              		.size	cy_metadata, 12
 1651              	cy_metadata:
 1652 0000 00       		.byte	0
 1653 0001 01       		.byte	1
ARM GAS  C:\Users\mgnocco\AppData\Local\Temp\cc61L3gn.s 			page 30


 1654 0002 2E       		.byte	46
 1655 0003 16       		.byte	22
 1656 0004 10       		.byte	16
 1657 0005 69       		.byte	105
 1658 0006 00       		.byte	0
 1659 0007 01       		.byte	1
 1660 0008 00       		.byte	0
 1661 0009 00       		.byte	0
 1662 000a 00       		.byte	0
 1663 000b 00       		.byte	0
 1664              		.section	.cyflashprotect,"a",%progbits
 1665              		.align	2
 1666              		.type	cy_meta_flashprotect, %object
 1667              		.size	cy_meta_flashprotect, 256
 1668              	cy_meta_flashprotect:
 1669 0000 00000000 		.space	256
 1669      00000000 
 1669      00000000 
 1669      00000000 
 1669      00000000 
 1670              		.text
 1671              	.Letext0:
 1672              		.file 1 "c:\\program files (x86)\\cypress\\psoc creator\\4.4\\psoc creator\\import\\gnu\\arm\\5.4.
 1673              		.file 2 "c:\\program files (x86)\\cypress\\psoc creator\\4.4\\psoc creator\\import\\gnu\\arm\\5.4.
 1674              		.file 3 "Generated_Source\\PSoC5\\cymetadata.c"
 1675              		.section	.debug_info,"",%progbits
 1676              	.Ldebug_info0:
 1677 0000 34010000 		.4byte	0x134
 1678 0004 0400     		.2byte	0x4
 1679 0006 00000000 		.4byte	.Ldebug_abbrev0
 1680 000a 04       		.byte	0x4
 1681 000b 01       		.uleb128 0x1
 1682 000c 24000000 		.4byte	.LASF17
 1683 0010 0C       		.byte	0xc
 1684 0011 DE010000 		.4byte	.LASF18
 1685 0015 C4000000 		.4byte	.LASF19
 1686 0019 00000000 		.4byte	.Ldebug_line0
 1687 001d 02       		.uleb128 0x2
 1688 001e 01       		.byte	0x1
 1689 001f 06       		.byte	0x6
 1690 0020 D2010000 		.4byte	.LASF0
 1691 0024 03       		.uleb128 0x3
 1692 0025 00000000 		.4byte	.LASF9
 1693 0029 01       		.byte	0x1
 1694 002a 1D       		.byte	0x1d
 1695 002b 2F000000 		.4byte	0x2f
 1696 002f 02       		.uleb128 0x2
 1697 0030 01       		.byte	0x1
 1698 0031 08       		.byte	0x8
 1699 0032 16000000 		.4byte	.LASF1
 1700 0036 02       		.uleb128 0x2
 1701 0037 02       		.byte	0x2
 1702 0038 05       		.byte	0x5
 1703 0039 BF010000 		.4byte	.LASF2
 1704 003d 02       		.uleb128 0x2
 1705 003e 02       		.byte	0x2
 1706 003f 07       		.byte	0x7
ARM GAS  C:\Users\mgnocco\AppData\Local\Temp\cc61L3gn.s 			page 31


 1707 0040 24010000 		.4byte	.LASF3
 1708 0044 02       		.uleb128 0x2
 1709 0045 04       		.byte	0x4
 1710 0046 05       		.byte	0x5
 1711 0047 C9010000 		.4byte	.LASF4
 1712 004b 02       		.uleb128 0x2
 1713 004c 04       		.byte	0x4
 1714 004d 07       		.byte	0x7
 1715 004e B2000000 		.4byte	.LASF5
 1716 0052 02       		.uleb128 0x2
 1717 0053 08       		.byte	0x8
 1718 0054 05       		.byte	0x5
 1719 0055 B1010000 		.4byte	.LASF6
 1720 0059 02       		.uleb128 0x2
 1721 005a 08       		.byte	0x8
 1722 005b 07       		.byte	0x7
 1723 005c 66010000 		.4byte	.LASF7
 1724 0060 04       		.uleb128 0x4
 1725 0061 04       		.byte	0x4
 1726 0062 05       		.byte	0x5
 1727 0063 696E7400 		.ascii	"int\000"
 1728 0067 02       		.uleb128 0x2
 1729 0068 04       		.byte	0x4
 1730 0069 07       		.byte	0x7
 1731 006a 59010000 		.4byte	.LASF8
 1732 006e 03       		.uleb128 0x3
 1733 006f 7D010000 		.4byte	.LASF10
 1734 0073 02       		.byte	0x2
 1735 0074 18       		.byte	0x18
 1736 0075 24000000 		.4byte	0x24
 1737 0079 05       		.uleb128 0x5
 1738 007a 91000000 		.4byte	0x91
 1739 007e 8A000000 		.4byte	0x8a
 1740 0082 06       		.uleb128 0x6
 1741 0083 8A000000 		.4byte	0x8a
 1742 0087 3F06     		.2byte	0x63f
 1743 0089 00       		.byte	0
 1744 008a 02       		.uleb128 0x2
 1745 008b 04       		.byte	0x4
 1746 008c 07       		.byte	0x7
 1747 008d A8010000 		.4byte	.LASF11
 1748 0091 07       		.uleb128 0x7
 1749 0092 6E000000 		.4byte	0x6e
 1750 0096 08       		.uleb128 0x8
 1751 0097 47010000 		.4byte	.LASF12
 1752 009b 03       		.byte	0x3
 1753 009c 1F       		.byte	0x1f
 1754 009d A7000000 		.4byte	0xa7
 1755 00a1 05       		.uleb128 0x5
 1756 00a2 03       		.byte	0x3
 1757 00a3 00000000 		.4byte	cy_meta_configecc
 1758 00a7 07       		.uleb128 0x7
 1759 00a8 79000000 		.4byte	0x79
 1760 00ac 05       		.uleb128 0x5
 1761 00ad 91000000 		.4byte	0x91
 1762 00b1 BC000000 		.4byte	0xbc
 1763 00b5 09       		.uleb128 0x9
ARM GAS  C:\Users\mgnocco\AppData\Local\Temp\cc61L3gn.s 			page 32


 1764 00b6 8A000000 		.4byte	0x8a
 1765 00ba 03       		.byte	0x3
 1766 00bb 00       		.byte	0
 1767 00bc 08       		.uleb128 0x8
 1768 00bd 37010000 		.4byte	.LASF13
 1769 00c1 03       		.byte	0x3
 1770 00c2 F4       		.byte	0xf4
 1771 00c3 CD000000 		.4byte	0xcd
 1772 00c7 05       		.uleb128 0x5
 1773 00c8 03       		.byte	0x3
 1774 00c9 00000000 		.4byte	cy_meta_custnvl
 1775 00cd 07       		.uleb128 0x7
 1776 00ce AC000000 		.4byte	0xac
 1777 00d2 0A       		.uleb128 0xa
 1778 00d3 9A010000 		.4byte	.LASF14
 1779 00d7 03       		.byte	0x3
 1780 00d8 0201     		.2byte	0x102
 1781 00da E4000000 		.4byte	0xe4
 1782 00de 05       		.uleb128 0x5
 1783 00df 03       		.byte	0x3
 1784 00e0 00000000 		.4byte	cy_meta_wonvl
 1785 00e4 07       		.uleb128 0x7
 1786 00e5 AC000000 		.4byte	0xac
 1787 00e9 05       		.uleb128 0x5
 1788 00ea 91000000 		.4byte	0x91
 1789 00ee F9000000 		.4byte	0xf9
 1790 00f2 09       		.uleb128 0x9
 1791 00f3 8A000000 		.4byte	0x8a
 1792 00f7 FF       		.byte	0xff
 1793 00f8 00       		.byte	0
 1794 00f9 0A       		.uleb128 0xa
 1795 00fa 85010000 		.4byte	.LASF15
 1796 00fe 03       		.byte	0x3
 1797 00ff 1001     		.2byte	0x110
 1798 0101 0B010000 		.4byte	0x10b
 1799 0105 05       		.uleb128 0x5
 1800 0106 03       		.byte	0x3
 1801 0107 00000000 		.4byte	cy_meta_flashprotect
 1802 010b 07       		.uleb128 0x7
 1803 010c E9000000 		.4byte	0xe9
 1804 0110 05       		.uleb128 0x5
 1805 0111 91000000 		.4byte	0x91
 1806 0115 20010000 		.4byte	0x120
 1807 0119 09       		.uleb128 0x9
 1808 011a 8A000000 		.4byte	0x8a
 1809 011e 0B       		.byte	0xb
 1810 011f 00       		.byte	0
 1811 0120 0A       		.uleb128 0xa
 1812 0121 0A000000 		.4byte	.LASF16
 1813 0125 03       		.byte	0x3
 1814 0126 3D01     		.2byte	0x13d
 1815 0128 32010000 		.4byte	0x132
 1816 012c 05       		.uleb128 0x5
 1817 012d 03       		.byte	0x3
 1818 012e 00000000 		.4byte	cy_metadata
 1819 0132 07       		.uleb128 0x7
 1820 0133 10010000 		.4byte	0x110
ARM GAS  C:\Users\mgnocco\AppData\Local\Temp\cc61L3gn.s 			page 33


 1821 0137 00       		.byte	0
 1822              		.section	.debug_abbrev,"",%progbits
 1823              	.Ldebug_abbrev0:
 1824 0000 01       		.uleb128 0x1
 1825 0001 11       		.uleb128 0x11
 1826 0002 01       		.byte	0x1
 1827 0003 25       		.uleb128 0x25
 1828 0004 0E       		.uleb128 0xe
 1829 0005 13       		.uleb128 0x13
 1830 0006 0B       		.uleb128 0xb
 1831 0007 03       		.uleb128 0x3
 1832 0008 0E       		.uleb128 0xe
 1833 0009 1B       		.uleb128 0x1b
 1834 000a 0E       		.uleb128 0xe
 1835 000b 10       		.uleb128 0x10
 1836 000c 17       		.uleb128 0x17
 1837 000d 00       		.byte	0
 1838 000e 00       		.byte	0
 1839 000f 02       		.uleb128 0x2
 1840 0010 24       		.uleb128 0x24
 1841 0011 00       		.byte	0
 1842 0012 0B       		.uleb128 0xb
 1843 0013 0B       		.uleb128 0xb
 1844 0014 3E       		.uleb128 0x3e
 1845 0015 0B       		.uleb128 0xb
 1846 0016 03       		.uleb128 0x3
 1847 0017 0E       		.uleb128 0xe
 1848 0018 00       		.byte	0
 1849 0019 00       		.byte	0
 1850 001a 03       		.uleb128 0x3
 1851 001b 16       		.uleb128 0x16
 1852 001c 00       		.byte	0
 1853 001d 03       		.uleb128 0x3
 1854 001e 0E       		.uleb128 0xe
 1855 001f 3A       		.uleb128 0x3a
 1856 0020 0B       		.uleb128 0xb
 1857 0021 3B       		.uleb128 0x3b
 1858 0022 0B       		.uleb128 0xb
 1859 0023 49       		.uleb128 0x49
 1860 0024 13       		.uleb128 0x13
 1861 0025 00       		.byte	0
 1862 0026 00       		.byte	0
 1863 0027 04       		.uleb128 0x4
 1864 0028 24       		.uleb128 0x24
 1865 0029 00       		.byte	0
 1866 002a 0B       		.uleb128 0xb
 1867 002b 0B       		.uleb128 0xb
 1868 002c 3E       		.uleb128 0x3e
 1869 002d 0B       		.uleb128 0xb
 1870 002e 03       		.uleb128 0x3
 1871 002f 08       		.uleb128 0x8
 1872 0030 00       		.byte	0
 1873 0031 00       		.byte	0
 1874 0032 05       		.uleb128 0x5
 1875 0033 01       		.uleb128 0x1
 1876 0034 01       		.byte	0x1
 1877 0035 49       		.uleb128 0x49
ARM GAS  C:\Users\mgnocco\AppData\Local\Temp\cc61L3gn.s 			page 34


 1878 0036 13       		.uleb128 0x13
 1879 0037 01       		.uleb128 0x1
 1880 0038 13       		.uleb128 0x13
 1881 0039 00       		.byte	0
 1882 003a 00       		.byte	0
 1883 003b 06       		.uleb128 0x6
 1884 003c 21       		.uleb128 0x21
 1885 003d 00       		.byte	0
 1886 003e 49       		.uleb128 0x49
 1887 003f 13       		.uleb128 0x13
 1888 0040 2F       		.uleb128 0x2f
 1889 0041 05       		.uleb128 0x5
 1890 0042 00       		.byte	0
 1891 0043 00       		.byte	0
 1892 0044 07       		.uleb128 0x7
 1893 0045 26       		.uleb128 0x26
 1894 0046 00       		.byte	0
 1895 0047 49       		.uleb128 0x49
 1896 0048 13       		.uleb128 0x13
 1897 0049 00       		.byte	0
 1898 004a 00       		.byte	0
 1899 004b 08       		.uleb128 0x8
 1900 004c 34       		.uleb128 0x34
 1901 004d 00       		.byte	0
 1902 004e 03       		.uleb128 0x3
 1903 004f 0E       		.uleb128 0xe
 1904 0050 3A       		.uleb128 0x3a
 1905 0051 0B       		.uleb128 0xb
 1906 0052 3B       		.uleb128 0x3b
 1907 0053 0B       		.uleb128 0xb
 1908 0054 49       		.uleb128 0x49
 1909 0055 13       		.uleb128 0x13
 1910 0056 3F       		.uleb128 0x3f
 1911 0057 19       		.uleb128 0x19
 1912 0058 02       		.uleb128 0x2
 1913 0059 18       		.uleb128 0x18
 1914 005a 00       		.byte	0
 1915 005b 00       		.byte	0
 1916 005c 09       		.uleb128 0x9
 1917 005d 21       		.uleb128 0x21
 1918 005e 00       		.byte	0
 1919 005f 49       		.uleb128 0x49
 1920 0060 13       		.uleb128 0x13
 1921 0061 2F       		.uleb128 0x2f
 1922 0062 0B       		.uleb128 0xb
 1923 0063 00       		.byte	0
 1924 0064 00       		.byte	0
 1925 0065 0A       		.uleb128 0xa
 1926 0066 34       		.uleb128 0x34
 1927 0067 00       		.byte	0
 1928 0068 03       		.uleb128 0x3
 1929 0069 0E       		.uleb128 0xe
 1930 006a 3A       		.uleb128 0x3a
 1931 006b 0B       		.uleb128 0xb
 1932 006c 3B       		.uleb128 0x3b
 1933 006d 05       		.uleb128 0x5
 1934 006e 49       		.uleb128 0x49
ARM GAS  C:\Users\mgnocco\AppData\Local\Temp\cc61L3gn.s 			page 35


 1935 006f 13       		.uleb128 0x13
 1936 0070 3F       		.uleb128 0x3f
 1937 0071 19       		.uleb128 0x19
 1938 0072 02       		.uleb128 0x2
 1939 0073 18       		.uleb128 0x18
 1940 0074 00       		.byte	0
 1941 0075 00       		.byte	0
 1942 0076 00       		.byte	0
 1943              		.section	.debug_aranges,"",%progbits
 1944 0000 14000000 		.4byte	0x14
 1945 0004 0200     		.2byte	0x2
 1946 0006 00000000 		.4byte	.Ldebug_info0
 1947 000a 04       		.byte	0x4
 1948 000b 00       		.byte	0
 1949 000c 0000     		.2byte	0
 1950 000e 0000     		.2byte	0
 1951 0010 00000000 		.4byte	0
 1952 0014 00000000 		.4byte	0
 1953              		.section	.debug_line,"",%progbits
 1954              	.Ldebug_line0:
 1955 0000 3D010000 		.section	.debug_str,"MS",%progbits,1
 1955      02003701 
 1955      00000201 
 1955      FB0E0D00 
 1955      01010101 
 1956              	.LASF9:
 1957 0000 5F5F7569 		.ascii	"__uint8_t\000"
 1957      6E74385F 
 1957      7400
 1958              	.LASF16:
 1959 000a 63795F6D 		.ascii	"cy_metadata\000"
 1959      65746164 
 1959      61746100 
 1960              	.LASF1:
 1961 0016 756E7369 		.ascii	"unsigned char\000"
 1961      676E6564 
 1961      20636861 
 1961      7200
 1962              	.LASF17:
 1963 0024 474E5520 		.ascii	"GNU C11 5.4.1 20160609 (release) [ARM/embedded-5-br"
 1963      43313120 
 1963      352E342E 
 1963      31203230 
 1963      31363036 
 1964 0057 616E6368 		.ascii	"anch revision 237715] -mcpu=cortex-m3 -mthumb -g -O"
 1964      20726576 
 1964      6973696F 
 1964      6E203233 
 1964      37373135 
 1965 008a 67202D66 		.ascii	"g -ffunction-sections -ffat-lto-objects\000"
 1965      66756E63 
 1965      74696F6E 
 1965      2D736563 
 1965      74696F6E 
 1966              	.LASF5:
 1967 00b2 6C6F6E67 		.ascii	"long unsigned int\000"
 1967      20756E73 
ARM GAS  C:\Users\mgnocco\AppData\Local\Temp\cc61L3gn.s 			page 36


 1967      69676E65 
 1967      6420696E 
 1967      7400
 1968              	.LASF19:
 1969 00c4 433A5C55 		.ascii	"C:\\Users\\mgnocco\\Documents\\ControlloDiVersione\\"
 1969      73657273 
 1969      5C6D676E 
 1969      6F63636F 
 1969      5C446F63 
 1970 00f3 4C534D36 		.ascii	"LSM6DSR_LIS2MDL\\NewDesign\\LSM6DSRX+LIS2MDL.cydsn\000"
 1970      4453525F 
 1970      4C495332 
 1970      4D444C5C 
 1970      4E657744 
 1971              	.LASF3:
 1972 0124 73686F72 		.ascii	"short unsigned int\000"
 1972      7420756E 
 1972      7369676E 
 1972      65642069 
 1972      6E7400
 1973              	.LASF13:
 1974 0137 63795F6D 		.ascii	"cy_meta_custnvl\000"
 1974      6574615F 
 1974      63757374 
 1974      6E766C00 
 1975              	.LASF12:
 1976 0147 63795F6D 		.ascii	"cy_meta_configecc\000"
 1976      6574615F 
 1976      636F6E66 
 1976      69676563 
 1976      6300
 1977              	.LASF8:
 1978 0159 756E7369 		.ascii	"unsigned int\000"
 1978      676E6564 
 1978      20696E74 
 1978      00
 1979              	.LASF7:
 1980 0166 6C6F6E67 		.ascii	"long long unsigned int\000"
 1980      206C6F6E 
 1980      6720756E 
 1980      7369676E 
 1980      65642069 
 1981              	.LASF10:
 1982 017d 75696E74 		.ascii	"uint8_t\000"
 1982      385F7400 
 1983              	.LASF15:
 1984 0185 63795F6D 		.ascii	"cy_meta_flashprotect\000"
 1984      6574615F 
 1984      666C6173 
 1984      6870726F 
 1984      74656374 
 1985              	.LASF14:
 1986 019a 63795F6D 		.ascii	"cy_meta_wonvl\000"
 1986      6574615F 
 1986      776F6E76 
 1986      6C00
 1987              	.LASF11:
ARM GAS  C:\Users\mgnocco\AppData\Local\Temp\cc61L3gn.s 			page 37


 1988 01a8 73697A65 		.ascii	"sizetype\000"
 1988      74797065 
 1988      00
 1989              	.LASF6:
 1990 01b1 6C6F6E67 		.ascii	"long long int\000"
 1990      206C6F6E 
 1990      6720696E 
 1990      7400
 1991              	.LASF2:
 1992 01bf 73686F72 		.ascii	"short int\000"
 1992      7420696E 
 1992      7400
 1993              	.LASF4:
 1994 01c9 6C6F6E67 		.ascii	"long int\000"
 1994      20696E74 
 1994      00
 1995              	.LASF0:
 1996 01d2 7369676E 		.ascii	"signed char\000"
 1996      65642063 
 1996      68617200 
 1997              	.LASF18:
 1998 01de 47656E65 		.ascii	"Generated_Source\\PSoC5\\cymetadata.c\000"
 1998      72617465 
 1998      645F536F 
 1998      75726365 
 1998      5C50536F 
 1999              		.ident	"GCC: (GNU Tools for ARM Embedded Processors) 5.4.1 20160609 (release) [ARM/embedded-5-bran
