ARM GAS  C:\Users\mgnocco\AppData\Local\Temp\ccpyNx4e.s 			page 1


   1              		.syntax unified
   2              		.cpu cortex-m3
   3              		.fpu softvfp
   4              		.eabi_attribute 20, 1
   5              		.eabi_attribute 21, 1
   6              		.eabi_attribute 23, 3
   7              		.eabi_attribute 24, 1
   8              		.eabi_attribute 25, 1
   9              		.eabi_attribute 26, 1
  10              		.eabi_attribute 30, 1
  11              		.eabi_attribute 34, 1
  12              		.eabi_attribute 18, 4
  13              		.thumb
  14              		.syntax unified
  15              		.file	"source01.c"
  16              		.text
  17              	.Ltext0:
  18              		.cfi_sections	.debug_frame
  19              		.section	.text.WriteControlRegisterSPI,"ax",%progbits
  20              		.align	2
  21              		.global	WriteControlRegisterSPI
  22              		.thumb
  23              		.thumb_func
  24              		.type	WriteControlRegisterSPI, %function
  25              	WriteControlRegisterSPI:
  26              	.LFB64:
  27              		.file 1 "source01.c"
   1:source01.c    **** /* ========================================
   2:source01.c    ****  *
   3:source01.c    ****  * Copyright YOUR COMPANY, THE YEAR
   4:source01.c    ****  * All Rights Reserved
   5:source01.c    ****  * UNPUBLISHED, LICENSED SOFTWARE.
   6:source01.c    ****  *
   7:source01.c    ****  * CONFIDENTIAL AND PROPRIETARY INFORMATION
   8:source01.c    ****  * WHICH IS THE PROPERTY OF your company.
   9:source01.c    ****  *
  10:source01.c    ****  * ========================================
  11:source01.c    **** */
  12:source01.c    **** 
  13:source01.c    **** #include "header01.h"
  14:source01.c    **** #include "globals.h"
  15:source01.c    **** /********************************** *********************************************
  16:source01.c    **** * Function Name: Write Control Register
  17:source01.c    **** *********************************************************************************/
  18:source01.c    **** 
  19:source01.c    **** void WriteControlRegisterSPI(uint8 address, uint8 dta){
  28              		.loc 1 19 0
  29              		.cfi_startproc
  30              		@ args = 0, pretend = 0, frame = 0
  31              		@ frame_needed = 0, uses_anonymous_args = 0
  32              	.LVL0:
  33 0000 38B5     		push	{r3, r4, r5, lr}
  34              		.cfi_def_cfa_offset 16
  35              		.cfi_offset 3, -16
  36              		.cfi_offset 4, -12
  37              		.cfi_offset 5, -8
  38              		.cfi_offset 14, -4
ARM GAS  C:\Users\mgnocco\AppData\Local\Temp\ccpyNx4e.s 			page 2


  39 0002 0546     		mov	r5, r0
  40 0004 0C46     		mov	r4, r1
  20:source01.c    **** 	
  21:source01.c    **** 	SPI_IMU_ClearRxBuffer();
  41              		.loc 1 21 0
  42 0006 FFF7FEFF 		bl	SPI_IMU_ClearRxBuffer
  43              	.LVL1:
  22:source01.c    **** 	SPI_IMU_ClearTxBuffer();
  44              		.loc 1 22 0
  45 000a FFF7FEFF 		bl	SPI_IMU_ClearTxBuffer
  46              	.LVL2:
  23:source01.c    **** 	SPI_IMU_ClearFIFO();
  47              		.loc 1 23 0
  48 000e FFF7FEFF 		bl	SPI_IMU_ClearFIFO
  49              	.LVL3:
  24:source01.c    **** 	SPI_IMU_WriteByte(LSM6DSRX_WCR | address);
  50              		.loc 1 24 0
  51 0012 2846     		mov	r0, r5
  52 0014 FFF7FEFF 		bl	SPI_IMU_WriteTxData
  53              	.LVL4:
  54              	.L2:
  25:source01.c    **** 	while(!( SPI_IMU_ReadStatus() & SPI_IMU_STS_TX_FIFO_EMPTY));		
  55              		.loc 1 25 0 discriminator 1
  56 0018 FFF7FEFF 		bl	SPI_IMU_ReadStatus
  57              	.LVL5:
  58 001c 10F0020F 		tst	r0, #2
  59 0020 FAD0     		beq	.L2
  26:source01.c    **** 	SPI_IMU_WriteByte(dta);
  60              		.loc 1 26 0
  61 0022 2046     		mov	r0, r4
  62 0024 FFF7FEFF 		bl	SPI_IMU_WriteTxData
  63              	.LVL6:
  64              	.L3:
  27:source01.c    **** 	while(!( SPI_IMU_ReadStatus() & SPI_IMU_STS_TX_FIFO_EMPTY));
  65              		.loc 1 27 0 discriminator 1
  66 0028 FFF7FEFF 		bl	SPI_IMU_ReadStatus
  67              	.LVL7:
  68 002c 10F0020F 		tst	r0, #2
  69 0030 FAD0     		beq	.L3
  28:source01.c    **** }
  70              		.loc 1 28 0
  71 0032 38BD     		pop	{r3, r4, r5, pc}
  72              		.cfi_endproc
  73              	.LFE64:
  74              		.size	WriteControlRegisterSPI, .-WriteControlRegisterSPI
  75              		.section	.text.ReadControlRegisterSPI,"ax",%progbits
  76              		.align	2
  77              		.global	ReadControlRegisterSPI
  78              		.thumb
  79              		.thumb_func
  80              		.type	ReadControlRegisterSPI, %function
  81              	ReadControlRegisterSPI:
  82              	.LFB65:
  29:source01.c    **** 
  30:source01.c    **** /*******************************************************************************
  31:source01.c    **** * Function Name: Read Control Register
  32:source01.c    **** *********************************************************************************/
ARM GAS  C:\Users\mgnocco\AppData\Local\Temp\ccpyNx4e.s 			page 3


  33:source01.c    **** uint8 ReadControlRegisterSPI(uint8 address){
  83              		.loc 1 33 0
  84              		.cfi_startproc
  85              		@ args = 0, pretend = 0, frame = 0
  86              		@ frame_needed = 0, uses_anonymous_args = 0
  87              	.LVL8:
  88 0000 08B5     		push	{r3, lr}
  89              		.cfi_def_cfa_offset 8
  90              		.cfi_offset 3, -8
  91              		.cfi_offset 14, -4
  92              	.LVL9:
  34:source01.c    **** 	uint8 controlreg = 0;
  35:source01.c    **** 	SPI_IMU_WriteByte(LSM6DSRX_RCR | address);
  93              		.loc 1 35 0
  94 0002 40F08000 		orr	r0, r0, #128
  95              	.LVL10:
  96 0006 FFF7FEFF 		bl	SPI_IMU_WriteTxData
  97              	.LVL11:
  98              	.L6:
  36:source01.c    ****     while(!( SPI_IMU_ReadStatus() & SPI_IMU_STS_TX_FIFO_EMPTY));
  99              		.loc 1 36 0 discriminator 1
 100 000a FFF7FEFF 		bl	SPI_IMU_ReadStatus
 101              	.LVL12:
 102 000e 10F0020F 		tst	r0, #2
 103 0012 FAD0     		beq	.L6
  37:source01.c    ****     SPI_IMU_WriteByte(0x00);
 104              		.loc 1 37 0
 105 0014 0020     		movs	r0, #0
 106 0016 FFF7FEFF 		bl	SPI_IMU_WriteTxData
 107              	.LVL13:
 108              	.L7:
  38:source01.c    **** 	while(!( SPI_IMU_ReadStatus() & SPI_IMU_STS_SPI_DONE));
 109              		.loc 1 38 0 discriminator 1
 110 001a FFF7FEFF 		bl	SPI_IMU_ReadStatus
 111              	.LVL14:
 112 001e 10F0010F 		tst	r0, #1
 113 0022 FAD0     		beq	.L7
  39:source01.c    **** 	controlreg = SPI_IMU_ReadByte();        //real data
 114              		.loc 1 39 0
 115 0024 FFF7FEFF 		bl	SPI_IMU_ReadRxData
 116              	.LVL15:
  40:source01.c    **** 	return controlreg;
  41:source01.c    **** }
 117              		.loc 1 41 0
 118 0028 08BD     		pop	{r3, pc}
 119              		.cfi_endproc
 120              	.LFE65:
 121              		.size	ReadControlRegisterSPI, .-ReadControlRegisterSPI
 122 002a 00BF     		.section	.text.InitIMU,"ax",%progbits
 123              		.align	2
 124              		.global	InitIMU
 125              		.thumb
 126              		.thumb_func
 127              		.type	InitIMU, %function
 128              	InitIMU:
 129              	.LFB66:
  42:source01.c    **** 
ARM GAS  C:\Users\mgnocco\AppData\Local\Temp\ccpyNx4e.s 			page 4


  43:source01.c    **** 
  44:source01.c    **** void InitIMU() {
 130              		.loc 1 44 0
 131              		.cfi_startproc
 132              		@ args = 0, pretend = 0, frame = 0
 133              		@ frame_needed = 0, uses_anonymous_args = 0
 134 0000 08B5     		push	{r3, lr}
 135              		.cfi_def_cfa_offset 8
 136              		.cfi_offset 3, -8
 137              		.cfi_offset 14, -4
  45:source01.c    ****     InitAxelGyro();
 138              		.loc 1 45 0
 139 0002 FFF7FEFF 		bl	InitAxelGyro
 140              	.LVL16:
  46:source01.c    ****     //InitMag();
  47:source01.c    ****     WriteControlRegisterSPI(LSM6DSRX_FUNC_CFG_ACCESS,0b01000000); //Enable I2C master mode with ext
 141              		.loc 1 47 0
 142 0006 4021     		movs	r1, #64
 143 0008 0120     		movs	r0, #1
 144 000a FFF7FEFF 		bl	WriteControlRegisterSPI
 145              	.LVL17:
 146 000e 08BD     		pop	{r3, pc}
 147              		.cfi_endproc
 148              	.LFE66:
 149              		.size	InitIMU, .-InitIMU
 150              		.section	.text.OneShot_ReadRoutine1,"ax",%progbits
 151              		.align	2
 152              		.global	OneShot_ReadRoutine1
 153              		.thumb
 154              		.thumb_func
 155              		.type	OneShot_ReadRoutine1, %function
 156              	OneShot_ReadRoutine1:
 157              	.LFB67:
  48:source01.c    ****     //CyDelay(10);//Enable I2C master mode with external sensor
  49:source01.c    **** }
  50:source01.c    **** 
  51:source01.c    **** 
  52:source01.c    **** 
  53:source01.c    ****  void OneShot_ReadRoutine1(uint8 address, uint8 subaddress,uint8 slave_config){
 158              		.loc 1 53 0
 159              		.cfi_startproc
 160              		@ args = 0, pretend = 0, frame = 0
 161              		@ frame_needed = 0, uses_anonymous_args = 0
 162              	.LVL18:
 163 0000 70B5     		push	{r4, r5, r6, lr}
 164              		.cfi_def_cfa_offset 16
 165              		.cfi_offset 4, -16
 166              		.cfi_offset 5, -12
 167              		.cfi_offset 6, -8
 168              		.cfi_offset 14, -4
 169 0002 0646     		mov	r6, r0
 170 0004 0C46     		mov	r4, r1
 171 0006 1546     		mov	r5, r2
  54:source01.c    ****     uint8 XLDA;
  55:source01.c    ****     uint8 SENS_HUB_ENDOP;
  56:source01.c    ****     uint8 i;
  57:source01.c    ****  
ARM GAS  C:\Users\mgnocco\AppData\Local\Temp\ccpyNx4e.s 			page 5


  58:source01.c    ****     WriteControlRegisterSPI(LSM6DSRX_FUNC_CFG_ACCESS, 0x40);  //18ms
 172              		.loc 1 58 0
 173 0008 4021     		movs	r1, #64
 174              	.LVL19:
 175 000a 0120     		movs	r0, #1
 176              	.LVL20:
 177 000c FFF7FEFF 		bl	WriteControlRegisterSPI
 178              	.LVL21:
  59:source01.c    ****     CyDelayUs(10);
 179              		.loc 1 59 0
 180 0010 0A20     		movs	r0, #10
 181 0012 FFF7FEFF 		bl	CyDelayUs
 182              	.LVL22:
  60:source01.c    ****     WriteControlRegisterSPI(LSM6DSRX_SLV0_ADD, address | 0x01); //28ms
 183              		.loc 1 60 0
 184 0016 46F00101 		orr	r1, r6, #1
 185 001a 1520     		movs	r0, #21
 186 001c FFF7FEFF 		bl	WriteControlRegisterSPI
 187              	.LVL23:
  61:source01.c    ****     CyDelayUs(10);
 188              		.loc 1 61 0
 189 0020 0A20     		movs	r0, #10
 190 0022 FFF7FEFF 		bl	CyDelayUs
 191              	.LVL24:
  62:source01.c    ****     WriteControlRegisterSPI(LSM6DSRX_SLV0_SUBADD, subaddress); //10
 192              		.loc 1 62 0
 193 0026 2146     		mov	r1, r4
 194 0028 1620     		movs	r0, #22
 195 002a FFF7FEFF 		bl	WriteControlRegisterSPI
 196              	.LVL25:
  63:source01.c    ****     CyDelayUs(10);
 197              		.loc 1 63 0
 198 002e 0A20     		movs	r0, #10
 199 0030 FFF7FEFF 		bl	CyDelayUs
 200              	.LVL26:
  64:source01.c    ****            
  65:source01.c    ****     WriteControlRegisterSPI(LSM6DSRX_SLV0_CONFIG, slave_config); //ODR = 288Hz, FSR=+/-2g, LPF2 dis
 201              		.loc 1 65 0
 202 0034 2946     		mov	r1, r5
 203 0036 1720     		movs	r0, #23
 204 0038 FFF7FEFF 		bl	WriteControlRegisterSPI
 205              	.LVL27:
  66:source01.c    ****      CyDelayUs(10);
 206              		.loc 1 66 0
 207 003c 0A20     		movs	r0, #10
 208 003e FFF7FEFF 		bl	CyDelayUs
 209              	.LVL28:
  67:source01.c    ****     WriteControlRegisterSPI(LSM6DSRX_MASTER_CONFIG, 0x4C); //ODR = 288Hz, FSR=+/-2g, LPF2 disabled 
 210              		.loc 1 67 0
 211 0042 4C21     		movs	r1, #76
 212 0044 1420     		movs	r0, #20
 213 0046 FFF7FEFF 		bl	WriteControlRegisterSPI
 214              	.LVL29:
  68:source01.c    ****     CyDelayUs(10);  
 215              		.loc 1 68 0
 216 004a 0A20     		movs	r0, #10
 217 004c FFF7FEFF 		bl	CyDelayUs
ARM GAS  C:\Users\mgnocco\AppData\Local\Temp\ccpyNx4e.s 			page 6


 218              	.LVL30:
  69:source01.c    ****                 
  70:source01.c    ****     WriteControlRegisterSPI(LSM6DSRX_FUNC_CFG_ACCESS, 0x00);   //17
 219              		.loc 1 70 0
 220 0050 0021     		movs	r1, #0
 221 0052 0120     		movs	r0, #1
 222 0054 FFF7FEFF 		bl	WriteControlRegisterSPI
 223              	.LVL31:
  71:source01.c    ****     CyDelayUs(10); 
 224              		.loc 1 71 0
 225 0058 0A20     		movs	r0, #10
 226 005a FFF7FEFF 		bl	CyDelayUs
 227              	.LVL32:
  72:source01.c    ****     ReadControlRegisterSPI(LSM6DSRX_OUTX_H_A); //21
 228              		.loc 1 72 0
 229 005e 2920     		movs	r0, #41
 230 0060 FFF7FEFF 		bl	ReadControlRegisterSPI
 231              	.LVL33:
  73:source01.c    ****     CyDelayUs(10);
 232              		.loc 1 73 0
 233 0064 0A20     		movs	r0, #10
 234 0066 FFF7FEFF 		bl	CyDelayUs
 235              	.LVL34:
 236              	.L12:
  74:source01.c    ****     
  75:source01.c    ****         
  76:source01.c    ****     
  77:source01.c    ****     do 
  78:source01.c    ****     {
  79:source01.c    ****         XLDA = ReadControlRegisterSPI(LSM6DSRX_STATUS_REG);  //20
 237              		.loc 1 79 0 discriminator 1
 238 006a 1E20     		movs	r0, #30
 239 006c FFF7FEFF 		bl	ReadControlRegisterSPI
 240              	.LVL35:
  80:source01.c    ****                 
  81:source01.c    ****     }
  82:source01.c    ****     while ((XLDA & 0b00000001) == 0); 
 241              		.loc 1 82 0 discriminator 1
 242 0070 10F0010F 		tst	r0, #1
 243 0074 F9D0     		beq	.L12
 244              	.LVL36:
 245              	.L13:
  83:source01.c    ****     
  84:source01.c    ****      
  85:source01.c    ****     do 
  86:source01.c    ****     {
  87:source01.c    ****         SENS_HUB_ENDOP = ReadControlRegisterSPI(LSM6DSRX_STATUS_MASTER_MAINPAGE);
 246              		.loc 1 87 0 discriminator 1
 247 0076 3920     		movs	r0, #57
 248 0078 FFF7FEFF 		bl	ReadControlRegisterSPI
 249              	.LVL37:
  88:source01.c    ****          
  89:source01.c    ****     }
  90:source01.c    ****     while ((SENS_HUB_ENDOP & 0b00000001) == 0);
 250              		.loc 1 90 0 discriminator 1
 251 007c 10F0010F 		tst	r0, #1
 252 0080 F9D0     		beq	.L13
ARM GAS  C:\Users\mgnocco\AppData\Local\Temp\ccpyNx4e.s 			page 7


  91:source01.c    ****          
  92:source01.c    **** 
  93:source01.c    **** 
  94:source01.c    ****     WriteControlRegisterSPI(LSM6DSRX_FUNC_CFG_ACCESS, 0x40);   
 253              		.loc 1 94 0
 254 0082 4021     		movs	r1, #64
 255 0084 0120     		movs	r0, #1
 256              	.LVL38:
 257 0086 FFF7FEFF 		bl	WriteControlRegisterSPI
 258              	.LVL39:
  95:source01.c    ****     CyDelayUs(10);
 259              		.loc 1 95 0
 260 008a 0A20     		movs	r0, #10
 261 008c FFF7FEFF 		bl	CyDelayUs
 262              	.LVL40:
  96:source01.c    ****     WriteControlRegisterSPI(LSM6DSRX_MASTER_CONFIG, 0x08); 
 263              		.loc 1 96 0
 264 0090 0821     		movs	r1, #8
 265 0092 1420     		movs	r0, #20
 266 0094 FFF7FEFF 		bl	WriteControlRegisterSPI
 267              	.LVL41:
  97:source01.c    ****      
  98:source01.c    ****         
  99:source01.c    ****     CyDelayUs(10);
 268              		.loc 1 99 0
 269 0098 0A20     		movs	r0, #10
 270 009a FFF7FEFF 		bl	CyDelayUs
 271              	.LVL42:
 100:source01.c    ****     CyDelayUs(300);  
 272              		.loc 1 100 0
 273 009e 4FF49670 		mov	r0, #300
 274 00a2 FFF7FEFF 		bl	CyDelayUs
 275              	.LVL43:
 101:source01.c    ****       
 102:source01.c    ****     ReadControlRegisterSPI(LSM6DSRX_WHO_AM_I);  
 276              		.loc 1 102 0
 277 00a6 0F20     		movs	r0, #15
 278 00a8 FFF7FEFF 		bl	ReadControlRegisterSPI
 279              	.LVL44:
 103:source01.c    ****      CyDelayUs(10);
 280              		.loc 1 103 0
 281 00ac 0A20     		movs	r0, #10
 282 00ae FFF7FEFF 		bl	CyDelayUs
 283              	.LVL45:
 104:source01.c    **** 
 105:source01.c    ****     for (i=0; i < slave_config; i++)
 284              		.loc 1 105 0
 285 00b2 0024     		movs	r4, #0
 286 00b4 09E0     		b	.L14
 287              	.LVL46:
 288              	.L15:
 106:source01.c    ****     {
 107:source01.c    ****         Mag[i]= ReadControlRegisterSPI(SensorHub[i]);  
 289              		.loc 1 107 0 discriminator 3
 290 00b6 0D4B     		ldr	r3, .L17
 291 00b8 185D     		ldrb	r0, [r3, r4]	@ zero_extendqisi2
 292 00ba FFF7FEFF 		bl	ReadControlRegisterSPI
ARM GAS  C:\Users\mgnocco\AppData\Local\Temp\ccpyNx4e.s 			page 8


 293              	.LVL47:
 294 00be 0C4B     		ldr	r3, .L17+4
 295 00c0 1855     		strb	r0, [r3, r4]
 108:source01.c    ****         UART_PutChar(Mag[i]);
 296              		.loc 1 108 0 discriminator 3
 297 00c2 FFF7FEFF 		bl	UART_PutChar
 298              	.LVL48:
 105:source01.c    ****     {
 299              		.loc 1 105 0 discriminator 3
 300 00c6 0134     		adds	r4, r4, #1
 301              	.LVL49:
 302 00c8 E4B2     		uxtb	r4, r4
 303              	.LVL50:
 304              	.L14:
 105:source01.c    ****     {
 305              		.loc 1 105 0 is_stmt 0 discriminator 1
 306 00ca AC42     		cmp	r4, r5
 307 00cc F3D3     		bcc	.L15
 109:source01.c    ****      }
 110:source01.c    ****     WriteControlRegisterSPI(LSM6DSRX_FUNC_CFG_ACCESS, 0x00); 
 308              		.loc 1 110 0 is_stmt 1
 309 00ce 0021     		movs	r1, #0
 310 00d0 0120     		movs	r0, #1
 311 00d2 FFF7FEFF 		bl	WriteControlRegisterSPI
 312              	.LVL51:
 111:source01.c    ****       CyDelayUs(10);
 313              		.loc 1 111 0
 314 00d6 0A20     		movs	r0, #10
 315 00d8 FFF7FEFF 		bl	CyDelayUs
 316              	.LVL52:
 112:source01.c    ****     WriteControlRegisterSPI(LSM6DSRX_FUNC_CFG_ACCESS, 0x00); 
 317              		.loc 1 112 0
 318 00dc 0021     		movs	r1, #0
 319 00de 0120     		movs	r0, #1
 320 00e0 FFF7FEFF 		bl	WriteControlRegisterSPI
 321              	.LVL53:
 113:source01.c    ****     CyDelayUs(10);  
 322              		.loc 1 113 0
 323 00e4 0A20     		movs	r0, #10
 324 00e6 FFF7FEFF 		bl	CyDelayUs
 325              	.LVL54:
 326 00ea 70BD     		pop	{r4, r5, r6, pc}
 327              	.LVL55:
 328              	.L18:
 329              		.align	2
 330              	.L17:
 331 00ec 00000000 		.word	SensorHub
 332 00f0 00000000 		.word	Mag
 333              		.cfi_endproc
 334              	.LFE67:
 335              		.size	OneShot_ReadRoutine1, .-OneShot_ReadRoutine1
 336              		.section	.text.OneShot_WriteRoutine,"ax",%progbits
 337              		.align	2
 338              		.global	OneShot_WriteRoutine
 339              		.thumb
 340              		.thumb_func
 341              		.type	OneShot_WriteRoutine, %function
ARM GAS  C:\Users\mgnocco\AppData\Local\Temp\ccpyNx4e.s 			page 9


 342              	OneShot_WriteRoutine:
 343              	.LFB68:
 114:source01.c    ****         
 115:source01.c    ****     
 116:source01.c    ****     
 117:source01.c    **** }
 118:source01.c    **** 
 119:source01.c    **** 
 120:source01.c    **** /*
 121:source01.c    **** void Read( uint8 slave_config){
 122:source01.c    ****     uint8 XLDA;
 123:source01.c    ****     uint8 SENS_HUB_ENDOP;
 124:source01.c    ****     uint8 i;
 125:source01.c    ****     ReadControlRegisterSPI(LSM6DSRX_WHO_AM_I); 
 126:source01.c    ****     do 
 127:source01.c    ****     {
 128:source01.c    ****         XLDA = ReadControlRegisterSPI(LSM6DSRX_STATUS_REG);        
 129:source01.c    ****     }
 130:source01.c    ****     while ((XLDA & 0b00000001) == 0);
 131:source01.c    **** 
 132:source01.c    ****     do 
 133:source01.c    ****     {
 134:source01.c    ****         SENS_HUB_ENDOP = ReadControlRegisterSPI(LSM6DSRX_STATUS_MASTER_MAINPAGE);
 135:source01.c    ****     }
 136:source01.c    ****     while ((SENS_HUB_ENDOP & 0b00000001) == 0);
 137:source01.c    **** 
 138:source01.c    ****     WriteControlRegisterSPI(LSM6DSRX_FUNC_CFG_ACCESS, 0x40); 
 139:source01.c    ****     CyDelay(1);
 140:source01.c    ****     WriteControlRegisterSPI(LSM6DSRX_MASTER_CONFIG, 0x08); 
 141:source01.c    ****     CyDelay(1);
 142:source01.c    ****     CyDelayUs(300);   
 143:source01.c    ****     for (i=0; i < slave_config; i++)
 144:source01.c    ****     {
 145:source01.c    ****         Mag[i]= ReadControlRegisterSPI(SensorHub[i]);    
 146:source01.c    ****     }
 147:source01.c    ****     WriteControlRegisterSPI(LSM6DSRX_FUNC_CFG_ACCESS, 0x00); 
 148:source01.c    **** }
 149:source01.c    **** */
 150:source01.c    **** 
 151:source01.c    **** void OneShot_WriteRoutine (uint8 address, uint8 subaddress, uint8 data){
 344              		.loc 1 151 0
 345              		.cfi_startproc
 346              		@ args = 0, pretend = 0, frame = 0
 347              		@ frame_needed = 0, uses_anonymous_args = 0
 348              	.LVL56:
 349 0000 70B5     		push	{r4, r5, r6, lr}
 350              		.cfi_def_cfa_offset 16
 351              		.cfi_offset 4, -16
 352              		.cfi_offset 5, -12
 353              		.cfi_offset 6, -8
 354              		.cfi_offset 14, -4
 355 0002 0646     		mov	r6, r0
 356 0004 0D46     		mov	r5, r1
 357 0006 1446     		mov	r4, r2
 152:source01.c    ****     uint8 WR_ONCE_DONE;
 153:source01.c    ****     WriteControlRegisterSPI(LSM6DSRX_FUNC_CFG_ACCESS, 0x40);
 358              		.loc 1 153 0
ARM GAS  C:\Users\mgnocco\AppData\Local\Temp\ccpyNx4e.s 			page 10


 359 0008 4021     		movs	r1, #64
 360              	.LVL57:
 361 000a 0120     		movs	r0, #1
 362              	.LVL58:
 363 000c FFF7FEFF 		bl	WriteControlRegisterSPI
 364              	.LVL59:
 154:source01.c    ****     
 155:source01.c    ****     WriteControlRegisterSPI(LSM6DSRX_SLV0_ADD, address | 0x00);
 365              		.loc 1 155 0
 366 0010 3146     		mov	r1, r6
 367 0012 1520     		movs	r0, #21
 368 0014 FFF7FEFF 		bl	WriteControlRegisterSPI
 369              	.LVL60:
 156:source01.c    ****     
 157:source01.c    ****     WriteControlRegisterSPI(LSM6DSRX_SLV0_SUBADD, subaddress); 
 370              		.loc 1 157 0
 371 0018 2946     		mov	r1, r5
 372 001a 1620     		movs	r0, #22
 373 001c FFF7FEFF 		bl	WriteControlRegisterSPI
 374              	.LVL61:
 158:source01.c    ****     
 159:source01.c    ****     WriteControlRegisterSPI(LSM6DSRX_SLV0_CONFIG, 0x00); //ODR = 288Hz, FSR=+/-2g, LPF2 disabled
 375              		.loc 1 159 0
 376 0020 0021     		movs	r1, #0
 377 0022 1720     		movs	r0, #23
 378 0024 FFF7FEFF 		bl	WriteControlRegisterSPI
 379              	.LVL62:
 160:source01.c    ****     
 161:source01.c    ****      
 162:source01.c    ****     WriteControlRegisterSPI(LSM6DSRX_DATAWRITE_SLV0, data); //ODR = 288Hz, FSR=+/-2g, LPF2 disabled
 380              		.loc 1 162 0
 381 0028 2146     		mov	r1, r4
 382 002a 2120     		movs	r0, #33
 383 002c FFF7FEFF 		bl	WriteControlRegisterSPI
 384              	.LVL63:
 163:source01.c    ****     
 164:source01.c    ****     WriteControlRegisterSPI(LSM6DSRX_MASTER_CONFIG, 0x4C); //ODR = 288Hz, FSR=+/-2g, LPF2 disabled
 385              		.loc 1 164 0
 386 0030 4C21     		movs	r1, #76
 387 0032 1420     		movs	r0, #20
 388 0034 FFF7FEFF 		bl	WriteControlRegisterSPI
 389              	.LVL64:
 390              	.L20:
 165:source01.c    ****     
 166:source01.c    ****         do 
 167:source01.c    ****     {
 168:source01.c    ****         WR_ONCE_DONE = ReadControlRegisterSPI(LSM6DSRX_STATUS_MASTER);
 391              		.loc 1 168 0 discriminator 1
 392 0038 2220     		movs	r0, #34
 393 003a FFF7FEFF 		bl	ReadControlRegisterSPI
 394              	.LVL65:
 169:source01.c    ****     }
 170:source01.c    ****     while ((WR_ONCE_DONE & 0b10000000) == 0);
 395              		.loc 1 170 0 discriminator 1
 396 003e 10F0800F 		tst	r0, #128
 397 0042 F9D0     		beq	.L20
 171:source01.c    ****     
ARM GAS  C:\Users\mgnocco\AppData\Local\Temp\ccpyNx4e.s 			page 11


 172:source01.c    ****     WriteControlRegisterSPI(LSM6DSRX_MASTER_CONFIG, 0x08); 
 398              		.loc 1 172 0
 399 0044 0821     		movs	r1, #8
 400 0046 1420     		movs	r0, #20
 401              	.LVL66:
 402 0048 FFF7FEFF 		bl	WriteControlRegisterSPI
 403              	.LVL67:
 173:source01.c    ****     CyDelayUs(300);   
 404              		.loc 1 173 0
 405 004c 4FF49670 		mov	r0, #300
 406 0050 FFF7FEFF 		bl	CyDelayUs
 407              	.LVL68:
 174:source01.c    ****     WriteControlRegisterSPI(LSM6DSRX_FUNC_CFG_ACCESS, 0x00); 
 408              		.loc 1 174 0
 409 0054 0021     		movs	r1, #0
 410 0056 0120     		movs	r0, #1
 411 0058 FFF7FEFF 		bl	WriteControlRegisterSPI
 412              	.LVL69:
 413 005c 70BD     		pop	{r4, r5, r6, pc}
 414              		.cfi_endproc
 415              	.LFE68:
 416              		.size	OneShot_WriteRoutine, .-OneShot_WriteRoutine
 417 005e 00BF     		.text
 418              	.Letext0:
 419              		.file 2 "c:\\program files (x86)\\cypress\\psoc creator\\4.4\\psoc creator\\import\\gnu\\arm\\5.4.
 420              		.file 3 "c:\\program files (x86)\\cypress\\psoc creator\\4.4\\psoc creator\\import\\gnu\\arm\\5.4.
 421              		.file 4 "Generated_Source\\PSoC5/cytypes.h"
 422              		.file 5 "Generated_Source\\PSoC5/core_cm3.h"
 423              		.file 6 "header01.h"
 424              		.file 7 "Generated_Source\\PSoC5/SPI_IMU.h"
 425              		.file 8 "Generated_Source\\PSoC5/CyLib.h"
 426              		.file 9 "Generated_Source\\PSoC5/UART.h"
 427              		.file 10 "globals.h"
 428              		.section	.debug_info,"",%progbits
 429              	.Ldebug_info0:
 430 0000 6C060000 		.4byte	0x66c
 431 0004 0400     		.2byte	0x4
 432 0006 00000000 		.4byte	.Ldebug_abbrev0
 433 000a 04       		.byte	0x4
 434 000b 01       		.uleb128 0x1
 435 000c A9000000 		.4byte	.LASF39
 436 0010 0C       		.byte	0xc
 437 0011 7E020000 		.4byte	.LASF40
 438 0015 49010000 		.4byte	.LASF41
 439 0019 00000000 		.4byte	.Ldebug_ranges0+0
 440 001d 00000000 		.4byte	0
 441 0021 00000000 		.4byte	.Ldebug_line0
 442 0025 02       		.uleb128 0x2
 443 0026 01       		.byte	0x1
 444 0027 06       		.byte	0x6
 445 0028 15030000 		.4byte	.LASF0
 446 002c 02       		.uleb128 0x2
 447 002d 01       		.byte	0x1
 448 002e 08       		.byte	0x8
 449 002f 9B000000 		.4byte	.LASF1
 450 0033 02       		.uleb128 0x2
 451 0034 02       		.byte	0x2
ARM GAS  C:\Users\mgnocco\AppData\Local\Temp\ccpyNx4e.s 			page 12


 452 0035 05       		.byte	0x5
 453 0036 DF020000 		.4byte	.LASF2
 454 003a 02       		.uleb128 0x2
 455 003b 02       		.byte	0x2
 456 003c 07       		.byte	0x7
 457 003d A9010000 		.4byte	.LASF3
 458 0041 03       		.uleb128 0x3
 459 0042 4A000000 		.4byte	.LASF9
 460 0046 02       		.byte	0x2
 461 0047 3F       		.byte	0x3f
 462 0048 4C000000 		.4byte	0x4c
 463 004c 02       		.uleb128 0x2
 464 004d 04       		.byte	0x4
 465 004e 05       		.byte	0x5
 466 004f 5F000000 		.4byte	.LASF4
 467 0053 02       		.uleb128 0x2
 468 0054 04       		.byte	0x4
 469 0055 07       		.byte	0x7
 470 0056 37010000 		.4byte	.LASF5
 471 005a 02       		.uleb128 0x2
 472 005b 08       		.byte	0x8
 473 005c 05       		.byte	0x5
 474 005d B9020000 		.4byte	.LASF6
 475 0061 02       		.uleb128 0x2
 476 0062 08       		.byte	0x8
 477 0063 07       		.byte	0x7
 478 0064 67020000 		.4byte	.LASF7
 479 0068 04       		.uleb128 0x4
 480 0069 04       		.byte	0x4
 481 006a 05       		.byte	0x5
 482 006b 696E7400 		.ascii	"int\000"
 483 006f 02       		.uleb128 0x2
 484 0070 04       		.byte	0x4
 485 0071 07       		.byte	0x7
 486 0072 45020000 		.4byte	.LASF8
 487 0076 03       		.uleb128 0x3
 488 0077 85000000 		.4byte	.LASF10
 489 007b 03       		.byte	0x3
 490 007c 2C       		.byte	0x2c
 491 007d 41000000 		.4byte	0x41
 492 0081 05       		.uleb128 0x5
 493 0082 FE020000 		.4byte	.LASF11
 494 0086 04       		.byte	0x4
 495 0087 E901     		.2byte	0x1e9
 496 0089 2C000000 		.4byte	0x2c
 497 008d 02       		.uleb128 0x2
 498 008e 04       		.byte	0x4
 499 008f 04       		.byte	0x4
 500 0090 8D000000 		.4byte	.LASF12
 501 0094 02       		.uleb128 0x2
 502 0095 08       		.byte	0x8
 503 0096 04       		.byte	0x4
 504 0097 F3010000 		.4byte	.LASF13
 505 009b 02       		.uleb128 0x2
 506 009c 01       		.byte	0x1
 507 009d 08       		.byte	0x8
 508 009e C7020000 		.4byte	.LASF14
ARM GAS  C:\Users\mgnocco\AppData\Local\Temp\ccpyNx4e.s 			page 13


 509 00a2 02       		.uleb128 0x2
 510 00a3 08       		.byte	0x8
 511 00a4 04       		.byte	0x4
 512 00a5 09030000 		.4byte	.LASF15
 513 00a9 02       		.uleb128 0x2
 514 00aa 04       		.byte	0x4
 515 00ab 07       		.byte	0x7
 516 00ac B0020000 		.4byte	.LASF16
 517 00b0 06       		.uleb128 0x6
 518 00b1 68000000 		.4byte	.LASF18
 519 00b5 01       		.byte	0x1
 520 00b6 13       		.byte	0x13
 521 00b7 00000000 		.4byte	.LFB64
 522 00bb 34000000 		.4byte	.LFE64-.LFB64
 523 00bf 01       		.uleb128 0x1
 524 00c0 9C       		.byte	0x9c
 525 00c1 39010000 		.4byte	0x139
 526 00c5 07       		.uleb128 0x7
 527 00c6 5F020000 		.4byte	.LASF17
 528 00ca 01       		.byte	0x1
 529 00cb 13       		.byte	0x13
 530 00cc 81000000 		.4byte	0x81
 531 00d0 00000000 		.4byte	.LLST0
 532 00d4 08       		.uleb128 0x8
 533 00d5 64746100 		.ascii	"dta\000"
 534 00d9 01       		.byte	0x1
 535 00da 13       		.byte	0x13
 536 00db 81000000 		.4byte	0x81
 537 00df 21000000 		.4byte	.LLST1
 538 00e3 09       		.uleb128 0x9
 539 00e4 0A000000 		.4byte	.LVL1
 540 00e8 0B060000 		.4byte	0x60b
 541 00ec 09       		.uleb128 0x9
 542 00ed 0E000000 		.4byte	.LVL2
 543 00f1 16060000 		.4byte	0x616
 544 00f5 09       		.uleb128 0x9
 545 00f6 12000000 		.4byte	.LVL3
 546 00fa 21060000 		.4byte	0x621
 547 00fe 0A       		.uleb128 0xa
 548 00ff 18000000 		.4byte	.LVL4
 549 0103 2C060000 		.4byte	0x62c
 550 0107 12010000 		.4byte	0x112
 551 010b 0B       		.uleb128 0xb
 552 010c 01       		.uleb128 0x1
 553 010d 50       		.byte	0x50
 554 010e 02       		.uleb128 0x2
 555 010f 75       		.byte	0x75
 556 0110 00       		.sleb128 0
 557 0111 00       		.byte	0
 558 0112 09       		.uleb128 0x9
 559 0113 1C000000 		.4byte	.LVL5
 560 0117 37060000 		.4byte	0x637
 561 011b 0A       		.uleb128 0xa
 562 011c 28000000 		.4byte	.LVL6
 563 0120 2C060000 		.4byte	0x62c
 564 0124 2F010000 		.4byte	0x12f
 565 0128 0B       		.uleb128 0xb
ARM GAS  C:\Users\mgnocco\AppData\Local\Temp\ccpyNx4e.s 			page 14


 566 0129 01       		.uleb128 0x1
 567 012a 50       		.byte	0x50
 568 012b 02       		.uleb128 0x2
 569 012c 74       		.byte	0x74
 570 012d 00       		.sleb128 0
 571 012e 00       		.byte	0
 572 012f 09       		.uleb128 0x9
 573 0130 2C000000 		.4byte	.LVL7
 574 0134 37060000 		.4byte	0x637
 575 0138 00       		.byte	0
 576 0139 0C       		.uleb128 0xc
 577 013a 2E020000 		.4byte	.LASF42
 578 013e 01       		.byte	0x1
 579 013f 21       		.byte	0x21
 580 0140 81000000 		.4byte	0x81
 581 0144 00000000 		.4byte	.LFB65
 582 0148 2A000000 		.4byte	.LFE65-.LFB65
 583 014c 01       		.uleb128 0x1
 584 014d 9C       		.byte	0x9c
 585 014e A8010000 		.4byte	0x1a8
 586 0152 07       		.uleb128 0x7
 587 0153 5F020000 		.4byte	.LASF17
 588 0157 01       		.byte	0x1
 589 0158 21       		.byte	0x21
 590 0159 81000000 		.4byte	0x81
 591 015d 42000000 		.4byte	.LLST2
 592 0161 0D       		.uleb128 0xd
 593 0162 54000000 		.4byte	.LASF22
 594 0166 01       		.byte	0x1
 595 0167 22       		.byte	0x22
 596 0168 81000000 		.4byte	0x81
 597 016c 63000000 		.4byte	.LLST3
 598 0170 09       		.uleb128 0x9
 599 0171 0A000000 		.4byte	.LVL11
 600 0175 2C060000 		.4byte	0x62c
 601 0179 09       		.uleb128 0x9
 602 017a 0E000000 		.4byte	.LVL12
 603 017e 37060000 		.4byte	0x637
 604 0182 0A       		.uleb128 0xa
 605 0183 1A000000 		.4byte	.LVL13
 606 0187 2C060000 		.4byte	0x62c
 607 018b 95010000 		.4byte	0x195
 608 018f 0B       		.uleb128 0xb
 609 0190 01       		.uleb128 0x1
 610 0191 50       		.byte	0x50
 611 0192 01       		.uleb128 0x1
 612 0193 30       		.byte	0x30
 613 0194 00       		.byte	0
 614 0195 09       		.uleb128 0x9
 615 0196 1E000000 		.4byte	.LVL14
 616 019a 37060000 		.4byte	0x637
 617 019e 09       		.uleb128 0x9
 618 019f 28000000 		.4byte	.LVL15
 619 01a3 43060000 		.4byte	0x643
 620 01a7 00       		.byte	0
 621 01a8 0E       		.uleb128 0xe
 622 01a9 93000000 		.4byte	.LASF43
ARM GAS  C:\Users\mgnocco\AppData\Local\Temp\ccpyNx4e.s 			page 15


 623 01ad 01       		.byte	0x1
 624 01ae 2C       		.byte	0x2c
 625 01af 00000000 		.4byte	.LFB66
 626 01b3 10000000 		.4byte	.LFE66-.LFB66
 627 01b7 01       		.uleb128 0x1
 628 01b8 9C       		.byte	0x9c
 629 01b9 DC010000 		.4byte	0x1dc
 630 01bd 09       		.uleb128 0x9
 631 01be 06000000 		.4byte	.LVL16
 632 01c2 4E060000 		.4byte	0x64e
 633 01c6 0F       		.uleb128 0xf
 634 01c7 0E000000 		.4byte	.LVL17
 635 01cb B0000000 		.4byte	0xb0
 636 01cf 0B       		.uleb128 0xb
 637 01d0 01       		.uleb128 0x1
 638 01d1 50       		.byte	0x50
 639 01d2 01       		.uleb128 0x1
 640 01d3 31       		.byte	0x31
 641 01d4 0B       		.uleb128 0xb
 642 01d5 01       		.uleb128 0x1
 643 01d6 51       		.byte	0x51
 644 01d7 02       		.uleb128 0x2
 645 01d8 08       		.byte	0x8
 646 01d9 40       		.byte	0x40
 647 01da 00       		.byte	0
 648 01db 00       		.byte	0
 649 01dc 06       		.uleb128 0x6
 650 01dd 04020000 		.4byte	.LASF19
 651 01e1 01       		.byte	0x1
 652 01e2 35       		.byte	0x35
 653 01e3 00000000 		.4byte	.LFB67
 654 01e7 F4000000 		.4byte	.LFE67-.LFB67
 655 01eb 01       		.uleb128 0x1
 656 01ec 9C       		.byte	0x9c
 657 01ed 97040000 		.4byte	0x497
 658 01f1 07       		.uleb128 0x7
 659 01f2 5F020000 		.4byte	.LASF17
 660 01f6 01       		.byte	0x1
 661 01f7 35       		.byte	0x35
 662 01f8 81000000 		.4byte	0x81
 663 01fc 82000000 		.4byte	.LLST4
 664 0200 07       		.uleb128 0x7
 665 0201 23020000 		.4byte	.LASF20
 666 0205 01       		.byte	0x1
 667 0206 35       		.byte	0x35
 668 0207 81000000 		.4byte	0x81
 669 020b A3000000 		.4byte	.LLST5
 670 020f 07       		.uleb128 0x7
 671 0210 96020000 		.4byte	.LASF21
 672 0214 01       		.byte	0x1
 673 0215 35       		.byte	0x35
 674 0216 81000000 		.4byte	0x81
 675 021a C4000000 		.4byte	.LLST6
 676 021e 0D       		.uleb128 0xd
 677 021f 04030000 		.4byte	.LASF23
 678 0223 01       		.byte	0x1
 679 0224 36       		.byte	0x36
ARM GAS  C:\Users\mgnocco\AppData\Local\Temp\ccpyNx4e.s 			page 16


 680 0225 81000000 		.4byte	0x81
 681 0229 E5000000 		.4byte	.LLST7
 682 022d 0D       		.uleb128 0xd
 683 022e 12000000 		.4byte	.LASF24
 684 0232 01       		.byte	0x1
 685 0233 37       		.byte	0x37
 686 0234 81000000 		.4byte	0x81
 687 0238 F8000000 		.4byte	.LLST8
 688 023c 10       		.uleb128 0x10
 689 023d 6900     		.ascii	"i\000"
 690 023f 01       		.byte	0x1
 691 0240 38       		.byte	0x38
 692 0241 81000000 		.4byte	0x81
 693 0245 0B010000 		.4byte	.LLST9
 694 0249 0A       		.uleb128 0xa
 695 024a 10000000 		.4byte	.LVL21
 696 024e B0000000 		.4byte	0xb0
 697 0252 62020000 		.4byte	0x262
 698 0256 0B       		.uleb128 0xb
 699 0257 01       		.uleb128 0x1
 700 0258 50       		.byte	0x50
 701 0259 01       		.uleb128 0x1
 702 025a 31       		.byte	0x31
 703 025b 0B       		.uleb128 0xb
 704 025c 01       		.uleb128 0x1
 705 025d 51       		.byte	0x51
 706 025e 02       		.uleb128 0x2
 707 025f 08       		.byte	0x8
 708 0260 40       		.byte	0x40
 709 0261 00       		.byte	0
 710 0262 0A       		.uleb128 0xa
 711 0263 16000000 		.4byte	.LVL22
 712 0267 59060000 		.4byte	0x659
 713 026b 75020000 		.4byte	0x275
 714 026f 0B       		.uleb128 0xb
 715 0270 01       		.uleb128 0x1
 716 0271 50       		.byte	0x50
 717 0272 01       		.uleb128 0x1
 718 0273 3A       		.byte	0x3a
 719 0274 00       		.byte	0
 720 0275 0A       		.uleb128 0xa
 721 0276 20000000 		.4byte	.LVL23
 722 027a B0000000 		.4byte	0xb0
 723 027e 90020000 		.4byte	0x290
 724 0282 0B       		.uleb128 0xb
 725 0283 01       		.uleb128 0x1
 726 0284 50       		.byte	0x50
 727 0285 01       		.uleb128 0x1
 728 0286 45       		.byte	0x45
 729 0287 0B       		.uleb128 0xb
 730 0288 01       		.uleb128 0x1
 731 0289 51       		.byte	0x51
 732 028a 04       		.uleb128 0x4
 733 028b 76       		.byte	0x76
 734 028c 00       		.sleb128 0
 735 028d 31       		.byte	0x31
 736 028e 21       		.byte	0x21
ARM GAS  C:\Users\mgnocco\AppData\Local\Temp\ccpyNx4e.s 			page 17


 737 028f 00       		.byte	0
 738 0290 0A       		.uleb128 0xa
 739 0291 26000000 		.4byte	.LVL24
 740 0295 59060000 		.4byte	0x659
 741 0299 A3020000 		.4byte	0x2a3
 742 029d 0B       		.uleb128 0xb
 743 029e 01       		.uleb128 0x1
 744 029f 50       		.byte	0x50
 745 02a0 01       		.uleb128 0x1
 746 02a1 3A       		.byte	0x3a
 747 02a2 00       		.byte	0
 748 02a3 0A       		.uleb128 0xa
 749 02a4 2E000000 		.4byte	.LVL25
 750 02a8 B0000000 		.4byte	0xb0
 751 02ac BC020000 		.4byte	0x2bc
 752 02b0 0B       		.uleb128 0xb
 753 02b1 01       		.uleb128 0x1
 754 02b2 50       		.byte	0x50
 755 02b3 01       		.uleb128 0x1
 756 02b4 46       		.byte	0x46
 757 02b5 0B       		.uleb128 0xb
 758 02b6 01       		.uleb128 0x1
 759 02b7 51       		.byte	0x51
 760 02b8 02       		.uleb128 0x2
 761 02b9 74       		.byte	0x74
 762 02ba 00       		.sleb128 0
 763 02bb 00       		.byte	0
 764 02bc 0A       		.uleb128 0xa
 765 02bd 34000000 		.4byte	.LVL26
 766 02c1 59060000 		.4byte	0x659
 767 02c5 CF020000 		.4byte	0x2cf
 768 02c9 0B       		.uleb128 0xb
 769 02ca 01       		.uleb128 0x1
 770 02cb 50       		.byte	0x50
 771 02cc 01       		.uleb128 0x1
 772 02cd 3A       		.byte	0x3a
 773 02ce 00       		.byte	0
 774 02cf 0A       		.uleb128 0xa
 775 02d0 3C000000 		.4byte	.LVL27
 776 02d4 B0000000 		.4byte	0xb0
 777 02d8 E8020000 		.4byte	0x2e8
 778 02dc 0B       		.uleb128 0xb
 779 02dd 01       		.uleb128 0x1
 780 02de 50       		.byte	0x50
 781 02df 01       		.uleb128 0x1
 782 02e0 47       		.byte	0x47
 783 02e1 0B       		.uleb128 0xb
 784 02e2 01       		.uleb128 0x1
 785 02e3 51       		.byte	0x51
 786 02e4 02       		.uleb128 0x2
 787 02e5 75       		.byte	0x75
 788 02e6 00       		.sleb128 0
 789 02e7 00       		.byte	0
 790 02e8 0A       		.uleb128 0xa
 791 02e9 42000000 		.4byte	.LVL28
 792 02ed 59060000 		.4byte	0x659
 793 02f1 FB020000 		.4byte	0x2fb
ARM GAS  C:\Users\mgnocco\AppData\Local\Temp\ccpyNx4e.s 			page 18


 794 02f5 0B       		.uleb128 0xb
 795 02f6 01       		.uleb128 0x1
 796 02f7 50       		.byte	0x50
 797 02f8 01       		.uleb128 0x1
 798 02f9 3A       		.byte	0x3a
 799 02fa 00       		.byte	0
 800 02fb 0A       		.uleb128 0xa
 801 02fc 4A000000 		.4byte	.LVL29
 802 0300 B0000000 		.4byte	0xb0
 803 0304 14030000 		.4byte	0x314
 804 0308 0B       		.uleb128 0xb
 805 0309 01       		.uleb128 0x1
 806 030a 50       		.byte	0x50
 807 030b 01       		.uleb128 0x1
 808 030c 44       		.byte	0x44
 809 030d 0B       		.uleb128 0xb
 810 030e 01       		.uleb128 0x1
 811 030f 51       		.byte	0x51
 812 0310 02       		.uleb128 0x2
 813 0311 08       		.byte	0x8
 814 0312 4C       		.byte	0x4c
 815 0313 00       		.byte	0
 816 0314 0A       		.uleb128 0xa
 817 0315 50000000 		.4byte	.LVL30
 818 0319 59060000 		.4byte	0x659
 819 031d 27030000 		.4byte	0x327
 820 0321 0B       		.uleb128 0xb
 821 0322 01       		.uleb128 0x1
 822 0323 50       		.byte	0x50
 823 0324 01       		.uleb128 0x1
 824 0325 3A       		.byte	0x3a
 825 0326 00       		.byte	0
 826 0327 0A       		.uleb128 0xa
 827 0328 58000000 		.4byte	.LVL31
 828 032c B0000000 		.4byte	0xb0
 829 0330 3F030000 		.4byte	0x33f
 830 0334 0B       		.uleb128 0xb
 831 0335 01       		.uleb128 0x1
 832 0336 50       		.byte	0x50
 833 0337 01       		.uleb128 0x1
 834 0338 31       		.byte	0x31
 835 0339 0B       		.uleb128 0xb
 836 033a 01       		.uleb128 0x1
 837 033b 51       		.byte	0x51
 838 033c 01       		.uleb128 0x1
 839 033d 30       		.byte	0x30
 840 033e 00       		.byte	0
 841 033f 0A       		.uleb128 0xa
 842 0340 5E000000 		.4byte	.LVL32
 843 0344 59060000 		.4byte	0x659
 844 0348 52030000 		.4byte	0x352
 845 034c 0B       		.uleb128 0xb
 846 034d 01       		.uleb128 0x1
 847 034e 50       		.byte	0x50
 848 034f 01       		.uleb128 0x1
 849 0350 3A       		.byte	0x3a
 850 0351 00       		.byte	0
ARM GAS  C:\Users\mgnocco\AppData\Local\Temp\ccpyNx4e.s 			page 19


 851 0352 0A       		.uleb128 0xa
 852 0353 64000000 		.4byte	.LVL33
 853 0357 39010000 		.4byte	0x139
 854 035b 66030000 		.4byte	0x366
 855 035f 0B       		.uleb128 0xb
 856 0360 01       		.uleb128 0x1
 857 0361 50       		.byte	0x50
 858 0362 02       		.uleb128 0x2
 859 0363 08       		.byte	0x8
 860 0364 29       		.byte	0x29
 861 0365 00       		.byte	0
 862 0366 0A       		.uleb128 0xa
 863 0367 6A000000 		.4byte	.LVL34
 864 036b 59060000 		.4byte	0x659
 865 036f 79030000 		.4byte	0x379
 866 0373 0B       		.uleb128 0xb
 867 0374 01       		.uleb128 0x1
 868 0375 50       		.byte	0x50
 869 0376 01       		.uleb128 0x1
 870 0377 3A       		.byte	0x3a
 871 0378 00       		.byte	0
 872 0379 0A       		.uleb128 0xa
 873 037a 70000000 		.4byte	.LVL35
 874 037e 39010000 		.4byte	0x139
 875 0382 8C030000 		.4byte	0x38c
 876 0386 0B       		.uleb128 0xb
 877 0387 01       		.uleb128 0x1
 878 0388 50       		.byte	0x50
 879 0389 01       		.uleb128 0x1
 880 038a 4E       		.byte	0x4e
 881 038b 00       		.byte	0
 882 038c 0A       		.uleb128 0xa
 883 038d 7C000000 		.4byte	.LVL37
 884 0391 39010000 		.4byte	0x139
 885 0395 A0030000 		.4byte	0x3a0
 886 0399 0B       		.uleb128 0xb
 887 039a 01       		.uleb128 0x1
 888 039b 50       		.byte	0x50
 889 039c 02       		.uleb128 0x2
 890 039d 08       		.byte	0x8
 891 039e 39       		.byte	0x39
 892 039f 00       		.byte	0
 893 03a0 0A       		.uleb128 0xa
 894 03a1 8A000000 		.4byte	.LVL39
 895 03a5 B0000000 		.4byte	0xb0
 896 03a9 B9030000 		.4byte	0x3b9
 897 03ad 0B       		.uleb128 0xb
 898 03ae 01       		.uleb128 0x1
 899 03af 50       		.byte	0x50
 900 03b0 01       		.uleb128 0x1
 901 03b1 31       		.byte	0x31
 902 03b2 0B       		.uleb128 0xb
 903 03b3 01       		.uleb128 0x1
 904 03b4 51       		.byte	0x51
 905 03b5 02       		.uleb128 0x2
 906 03b6 08       		.byte	0x8
 907 03b7 40       		.byte	0x40
ARM GAS  C:\Users\mgnocco\AppData\Local\Temp\ccpyNx4e.s 			page 20


 908 03b8 00       		.byte	0
 909 03b9 0A       		.uleb128 0xa
 910 03ba 90000000 		.4byte	.LVL40
 911 03be 59060000 		.4byte	0x659
 912 03c2 CC030000 		.4byte	0x3cc
 913 03c6 0B       		.uleb128 0xb
 914 03c7 01       		.uleb128 0x1
 915 03c8 50       		.byte	0x50
 916 03c9 01       		.uleb128 0x1
 917 03ca 3A       		.byte	0x3a
 918 03cb 00       		.byte	0
 919 03cc 0A       		.uleb128 0xa
 920 03cd 98000000 		.4byte	.LVL41
 921 03d1 B0000000 		.4byte	0xb0
 922 03d5 E4030000 		.4byte	0x3e4
 923 03d9 0B       		.uleb128 0xb
 924 03da 01       		.uleb128 0x1
 925 03db 50       		.byte	0x50
 926 03dc 01       		.uleb128 0x1
 927 03dd 44       		.byte	0x44
 928 03de 0B       		.uleb128 0xb
 929 03df 01       		.uleb128 0x1
 930 03e0 51       		.byte	0x51
 931 03e1 01       		.uleb128 0x1
 932 03e2 38       		.byte	0x38
 933 03e3 00       		.byte	0
 934 03e4 0A       		.uleb128 0xa
 935 03e5 9E000000 		.4byte	.LVL42
 936 03e9 59060000 		.4byte	0x659
 937 03ed F7030000 		.4byte	0x3f7
 938 03f1 0B       		.uleb128 0xb
 939 03f2 01       		.uleb128 0x1
 940 03f3 50       		.byte	0x50
 941 03f4 01       		.uleb128 0x1
 942 03f5 3A       		.byte	0x3a
 943 03f6 00       		.byte	0
 944 03f7 0A       		.uleb128 0xa
 945 03f8 A6000000 		.4byte	.LVL43
 946 03fc 59060000 		.4byte	0x659
 947 0400 0C040000 		.4byte	0x40c
 948 0404 0B       		.uleb128 0xb
 949 0405 01       		.uleb128 0x1
 950 0406 50       		.byte	0x50
 951 0407 03       		.uleb128 0x3
 952 0408 0A       		.byte	0xa
 953 0409 2C01     		.2byte	0x12c
 954 040b 00       		.byte	0
 955 040c 0A       		.uleb128 0xa
 956 040d AC000000 		.4byte	.LVL44
 957 0411 39010000 		.4byte	0x139
 958 0415 1F040000 		.4byte	0x41f
 959 0419 0B       		.uleb128 0xb
 960 041a 01       		.uleb128 0x1
 961 041b 50       		.byte	0x50
 962 041c 01       		.uleb128 0x1
 963 041d 3F       		.byte	0x3f
 964 041e 00       		.byte	0
ARM GAS  C:\Users\mgnocco\AppData\Local\Temp\ccpyNx4e.s 			page 21


 965 041f 0A       		.uleb128 0xa
 966 0420 B2000000 		.4byte	.LVL45
 967 0424 59060000 		.4byte	0x659
 968 0428 32040000 		.4byte	0x432
 969 042c 0B       		.uleb128 0xb
 970 042d 01       		.uleb128 0x1
 971 042e 50       		.byte	0x50
 972 042f 01       		.uleb128 0x1
 973 0430 3A       		.byte	0x3a
 974 0431 00       		.byte	0
 975 0432 09       		.uleb128 0x9
 976 0433 BE000000 		.4byte	.LVL47
 977 0437 39010000 		.4byte	0x139
 978 043b 09       		.uleb128 0x9
 979 043c C6000000 		.4byte	.LVL48
 980 0440 64060000 		.4byte	0x664
 981 0444 0A       		.uleb128 0xa
 982 0445 D6000000 		.4byte	.LVL51
 983 0449 B0000000 		.4byte	0xb0
 984 044d 5C040000 		.4byte	0x45c
 985 0451 0B       		.uleb128 0xb
 986 0452 01       		.uleb128 0x1
 987 0453 50       		.byte	0x50
 988 0454 01       		.uleb128 0x1
 989 0455 31       		.byte	0x31
 990 0456 0B       		.uleb128 0xb
 991 0457 01       		.uleb128 0x1
 992 0458 51       		.byte	0x51
 993 0459 01       		.uleb128 0x1
 994 045a 30       		.byte	0x30
 995 045b 00       		.byte	0
 996 045c 0A       		.uleb128 0xa
 997 045d DC000000 		.4byte	.LVL52
 998 0461 59060000 		.4byte	0x659
 999 0465 6F040000 		.4byte	0x46f
 1000 0469 0B       		.uleb128 0xb
 1001 046a 01       		.uleb128 0x1
 1002 046b 50       		.byte	0x50
 1003 046c 01       		.uleb128 0x1
 1004 046d 3A       		.byte	0x3a
 1005 046e 00       		.byte	0
 1006 046f 0A       		.uleb128 0xa
 1007 0470 E4000000 		.4byte	.LVL53
 1008 0474 B0000000 		.4byte	0xb0
 1009 0478 87040000 		.4byte	0x487
 1010 047c 0B       		.uleb128 0xb
 1011 047d 01       		.uleb128 0x1
 1012 047e 50       		.byte	0x50
 1013 047f 01       		.uleb128 0x1
 1014 0480 31       		.byte	0x31
 1015 0481 0B       		.uleb128 0xb
 1016 0482 01       		.uleb128 0x1
 1017 0483 51       		.byte	0x51
 1018 0484 01       		.uleb128 0x1
 1019 0485 30       		.byte	0x30
 1020 0486 00       		.byte	0
 1021 0487 0F       		.uleb128 0xf
ARM GAS  C:\Users\mgnocco\AppData\Local\Temp\ccpyNx4e.s 			page 22


 1022 0488 EA000000 		.4byte	.LVL54
 1023 048c 59060000 		.4byte	0x659
 1024 0490 0B       		.uleb128 0xb
 1025 0491 01       		.uleb128 0x1
 1026 0492 50       		.byte	0x50
 1027 0493 01       		.uleb128 0x1
 1028 0494 3A       		.byte	0x3a
 1029 0495 00       		.byte	0
 1030 0496 00       		.byte	0
 1031 0497 06       		.uleb128 0x6
 1032 0498 E9020000 		.4byte	.LASF25
 1033 049c 01       		.byte	0x1
 1034 049d 97       		.byte	0x97
 1035 049e 00000000 		.4byte	.LFB68
 1036 04a2 5E000000 		.4byte	.LFE68-.LFB68
 1037 04a6 01       		.uleb128 0x1
 1038 04a7 9C       		.byte	0x9c
 1039 04a8 D4050000 		.4byte	0x5d4
 1040 04ac 07       		.uleb128 0x7
 1041 04ad 5F020000 		.4byte	.LASF17
 1042 04b1 01       		.byte	0x1
 1043 04b2 97       		.byte	0x97
 1044 04b3 81000000 		.4byte	0x81
 1045 04b7 35010000 		.4byte	.LLST10
 1046 04bb 07       		.uleb128 0x7
 1047 04bc 23020000 		.4byte	.LASF20
 1048 04c0 01       		.byte	0x1
 1049 04c1 97       		.byte	0x97
 1050 04c2 81000000 		.4byte	0x81
 1051 04c6 56010000 		.4byte	.LLST11
 1052 04ca 07       		.uleb128 0x7
 1053 04cb 80000000 		.4byte	.LASF26
 1054 04cf 01       		.byte	0x1
 1055 04d0 97       		.byte	0x97
 1056 04d1 81000000 		.4byte	0x81
 1057 04d5 77010000 		.4byte	.LLST12
 1058 04d9 0D       		.uleb128 0xd
 1059 04da 89020000 		.4byte	.LASF27
 1060 04de 01       		.byte	0x1
 1061 04df 98       		.byte	0x98
 1062 04e0 81000000 		.4byte	0x81
 1063 04e4 98010000 		.4byte	.LLST13
 1064 04e8 0A       		.uleb128 0xa
 1065 04e9 10000000 		.4byte	.LVL59
 1066 04ed B0000000 		.4byte	0xb0
 1067 04f1 01050000 		.4byte	0x501
 1068 04f5 0B       		.uleb128 0xb
 1069 04f6 01       		.uleb128 0x1
 1070 04f7 50       		.byte	0x50
 1071 04f8 01       		.uleb128 0x1
 1072 04f9 31       		.byte	0x31
 1073 04fa 0B       		.uleb128 0xb
 1074 04fb 01       		.uleb128 0x1
 1075 04fc 51       		.byte	0x51
 1076 04fd 02       		.uleb128 0x2
 1077 04fe 08       		.byte	0x8
 1078 04ff 40       		.byte	0x40
ARM GAS  C:\Users\mgnocco\AppData\Local\Temp\ccpyNx4e.s 			page 23


 1079 0500 00       		.byte	0
 1080 0501 0A       		.uleb128 0xa
 1081 0502 18000000 		.4byte	.LVL60
 1082 0506 B0000000 		.4byte	0xb0
 1083 050a 1A050000 		.4byte	0x51a
 1084 050e 0B       		.uleb128 0xb
 1085 050f 01       		.uleb128 0x1
 1086 0510 50       		.byte	0x50
 1087 0511 01       		.uleb128 0x1
 1088 0512 45       		.byte	0x45
 1089 0513 0B       		.uleb128 0xb
 1090 0514 01       		.uleb128 0x1
 1091 0515 51       		.byte	0x51
 1092 0516 02       		.uleb128 0x2
 1093 0517 76       		.byte	0x76
 1094 0518 00       		.sleb128 0
 1095 0519 00       		.byte	0
 1096 051a 0A       		.uleb128 0xa
 1097 051b 20000000 		.4byte	.LVL61
 1098 051f B0000000 		.4byte	0xb0
 1099 0523 33050000 		.4byte	0x533
 1100 0527 0B       		.uleb128 0xb
 1101 0528 01       		.uleb128 0x1
 1102 0529 50       		.byte	0x50
 1103 052a 01       		.uleb128 0x1
 1104 052b 46       		.byte	0x46
 1105 052c 0B       		.uleb128 0xb
 1106 052d 01       		.uleb128 0x1
 1107 052e 51       		.byte	0x51
 1108 052f 02       		.uleb128 0x2
 1109 0530 75       		.byte	0x75
 1110 0531 00       		.sleb128 0
 1111 0532 00       		.byte	0
 1112 0533 0A       		.uleb128 0xa
 1113 0534 28000000 		.4byte	.LVL62
 1114 0538 B0000000 		.4byte	0xb0
 1115 053c 4B050000 		.4byte	0x54b
 1116 0540 0B       		.uleb128 0xb
 1117 0541 01       		.uleb128 0x1
 1118 0542 50       		.byte	0x50
 1119 0543 01       		.uleb128 0x1
 1120 0544 47       		.byte	0x47
 1121 0545 0B       		.uleb128 0xb
 1122 0546 01       		.uleb128 0x1
 1123 0547 51       		.byte	0x51
 1124 0548 01       		.uleb128 0x1
 1125 0549 30       		.byte	0x30
 1126 054a 00       		.byte	0
 1127 054b 0A       		.uleb128 0xa
 1128 054c 30000000 		.4byte	.LVL63
 1129 0550 B0000000 		.4byte	0xb0
 1130 0554 65050000 		.4byte	0x565
 1131 0558 0B       		.uleb128 0xb
 1132 0559 01       		.uleb128 0x1
 1133 055a 50       		.byte	0x50
 1134 055b 02       		.uleb128 0x2
 1135 055c 08       		.byte	0x8
ARM GAS  C:\Users\mgnocco\AppData\Local\Temp\ccpyNx4e.s 			page 24


 1136 055d 21       		.byte	0x21
 1137 055e 0B       		.uleb128 0xb
 1138 055f 01       		.uleb128 0x1
 1139 0560 51       		.byte	0x51
 1140 0561 02       		.uleb128 0x2
 1141 0562 74       		.byte	0x74
 1142 0563 00       		.sleb128 0
 1143 0564 00       		.byte	0
 1144 0565 0A       		.uleb128 0xa
 1145 0566 38000000 		.4byte	.LVL64
 1146 056a B0000000 		.4byte	0xb0
 1147 056e 7E050000 		.4byte	0x57e
 1148 0572 0B       		.uleb128 0xb
 1149 0573 01       		.uleb128 0x1
 1150 0574 50       		.byte	0x50
 1151 0575 01       		.uleb128 0x1
 1152 0576 44       		.byte	0x44
 1153 0577 0B       		.uleb128 0xb
 1154 0578 01       		.uleb128 0x1
 1155 0579 51       		.byte	0x51
 1156 057a 02       		.uleb128 0x2
 1157 057b 08       		.byte	0x8
 1158 057c 4C       		.byte	0x4c
 1159 057d 00       		.byte	0
 1160 057e 0A       		.uleb128 0xa
 1161 057f 3E000000 		.4byte	.LVL65
 1162 0583 39010000 		.4byte	0x139
 1163 0587 92050000 		.4byte	0x592
 1164 058b 0B       		.uleb128 0xb
 1165 058c 01       		.uleb128 0x1
 1166 058d 50       		.byte	0x50
 1167 058e 02       		.uleb128 0x2
 1168 058f 08       		.byte	0x8
 1169 0590 22       		.byte	0x22
 1170 0591 00       		.byte	0
 1171 0592 0A       		.uleb128 0xa
 1172 0593 4C000000 		.4byte	.LVL67
 1173 0597 B0000000 		.4byte	0xb0
 1174 059b AA050000 		.4byte	0x5aa
 1175 059f 0B       		.uleb128 0xb
 1176 05a0 01       		.uleb128 0x1
 1177 05a1 50       		.byte	0x50
 1178 05a2 01       		.uleb128 0x1
 1179 05a3 44       		.byte	0x44
 1180 05a4 0B       		.uleb128 0xb
 1181 05a5 01       		.uleb128 0x1
 1182 05a6 51       		.byte	0x51
 1183 05a7 01       		.uleb128 0x1
 1184 05a8 38       		.byte	0x38
 1185 05a9 00       		.byte	0
 1186 05aa 0A       		.uleb128 0xa
 1187 05ab 54000000 		.4byte	.LVL68
 1188 05af 59060000 		.4byte	0x659
 1189 05b3 BF050000 		.4byte	0x5bf
 1190 05b7 0B       		.uleb128 0xb
 1191 05b8 01       		.uleb128 0x1
 1192 05b9 50       		.byte	0x50
ARM GAS  C:\Users\mgnocco\AppData\Local\Temp\ccpyNx4e.s 			page 25


 1193 05ba 03       		.uleb128 0x3
 1194 05bb 0A       		.byte	0xa
 1195 05bc 2C01     		.2byte	0x12c
 1196 05be 00       		.byte	0
 1197 05bf 0F       		.uleb128 0xf
 1198 05c0 5C000000 		.4byte	.LVL69
 1199 05c4 B0000000 		.4byte	0xb0
 1200 05c8 0B       		.uleb128 0xb
 1201 05c9 01       		.uleb128 0x1
 1202 05ca 50       		.byte	0x50
 1203 05cb 01       		.uleb128 0x1
 1204 05cc 31       		.byte	0x31
 1205 05cd 0B       		.uleb128 0xb
 1206 05ce 01       		.uleb128 0x1
 1207 05cf 51       		.byte	0x51
 1208 05d0 01       		.uleb128 0x1
 1209 05d1 30       		.byte	0x30
 1210 05d2 00       		.byte	0
 1211 05d3 00       		.byte	0
 1212 05d4 11       		.uleb128 0x11
 1213 05d5 E6010000 		.4byte	.LASF28
 1214 05d9 05       		.byte	0x5
 1215 05da 1207     		.2byte	0x712
 1216 05dc E0050000 		.4byte	0x5e0
 1217 05e0 12       		.uleb128 0x12
 1218 05e1 76000000 		.4byte	0x76
 1219 05e5 13       		.uleb128 0x13
 1220 05e6 81000000 		.4byte	0x81
 1221 05ea F5050000 		.4byte	0x5f5
 1222 05ee 14       		.uleb128 0x14
 1223 05ef A9000000 		.4byte	0xa9
 1224 05f3 05       		.byte	0x5
 1225 05f4 00       		.byte	0
 1226 05f5 15       		.uleb128 0x15
 1227 05f6 FA010000 		.4byte	.LASF29
 1228 05fa 06       		.byte	0x6
 1229 05fb 6D       		.byte	0x6d
 1230 05fc E5050000 		.4byte	0x5e5
 1231 0600 16       		.uleb128 0x16
 1232 0601 4D616700 		.ascii	"Mag\000"
 1233 0605 0A       		.byte	0xa
 1234 0606 10       		.byte	0x10
 1235 0607 E5050000 		.4byte	0x5e5
 1236 060b 17       		.uleb128 0x17
 1237 060c D0010000 		.4byte	.LASF30
 1238 0610 D0010000 		.4byte	.LASF30
 1239 0614 07       		.byte	0x7
 1240 0615 64       		.byte	0x64
 1241 0616 17       		.uleb128 0x17
 1242 0617 21000000 		.4byte	.LASF31
 1243 061b 21000000 		.4byte	.LASF31
 1244 061f 07       		.byte	0x7
 1245 0620 65       		.byte	0x65
 1246 0621 17       		.uleb128 0x17
 1247 0622 00000000 		.4byte	.LASF32
 1248 0626 00000000 		.4byte	.LASF32
 1249 062a 07       		.byte	0x7
ARM GAS  C:\Users\mgnocco\AppData\Local\Temp\ccpyNx4e.s 			page 26


 1250 062b 66       		.byte	0x66
 1251 062c 17       		.uleb128 0x17
 1252 062d BC010000 		.4byte	.LASF33
 1253 0631 BC010000 		.4byte	.LASF33
 1254 0635 07       		.byte	0x7
 1255 0636 5E       		.byte	0x5e
 1256 0637 18       		.uleb128 0x18
 1257 0638 CC020000 		.4byte	.LASF34
 1258 063c CC020000 		.4byte	.LASF34
 1259 0640 07       		.byte	0x7
 1260 0641 4101     		.2byte	0x141
 1261 0643 17       		.uleb128 0x17
 1262 0644 37000000 		.4byte	.LASF35
 1263 0648 37000000 		.4byte	.LASF35
 1264 064c 07       		.byte	0x7
 1265 064d 60       		.byte	0x60
 1266 064e 17       		.uleb128 0x17
 1267 064f 52020000 		.4byte	.LASF36
 1268 0653 52020000 		.4byte	.LASF36
 1269 0657 06       		.byte	0x6
 1270 0658 76       		.byte	0x76
 1271 0659 17       		.uleb128 0x17
 1272 065a 19020000 		.4byte	.LASF37
 1273 065e 19020000 		.4byte	.LASF37
 1274 0662 08       		.byte	0x8
 1275 0663 77       		.byte	0x77
 1276 0664 17       		.uleb128 0x17
 1277 0665 A3020000 		.4byte	.LASF38
 1278 0669 A3020000 		.4byte	.LASF38
 1279 066d 09       		.byte	0x9
 1280 066e 8A       		.byte	0x8a
 1281 066f 00       		.byte	0
 1282              		.section	.debug_abbrev,"",%progbits
 1283              	.Ldebug_abbrev0:
 1284 0000 01       		.uleb128 0x1
 1285 0001 11       		.uleb128 0x11
 1286 0002 01       		.byte	0x1
 1287 0003 25       		.uleb128 0x25
 1288 0004 0E       		.uleb128 0xe
 1289 0005 13       		.uleb128 0x13
 1290 0006 0B       		.uleb128 0xb
 1291 0007 03       		.uleb128 0x3
 1292 0008 0E       		.uleb128 0xe
 1293 0009 1B       		.uleb128 0x1b
 1294 000a 0E       		.uleb128 0xe
 1295 000b 55       		.uleb128 0x55
 1296 000c 17       		.uleb128 0x17
 1297 000d 11       		.uleb128 0x11
 1298 000e 01       		.uleb128 0x1
 1299 000f 10       		.uleb128 0x10
 1300 0010 17       		.uleb128 0x17
 1301 0011 00       		.byte	0
 1302 0012 00       		.byte	0
 1303 0013 02       		.uleb128 0x2
 1304 0014 24       		.uleb128 0x24
 1305 0015 00       		.byte	0
 1306 0016 0B       		.uleb128 0xb
ARM GAS  C:\Users\mgnocco\AppData\Local\Temp\ccpyNx4e.s 			page 27


 1307 0017 0B       		.uleb128 0xb
 1308 0018 3E       		.uleb128 0x3e
 1309 0019 0B       		.uleb128 0xb
 1310 001a 03       		.uleb128 0x3
 1311 001b 0E       		.uleb128 0xe
 1312 001c 00       		.byte	0
 1313 001d 00       		.byte	0
 1314 001e 03       		.uleb128 0x3
 1315 001f 16       		.uleb128 0x16
 1316 0020 00       		.byte	0
 1317 0021 03       		.uleb128 0x3
 1318 0022 0E       		.uleb128 0xe
 1319 0023 3A       		.uleb128 0x3a
 1320 0024 0B       		.uleb128 0xb
 1321 0025 3B       		.uleb128 0x3b
 1322 0026 0B       		.uleb128 0xb
 1323 0027 49       		.uleb128 0x49
 1324 0028 13       		.uleb128 0x13
 1325 0029 00       		.byte	0
 1326 002a 00       		.byte	0
 1327 002b 04       		.uleb128 0x4
 1328 002c 24       		.uleb128 0x24
 1329 002d 00       		.byte	0
 1330 002e 0B       		.uleb128 0xb
 1331 002f 0B       		.uleb128 0xb
 1332 0030 3E       		.uleb128 0x3e
 1333 0031 0B       		.uleb128 0xb
 1334 0032 03       		.uleb128 0x3
 1335 0033 08       		.uleb128 0x8
 1336 0034 00       		.byte	0
 1337 0035 00       		.byte	0
 1338 0036 05       		.uleb128 0x5
 1339 0037 16       		.uleb128 0x16
 1340 0038 00       		.byte	0
 1341 0039 03       		.uleb128 0x3
 1342 003a 0E       		.uleb128 0xe
 1343 003b 3A       		.uleb128 0x3a
 1344 003c 0B       		.uleb128 0xb
 1345 003d 3B       		.uleb128 0x3b
 1346 003e 05       		.uleb128 0x5
 1347 003f 49       		.uleb128 0x49
 1348 0040 13       		.uleb128 0x13
 1349 0041 00       		.byte	0
 1350 0042 00       		.byte	0
 1351 0043 06       		.uleb128 0x6
 1352 0044 2E       		.uleb128 0x2e
 1353 0045 01       		.byte	0x1
 1354 0046 3F       		.uleb128 0x3f
 1355 0047 19       		.uleb128 0x19
 1356 0048 03       		.uleb128 0x3
 1357 0049 0E       		.uleb128 0xe
 1358 004a 3A       		.uleb128 0x3a
 1359 004b 0B       		.uleb128 0xb
 1360 004c 3B       		.uleb128 0x3b
 1361 004d 0B       		.uleb128 0xb
 1362 004e 27       		.uleb128 0x27
 1363 004f 19       		.uleb128 0x19
ARM GAS  C:\Users\mgnocco\AppData\Local\Temp\ccpyNx4e.s 			page 28


 1364 0050 11       		.uleb128 0x11
 1365 0051 01       		.uleb128 0x1
 1366 0052 12       		.uleb128 0x12
 1367 0053 06       		.uleb128 0x6
 1368 0054 40       		.uleb128 0x40
 1369 0055 18       		.uleb128 0x18
 1370 0056 9742     		.uleb128 0x2117
 1371 0058 19       		.uleb128 0x19
 1372 0059 01       		.uleb128 0x1
 1373 005a 13       		.uleb128 0x13
 1374 005b 00       		.byte	0
 1375 005c 00       		.byte	0
 1376 005d 07       		.uleb128 0x7
 1377 005e 05       		.uleb128 0x5
 1378 005f 00       		.byte	0
 1379 0060 03       		.uleb128 0x3
 1380 0061 0E       		.uleb128 0xe
 1381 0062 3A       		.uleb128 0x3a
 1382 0063 0B       		.uleb128 0xb
 1383 0064 3B       		.uleb128 0x3b
 1384 0065 0B       		.uleb128 0xb
 1385 0066 49       		.uleb128 0x49
 1386 0067 13       		.uleb128 0x13
 1387 0068 02       		.uleb128 0x2
 1388 0069 17       		.uleb128 0x17
 1389 006a 00       		.byte	0
 1390 006b 00       		.byte	0
 1391 006c 08       		.uleb128 0x8
 1392 006d 05       		.uleb128 0x5
 1393 006e 00       		.byte	0
 1394 006f 03       		.uleb128 0x3
 1395 0070 08       		.uleb128 0x8
 1396 0071 3A       		.uleb128 0x3a
 1397 0072 0B       		.uleb128 0xb
 1398 0073 3B       		.uleb128 0x3b
 1399 0074 0B       		.uleb128 0xb
 1400 0075 49       		.uleb128 0x49
 1401 0076 13       		.uleb128 0x13
 1402 0077 02       		.uleb128 0x2
 1403 0078 17       		.uleb128 0x17
 1404 0079 00       		.byte	0
 1405 007a 00       		.byte	0
 1406 007b 09       		.uleb128 0x9
 1407 007c 898201   		.uleb128 0x4109
 1408 007f 00       		.byte	0
 1409 0080 11       		.uleb128 0x11
 1410 0081 01       		.uleb128 0x1
 1411 0082 31       		.uleb128 0x31
 1412 0083 13       		.uleb128 0x13
 1413 0084 00       		.byte	0
 1414 0085 00       		.byte	0
 1415 0086 0A       		.uleb128 0xa
 1416 0087 898201   		.uleb128 0x4109
 1417 008a 01       		.byte	0x1
 1418 008b 11       		.uleb128 0x11
 1419 008c 01       		.uleb128 0x1
 1420 008d 31       		.uleb128 0x31
ARM GAS  C:\Users\mgnocco\AppData\Local\Temp\ccpyNx4e.s 			page 29


 1421 008e 13       		.uleb128 0x13
 1422 008f 01       		.uleb128 0x1
 1423 0090 13       		.uleb128 0x13
 1424 0091 00       		.byte	0
 1425 0092 00       		.byte	0
 1426 0093 0B       		.uleb128 0xb
 1427 0094 8A8201   		.uleb128 0x410a
 1428 0097 00       		.byte	0
 1429 0098 02       		.uleb128 0x2
 1430 0099 18       		.uleb128 0x18
 1431 009a 9142     		.uleb128 0x2111
 1432 009c 18       		.uleb128 0x18
 1433 009d 00       		.byte	0
 1434 009e 00       		.byte	0
 1435 009f 0C       		.uleb128 0xc
 1436 00a0 2E       		.uleb128 0x2e
 1437 00a1 01       		.byte	0x1
 1438 00a2 3F       		.uleb128 0x3f
 1439 00a3 19       		.uleb128 0x19
 1440 00a4 03       		.uleb128 0x3
 1441 00a5 0E       		.uleb128 0xe
 1442 00a6 3A       		.uleb128 0x3a
 1443 00a7 0B       		.uleb128 0xb
 1444 00a8 3B       		.uleb128 0x3b
 1445 00a9 0B       		.uleb128 0xb
 1446 00aa 27       		.uleb128 0x27
 1447 00ab 19       		.uleb128 0x19
 1448 00ac 49       		.uleb128 0x49
 1449 00ad 13       		.uleb128 0x13
 1450 00ae 11       		.uleb128 0x11
 1451 00af 01       		.uleb128 0x1
 1452 00b0 12       		.uleb128 0x12
 1453 00b1 06       		.uleb128 0x6
 1454 00b2 40       		.uleb128 0x40
 1455 00b3 18       		.uleb128 0x18
 1456 00b4 9742     		.uleb128 0x2117
 1457 00b6 19       		.uleb128 0x19
 1458 00b7 01       		.uleb128 0x1
 1459 00b8 13       		.uleb128 0x13
 1460 00b9 00       		.byte	0
 1461 00ba 00       		.byte	0
 1462 00bb 0D       		.uleb128 0xd
 1463 00bc 34       		.uleb128 0x34
 1464 00bd 00       		.byte	0
 1465 00be 03       		.uleb128 0x3
 1466 00bf 0E       		.uleb128 0xe
 1467 00c0 3A       		.uleb128 0x3a
 1468 00c1 0B       		.uleb128 0xb
 1469 00c2 3B       		.uleb128 0x3b
 1470 00c3 0B       		.uleb128 0xb
 1471 00c4 49       		.uleb128 0x49
 1472 00c5 13       		.uleb128 0x13
 1473 00c6 02       		.uleb128 0x2
 1474 00c7 17       		.uleb128 0x17
 1475 00c8 00       		.byte	0
 1476 00c9 00       		.byte	0
 1477 00ca 0E       		.uleb128 0xe
ARM GAS  C:\Users\mgnocco\AppData\Local\Temp\ccpyNx4e.s 			page 30


 1478 00cb 2E       		.uleb128 0x2e
 1479 00cc 01       		.byte	0x1
 1480 00cd 3F       		.uleb128 0x3f
 1481 00ce 19       		.uleb128 0x19
 1482 00cf 03       		.uleb128 0x3
 1483 00d0 0E       		.uleb128 0xe
 1484 00d1 3A       		.uleb128 0x3a
 1485 00d2 0B       		.uleb128 0xb
 1486 00d3 3B       		.uleb128 0x3b
 1487 00d4 0B       		.uleb128 0xb
 1488 00d5 11       		.uleb128 0x11
 1489 00d6 01       		.uleb128 0x1
 1490 00d7 12       		.uleb128 0x12
 1491 00d8 06       		.uleb128 0x6
 1492 00d9 40       		.uleb128 0x40
 1493 00da 18       		.uleb128 0x18
 1494 00db 9742     		.uleb128 0x2117
 1495 00dd 19       		.uleb128 0x19
 1496 00de 01       		.uleb128 0x1
 1497 00df 13       		.uleb128 0x13
 1498 00e0 00       		.byte	0
 1499 00e1 00       		.byte	0
 1500 00e2 0F       		.uleb128 0xf
 1501 00e3 898201   		.uleb128 0x4109
 1502 00e6 01       		.byte	0x1
 1503 00e7 11       		.uleb128 0x11
 1504 00e8 01       		.uleb128 0x1
 1505 00e9 31       		.uleb128 0x31
 1506 00ea 13       		.uleb128 0x13
 1507 00eb 00       		.byte	0
 1508 00ec 00       		.byte	0
 1509 00ed 10       		.uleb128 0x10
 1510 00ee 34       		.uleb128 0x34
 1511 00ef 00       		.byte	0
 1512 00f0 03       		.uleb128 0x3
 1513 00f1 08       		.uleb128 0x8
 1514 00f2 3A       		.uleb128 0x3a
 1515 00f3 0B       		.uleb128 0xb
 1516 00f4 3B       		.uleb128 0x3b
 1517 00f5 0B       		.uleb128 0xb
 1518 00f6 49       		.uleb128 0x49
 1519 00f7 13       		.uleb128 0x13
 1520 00f8 02       		.uleb128 0x2
 1521 00f9 17       		.uleb128 0x17
 1522 00fa 00       		.byte	0
 1523 00fb 00       		.byte	0
 1524 00fc 11       		.uleb128 0x11
 1525 00fd 34       		.uleb128 0x34
 1526 00fe 00       		.byte	0
 1527 00ff 03       		.uleb128 0x3
 1528 0100 0E       		.uleb128 0xe
 1529 0101 3A       		.uleb128 0x3a
 1530 0102 0B       		.uleb128 0xb
 1531 0103 3B       		.uleb128 0x3b
 1532 0104 05       		.uleb128 0x5
 1533 0105 49       		.uleb128 0x49
 1534 0106 13       		.uleb128 0x13
ARM GAS  C:\Users\mgnocco\AppData\Local\Temp\ccpyNx4e.s 			page 31


 1535 0107 3F       		.uleb128 0x3f
 1536 0108 19       		.uleb128 0x19
 1537 0109 3C       		.uleb128 0x3c
 1538 010a 19       		.uleb128 0x19
 1539 010b 00       		.byte	0
 1540 010c 00       		.byte	0
 1541 010d 12       		.uleb128 0x12
 1542 010e 35       		.uleb128 0x35
 1543 010f 00       		.byte	0
 1544 0110 49       		.uleb128 0x49
 1545 0111 13       		.uleb128 0x13
 1546 0112 00       		.byte	0
 1547 0113 00       		.byte	0
 1548 0114 13       		.uleb128 0x13
 1549 0115 01       		.uleb128 0x1
 1550 0116 01       		.byte	0x1
 1551 0117 49       		.uleb128 0x49
 1552 0118 13       		.uleb128 0x13
 1553 0119 01       		.uleb128 0x1
 1554 011a 13       		.uleb128 0x13
 1555 011b 00       		.byte	0
 1556 011c 00       		.byte	0
 1557 011d 14       		.uleb128 0x14
 1558 011e 21       		.uleb128 0x21
 1559 011f 00       		.byte	0
 1560 0120 49       		.uleb128 0x49
 1561 0121 13       		.uleb128 0x13
 1562 0122 2F       		.uleb128 0x2f
 1563 0123 0B       		.uleb128 0xb
 1564 0124 00       		.byte	0
 1565 0125 00       		.byte	0
 1566 0126 15       		.uleb128 0x15
 1567 0127 34       		.uleb128 0x34
 1568 0128 00       		.byte	0
 1569 0129 03       		.uleb128 0x3
 1570 012a 0E       		.uleb128 0xe
 1571 012b 3A       		.uleb128 0x3a
 1572 012c 0B       		.uleb128 0xb
 1573 012d 3B       		.uleb128 0x3b
 1574 012e 0B       		.uleb128 0xb
 1575 012f 49       		.uleb128 0x49
 1576 0130 13       		.uleb128 0x13
 1577 0131 3F       		.uleb128 0x3f
 1578 0132 19       		.uleb128 0x19
 1579 0133 3C       		.uleb128 0x3c
 1580 0134 19       		.uleb128 0x19
 1581 0135 00       		.byte	0
 1582 0136 00       		.byte	0
 1583 0137 16       		.uleb128 0x16
 1584 0138 34       		.uleb128 0x34
 1585 0139 00       		.byte	0
 1586 013a 03       		.uleb128 0x3
 1587 013b 08       		.uleb128 0x8
 1588 013c 3A       		.uleb128 0x3a
 1589 013d 0B       		.uleb128 0xb
 1590 013e 3B       		.uleb128 0x3b
 1591 013f 0B       		.uleb128 0xb
ARM GAS  C:\Users\mgnocco\AppData\Local\Temp\ccpyNx4e.s 			page 32


 1592 0140 49       		.uleb128 0x49
 1593 0141 13       		.uleb128 0x13
 1594 0142 3F       		.uleb128 0x3f
 1595 0143 19       		.uleb128 0x19
 1596 0144 3C       		.uleb128 0x3c
 1597 0145 19       		.uleb128 0x19
 1598 0146 00       		.byte	0
 1599 0147 00       		.byte	0
 1600 0148 17       		.uleb128 0x17
 1601 0149 2E       		.uleb128 0x2e
 1602 014a 00       		.byte	0
 1603 014b 3F       		.uleb128 0x3f
 1604 014c 19       		.uleb128 0x19
 1605 014d 3C       		.uleb128 0x3c
 1606 014e 19       		.uleb128 0x19
 1607 014f 6E       		.uleb128 0x6e
 1608 0150 0E       		.uleb128 0xe
 1609 0151 03       		.uleb128 0x3
 1610 0152 0E       		.uleb128 0xe
 1611 0153 3A       		.uleb128 0x3a
 1612 0154 0B       		.uleb128 0xb
 1613 0155 3B       		.uleb128 0x3b
 1614 0156 0B       		.uleb128 0xb
 1615 0157 00       		.byte	0
 1616 0158 00       		.byte	0
 1617 0159 18       		.uleb128 0x18
 1618 015a 2E       		.uleb128 0x2e
 1619 015b 00       		.byte	0
 1620 015c 3F       		.uleb128 0x3f
 1621 015d 19       		.uleb128 0x19
 1622 015e 3C       		.uleb128 0x3c
 1623 015f 19       		.uleb128 0x19
 1624 0160 6E       		.uleb128 0x6e
 1625 0161 0E       		.uleb128 0xe
 1626 0162 03       		.uleb128 0x3
 1627 0163 0E       		.uleb128 0xe
 1628 0164 3A       		.uleb128 0x3a
 1629 0165 0B       		.uleb128 0xb
 1630 0166 3B       		.uleb128 0x3b
 1631 0167 05       		.uleb128 0x5
 1632 0168 00       		.byte	0
 1633 0169 00       		.byte	0
 1634 016a 00       		.byte	0
 1635              		.section	.debug_loc,"",%progbits
 1636              	.Ldebug_loc0:
 1637              	.LLST0:
 1638 0000 00000000 		.4byte	.LVL0
 1639 0004 09000000 		.4byte	.LVL1-1
 1640 0008 0100     		.2byte	0x1
 1641 000a 50       		.byte	0x50
 1642 000b 09000000 		.4byte	.LVL1-1
 1643 000f 34000000 		.4byte	.LFE64
 1644 0013 0400     		.2byte	0x4
 1645 0015 F3       		.byte	0xf3
 1646 0016 01       		.uleb128 0x1
 1647 0017 50       		.byte	0x50
 1648 0018 9F       		.byte	0x9f
ARM GAS  C:\Users\mgnocco\AppData\Local\Temp\ccpyNx4e.s 			page 33


 1649 0019 00000000 		.4byte	0
 1650 001d 00000000 		.4byte	0
 1651              	.LLST1:
 1652 0021 00000000 		.4byte	.LVL0
 1653 0025 09000000 		.4byte	.LVL1-1
 1654 0029 0100     		.2byte	0x1
 1655 002b 51       		.byte	0x51
 1656 002c 09000000 		.4byte	.LVL1-1
 1657 0030 34000000 		.4byte	.LFE64
 1658 0034 0400     		.2byte	0x4
 1659 0036 F3       		.byte	0xf3
 1660 0037 01       		.uleb128 0x1
 1661 0038 51       		.byte	0x51
 1662 0039 9F       		.byte	0x9f
 1663 003a 00000000 		.4byte	0
 1664 003e 00000000 		.4byte	0
 1665              	.LLST2:
 1666 0042 00000000 		.4byte	.LVL8
 1667 0046 06000000 		.4byte	.LVL10
 1668 004a 0100     		.2byte	0x1
 1669 004c 50       		.byte	0x50
 1670 004d 06000000 		.4byte	.LVL10
 1671 0051 2A000000 		.4byte	.LFE65
 1672 0055 0400     		.2byte	0x4
 1673 0057 F3       		.byte	0xf3
 1674 0058 01       		.uleb128 0x1
 1675 0059 50       		.byte	0x50
 1676 005a 9F       		.byte	0x9f
 1677 005b 00000000 		.4byte	0
 1678 005f 00000000 		.4byte	0
 1679              	.LLST3:
 1680 0063 02000000 		.4byte	.LVL9
 1681 0067 28000000 		.4byte	.LVL15
 1682 006b 0200     		.2byte	0x2
 1683 006d 30       		.byte	0x30
 1684 006e 9F       		.byte	0x9f
 1685 006f 28000000 		.4byte	.LVL15
 1686 0073 2A000000 		.4byte	.LFE65
 1687 0077 0100     		.2byte	0x1
 1688 0079 50       		.byte	0x50
 1689 007a 00000000 		.4byte	0
 1690 007e 00000000 		.4byte	0
 1691              	.LLST4:
 1692 0082 00000000 		.4byte	.LVL18
 1693 0086 0C000000 		.4byte	.LVL20
 1694 008a 0100     		.2byte	0x1
 1695 008c 50       		.byte	0x50
 1696 008d 0C000000 		.4byte	.LVL20
 1697 0091 F4000000 		.4byte	.LFE67
 1698 0095 0400     		.2byte	0x4
 1699 0097 F3       		.byte	0xf3
 1700 0098 01       		.uleb128 0x1
 1701 0099 50       		.byte	0x50
 1702 009a 9F       		.byte	0x9f
 1703 009b 00000000 		.4byte	0
 1704 009f 00000000 		.4byte	0
 1705              	.LLST5:
ARM GAS  C:\Users\mgnocco\AppData\Local\Temp\ccpyNx4e.s 			page 34


 1706 00a3 00000000 		.4byte	.LVL18
 1707 00a7 0A000000 		.4byte	.LVL19
 1708 00ab 0100     		.2byte	0x1
 1709 00ad 51       		.byte	0x51
 1710 00ae 0A000000 		.4byte	.LVL19
 1711 00b2 F4000000 		.4byte	.LFE67
 1712 00b6 0400     		.2byte	0x4
 1713 00b8 F3       		.byte	0xf3
 1714 00b9 01       		.uleb128 0x1
 1715 00ba 51       		.byte	0x51
 1716 00bb 9F       		.byte	0x9f
 1717 00bc 00000000 		.4byte	0
 1718 00c0 00000000 		.4byte	0
 1719              	.LLST6:
 1720 00c4 00000000 		.4byte	.LVL18
 1721 00c8 0F000000 		.4byte	.LVL21-1
 1722 00cc 0100     		.2byte	0x1
 1723 00ce 52       		.byte	0x52
 1724 00cf 0F000000 		.4byte	.LVL21-1
 1725 00d3 F4000000 		.4byte	.LFE67
 1726 00d7 0400     		.2byte	0x4
 1727 00d9 F3       		.byte	0xf3
 1728 00da 01       		.uleb128 0x1
 1729 00db 52       		.byte	0x52
 1730 00dc 9F       		.byte	0x9f
 1731 00dd 00000000 		.4byte	0
 1732 00e1 00000000 		.4byte	0
 1733              	.LLST7:
 1734 00e5 70000000 		.4byte	.LVL35
 1735 00e9 76000000 		.4byte	.LVL36
 1736 00ed 0100     		.2byte	0x1
 1737 00ef 50       		.byte	0x50
 1738 00f0 00000000 		.4byte	0
 1739 00f4 00000000 		.4byte	0
 1740              	.LLST8:
 1741 00f8 7C000000 		.4byte	.LVL37
 1742 00fc 86000000 		.4byte	.LVL38
 1743 0100 0100     		.2byte	0x1
 1744 0102 50       		.byte	0x50
 1745 0103 00000000 		.4byte	0
 1746 0107 00000000 		.4byte	0
 1747              	.LLST9:
 1748 010b B2000000 		.4byte	.LVL45
 1749 010f B6000000 		.4byte	.LVL46
 1750 0113 0200     		.2byte	0x2
 1751 0115 30       		.byte	0x30
 1752 0116 9F       		.byte	0x9f
 1753 0117 B6000000 		.4byte	.LVL46
 1754 011b C8000000 		.4byte	.LVL49
 1755 011f 0100     		.2byte	0x1
 1756 0121 54       		.byte	0x54
 1757 0122 CA000000 		.4byte	.LVL50
 1758 0126 EC000000 		.4byte	.LVL55
 1759 012a 0100     		.2byte	0x1
 1760 012c 54       		.byte	0x54
 1761 012d 00000000 		.4byte	0
 1762 0131 00000000 		.4byte	0
ARM GAS  C:\Users\mgnocco\AppData\Local\Temp\ccpyNx4e.s 			page 35


 1763              	.LLST10:
 1764 0135 00000000 		.4byte	.LVL56
 1765 0139 0C000000 		.4byte	.LVL58
 1766 013d 0100     		.2byte	0x1
 1767 013f 50       		.byte	0x50
 1768 0140 0C000000 		.4byte	.LVL58
 1769 0144 5E000000 		.4byte	.LFE68
 1770 0148 0400     		.2byte	0x4
 1771 014a F3       		.byte	0xf3
 1772 014b 01       		.uleb128 0x1
 1773 014c 50       		.byte	0x50
 1774 014d 9F       		.byte	0x9f
 1775 014e 00000000 		.4byte	0
 1776 0152 00000000 		.4byte	0
 1777              	.LLST11:
 1778 0156 00000000 		.4byte	.LVL56
 1779 015a 0A000000 		.4byte	.LVL57
 1780 015e 0100     		.2byte	0x1
 1781 0160 51       		.byte	0x51
 1782 0161 0A000000 		.4byte	.LVL57
 1783 0165 5E000000 		.4byte	.LFE68
 1784 0169 0400     		.2byte	0x4
 1785 016b F3       		.byte	0xf3
 1786 016c 01       		.uleb128 0x1
 1787 016d 51       		.byte	0x51
 1788 016e 9F       		.byte	0x9f
 1789 016f 00000000 		.4byte	0
 1790 0173 00000000 		.4byte	0
 1791              	.LLST12:
 1792 0177 00000000 		.4byte	.LVL56
 1793 017b 0F000000 		.4byte	.LVL59-1
 1794 017f 0100     		.2byte	0x1
 1795 0181 52       		.byte	0x52
 1796 0182 0F000000 		.4byte	.LVL59-1
 1797 0186 5E000000 		.4byte	.LFE68
 1798 018a 0400     		.2byte	0x4
 1799 018c F3       		.byte	0xf3
 1800 018d 01       		.uleb128 0x1
 1801 018e 52       		.byte	0x52
 1802 018f 9F       		.byte	0x9f
 1803 0190 00000000 		.4byte	0
 1804 0194 00000000 		.4byte	0
 1805              	.LLST13:
 1806 0198 3E000000 		.4byte	.LVL65
 1807 019c 48000000 		.4byte	.LVL66
 1808 01a0 0100     		.2byte	0x1
 1809 01a2 50       		.byte	0x50
 1810 01a3 00000000 		.4byte	0
 1811 01a7 00000000 		.4byte	0
 1812              		.section	.debug_aranges,"",%progbits
 1813 0000 3C000000 		.4byte	0x3c
 1814 0004 0200     		.2byte	0x2
 1815 0006 00000000 		.4byte	.Ldebug_info0
 1816 000a 04       		.byte	0x4
 1817 000b 00       		.byte	0
 1818 000c 0000     		.2byte	0
 1819 000e 0000     		.2byte	0
ARM GAS  C:\Users\mgnocco\AppData\Local\Temp\ccpyNx4e.s 			page 36


 1820 0010 00000000 		.4byte	.LFB64
 1821 0014 34000000 		.4byte	.LFE64-.LFB64
 1822 0018 00000000 		.4byte	.LFB65
 1823 001c 2A000000 		.4byte	.LFE65-.LFB65
 1824 0020 00000000 		.4byte	.LFB66
 1825 0024 10000000 		.4byte	.LFE66-.LFB66
 1826 0028 00000000 		.4byte	.LFB67
 1827 002c F4000000 		.4byte	.LFE67-.LFB67
 1828 0030 00000000 		.4byte	.LFB68
 1829 0034 5E000000 		.4byte	.LFE68-.LFB68
 1830 0038 00000000 		.4byte	0
 1831 003c 00000000 		.4byte	0
 1832              		.section	.debug_ranges,"",%progbits
 1833              	.Ldebug_ranges0:
 1834 0000 00000000 		.4byte	.LFB64
 1835 0004 34000000 		.4byte	.LFE64
 1836 0008 00000000 		.4byte	.LFB65
 1837 000c 2A000000 		.4byte	.LFE65
 1838 0010 00000000 		.4byte	.LFB66
 1839 0014 10000000 		.4byte	.LFE66
 1840 0018 00000000 		.4byte	.LFB67
 1841 001c F4000000 		.4byte	.LFE67
 1842 0020 00000000 		.4byte	.LFB68
 1843 0024 5E000000 		.4byte	.LFE68
 1844 0028 00000000 		.4byte	0
 1845 002c 00000000 		.4byte	0
 1846              		.section	.debug_line,"",%progbits
 1847              	.Ldebug_line0:
 1848 0000 56020000 		.section	.debug_str,"MS",%progbits,1
 1848      02008D01 
 1848      00000201 
 1848      FB0E0D00 
 1848      01010101 
 1849              	.LASF32:
 1850 0000 5350495F 		.ascii	"SPI_IMU_ClearFIFO\000"
 1850      494D555F 
 1850      436C6561 
 1850      72464946 
 1850      4F00
 1851              	.LASF24:
 1852 0012 53454E53 		.ascii	"SENS_HUB_ENDOP\000"
 1852      5F485542 
 1852      5F454E44 
 1852      4F5000
 1853              	.LASF31:
 1854 0021 5350495F 		.ascii	"SPI_IMU_ClearTxBuffer\000"
 1854      494D555F 
 1854      436C6561 
 1854      72547842 
 1854      75666665 
 1855              	.LASF35:
 1856 0037 5350495F 		.ascii	"SPI_IMU_ReadRxData\000"
 1856      494D555F 
 1856      52656164 
 1856      52784461 
 1856      746100
 1857              	.LASF9:
ARM GAS  C:\Users\mgnocco\AppData\Local\Temp\ccpyNx4e.s 			page 37


 1858 004a 5F5F696E 		.ascii	"__int32_t\000"
 1858      7433325F 
 1858      7400
 1859              	.LASF22:
 1860 0054 636F6E74 		.ascii	"controlreg\000"
 1860      726F6C72 
 1860      656700
 1861              	.LASF4:
 1862 005f 6C6F6E67 		.ascii	"long int\000"
 1862      20696E74 
 1862      00
 1863              	.LASF18:
 1864 0068 57726974 		.ascii	"WriteControlRegisterSPI\000"
 1864      65436F6E 
 1864      74726F6C 
 1864      52656769 
 1864      73746572 
 1865              	.LASF26:
 1866 0080 64617461 		.ascii	"data\000"
 1866      00
 1867              	.LASF10:
 1868 0085 696E7433 		.ascii	"int32_t\000"
 1868      325F7400 
 1869              	.LASF12:
 1870 008d 666C6F61 		.ascii	"float\000"
 1870      7400
 1871              	.LASF43:
 1872 0093 496E6974 		.ascii	"InitIMU\000"
 1872      494D5500 
 1873              	.LASF1:
 1874 009b 756E7369 		.ascii	"unsigned char\000"
 1874      676E6564 
 1874      20636861 
 1874      7200
 1875              	.LASF39:
 1876 00a9 474E5520 		.ascii	"GNU C11 5.4.1 20160609 (release) [ARM/embedded-5-br"
 1876      43313120 
 1876      352E342E 
 1876      31203230 
 1876      31363036 
 1877 00dc 616E6368 		.ascii	"anch revision 237715] -mcpu=cortex-m3 -mthumb -g -O"
 1877      20726576 
 1877      6973696F 
 1877      6E203233 
 1877      37373135 
 1878 010f 67202D66 		.ascii	"g -ffunction-sections -ffat-lto-objects\000"
 1878      66756E63 
 1878      74696F6E 
 1878      2D736563 
 1878      74696F6E 
 1879              	.LASF5:
 1880 0137 6C6F6E67 		.ascii	"long unsigned int\000"
 1880      20756E73 
 1880      69676E65 
 1880      6420696E 
 1880      7400
 1881              	.LASF41:
ARM GAS  C:\Users\mgnocco\AppData\Local\Temp\ccpyNx4e.s 			page 38


 1882 0149 433A5C55 		.ascii	"C:\\Users\\mgnocco\\Documents\\ControlloDiVersione\\"
 1882      73657273 
 1882      5C6D676E 
 1882      6F63636F 
 1882      5C446F63 
 1883 0178 4C534D36 		.ascii	"LSM6DSR_LIS2MDL\\NewDesign\\LSM6DSRX+LIS2MDL.cydsn\000"
 1883      4453525F 
 1883      4C495332 
 1883      4D444C5C 
 1883      4E657744 
 1884              	.LASF3:
 1885 01a9 73686F72 		.ascii	"short unsigned int\000"
 1885      7420756E 
 1885      7369676E 
 1885      65642069 
 1885      6E7400
 1886              	.LASF33:
 1887 01bc 5350495F 		.ascii	"SPI_IMU_WriteTxData\000"
 1887      494D555F 
 1887      57726974 
 1887      65547844 
 1887      61746100 
 1888              	.LASF30:
 1889 01d0 5350495F 		.ascii	"SPI_IMU_ClearRxBuffer\000"
 1889      494D555F 
 1889      436C6561 
 1889      72527842 
 1889      75666665 
 1890              	.LASF28:
 1891 01e6 49544D5F 		.ascii	"ITM_RxBuffer\000"
 1891      52784275 
 1891      66666572 
 1891      00
 1892              	.LASF13:
 1893 01f3 646F7562 		.ascii	"double\000"
 1893      6C6500
 1894              	.LASF29:
 1895 01fa 53656E73 		.ascii	"SensorHub\000"
 1895      6F724875 
 1895      6200
 1896              	.LASF19:
 1897 0204 4F6E6553 		.ascii	"OneShot_ReadRoutine1\000"
 1897      686F745F 
 1897      52656164 
 1897      526F7574 
 1897      696E6531 
 1898              	.LASF37:
 1899 0219 43794465 		.ascii	"CyDelayUs\000"
 1899      6C617955 
 1899      7300
 1900              	.LASF20:
 1901 0223 73756261 		.ascii	"subaddress\000"
 1901      64647265 
 1901      737300
 1902              	.LASF42:
 1903 022e 52656164 		.ascii	"ReadControlRegisterSPI\000"
 1903      436F6E74 
ARM GAS  C:\Users\mgnocco\AppData\Local\Temp\ccpyNx4e.s 			page 39


 1903      726F6C52 
 1903      65676973 
 1903      74657253 
 1904              	.LASF8:
 1905 0245 756E7369 		.ascii	"unsigned int\000"
 1905      676E6564 
 1905      20696E74 
 1905      00
 1906              	.LASF36:
 1907 0252 496E6974 		.ascii	"InitAxelGyro\000"
 1907      4178656C 
 1907      4779726F 
 1907      00
 1908              	.LASF17:
 1909 025f 61646472 		.ascii	"address\000"
 1909      65737300 
 1910              	.LASF7:
 1911 0267 6C6F6E67 		.ascii	"long long unsigned int\000"
 1911      206C6F6E 
 1911      6720756E 
 1911      7369676E 
 1911      65642069 
 1912              	.LASF40:
 1913 027e 736F7572 		.ascii	"source01.c\000"
 1913      63653031 
 1913      2E6300
 1914              	.LASF27:
 1915 0289 57525F4F 		.ascii	"WR_ONCE_DONE\000"
 1915      4E43455F 
 1915      444F4E45 
 1915      00
 1916              	.LASF21:
 1917 0296 736C6176 		.ascii	"slave_config\000"
 1917      655F636F 
 1917      6E666967 
 1917      00
 1918              	.LASF38:
 1919 02a3 55415254 		.ascii	"UART_PutChar\000"
 1919      5F507574 
 1919      43686172 
 1919      00
 1920              	.LASF16:
 1921 02b0 73697A65 		.ascii	"sizetype\000"
 1921      74797065 
 1921      00
 1922              	.LASF6:
 1923 02b9 6C6F6E67 		.ascii	"long long int\000"
 1923      206C6F6E 
 1923      6720696E 
 1923      7400
 1924              	.LASF14:
 1925 02c7 63686172 		.ascii	"char\000"
 1925      00
 1926              	.LASF34:
 1927 02cc 5350495F 		.ascii	"SPI_IMU_ReadStatus\000"
 1927      494D555F 
 1927      52656164 
ARM GAS  C:\Users\mgnocco\AppData\Local\Temp\ccpyNx4e.s 			page 40


 1927      53746174 
 1927      757300
 1928              	.LASF2:
 1929 02df 73686F72 		.ascii	"short int\000"
 1929      7420696E 
 1929      7400
 1930              	.LASF25:
 1931 02e9 4F6E6553 		.ascii	"OneShot_WriteRoutine\000"
 1931      686F745F 
 1931      57726974 
 1931      65526F75 
 1931      74696E65 
 1932              	.LASF11:
 1933 02fe 75696E74 		.ascii	"uint8\000"
 1933      3800
 1934              	.LASF23:
 1935 0304 584C4441 		.ascii	"XLDA\000"
 1935      00
 1936              	.LASF15:
 1937 0309 6C6F6E67 		.ascii	"long double\000"
 1937      20646F75 
 1937      626C6500 
 1938              	.LASF0:
 1939 0315 7369676E 		.ascii	"signed char\000"
 1939      65642063 
 1939      68617200 
 1940              		.ident	"GCC: (GNU Tools for ARM Embedded Processors) 5.4.1 20160609 (release) [ARM/embedded-5-bran
