ARM GAS  C:\Users\mgnocco\AppData\Local\Temp\ccl9P0t6.s 			page 1


   1              		.syntax unified
   2              		.cpu cortex-m3
   3              		.fpu softvfp
   4              		.eabi_attribute 20, 1
   5              		.eabi_attribute 21, 1
   6              		.eabi_attribute 23, 3
   7              		.eabi_attribute 24, 1
   8              		.eabi_attribute 25, 1
   9              		.eabi_attribute 26, 1
  10              		.eabi_attribute 30, 4
  11              		.eabi_attribute 34, 1
  12              		.eabi_attribute 18, 4
  13              		.thumb
  14              		.syntax unified
  15              		.file	"cyfitter_cfg.c"
  16              		.text
  17              	.Ltext0:
  18              		.cfi_sections	.debug_frame
  19              		.section	.text.SetAnalogRoutingPumps,"ax",%progbits
  20              		.align	1
  21              		.global	SetAnalogRoutingPumps
  22              		.thumb
  23              		.thumb_func
  24              		.type	SetAnalogRoutingPumps, %function
  25              	SetAnalogRoutingPumps:
  26              	.LFB6:
  27              		.file 1 "Generated_Source\\PSoC5\\cyfitter_cfg.c"
   1:Generated_Source\PSoC5/cyfitter_cfg.c **** 
   2:Generated_Source\PSoC5/cyfitter_cfg.c **** /*******************************************************************************
   3:Generated_Source\PSoC5/cyfitter_cfg.c **** * File Name: cyfitter_cfg.c
   4:Generated_Source\PSoC5/cyfitter_cfg.c **** * 
   5:Generated_Source\PSoC5/cyfitter_cfg.c **** * PSoC Creator  4.4
   6:Generated_Source\PSoC5/cyfitter_cfg.c **** *
   7:Generated_Source\PSoC5/cyfitter_cfg.c **** * Description:
   8:Generated_Source\PSoC5/cyfitter_cfg.c **** * This file contains device initialization code.
   9:Generated_Source\PSoC5/cyfitter_cfg.c **** * Except for the user defined sections in CyClockStartupError(), this file should not be modified.
  10:Generated_Source\PSoC5/cyfitter_cfg.c **** * This file is automatically generated by PSoC Creator.
  11:Generated_Source\PSoC5/cyfitter_cfg.c **** *
  12:Generated_Source\PSoC5/cyfitter_cfg.c **** ********************************************************************************
  13:Generated_Source\PSoC5/cyfitter_cfg.c **** * Copyright (c) 2007-2020 Cypress Semiconductor.  All rights reserved.
  14:Generated_Source\PSoC5/cyfitter_cfg.c **** * You may use this file only in accordance with the license, terms, conditions, 
  15:Generated_Source\PSoC5/cyfitter_cfg.c **** * disclaimers, and limitations in the end user license agreement accompanying 
  16:Generated_Source\PSoC5/cyfitter_cfg.c **** * the software package with which this file was provided.
  17:Generated_Source\PSoC5/cyfitter_cfg.c **** ********************************************************************************/
  18:Generated_Source\PSoC5/cyfitter_cfg.c **** 
  19:Generated_Source\PSoC5/cyfitter_cfg.c **** #include <string.h>
  20:Generated_Source\PSoC5/cyfitter_cfg.c **** #include "cytypes.h"
  21:Generated_Source\PSoC5/cyfitter_cfg.c **** #include "cydevice_trm.h"
  22:Generated_Source\PSoC5/cyfitter_cfg.c **** #include "cyfitter.h"
  23:Generated_Source\PSoC5/cyfitter_cfg.c **** #include "CyLib.h"
  24:Generated_Source\PSoC5/cyfitter_cfg.c **** #include "cyfitter_cfg.h"
  25:Generated_Source\PSoC5/cyfitter_cfg.c **** #include "cyapicallbacks.h"
  26:Generated_Source\PSoC5/cyfitter_cfg.c **** 
  27:Generated_Source\PSoC5/cyfitter_cfg.c **** #define CY_NEED_CYCLOCKSTARTUPERROR 1
  28:Generated_Source\PSoC5/cyfitter_cfg.c **** 
  29:Generated_Source\PSoC5/cyfitter_cfg.c **** 
  30:Generated_Source\PSoC5/cyfitter_cfg.c **** #if defined(__GNUC__) || defined(__ARMCC_VERSION)
ARM GAS  C:\Users\mgnocco\AppData\Local\Temp\ccl9P0t6.s 			page 2


  31:Generated_Source\PSoC5/cyfitter_cfg.c ****     #define CYPACKED 
  32:Generated_Source\PSoC5/cyfitter_cfg.c ****     #define CYPACKED_ATTR __attribute__ ((packed))
  33:Generated_Source\PSoC5/cyfitter_cfg.c ****     #define CYALIGNED __attribute__ ((aligned))
  34:Generated_Source\PSoC5/cyfitter_cfg.c ****     #define CY_CFG_UNUSED __attribute__ ((unused))
  35:Generated_Source\PSoC5/cyfitter_cfg.c ****     #ifndef CY_CFG_SECTION
  36:Generated_Source\PSoC5/cyfitter_cfg.c ****         #define CY_CFG_SECTION __attribute__ ((section(".psocinit")))
  37:Generated_Source\PSoC5/cyfitter_cfg.c ****     #endif
  38:Generated_Source\PSoC5/cyfitter_cfg.c ****     
  39:Generated_Source\PSoC5/cyfitter_cfg.c ****     #if defined(__ARMCC_VERSION)
  40:Generated_Source\PSoC5/cyfitter_cfg.c ****         #define CY_CFG_MEMORY_BARRIER() __memory_changed()
  41:Generated_Source\PSoC5/cyfitter_cfg.c ****     #else
  42:Generated_Source\PSoC5/cyfitter_cfg.c ****         #define CY_CFG_MEMORY_BARRIER() __sync_synchronize()
  43:Generated_Source\PSoC5/cyfitter_cfg.c ****     #endif
  44:Generated_Source\PSoC5/cyfitter_cfg.c ****     
  45:Generated_Source\PSoC5/cyfitter_cfg.c **** #elif defined(__ICCARM__)
  46:Generated_Source\PSoC5/cyfitter_cfg.c ****     #include <intrinsics.h>
  47:Generated_Source\PSoC5/cyfitter_cfg.c **** 
  48:Generated_Source\PSoC5/cyfitter_cfg.c ****     #define CYPACKED __packed
  49:Generated_Source\PSoC5/cyfitter_cfg.c ****     #define CYPACKED_ATTR 
  50:Generated_Source\PSoC5/cyfitter_cfg.c ****     #define CYALIGNED _Pragma("data_alignment=4")
  51:Generated_Source\PSoC5/cyfitter_cfg.c ****     #define CY_CFG_UNUSED _Pragma("diag_suppress=Pe177")
  52:Generated_Source\PSoC5/cyfitter_cfg.c ****     #define CY_CFG_SECTION _Pragma("location=\".psocinit\"")
  53:Generated_Source\PSoC5/cyfitter_cfg.c ****     
  54:Generated_Source\PSoC5/cyfitter_cfg.c ****     #define CY_CFG_MEMORY_BARRIER() __DMB()
  55:Generated_Source\PSoC5/cyfitter_cfg.c ****     
  56:Generated_Source\PSoC5/cyfitter_cfg.c **** #else
  57:Generated_Source\PSoC5/cyfitter_cfg.c ****     #error Unsupported toolchain
  58:Generated_Source\PSoC5/cyfitter_cfg.c **** #endif
  59:Generated_Source\PSoC5/cyfitter_cfg.c **** 
  60:Generated_Source\PSoC5/cyfitter_cfg.c **** #ifndef CYCODE
  61:Generated_Source\PSoC5/cyfitter_cfg.c ****     #define CYCODE
  62:Generated_Source\PSoC5/cyfitter_cfg.c **** #endif
  63:Generated_Source\PSoC5/cyfitter_cfg.c **** #ifndef CYDATA
  64:Generated_Source\PSoC5/cyfitter_cfg.c ****     #define CYDATA
  65:Generated_Source\PSoC5/cyfitter_cfg.c **** #endif
  66:Generated_Source\PSoC5/cyfitter_cfg.c **** #ifndef CYFAR
  67:Generated_Source\PSoC5/cyfitter_cfg.c ****     #define CYFAR
  68:Generated_Source\PSoC5/cyfitter_cfg.c **** #endif
  69:Generated_Source\PSoC5/cyfitter_cfg.c **** #ifndef CYXDATA
  70:Generated_Source\PSoC5/cyfitter_cfg.c ****     #define CYXDATA
  71:Generated_Source\PSoC5/cyfitter_cfg.c **** #endif
  72:Generated_Source\PSoC5/cyfitter_cfg.c **** 
  73:Generated_Source\PSoC5/cyfitter_cfg.c **** 
  74:Generated_Source\PSoC5/cyfitter_cfg.c **** CY_CFG_UNUSED
  75:Generated_Source\PSoC5/cyfitter_cfg.c **** static void CYMEMZERO(void *s, size_t n);
  76:Generated_Source\PSoC5/cyfitter_cfg.c **** CY_CFG_UNUSED
  77:Generated_Source\PSoC5/cyfitter_cfg.c **** static void CYMEMZERO(void *s, size_t n)
  78:Generated_Source\PSoC5/cyfitter_cfg.c **** {
  79:Generated_Source\PSoC5/cyfitter_cfg.c **** 	(void)memset(s, 0, n);
  80:Generated_Source\PSoC5/cyfitter_cfg.c **** }
  81:Generated_Source\PSoC5/cyfitter_cfg.c **** CY_CFG_UNUSED
  82:Generated_Source\PSoC5/cyfitter_cfg.c **** static void CYCONFIGCPY(void *dest, const void *src, size_t n);
  83:Generated_Source\PSoC5/cyfitter_cfg.c **** CY_CFG_UNUSED
  84:Generated_Source\PSoC5/cyfitter_cfg.c **** static void CYCONFIGCPY(void *dest, const void *src, size_t n)
  85:Generated_Source\PSoC5/cyfitter_cfg.c **** {
  86:Generated_Source\PSoC5/cyfitter_cfg.c **** 	(void)memcpy(dest, src, n);
  87:Generated_Source\PSoC5/cyfitter_cfg.c **** }
ARM GAS  C:\Users\mgnocco\AppData\Local\Temp\ccl9P0t6.s 			page 3


  88:Generated_Source\PSoC5/cyfitter_cfg.c **** CY_CFG_UNUSED
  89:Generated_Source\PSoC5/cyfitter_cfg.c **** static void CYCONFIGCPYCODE(void *dest, const void *src, size_t n);
  90:Generated_Source\PSoC5/cyfitter_cfg.c **** CY_CFG_UNUSED
  91:Generated_Source\PSoC5/cyfitter_cfg.c **** static void CYCONFIGCPYCODE(void *dest, const void *src, size_t n)
  92:Generated_Source\PSoC5/cyfitter_cfg.c **** {
  93:Generated_Source\PSoC5/cyfitter_cfg.c **** 	(void)memcpy(dest, src, n);
  94:Generated_Source\PSoC5/cyfitter_cfg.c **** }
  95:Generated_Source\PSoC5/cyfitter_cfg.c **** 
  96:Generated_Source\PSoC5/cyfitter_cfg.c **** 
  97:Generated_Source\PSoC5/cyfitter_cfg.c **** 
  98:Generated_Source\PSoC5/cyfitter_cfg.c **** 
  99:Generated_Source\PSoC5/cyfitter_cfg.c **** /* Clock startup error codes                                                   */
 100:Generated_Source\PSoC5/cyfitter_cfg.c **** #define CYCLOCKSTART_NO_ERROR    0u
 101:Generated_Source\PSoC5/cyfitter_cfg.c **** #define CYCLOCKSTART_XTAL_ERROR  1u
 102:Generated_Source\PSoC5/cyfitter_cfg.c **** #define CYCLOCKSTART_32KHZ_ERROR 2u
 103:Generated_Source\PSoC5/cyfitter_cfg.c **** #define CYCLOCKSTART_PLL_ERROR   3u
 104:Generated_Source\PSoC5/cyfitter_cfg.c **** #define CYCLOCKSTART_FLL_ERROR   4u
 105:Generated_Source\PSoC5/cyfitter_cfg.c **** #define CYCLOCKSTART_WCO_ERROR   5u
 106:Generated_Source\PSoC5/cyfitter_cfg.c **** 
 107:Generated_Source\PSoC5/cyfitter_cfg.c **** 
 108:Generated_Source\PSoC5/cyfitter_cfg.c **** #ifdef CY_NEED_CYCLOCKSTARTUPERROR
 109:Generated_Source\PSoC5/cyfitter_cfg.c **** /*******************************************************************************
 110:Generated_Source\PSoC5/cyfitter_cfg.c **** * Function Name: CyClockStartupError
 111:Generated_Source\PSoC5/cyfitter_cfg.c **** ********************************************************************************
 112:Generated_Source\PSoC5/cyfitter_cfg.c **** * Summary:
 113:Generated_Source\PSoC5/cyfitter_cfg.c **** *  If an error is encountered during clock configuration (crystal startup error,
 114:Generated_Source\PSoC5/cyfitter_cfg.c **** *  PLL lock error, etc.), the system will end up here.  Unless reimplemented by
 115:Generated_Source\PSoC5/cyfitter_cfg.c **** *  the customer, this function will stop in an infinite loop.
 116:Generated_Source\PSoC5/cyfitter_cfg.c **** *
 117:Generated_Source\PSoC5/cyfitter_cfg.c **** * Parameters:
 118:Generated_Source\PSoC5/cyfitter_cfg.c **** *   void
 119:Generated_Source\PSoC5/cyfitter_cfg.c **** *
 120:Generated_Source\PSoC5/cyfitter_cfg.c **** * Return:
 121:Generated_Source\PSoC5/cyfitter_cfg.c **** *   void
 122:Generated_Source\PSoC5/cyfitter_cfg.c **** *
 123:Generated_Source\PSoC5/cyfitter_cfg.c **** *******************************************************************************/
 124:Generated_Source\PSoC5/cyfitter_cfg.c **** CY_CFG_UNUSED
 125:Generated_Source\PSoC5/cyfitter_cfg.c **** static void CyClockStartupError(uint8 errorCode);
 126:Generated_Source\PSoC5/cyfitter_cfg.c **** CY_CFG_UNUSED
 127:Generated_Source\PSoC5/cyfitter_cfg.c **** static void CyClockStartupError(uint8 errorCode)
 128:Generated_Source\PSoC5/cyfitter_cfg.c **** {
 129:Generated_Source\PSoC5/cyfitter_cfg.c ****     /* To remove the compiler warning if errorCode not used.                */
 130:Generated_Source\PSoC5/cyfitter_cfg.c ****     errorCode = errorCode;
 131:Generated_Source\PSoC5/cyfitter_cfg.c **** 
 132:Generated_Source\PSoC5/cyfitter_cfg.c ****     /* If we have a clock startup error (bad MHz crystal, PLL lock, etc.),  */
 133:Generated_Source\PSoC5/cyfitter_cfg.c ****     /* we will end up here to allow the customer to implement something to  */
 134:Generated_Source\PSoC5/cyfitter_cfg.c ****     /* deal with the clock condition.                                       */
 135:Generated_Source\PSoC5/cyfitter_cfg.c **** 
 136:Generated_Source\PSoC5/cyfitter_cfg.c **** #ifdef CY_CFG_CLOCK_STARTUP_ERROR_CALLBACK
 137:Generated_Source\PSoC5/cyfitter_cfg.c ****     CY_CFG_Clock_Startup_ErrorCallback();
 138:Generated_Source\PSoC5/cyfitter_cfg.c **** #else
 139:Generated_Source\PSoC5/cyfitter_cfg.c ****     /*  If not using CY_CFG_CLOCK_STARTUP_ERROR_CALLBACK, place your clock startup code here. */
 140:Generated_Source\PSoC5/cyfitter_cfg.c ****     /* `#START CyClockStartupError` */
 141:Generated_Source\PSoC5/cyfitter_cfg.c **** 
 142:Generated_Source\PSoC5/cyfitter_cfg.c **** 
 143:Generated_Source\PSoC5/cyfitter_cfg.c **** 
 144:Generated_Source\PSoC5/cyfitter_cfg.c ****     /* `#END` */
ARM GAS  C:\Users\mgnocco\AppData\Local\Temp\ccl9P0t6.s 			page 4


 145:Generated_Source\PSoC5/cyfitter_cfg.c **** 
 146:Generated_Source\PSoC5/cyfitter_cfg.c ****     while(1) {}
 147:Generated_Source\PSoC5/cyfitter_cfg.c **** #endif /* CY_CFG_CLOCK_STARTUP_ERROR_CALLBACK */
 148:Generated_Source\PSoC5/cyfitter_cfg.c **** }
 149:Generated_Source\PSoC5/cyfitter_cfg.c **** #endif
 150:Generated_Source\PSoC5/cyfitter_cfg.c **** 
 151:Generated_Source\PSoC5/cyfitter_cfg.c **** /* IOPINS0_1 Address: CYREG_PRT1_DM0 Size (bytes): 8 */
 152:Generated_Source\PSoC5/cyfitter_cfg.c **** #define BS_IOPINS0_1_VAL ((const uint8 CYFAR *)0x48000000u)
 153:Generated_Source\PSoC5/cyfitter_cfg.c **** 
 154:Generated_Source\PSoC5/cyfitter_cfg.c **** 
 155:Generated_Source\PSoC5/cyfitter_cfg.c **** /*******************************************************************************
 156:Generated_Source\PSoC5/cyfitter_cfg.c **** * Function Name: ClockSetup
 157:Generated_Source\PSoC5/cyfitter_cfg.c **** ********************************************************************************
 158:Generated_Source\PSoC5/cyfitter_cfg.c **** *
 159:Generated_Source\PSoC5/cyfitter_cfg.c **** * Summary:
 160:Generated_Source\PSoC5/cyfitter_cfg.c **** *  Performs the initialization of all of the clocks in the device based on the
 161:Generated_Source\PSoC5/cyfitter_cfg.c **** *  settings in the Clock tab of the DWR.  This includes enabling the requested
 162:Generated_Source\PSoC5/cyfitter_cfg.c **** *  clocks and setting the necessary dividers to produce the desired frequency. 
 163:Generated_Source\PSoC5/cyfitter_cfg.c **** *
 164:Generated_Source\PSoC5/cyfitter_cfg.c **** * Parameters:
 165:Generated_Source\PSoC5/cyfitter_cfg.c **** *  void
 166:Generated_Source\PSoC5/cyfitter_cfg.c **** *
 167:Generated_Source\PSoC5/cyfitter_cfg.c **** * Return:
 168:Generated_Source\PSoC5/cyfitter_cfg.c **** *  void
 169:Generated_Source\PSoC5/cyfitter_cfg.c **** *
 170:Generated_Source\PSoC5/cyfitter_cfg.c **** *******************************************************************************/
 171:Generated_Source\PSoC5/cyfitter_cfg.c **** static void ClockSetup(void);
 172:Generated_Source\PSoC5/cyfitter_cfg.c **** static void ClockSetup(void)
 173:Generated_Source\PSoC5/cyfitter_cfg.c **** {
 174:Generated_Source\PSoC5/cyfitter_cfg.c **** 	uint32 timeout;
 175:Generated_Source\PSoC5/cyfitter_cfg.c **** 	uint8 pllLock;
 176:Generated_Source\PSoC5/cyfitter_cfg.c **** 
 177:Generated_Source\PSoC5/cyfitter_cfg.c **** 
 178:Generated_Source\PSoC5/cyfitter_cfg.c **** 	/* Configure ILO based on settings from Clock DWR */
 179:Generated_Source\PSoC5/cyfitter_cfg.c **** 	CY_SET_XTND_REG8((void CYFAR *)(CYREG_SLOWCLK_ILO_CR0), 0x02u);
 180:Generated_Source\PSoC5/cyfitter_cfg.c **** 	CY_SET_XTND_REG8((void CYFAR *)(CYREG_CLKDIST_CR), 0x08u);
 181:Generated_Source\PSoC5/cyfitter_cfg.c **** 
 182:Generated_Source\PSoC5/cyfitter_cfg.c **** 	/* Configure IMO based on settings from Clock DWR */
 183:Generated_Source\PSoC5/cyfitter_cfg.c **** 	CY_SET_XTND_REG8((void CYFAR *)(CYREG_FASTCLK_IMO_CR), 0x03u);
 184:Generated_Source\PSoC5/cyfitter_cfg.c **** 	CY_SET_XTND_REG8((void CYFAR *)(CYREG_IMO_TR1), (CY_GET_XTND_REG8((void CYFAR *)CYREG_FLSHID_CUST_
 185:Generated_Source\PSoC5/cyfitter_cfg.c **** 
 186:Generated_Source\PSoC5/cyfitter_cfg.c **** 	/* Configure PLL based on settings from Clock DWR */
 187:Generated_Source\PSoC5/cyfitter_cfg.c **** 	CY_SET_XTND_REG16((void CYFAR *)(CYREG_FASTCLK_PLL_P), 0x0008u);
 188:Generated_Source\PSoC5/cyfitter_cfg.c **** 	CY_SET_XTND_REG16((void CYFAR *)(CYREG_FASTCLK_PLL_CFG0), 0x1251u);
 189:Generated_Source\PSoC5/cyfitter_cfg.c **** 	/* Wait up to 250us for the PLL to lock */
 190:Generated_Source\PSoC5/cyfitter_cfg.c **** 	pllLock = 0u;
 191:Generated_Source\PSoC5/cyfitter_cfg.c **** 	for (timeout = 250u / 10u; (timeout > 0u) && (pllLock != 0x03u); timeout--)
 192:Generated_Source\PSoC5/cyfitter_cfg.c **** 	{ 
 193:Generated_Source\PSoC5/cyfitter_cfg.c **** 		pllLock = 0x03u & ((uint8)((uint8)pllLock << 1) | ((CY_GET_XTND_REG8((void CYFAR *)CYREG_FASTCLK_
 194:Generated_Source\PSoC5/cyfitter_cfg.c **** 		CyDelayCycles(10u * 48u); /* Delay 10us based on 48MHz clock */
 195:Generated_Source\PSoC5/cyfitter_cfg.c **** 	}
 196:Generated_Source\PSoC5/cyfitter_cfg.c **** 	/* If we ran out of time the PLL didn't lock so go to the error function */
 197:Generated_Source\PSoC5/cyfitter_cfg.c **** 	if (timeout == 0u)
 198:Generated_Source\PSoC5/cyfitter_cfg.c **** 	{
 199:Generated_Source\PSoC5/cyfitter_cfg.c **** 		CyClockStartupError(CYCLOCKSTART_PLL_ERROR);
 200:Generated_Source\PSoC5/cyfitter_cfg.c **** 	}
 201:Generated_Source\PSoC5/cyfitter_cfg.c **** 
ARM GAS  C:\Users\mgnocco\AppData\Local\Temp\ccl9P0t6.s 			page 5


 202:Generated_Source\PSoC5/cyfitter_cfg.c **** 	/* Configure Bus/Master Clock based on settings from Clock DWR */
 203:Generated_Source\PSoC5/cyfitter_cfg.c **** 	CY_SET_XTND_REG16((void CYFAR *)(CYREG_CLKDIST_MSTR0), 0x0100u);
 204:Generated_Source\PSoC5/cyfitter_cfg.c **** 	CY_SET_XTND_REG8((void CYFAR *)(CYREG_CLKDIST_MSTR0), 0x07u);
 205:Generated_Source\PSoC5/cyfitter_cfg.c **** 	CY_SET_XTND_REG8((void CYFAR *)(CYREG_CLKDIST_BCFG0), 0x00u);
 206:Generated_Source\PSoC5/cyfitter_cfg.c **** 	CY_SET_XTND_REG8((void CYFAR *)(CYREG_CLKDIST_BCFG2), 0x48u);
 207:Generated_Source\PSoC5/cyfitter_cfg.c **** 	CY_SET_XTND_REG8((void CYFAR *)(CYREG_CLKDIST_MSTR0), 0x00u);
 208:Generated_Source\PSoC5/cyfitter_cfg.c **** 	CY_SET_XTND_REG8((void CYFAR *)(CYREG_CLKDIST_LD), 0x02u);
 209:Generated_Source\PSoC5/cyfitter_cfg.c **** }
 210:Generated_Source\PSoC5/cyfitter_cfg.c **** 
 211:Generated_Source\PSoC5/cyfitter_cfg.c **** 
 212:Generated_Source\PSoC5/cyfitter_cfg.c **** /* Analog API Functions */
 213:Generated_Source\PSoC5/cyfitter_cfg.c **** 
 214:Generated_Source\PSoC5/cyfitter_cfg.c **** 
 215:Generated_Source\PSoC5/cyfitter_cfg.c **** /*******************************************************************************
 216:Generated_Source\PSoC5/cyfitter_cfg.c **** * Function Name: AnalogSetDefault
 217:Generated_Source\PSoC5/cyfitter_cfg.c **** ********************************************************************************
 218:Generated_Source\PSoC5/cyfitter_cfg.c **** *
 219:Generated_Source\PSoC5/cyfitter_cfg.c **** * Summary:
 220:Generated_Source\PSoC5/cyfitter_cfg.c **** *  Sets up the analog portions of the chip to default values based on chip
 221:Generated_Source\PSoC5/cyfitter_cfg.c **** *  configuration options from the project.
 222:Generated_Source\PSoC5/cyfitter_cfg.c **** *
 223:Generated_Source\PSoC5/cyfitter_cfg.c **** * Parameters:
 224:Generated_Source\PSoC5/cyfitter_cfg.c **** *  void
 225:Generated_Source\PSoC5/cyfitter_cfg.c **** *
 226:Generated_Source\PSoC5/cyfitter_cfg.c **** * Return:
 227:Generated_Source\PSoC5/cyfitter_cfg.c **** *  void
 228:Generated_Source\PSoC5/cyfitter_cfg.c **** *
 229:Generated_Source\PSoC5/cyfitter_cfg.c **** *******************************************************************************/
 230:Generated_Source\PSoC5/cyfitter_cfg.c **** static void AnalogSetDefault(void);
 231:Generated_Source\PSoC5/cyfitter_cfg.c **** static void AnalogSetDefault(void)
 232:Generated_Source\PSoC5/cyfitter_cfg.c **** {
 233:Generated_Source\PSoC5/cyfitter_cfg.c **** 	uint8 bg_xover_inl_trim = CY_GET_XTND_REG8((void CYFAR *)(CYREG_FLSHID_MFG_CFG_BG_XOVER_INL_TRIM +
 234:Generated_Source\PSoC5/cyfitter_cfg.c **** 	CY_SET_XTND_REG8((void CYFAR *)(CYREG_BG_DFT0), (bg_xover_inl_trim & 0x07u));
 235:Generated_Source\PSoC5/cyfitter_cfg.c **** 	CY_SET_XTND_REG8((void CYFAR *)(CYREG_BG_DFT1), ((bg_xover_inl_trim >> 4) & 0x0Fu));
 236:Generated_Source\PSoC5/cyfitter_cfg.c **** 	CY_SET_XTND_REG8((void CYFAR *)CYREG_PUMP_CR0, 0x44u);
 237:Generated_Source\PSoC5/cyfitter_cfg.c **** }
 238:Generated_Source\PSoC5/cyfitter_cfg.c **** 
 239:Generated_Source\PSoC5/cyfitter_cfg.c **** 
 240:Generated_Source\PSoC5/cyfitter_cfg.c **** /*******************************************************************************
 241:Generated_Source\PSoC5/cyfitter_cfg.c **** * Function Name: SetAnalogRoutingPumps
 242:Generated_Source\PSoC5/cyfitter_cfg.c **** ********************************************************************************
 243:Generated_Source\PSoC5/cyfitter_cfg.c **** *
 244:Generated_Source\PSoC5/cyfitter_cfg.c **** * Summary:
 245:Generated_Source\PSoC5/cyfitter_cfg.c **** * Enables or disables the analog pumps feeding analog routing switches.
 246:Generated_Source\PSoC5/cyfitter_cfg.c **** * Intended to be called at startup, based on the Vdda system configuration;
 247:Generated_Source\PSoC5/cyfitter_cfg.c **** * may be called during operation when the user informs us that the Vdda voltage
 248:Generated_Source\PSoC5/cyfitter_cfg.c **** * crossed the pump threshold.
 249:Generated_Source\PSoC5/cyfitter_cfg.c **** *
 250:Generated_Source\PSoC5/cyfitter_cfg.c **** * Parameters:
 251:Generated_Source\PSoC5/cyfitter_cfg.c **** *  enabled - 1 to enable the pumps, 0 to disable the pumps
 252:Generated_Source\PSoC5/cyfitter_cfg.c **** *
 253:Generated_Source\PSoC5/cyfitter_cfg.c **** * Return:
 254:Generated_Source\PSoC5/cyfitter_cfg.c **** *  void
 255:Generated_Source\PSoC5/cyfitter_cfg.c **** *
 256:Generated_Source\PSoC5/cyfitter_cfg.c **** *******************************************************************************/
 257:Generated_Source\PSoC5/cyfitter_cfg.c **** void SetAnalogRoutingPumps(uint8 enabled)
 258:Generated_Source\PSoC5/cyfitter_cfg.c **** {
ARM GAS  C:\Users\mgnocco\AppData\Local\Temp\ccl9P0t6.s 			page 6


  28              		.loc 1 258 0
  29              		.cfi_startproc
  30              		@ args = 0, pretend = 0, frame = 0
  31              		@ frame_needed = 0, uses_anonymous_args = 0
  32              		@ link register save eliminated.
  33              	.LVL0:
 259:Generated_Source\PSoC5/cyfitter_cfg.c **** 	uint8 regValue = CY_GET_XTND_REG8((void CYFAR *)CYREG_PUMP_CR0);
  34              		.loc 1 259 0
  35 0000 024A     		ldr	r2, .L2
  36 0002 1378     		ldrb	r3, [r2]	@ zero_extendqisi2
  37 0004 DBB2     		uxtb	r3, r3
  38              	.LVL1:
 260:Generated_Source\PSoC5/cyfitter_cfg.c **** 	if (enabled != 0u)
 261:Generated_Source\PSoC5/cyfitter_cfg.c **** 	{
 262:Generated_Source\PSoC5/cyfitter_cfg.c **** 		regValue |= 0x00u;
 263:Generated_Source\PSoC5/cyfitter_cfg.c **** 	}
 264:Generated_Source\PSoC5/cyfitter_cfg.c **** 	else
 265:Generated_Source\PSoC5/cyfitter_cfg.c **** 	{
 266:Generated_Source\PSoC5/cyfitter_cfg.c **** 		regValue &= (uint8)~0x00u;
 267:Generated_Source\PSoC5/cyfitter_cfg.c **** 	}
 268:Generated_Source\PSoC5/cyfitter_cfg.c **** 	CY_SET_XTND_REG8((void CYFAR *)CYREG_PUMP_CR0, regValue);
  39              		.loc 1 268 0
  40 0006 1370     		strb	r3, [r2]
  41 0008 7047     		bx	lr
  42              	.L3:
  43 000a 00BF     		.align	2
  44              	.L2:
  45 000c 76580040 		.word	1073764470
  46              		.cfi_endproc
  47              	.LFE6:
  48              		.size	SetAnalogRoutingPumps, .-SetAnalogRoutingPumps
  49              		.section	.text.cyfitter_cfg,"ax",%progbits
  50              		.align	1
  51              		.global	cyfitter_cfg
  52              		.thumb
  53              		.thumb_func
  54              		.type	cyfitter_cfg, %function
  55              	cyfitter_cfg:
  56              	.LFB7:
 269:Generated_Source\PSoC5/cyfitter_cfg.c **** }
 270:Generated_Source\PSoC5/cyfitter_cfg.c **** 
 271:Generated_Source\PSoC5/cyfitter_cfg.c **** 
 272:Generated_Source\PSoC5/cyfitter_cfg.c **** 
 273:Generated_Source\PSoC5/cyfitter_cfg.c **** 
 274:Generated_Source\PSoC5/cyfitter_cfg.c **** /*******************************************************************************
 275:Generated_Source\PSoC5/cyfitter_cfg.c **** * Function Name: cyfitter_cfg
 276:Generated_Source\PSoC5/cyfitter_cfg.c **** ********************************************************************************
 277:Generated_Source\PSoC5/cyfitter_cfg.c **** * Summary:
 278:Generated_Source\PSoC5/cyfitter_cfg.c **** *  This function is called by the start-up code for the selected device. It
 279:Generated_Source\PSoC5/cyfitter_cfg.c **** *  performs all of the necessary device configuration based on the design
 280:Generated_Source\PSoC5/cyfitter_cfg.c **** *  settings.  This includes settings from the Design Wide Resources (DWR) such
 281:Generated_Source\PSoC5/cyfitter_cfg.c **** *  as Clocks and Pins as well as any component configuration that is necessary.
 282:Generated_Source\PSoC5/cyfitter_cfg.c **** *
 283:Generated_Source\PSoC5/cyfitter_cfg.c **** * Parameters:
 284:Generated_Source\PSoC5/cyfitter_cfg.c **** *   void
 285:Generated_Source\PSoC5/cyfitter_cfg.c **** *
 286:Generated_Source\PSoC5/cyfitter_cfg.c **** * Return:
ARM GAS  C:\Users\mgnocco\AppData\Local\Temp\ccl9P0t6.s 			page 7


 287:Generated_Source\PSoC5/cyfitter_cfg.c **** *   void
 288:Generated_Source\PSoC5/cyfitter_cfg.c **** *
 289:Generated_Source\PSoC5/cyfitter_cfg.c **** *******************************************************************************/
 290:Generated_Source\PSoC5/cyfitter_cfg.c **** 
 291:Generated_Source\PSoC5/cyfitter_cfg.c **** void cyfitter_cfg(void)
 292:Generated_Source\PSoC5/cyfitter_cfg.c **** {
  57              		.loc 1 292 0
  58              		.cfi_startproc
  59              		@ args = 0, pretend = 0, frame = 0
  60              		@ frame_needed = 0, uses_anonymous_args = 0
  61 0000 70B5     		push	{r4, r5, r6, lr}
  62              		.cfi_def_cfa_offset 16
  63              		.cfi_offset 4, -16
  64              		.cfi_offset 5, -12
  65              		.cfi_offset 6, -8
  66              		.cfi_offset 14, -4
 293:Generated_Source\PSoC5/cyfitter_cfg.c **** #ifdef CYGlobalIntDisable
 294:Generated_Source\PSoC5/cyfitter_cfg.c **** 	/* Disable interrupts by default. Let user enable if/when they want. */
 295:Generated_Source\PSoC5/cyfitter_cfg.c **** 	CYGlobalIntDisable
  67              		.loc 1 295 0
  68              		.syntax unified
  69              	@ 295 "Generated_Source\PSoC5\cyfitter_cfg.c" 1
  70 0002 72B6     		CPSID   i
  71              	@ 0 "" 2
 296:Generated_Source\PSoC5/cyfitter_cfg.c **** #endif
 297:Generated_Source\PSoC5/cyfitter_cfg.c **** 
 298:Generated_Source\PSoC5/cyfitter_cfg.c **** 	/* Enable/Disable Debug functionality based on settings from System DWR */
 299:Generated_Source\PSoC5/cyfitter_cfg.c **** 	CY_SET_XTND_REG8((void CYFAR *)CYREG_MLOGIC_DEBUG, (CY_GET_XTND_REG8((void CYFAR *)CYREG_MLOGIC_DE
  72              		.loc 1 299 0
  73              		.thumb
  74              		.syntax unified
  75 0004 3F4A     		ldr	r2, .L15
  76              	.LBB22:
  77              	.LBB23:
 300:Generated_Source\PSoC5/cyfitter_cfg.c **** 
 301:Generated_Source\PSoC5/cyfitter_cfg.c **** 	{
 302:Generated_Source\PSoC5/cyfitter_cfg.c **** 
 303:Generated_Source\PSoC5/cyfitter_cfg.c **** 		CYPACKED typedef struct {
 304:Generated_Source\PSoC5/cyfitter_cfg.c **** 			void CYFAR *address;
 305:Generated_Source\PSoC5/cyfitter_cfg.c **** 			uint16 size;
 306:Generated_Source\PSoC5/cyfitter_cfg.c **** 		} CYPACKED_ATTR cfg_memset_t;
 307:Generated_Source\PSoC5/cyfitter_cfg.c **** 
 308:Generated_Source\PSoC5/cyfitter_cfg.c **** 		static const cfg_memset_t CYCODE cfg_memset_list[] = {
 309:Generated_Source\PSoC5/cyfitter_cfg.c **** 			/* address, size */
 310:Generated_Source\PSoC5/cyfitter_cfg.c **** 			{(void CYFAR *)(CYREG_PRT0_DR), 16u},
 311:Generated_Source\PSoC5/cyfitter_cfg.c **** 			{(void CYFAR *)(CYREG_PRT2_DR), 80u},
 312:Generated_Source\PSoC5/cyfitter_cfg.c **** 			{(void CYFAR *)(CYREG_PRT12_DR), 16u},
 313:Generated_Source\PSoC5/cyfitter_cfg.c **** 			{(void CYFAR *)(CYREG_PRT15_DR), 16u},
 314:Generated_Source\PSoC5/cyfitter_cfg.c **** 			{(void CYFAR *)(CYDEV_UCFG_B0_P0_U0_BASE), 4096u},
 315:Generated_Source\PSoC5/cyfitter_cfg.c **** 			{(void CYFAR *)(CYDEV_UCFG_B1_P2_U0_BASE), 2048u},
 316:Generated_Source\PSoC5/cyfitter_cfg.c **** 			{(void CYFAR *)(CYDEV_UCFG_DSI0_BASE), 2560u},
 317:Generated_Source\PSoC5/cyfitter_cfg.c **** 			{(void CYFAR *)(CYDEV_UCFG_DSI12_BASE), 512u},
 318:Generated_Source\PSoC5/cyfitter_cfg.c **** 			{(void CYFAR *)(CYREG_BCTL0_MDCLK_EN), 32u},
 319:Generated_Source\PSoC5/cyfitter_cfg.c **** 		};
 320:Generated_Source\PSoC5/cyfitter_cfg.c **** 
 321:Generated_Source\PSoC5/cyfitter_cfg.c **** 		uint8 CYDATA i;
 322:Generated_Source\PSoC5/cyfitter_cfg.c **** 
ARM GAS  C:\Users\mgnocco\AppData\Local\Temp\ccl9P0t6.s 			page 8


 323:Generated_Source\PSoC5/cyfitter_cfg.c **** 		/* Zero out critical memory blocks before beginning configuration */
 324:Generated_Source\PSoC5/cyfitter_cfg.c **** 		for (i = 0u; i < (sizeof(cfg_memset_list)/sizeof(cfg_memset_list[0])); i++)
 325:Generated_Source\PSoC5/cyfitter_cfg.c **** 		{
 326:Generated_Source\PSoC5/cyfitter_cfg.c **** 			const cfg_memset_t CYCODE * CYDATA ms = &cfg_memset_list[i];
 327:Generated_Source\PSoC5/cyfitter_cfg.c **** 			CYMEMZERO(ms->address, (size_t)(uint32)(ms->size));
  78              		.loc 1 327 0
  79 0006 404D     		ldr	r5, .L15+4
  80              	.LBE23:
  81              	.LBE22:
 299:Generated_Source\PSoC5/cyfitter_cfg.c **** 
  82              		.loc 1 299 0
  83 0008 1378     		ldrb	r3, [r2]	@ zero_extendqisi2
  84 000a 0024     		movs	r4, #0
  85 000c 43F00403 		orr	r3, r3, #4
  86 0010 1370     		strb	r3, [r2]
  87              	.LVL2:
  88              	.LBB27:
  89              	.LBB26:
  90              		.loc 1 327 0
  91 0012 0626     		movs	r6, #6
  92              	.LVL3:
  93              	.L5:
  94              		.loc 1 327 0 is_stmt 0 discriminator 3
  95 0014 06FB0453 		mla	r3, r6, r4, r5
  96              	.LBB24:
  97              	.LBB25:
  79:Generated_Source\PSoC5/cyfitter_cfg.c **** }
  98              		.loc 1 79 0 is_stmt 1 discriminator 3
  99 0018 0021     		movs	r1, #0
 100 001a 9A88     		ldrh	r2, [r3, #4]	@ unaligned
 101 001c 1868     		ldr	r0, [r3]	@ unaligned
 102 001e 0134     		adds	r4, r4, #1
 103              	.LVL4:
 104 0020 FFF7FEFF 		bl	memset
 105              	.LVL5:
 106              	.LBE25:
 107              	.LBE24:
 108              	.LBE26:
 324:Generated_Source\PSoC5/cyfitter_cfg.c **** 		{
 109              		.loc 1 324 0 discriminator 3
 110 0024 092C     		cmp	r4, #9
 111 0026 F5D1     		bne	.L5
 328:Generated_Source\PSoC5/cyfitter_cfg.c **** 		}
 329:Generated_Source\PSoC5/cyfitter_cfg.c **** 
 330:Generated_Source\PSoC5/cyfitter_cfg.c **** 		/* Enable digital routing */
 331:Generated_Source\PSoC5/cyfitter_cfg.c **** 		CY_SET_XTND_REG8((void CYFAR *)CYREG_BCTL0_BANK_CTL, CY_GET_XTND_REG8((void CYFAR *)CYREG_BCTL0_B
 112              		.loc 1 331 0
 113 0028 384A     		ldr	r2, .L15+8
 114              	.LBE27:
 115              	.LBB28:
 116              	.LBB29:
 193:Generated_Source\PSoC5/cyfitter_cfg.c **** 		CyDelayCycles(10u * 48u); /* Delay 10us based on 48MHz clock */
 117              		.loc 1 193 0
 118 002a 394E     		ldr	r6, .L15+12
 119              	.LBE29:
 120              	.LBE28:
 121              	.LBB34:
ARM GAS  C:\Users\mgnocco\AppData\Local\Temp\ccl9P0t6.s 			page 9


 122              		.loc 1 331 0
 123 002c 1378     		ldrb	r3, [r2]	@ zero_extendqisi2
 124              	.LBE34:
 125              	.LBB35:
 126              	.LBB30:
 188:Generated_Source\PSoC5/cyfitter_cfg.c **** 	/* Wait up to 250us for the PLL to lock */
 127              		.loc 1 188 0
 128 002e 1925     		movs	r5, #25
 129              	.LBE30:
 130              	.LBE35:
 131              	.LBB36:
 132              		.loc 1 331 0
 133 0030 43F00203 		orr	r3, r3, #2
 134 0034 1370     		strb	r3, [r2]
 332:Generated_Source\PSoC5/cyfitter_cfg.c **** 		CY_SET_XTND_REG8((void CYFAR *)CYREG_BCTL1_BANK_CTL, CY_GET_XTND_REG8((void CYFAR *)CYREG_BCTL1_B
 135              		.loc 1 332 0
 136 0036 137C     		ldrb	r3, [r2, #16]	@ zero_extendqisi2
 137              	.LBE36:
 138              	.LBB37:
 139              	.LBB31:
 190:Generated_Source\PSoC5/cyfitter_cfg.c **** 	for (timeout = 250u / 10u; (timeout > 0u) && (pllLock != 0x03u); timeout--)
 140              		.loc 1 190 0
 141 0038 0024     		movs	r4, #0
 142              	.LVL6:
 143              	.LBE31:
 144              	.LBE37:
 145              	.LBB38:
 146              		.loc 1 332 0
 147 003a 43F00203 		orr	r3, r3, #2
 148 003e 1374     		strb	r3, [r2, #16]
 149              	.LVL7:
 150              	.LBE38:
 151              	.LBB39:
 152              	.LBB40:
  86:Generated_Source\PSoC5/cyfitter_cfg.c **** }
 153              		.loc 1 86 0
 154 0040 A2F57E42 		sub	r2, r2, #65024
 155 0044 F13A     		subs	r2, r2, #241
 156 0046 4FF09043 		mov	r3, #1207959552
 157 004a 03CB     		ldmia	r3!, {r0, r1}
 158 004c 1060     		str	r0, [r2]	@ unaligned
 159 004e 5160     		str	r1, [r2, #4]	@ unaligned
 160              	.LVL8:
 161              	.LBE40:
 162              	.LBE39:
 333:Generated_Source\PSoC5/cyfitter_cfg.c **** 	}
 334:Generated_Source\PSoC5/cyfitter_cfg.c **** 
 335:Generated_Source\PSoC5/cyfitter_cfg.c **** 
 336:Generated_Source\PSoC5/cyfitter_cfg.c **** 	/* Perform second pass device configuration. These items must be configured in specific order afte
 337:Generated_Source\PSoC5/cyfitter_cfg.c **** 	CYCONFIGCPY((void CYFAR *)(CYREG_PRT1_DM0), (const void CYFAR *)(BS_IOPINS0_1_VAL), 8u);
 338:Generated_Source\PSoC5/cyfitter_cfg.c **** 	/* Switch Boost to the precision bandgap reference from its internal reference */
 339:Generated_Source\PSoC5/cyfitter_cfg.c **** 	CY_SET_REG8((void CYXDATA *)CYREG_BOOST_CR2, (CY_GET_REG8((void CYXDATA *)CYREG_BOOST_CR2) | 0x08u
 163              		.loc 1 339 0
 164 0050 A2F55F62 		sub	r2, r2, #3568
 165 0054 1378     		ldrb	r3, [r2]	@ zero_extendqisi2
 166              	.LBB41:
 167              	.LBB32:
ARM GAS  C:\Users\mgnocco\AppData\Local\Temp\ccl9P0t6.s 			page 10


 183:Generated_Source\PSoC5/cyfitter_cfg.c **** 	CY_SET_XTND_REG8((void CYFAR *)(CYREG_IMO_TR1), (CY_GET_XTND_REG8((void CYFAR *)CYREG_FLSHID_CUST_
 168              		.loc 1 183 0
 169 0056 0321     		movs	r1, #3
 170              	.LBE32:
 171              	.LBE41:
 172              		.loc 1 339 0
 173 0058 43F00803 		orr	r3, r3, #8
 174 005c 1370     		strb	r3, [r2]
 340:Generated_Source\PSoC5/cyfitter_cfg.c **** 
 341:Generated_Source\PSoC5/cyfitter_cfg.c **** 	/* Set Flash Cycles based on max possible frequency in case a glitch occurs during ClockSetup(). *
 342:Generated_Source\PSoC5/cyfitter_cfg.c **** 	CY_SET_XTND_REG8((void CYFAR *)(CYREG_CACHE_CC_CTL), (((CYDEV_INSTRUCT_CACHE_ENABLED) != 0) ? 0x61
 175              		.loc 1 342 0
 176 005e 2D4B     		ldr	r3, .L15+16
 177 0060 6122     		movs	r2, #97
 178 0062 1A70     		strb	r2, [r3]
 179              	.LBB42:
 180              	.LBB33:
 179:Generated_Source\PSoC5/cyfitter_cfg.c **** 	CY_SET_XTND_REG8((void CYFAR *)(CYREG_CLKDIST_CR), 0x08u);
 181              		.loc 1 179 0
 182 0064 0222     		movs	r2, #2
 183 0066 A3F5A063 		sub	r3, r3, #1280
 184 006a 1A70     		strb	r2, [r3]
 180:Generated_Source\PSoC5/cyfitter_cfg.c **** 
 185              		.loc 1 180 0
 186 006c 0822     		movs	r2, #8
 187 006e 4FF04023 		mov	r3, #1073758208
 188 0072 1A70     		strb	r2, [r3]
 183:Generated_Source\PSoC5/cyfitter_cfg.c **** 	CY_SET_XTND_REG8((void CYFAR *)(CYREG_IMO_TR1), (CY_GET_XTND_REG8((void CYFAR *)CYREG_FLSHID_CUST_
 189              		.loc 1 183 0
 190 0074 83F80012 		strb	r1, [r3, #512]
 184:Generated_Source\PSoC5/cyfitter_cfg.c **** 
 191              		.loc 1 184 0
 192 0078 274B     		ldr	r3, .L15+20
 193 007a 2849     		ldr	r1, .L15+24
 194 007c 1B78     		ldrb	r3, [r3]	@ zero_extendqisi2
 195 007e DBB2     		uxtb	r3, r3
 196 0080 0B70     		strb	r3, [r1]
 187:Generated_Source\PSoC5/cyfitter_cfg.c **** 	CY_SET_XTND_REG16((void CYFAR *)(CYREG_FASTCLK_PLL_CFG0), 0x1251u);
 197              		.loc 1 187 0
 198 0082 274B     		ldr	r3, .L15+28
 199 0084 1A80     		strh	r2, [r3]	@ movhi
 188:Generated_Source\PSoC5/cyfitter_cfg.c **** 	/* Wait up to 250us for the PLL to lock */
 200              		.loc 1 188 0
 201 0086 41F25122 		movw	r2, #4689
 202 008a 23F8022C 		strh	r2, [r3, #-2]	@ movhi
 203              	.LVL9:
 204              	.L7:
 193:Generated_Source\PSoC5/cyfitter_cfg.c **** 		CyDelayCycles(10u * 48u); /* Delay 10us based on 48MHz clock */
 205              		.loc 1 193 0
 206 008e 3378     		ldrb	r3, [r6]	@ zero_extendqisi2
 194:Generated_Source\PSoC5/cyfitter_cfg.c **** 	}
 207              		.loc 1 194 0
 208 0090 4FF4F070 		mov	r0, #480
 193:Generated_Source\PSoC5/cyfitter_cfg.c **** 		CyDelayCycles(10u * 48u); /* Delay 10us based on 48MHz clock */
 209              		.loc 1 193 0
 210 0094 03F00103 		and	r3, r3, #1
 211 0098 43EA4404 		orr	r4, r3, r4, lsl #1
ARM GAS  C:\Users\mgnocco\AppData\Local\Temp\ccl9P0t6.s 			page 11


 212              	.LVL10:
 194:Generated_Source\PSoC5/cyfitter_cfg.c **** 	}
 213              		.loc 1 194 0
 214 009c FFF7FEFF 		bl	CyDelayCycles
 215              	.LVL11:
 191:Generated_Source\PSoC5/cyfitter_cfg.c **** 	{ 
 216              		.loc 1 191 0
 217 00a0 013D     		subs	r5, r5, #1
 218              	.LVL12:
 193:Generated_Source\PSoC5/cyfitter_cfg.c **** 		CyDelayCycles(10u * 48u); /* Delay 10us based on 48MHz clock */
 219              		.loc 1 193 0
 220 00a2 04F00304 		and	r4, r4, #3
 221              	.LVL13:
 191:Generated_Source\PSoC5/cyfitter_cfg.c **** 	{ 
 222              		.loc 1 191 0
 223 00a6 2BD0     		beq	.L6
 224              	.LVL14:
 225 00a8 032C     		cmp	r4, #3
 226 00aa F0D1     		bne	.L7
 203:Generated_Source\PSoC5/cyfitter_cfg.c **** 	CY_SET_XTND_REG8((void CYFAR *)(CYREG_CLKDIST_MSTR0), 0x07u);
 227              		.loc 1 203 0
 228 00ac 1D4B     		ldr	r3, .L15+32
 229 00ae 4FF48072 		mov	r2, #256
 230 00b2 1A80     		strh	r2, [r3]	@ movhi
 205:Generated_Source\PSoC5/cyfitter_cfg.c **** 	CY_SET_XTND_REG8((void CYFAR *)(CYREG_CLKDIST_BCFG2), 0x48u);
 231              		.loc 1 205 0
 232 00b4 1C49     		ldr	r1, .L15+36
 204:Generated_Source\PSoC5/cyfitter_cfg.c **** 	CY_SET_XTND_REG8((void CYFAR *)(CYREG_CLKDIST_BCFG0), 0x00u);
 233              		.loc 1 204 0
 234 00b6 0722     		movs	r2, #7
 235 00b8 1A70     		strb	r2, [r3]
 206:Generated_Source\PSoC5/cyfitter_cfg.c **** 	CY_SET_XTND_REG8((void CYFAR *)(CYREG_CLKDIST_MSTR0), 0x00u);
 236              		.loc 1 206 0
 237 00ba 4820     		movs	r0, #72
 205:Generated_Source\PSoC5/cyfitter_cfg.c **** 	CY_SET_XTND_REG8((void CYFAR *)(CYREG_CLKDIST_BCFG2), 0x48u);
 238              		.loc 1 205 0
 239 00bc 0022     		movs	r2, #0
 240 00be 0A70     		strb	r2, [r1]
 206:Generated_Source\PSoC5/cyfitter_cfg.c **** 	CY_SET_XTND_REG8((void CYFAR *)(CYREG_CLKDIST_MSTR0), 0x00u);
 241              		.loc 1 206 0
 242 00c0 8870     		strb	r0, [r1, #2]
 207:Generated_Source\PSoC5/cyfitter_cfg.c **** 	CY_SET_XTND_REG8((void CYFAR *)(CYREG_CLKDIST_LD), 0x02u);
 243              		.loc 1 207 0
 244 00c2 1A70     		strb	r2, [r3]
 208:Generated_Source\PSoC5/cyfitter_cfg.c **** }
 245              		.loc 1 208 0
 246 00c4 0222     		movs	r2, #2
 247 00c6 03F8032C 		strb	r2, [r3, #-3]
 248              	.LVL15:
 249              	.LBE33:
 250              	.LBE42:
 343:Generated_Source\PSoC5/cyfitter_cfg.c **** 	/* Setup clocks based on selections from Clock DWR */
 344:Generated_Source\PSoC5/cyfitter_cfg.c **** 	ClockSetup();
 345:Generated_Source\PSoC5/cyfitter_cfg.c **** 	/* Set Flash Cycles based on newly configured 24.00MHz Bus Clock. */
 346:Generated_Source\PSoC5/cyfitter_cfg.c **** 	CY_SET_XTND_REG8((void CYFAR *)(CYREG_CACHE_CC_CTL), (((CYDEV_INSTRUCT_CACHE_ENABLED) != 0) ? 0x81
 251              		.loc 1 346 0
 252 00ca 8122     		movs	r2, #129
ARM GAS  C:\Users\mgnocco\AppData\Local\Temp\ccl9P0t6.s 			page 12


 253 00cc 83F8FC27 		strb	r2, [r3, #2044]
 347:Generated_Source\PSoC5/cyfitter_cfg.c **** 	CY_SET_XTND_REG8((void CYFAR *)(CYREG_PANTHER_WAITPIPE), 0x01u);
 254              		.loc 1 347 0
 255 00d0 0122     		movs	r2, #1
 256 00d2 03F5F823 		add	r3, r3, #507904
 257 00d6 1A70     		strb	r2, [r3]
 258              	.LBB43:
 259              	.LBB44:
 233:Generated_Source\PSoC5/cyfitter_cfg.c **** 	CY_SET_XTND_REG8((void CYFAR *)(CYREG_BG_DFT0), (bg_xover_inl_trim & 0x07u));
 260              		.loc 1 233 0
 261 00d8 144B     		ldr	r3, .L15+40
 234:Generated_Source\PSoC5/cyfitter_cfg.c **** 	CY_SET_XTND_REG8((void CYFAR *)(CYREG_BG_DFT1), ((bg_xover_inl_trim >> 4) & 0x0Fu));
 262              		.loc 1 234 0
 263 00da 154A     		ldr	r2, .L15+44
 233:Generated_Source\PSoC5/cyfitter_cfg.c **** 	CY_SET_XTND_REG8((void CYFAR *)(CYREG_BG_DFT0), (bg_xover_inl_trim & 0x07u));
 264              		.loc 1 233 0
 265 00dc 1B78     		ldrb	r3, [r3]	@ zero_extendqisi2
 266              	.LBE44:
 267              	.LBE43:
 268              	.LBB46:
 269              	.LBB47:
  86:Generated_Source\PSoC5/cyfitter_cfg.c **** }
 270              		.loc 1 86 0
 271 00de 154C     		ldr	r4, .L15+48
 272              	.LBE47:
 273              	.LBE46:
 274              	.LBB49:
 275              	.LBB45:
 233:Generated_Source\PSoC5/cyfitter_cfg.c **** 	CY_SET_XTND_REG8((void CYFAR *)(CYREG_BG_DFT0), (bg_xover_inl_trim & 0x07u));
 276              		.loc 1 233 0
 277 00e0 DBB2     		uxtb	r3, r3
 278              	.LVL16:
 234:Generated_Source\PSoC5/cyfitter_cfg.c **** 	CY_SET_XTND_REG8((void CYFAR *)(CYREG_BG_DFT1), ((bg_xover_inl_trim >> 4) & 0x0Fu));
 279              		.loc 1 234 0
 280 00e2 03F00701 		and	r1, r3, #7
 235:Generated_Source\PSoC5/cyfitter_cfg.c **** 	CY_SET_XTND_REG8((void CYFAR *)CYREG_PUMP_CR0, 0x44u);
 281              		.loc 1 235 0
 282 00e6 1B09     		lsrs	r3, r3, #4
 283              	.LVL17:
 234:Generated_Source\PSoC5/cyfitter_cfg.c **** 	CY_SET_XTND_REG8((void CYFAR *)(CYREG_BG_DFT1), ((bg_xover_inl_trim >> 4) & 0x0Fu));
 284              		.loc 1 234 0
 285 00e8 1170     		strb	r1, [r2]
 235:Generated_Source\PSoC5/cyfitter_cfg.c **** 	CY_SET_XTND_REG8((void CYFAR *)CYREG_PUMP_CR0, 0x44u);
 286              		.loc 1 235 0
 287 00ea 5370     		strb	r3, [r2, #1]
 236:Generated_Source\PSoC5/cyfitter_cfg.c **** }
 288              		.loc 1 236 0
 289 00ec 124B     		ldr	r3, .L15+52
 290 00ee 4422     		movs	r2, #68
 291 00f0 1A70     		strb	r2, [r3]
 292              	.LVL18:
 293              	.LBE45:
 294              	.LBE49:
 295              	.LBB50:
 296              	.LBB48:
  86:Generated_Source\PSoC5/cyfitter_cfg.c **** }
 297              		.loc 1 86 0
ARM GAS  C:\Users\mgnocco\AppData\Local\Temp\ccl9P0t6.s 			page 13


 298 00f2 A3F5A653 		sub	r3, r3, #5312
 299 00f6 163B     		subs	r3, r3, #22
 300 00f8 0FCB     		ldmia	r3, {r0, r1, r2, r3}
 301 00fa 07C4     		stmia	r4!, {r0, r1, r2}
 302 00fc 2380     		strh	r3, [r4]	@ movhi
 303              	.LVL19:
 304 00fe 70BD     		pop	{r4, r5, r6, pc}
 305              	.LVL20:
 306              	.L6:
 307 0100 FEE7     		b	.L6
 308              	.L16:
 309 0102 00BF     		.align	2
 310              	.L15:
 311 0104 E8460040 		.word	1073759976
 312 0108 00000000 		.word	.LANCHOR0
 313 010c 03500140 		.word	1073827843
 314 0110 25420040 		.word	1073758757
 315 0114 00480040 		.word	1073760256
 316 0118 08010049 		.word	1224737032
 317 011c A1460040 		.word	1073759905
 318 0120 22420040 		.word	1073758754
 319 0124 04400040 		.word	1073758212
 320 0128 06400040 		.word	1073758214
 321 012c CF010049 		.word	1224737231
 322 0130 6E580040 		.word	1073764462
 323 0134 B0430040 		.word	1073759152
 324 0138 76580040 		.word	1073764470
 325              	.LBE48:
 326              	.LBE50:
 327              		.cfi_endproc
 328              	.LFE7:
 329              		.size	cyfitter_cfg, .-cyfitter_cfg
 330              		.section	.rodata
 331              		.set	.LANCHOR0,. + 0
 332              		.type	cfg_memset_list.4992, %object
 333              		.size	cfg_memset_list.4992, 54
 334              	cfg_memset_list.4992:
 335 0000 00510040 		.4byte	1073762560
 336 0004 1000     		.2byte	16
 337 0006 20510040 		.4byte	1073762592
 338 000a 5000     		.2byte	80
 339 000c C0510040 		.4byte	1073762752
 340 0010 1000     		.2byte	16
 341 0012 F0510040 		.4byte	1073762800
 342 0016 1000     		.2byte	16
 343 0018 00000140 		.4byte	1073807360
 344 001c 0010     		.2byte	4096
 345 001e 00140140 		.4byte	1073812480
 346 0022 0008     		.2byte	2048
 347 0024 00400140 		.4byte	1073823744
 348 0028 000A     		.2byte	2560
 349 002a 004C0140 		.4byte	1073826816
 350 002e 0002     		.2byte	512
 351 0030 00500140 		.4byte	1073827840
 352 0034 2000     		.2byte	32
 353              		.text
 354              	.Letext0:
ARM GAS  C:\Users\mgnocco\AppData\Local\Temp\ccl9P0t6.s 			page 14


 355              		.file 2 "c:\\program files (x86)\\cypress\\psoc creator\\4.4\\psoc creator\\import\\gnu\\arm\\5.4.
 356              		.file 3 "Generated_Source\\PSoC5\\cytypes.h"
 357              		.file 4 "Generated_Source\\PSoC5\\CyLib.h"
 358              		.section	.debug_info,"",%progbits
 359              	.Ldebug_info0:
 360 0000 60030000 		.4byte	0x360
 361 0004 0400     		.2byte	0x4
 362 0006 00000000 		.4byte	.Ldebug_abbrev0
 363 000a 04       		.byte	0x4
 364 000b 01       		.uleb128 0x1
 365 000c B6000000 		.4byte	.LASF37
 366 0010 0C       		.byte	0xc
 367 0011 31000000 		.4byte	.LASF38
 368 0015 30020000 		.4byte	.LASF39
 369 0019 A8000000 		.4byte	.Ldebug_ranges0+0xa8
 370 001d 00000000 		.4byte	0
 371 0021 00000000 		.4byte	.Ldebug_line0
 372 0025 02       		.uleb128 0x2
 373 0026 04       		.byte	0x4
 374 0027 05       		.byte	0x5
 375 0028 696E7400 		.ascii	"int\000"
 376 002c 03       		.uleb128 0x3
 377 002d 19000000 		.4byte	.LASF12
 378 0031 02       		.byte	0x2
 379 0032 D8       		.byte	0xd8
 380 0033 37000000 		.4byte	0x37
 381 0037 04       		.uleb128 0x4
 382 0038 04       		.byte	0x4
 383 0039 07       		.byte	0x7
 384 003a BD010000 		.4byte	.LASF0
 385 003e 04       		.uleb128 0x4
 386 003f 08       		.byte	0x8
 387 0040 05       		.byte	0x5
 388 0041 FF010000 		.4byte	.LASF1
 389 0045 04       		.uleb128 0x4
 390 0046 08       		.byte	0x8
 391 0047 04       		.byte	0x4
 392 0048 95020000 		.4byte	.LASF2
 393 004c 04       		.uleb128 0x4
 394 004d 01       		.byte	0x1
 395 004e 06       		.byte	0x6
 396 004f B3020000 		.4byte	.LASF3
 397 0053 04       		.uleb128 0x4
 398 0054 01       		.byte	0x1
 399 0055 08       		.byte	0x8
 400 0056 6A010000 		.4byte	.LASF4
 401 005a 04       		.uleb128 0x4
 402 005b 02       		.byte	0x2
 403 005c 05       		.byte	0x5
 404 005d 15020000 		.4byte	.LASF5
 405 0061 04       		.uleb128 0x4
 406 0062 02       		.byte	0x2
 407 0063 07       		.byte	0x7
 408 0064 72000000 		.4byte	.LASF6
 409 0068 04       		.uleb128 0x4
 410 0069 04       		.byte	0x4
 411 006a 05       		.byte	0x5
ARM GAS  C:\Users\mgnocco\AppData\Local\Temp\ccl9P0t6.s 			page 15


 412 006b 27020000 		.4byte	.LASF7
 413 006f 04       		.uleb128 0x4
 414 0070 04       		.byte	0x4
 415 0071 07       		.byte	0x7
 416 0072 AB010000 		.4byte	.LASF8
 417 0076 04       		.uleb128 0x4
 418 0077 08       		.byte	0x8
 419 0078 07       		.byte	0x7
 420 0079 D2010000 		.4byte	.LASF9
 421 007d 04       		.uleb128 0x4
 422 007e 04       		.byte	0x4
 423 007f 07       		.byte	0x7
 424 0080 F6010000 		.4byte	.LASF10
 425 0084 05       		.uleb128 0x5
 426 0085 04       		.byte	0x4
 427 0086 04       		.uleb128 0x4
 428 0087 01       		.byte	0x1
 429 0088 08       		.byte	0x8
 430 0089 14000000 		.4byte	.LASF11
 431 008d 06       		.uleb128 0x6
 432 008e 44010000 		.4byte	.LASF13
 433 0092 03       		.byte	0x3
 434 0093 E901     		.2byte	0x1e9
 435 0095 53000000 		.4byte	0x53
 436 0099 06       		.uleb128 0x6
 437 009a 93010000 		.4byte	.LASF14
 438 009e 03       		.byte	0x3
 439 009f EA01     		.2byte	0x1ea
 440 00a1 61000000 		.4byte	0x61
 441 00a5 06       		.uleb128 0x6
 442 00a6 A4010000 		.4byte	.LASF15
 443 00aa 03       		.byte	0x3
 444 00ab EB01     		.2byte	0x1eb
 445 00ad 6F000000 		.4byte	0x6f
 446 00b1 04       		.uleb128 0x4
 447 00b2 04       		.byte	0x4
 448 00b3 04       		.byte	0x4
 449 00b4 8D000000 		.4byte	.LASF16
 450 00b8 04       		.uleb128 0x4
 451 00b9 08       		.byte	0x8
 452 00ba 04       		.byte	0x4
 453 00bb 7F010000 		.4byte	.LASF17
 454 00bf 06       		.uleb128 0x6
 455 00c0 B1000000 		.4byte	.LASF18
 456 00c4 03       		.byte	0x3
 457 00c5 9302     		.2byte	0x293
 458 00c7 CB000000 		.4byte	0xcb
 459 00cb 07       		.uleb128 0x7
 460 00cc 8D000000 		.4byte	0x8d
 461 00d0 06       		.uleb128 0x6
 462 00d1 00000000 		.4byte	.LASF19
 463 00d5 03       		.byte	0x3
 464 00d6 9402     		.2byte	0x294
 465 00d8 DC000000 		.4byte	0xdc
 466 00dc 07       		.uleb128 0x7
 467 00dd 99000000 		.4byte	0x99
 468 00e1 08       		.uleb128 0x8
ARM GAS  C:\Users\mgnocco\AppData\Local\Temp\ccl9P0t6.s 			page 16


 469 00e2 93000000 		.4byte	.LASF20
 470 00e6 01       		.byte	0x1
 471 00e7 7F       		.byte	0x7f
 472 00e8 01       		.byte	0x1
 473 00e9 F9000000 		.4byte	0xf9
 474 00ed 09       		.uleb128 0x9
 475 00ee 9A010000 		.4byte	.LASF22
 476 00f2 01       		.byte	0x1
 477 00f3 7F       		.byte	0x7f
 478 00f4 8D000000 		.4byte	0x8d
 479 00f8 00       		.byte	0
 480 00f9 08       		.uleb128 0x8
 481 00fa C8020000 		.4byte	.LASF21
 482 00fe 01       		.byte	0x1
 483 00ff 54       		.byte	0x54
 484 0100 01       		.byte	0x1
 485 0101 25010000 		.4byte	0x125
 486 0105 09       		.uleb128 0x9
 487 0106 A7000000 		.4byte	.LASF23
 488 010a 01       		.byte	0x1
 489 010b 54       		.byte	0x54
 490 010c 84000000 		.4byte	0x84
 491 0110 0A       		.uleb128 0xa
 492 0111 73726300 		.ascii	"src\000"
 493 0115 01       		.byte	0x1
 494 0116 54       		.byte	0x54
 495 0117 25010000 		.4byte	0x125
 496 011b 0A       		.uleb128 0xa
 497 011c 6E00     		.ascii	"n\000"
 498 011e 01       		.byte	0x1
 499 011f 54       		.byte	0x54
 500 0120 2C000000 		.4byte	0x2c
 501 0124 00       		.byte	0
 502 0125 0B       		.uleb128 0xb
 503 0126 04       		.byte	0x4
 504 0127 2B010000 		.4byte	0x12b
 505 012b 0C       		.uleb128 0xc
 506 012c 0D       		.uleb128 0xd
 507 012d 54010000 		.4byte	.LASF30
 508 0131 01       		.byte	0x1
 509 0132 0101     		.2byte	0x101
 510 0134 00000000 		.4byte	.LFB6
 511 0138 10000000 		.4byte	.LFE6-.LFB6
 512 013c 01       		.uleb128 0x1
 513 013d 9C       		.byte	0x9c
 514 013e 5F010000 		.4byte	0x15f
 515 0142 0E       		.uleb128 0xe
 516 0143 1F020000 		.4byte	.LASF40
 517 0147 01       		.byte	0x1
 518 0148 0101     		.2byte	0x101
 519 014a 8D000000 		.4byte	0x8d
 520 014e 01       		.uleb128 0x1
 521 014f 50       		.byte	0x50
 522 0150 0F       		.uleb128 0xf
 523 0151 BF020000 		.4byte	.LASF35
 524 0155 01       		.byte	0x1
 525 0156 0301     		.2byte	0x103
ARM GAS  C:\Users\mgnocco\AppData\Local\Temp\ccl9P0t6.s 			page 17


 526 0158 8D000000 		.4byte	0x8d
 527 015c 01       		.uleb128 0x1
 528 015d 53       		.byte	0x53
 529 015e 00       		.byte	0
 530 015f 08       		.uleb128 0x8
 531 0160 4A010000 		.4byte	.LASF24
 532 0164 01       		.byte	0x1
 533 0165 4D       		.byte	0x4d
 534 0166 01       		.byte	0x1
 535 0167 7E010000 		.4byte	0x17e
 536 016b 0A       		.uleb128 0xa
 537 016c 7300     		.ascii	"s\000"
 538 016e 01       		.byte	0x1
 539 016f 4D       		.byte	0x4d
 540 0170 84000000 		.4byte	0x84
 541 0174 0A       		.uleb128 0xa
 542 0175 6E00     		.ascii	"n\000"
 543 0177 01       		.byte	0x1
 544 0178 4D       		.byte	0x4d
 545 0179 2C000000 		.4byte	0x2c
 546 017d 00       		.byte	0
 547 017e 08       		.uleb128 0x8
 548 017f 20000000 		.4byte	.LASF25
 549 0183 01       		.byte	0x1
 550 0184 E7       		.byte	0xe7
 551 0185 01       		.byte	0x1
 552 0186 96010000 		.4byte	0x196
 553 018a 10       		.uleb128 0x10
 554 018b A1020000 		.4byte	.LASF27
 555 018f 01       		.byte	0x1
 556 0190 E9       		.byte	0xe9
 557 0191 8D000000 		.4byte	0x8d
 558 0195 00       		.byte	0
 559 0196 08       		.uleb128 0x8
 560 0197 67000000 		.4byte	.LASF26
 561 019b 01       		.byte	0x1
 562 019c AC       		.byte	0xac
 563 019d 01       		.byte	0x1
 564 019e B9010000 		.4byte	0x1b9
 565 01a2 10       		.uleb128 0x10
 566 01a3 0D020000 		.4byte	.LASF28
 567 01a7 01       		.byte	0x1
 568 01a8 AE       		.byte	0xae
 569 01a9 A5000000 		.4byte	0xa5
 570 01ad 10       		.uleb128 0x10
 571 01ae 85000000 		.4byte	.LASF29
 572 01b2 01       		.byte	0x1
 573 01b3 AF       		.byte	0xaf
 574 01b4 8D000000 		.4byte	0x8d
 575 01b8 00       		.byte	0
 576 01b9 0D       		.uleb128 0xd
 577 01ba 86010000 		.4byte	.LASF31
 578 01be 01       		.byte	0x1
 579 01bf 2301     		.2byte	0x123
 580 01c1 00000000 		.4byte	.LFB7
 581 01c5 3C010000 		.4byte	.LFE7-.LFB7
 582 01c9 01       		.uleb128 0x1
ARM GAS  C:\Users\mgnocco\AppData\Local\Temp\ccl9P0t6.s 			page 18


 583 01ca 9C       		.byte	0x9c
 584 01cb 4F030000 		.4byte	0x34f
 585 01cf 11       		.uleb128 0x11
 586 01d0 00000000 		.4byte	.Ldebug_ranges0+0
 587 01d4 90020000 		.4byte	0x290
 588 01d8 12       		.uleb128 0x12
 589 01d9 06       		.byte	0x6
 590 01da 01       		.byte	0x1
 591 01db 2F01     		.2byte	0x12f
 592 01dd FC010000 		.4byte	0x1fc
 593 01e1 13       		.uleb128 0x13
 594 01e2 CA010000 		.4byte	.LASF32
 595 01e6 01       		.byte	0x1
 596 01e7 3001     		.2byte	0x130
 597 01e9 84000000 		.4byte	0x84
 598 01ed 00       		.byte	0
 599 01ee 13       		.uleb128 0x13
 600 01ef AC000000 		.4byte	.LASF33
 601 01f3 01       		.byte	0x1
 602 01f4 3101     		.2byte	0x131
 603 01f6 99000000 		.4byte	0x99
 604 01fa 04       		.byte	0x4
 605 01fb 00       		.byte	0
 606 01fc 06       		.uleb128 0x6
 607 01fd E9010000 		.4byte	.LASF34
 608 0201 01       		.byte	0x1
 609 0202 3201     		.2byte	0x132
 610 0204 D8010000 		.4byte	0x1d8
 611 0208 14       		.uleb128 0x14
 612 0209 18020000 		.4byte	0x218
 613 020d 18020000 		.4byte	0x218
 614 0211 15       		.uleb128 0x15
 615 0212 7D000000 		.4byte	0x7d
 616 0216 08       		.byte	0x8
 617 0217 00       		.byte	0
 618 0218 16       		.uleb128 0x16
 619 0219 FC010000 		.4byte	0x1fc
 620 021d 0F       		.uleb128 0xf
 621 021e 57000000 		.4byte	.LASF36
 622 0222 01       		.byte	0x1
 623 0223 3401     		.2byte	0x134
 624 0225 2F020000 		.4byte	0x22f
 625 0229 05       		.uleb128 0x5
 626 022a 03       		.byte	0x3
 627 022b 00000000 		.4byte	cfg_memset_list.4992
 628 022f 16       		.uleb128 0x16
 629 0230 08020000 		.4byte	0x208
 630 0234 17       		.uleb128 0x17
 631 0235 6900     		.ascii	"i\000"
 632 0237 01       		.byte	0x1
 633 0238 4101     		.2byte	0x141
 634 023a 8D000000 		.4byte	0x8d
 635 023e 00000000 		.4byte	.LLST0
 636 0242 18       		.uleb128 0x18
 637 0243 30000000 		.4byte	.Ldebug_ranges0+0x30
 638 0247 17       		.uleb128 0x17
 639 0248 6D7300   		.ascii	"ms\000"
ARM GAS  C:\Users\mgnocco\AppData\Local\Temp\ccl9P0t6.s 			page 19


 640 024b 01       		.byte	0x1
 641 024c 4601     		.2byte	0x146
 642 024e 56020000 		.4byte	0x256
 643 0252 1F000000 		.4byte	.LLST1
 644 0256 0B       		.uleb128 0xb
 645 0257 04       		.byte	0x4
 646 0258 18020000 		.4byte	0x218
 647 025c 19       		.uleb128 0x19
 648 025d 5F010000 		.4byte	0x15f
 649 0261 18000000 		.4byte	.LBB24
 650 0265 0C000000 		.4byte	.LBE24-.LBB24
 651 0269 01       		.byte	0x1
 652 026a 4701     		.2byte	0x147
 653 026c 1A       		.uleb128 0x1a
 654 026d 74010000 		.4byte	0x174
 655 0271 51000000 		.4byte	.LLST2
 656 0275 1A       		.uleb128 0x1a
 657 0276 6B010000 		.4byte	0x16b
 658 027a 8F000000 		.4byte	.LLST3
 659 027e 1B       		.uleb128 0x1b
 660 027f 24000000 		.4byte	.LVL5
 661 0283 4F030000 		.4byte	0x34f
 662 0287 1C       		.uleb128 0x1c
 663 0288 01       		.uleb128 0x1
 664 0289 51       		.byte	0x51
 665 028a 01       		.uleb128 0x1
 666 028b 30       		.byte	0x30
 667 028c 00       		.byte	0
 668 028d 00       		.byte	0
 669 028e 00       		.byte	0
 670 028f 00       		.byte	0
 671 0290 1D       		.uleb128 0x1d
 672 0291 96010000 		.4byte	0x196
 673 0295 2A000000 		.4byte	.LBB28
 674 0299 48000000 		.4byte	.Ldebug_ranges0+0x48
 675 029d 01       		.byte	0x1
 676 029e 5801     		.2byte	0x158
 677 02a0 CE020000 		.4byte	0x2ce
 678 02a4 18       		.uleb128 0x18
 679 02a5 48000000 		.4byte	.Ldebug_ranges0+0x48
 680 02a9 1E       		.uleb128 0x1e
 681 02aa A2010000 		.4byte	0x1a2
 682 02ae BF000000 		.4byte	.LLST4
 683 02b2 1E       		.uleb128 0x1e
 684 02b3 AD010000 		.4byte	0x1ad
 685 02b7 EC000000 		.4byte	.LLST5
 686 02bb 1B       		.uleb128 0x1b
 687 02bc A0000000 		.4byte	.LVL11
 688 02c0 58030000 		.4byte	0x358
 689 02c4 1C       		.uleb128 0x1c
 690 02c5 01       		.uleb128 0x1
 691 02c6 50       		.byte	0x50
 692 02c7 03       		.uleb128 0x3
 693 02c8 0A       		.byte	0xa
 694 02c9 E001     		.2byte	0x1e0
 695 02cb 00       		.byte	0
 696 02cc 00       		.byte	0
ARM GAS  C:\Users\mgnocco\AppData\Local\Temp\ccl9P0t6.s 			page 20


 697 02cd 00       		.byte	0
 698 02ce 1F       		.uleb128 0x1f
 699 02cf F9000000 		.4byte	0xf9
 700 02d3 40000000 		.4byte	.LBB39
 701 02d7 10000000 		.4byte	.LBE39-.LBB39
 702 02db 01       		.byte	0x1
 703 02dc 5101     		.2byte	0x151
 704 02de FE020000 		.4byte	0x2fe
 705 02e2 1A       		.uleb128 0x1a
 706 02e3 1B010000 		.4byte	0x11b
 707 02e7 15010000 		.4byte	.LLST6
 708 02eb 1A       		.uleb128 0x1a
 709 02ec 10010000 		.4byte	0x110
 710 02f0 29010000 		.4byte	.LLST7
 711 02f4 1A       		.uleb128 0x1a
 712 02f5 05010000 		.4byte	0x105
 713 02f9 3F010000 		.4byte	.LLST8
 714 02fd 00       		.byte	0
 715 02fe 1D       		.uleb128 0x1d
 716 02ff 7E010000 		.4byte	0x17e
 717 0303 D8000000 		.4byte	.LBB43
 718 0307 78000000 		.4byte	.Ldebug_ranges0+0x78
 719 030b 01       		.byte	0x1
 720 030c 5E01     		.2byte	0x15e
 721 030e 22030000 		.4byte	0x322
 722 0312 18       		.uleb128 0x18
 723 0313 78000000 		.4byte	.Ldebug_ranges0+0x78
 724 0317 1E       		.uleb128 0x1e
 725 0318 8A010000 		.4byte	0x18a
 726 031c 57010000 		.4byte	.LLST9
 727 0320 00       		.byte	0
 728 0321 00       		.byte	0
 729 0322 20       		.uleb128 0x20
 730 0323 F9000000 		.4byte	0xf9
 731 0327 DE000000 		.4byte	.LBB46
 732 032b 90000000 		.4byte	.Ldebug_ranges0+0x90
 733 032f 01       		.byte	0x1
 734 0330 6101     		.2byte	0x161
 735 0332 1A       		.uleb128 0x1a
 736 0333 1B010000 		.4byte	0x11b
 737 0337 6A010000 		.4byte	.LLST10
 738 033b 1A       		.uleb128 0x1a
 739 033c 10010000 		.4byte	0x110
 740 0340 7E010000 		.4byte	.LLST11
 741 0344 1A       		.uleb128 0x1a
 742 0345 05010000 		.4byte	0x105
 743 0349 96010000 		.4byte	.LLST12
 744 034d 00       		.byte	0
 745 034e 00       		.byte	0
 746 034f 21       		.uleb128 0x21
 747 0350 78010000 		.4byte	.LASF41
 748 0354 78010000 		.4byte	.LASF41
 749 0358 22       		.uleb128 0x22
 750 0359 06000000 		.4byte	.LASF42
 751 035d 06000000 		.4byte	.LASF42
 752 0361 04       		.byte	0x4
 753 0362 79       		.byte	0x79
ARM GAS  C:\Users\mgnocco\AppData\Local\Temp\ccl9P0t6.s 			page 21


 754 0363 00       		.byte	0
 755              		.section	.debug_abbrev,"",%progbits
 756              	.Ldebug_abbrev0:
 757 0000 01       		.uleb128 0x1
 758 0001 11       		.uleb128 0x11
 759 0002 01       		.byte	0x1
 760 0003 25       		.uleb128 0x25
 761 0004 0E       		.uleb128 0xe
 762 0005 13       		.uleb128 0x13
 763 0006 0B       		.uleb128 0xb
 764 0007 03       		.uleb128 0x3
 765 0008 0E       		.uleb128 0xe
 766 0009 1B       		.uleb128 0x1b
 767 000a 0E       		.uleb128 0xe
 768 000b 55       		.uleb128 0x55
 769 000c 17       		.uleb128 0x17
 770 000d 11       		.uleb128 0x11
 771 000e 01       		.uleb128 0x1
 772 000f 10       		.uleb128 0x10
 773 0010 17       		.uleb128 0x17
 774 0011 00       		.byte	0
 775 0012 00       		.byte	0
 776 0013 02       		.uleb128 0x2
 777 0014 24       		.uleb128 0x24
 778 0015 00       		.byte	0
 779 0016 0B       		.uleb128 0xb
 780 0017 0B       		.uleb128 0xb
 781 0018 3E       		.uleb128 0x3e
 782 0019 0B       		.uleb128 0xb
 783 001a 03       		.uleb128 0x3
 784 001b 08       		.uleb128 0x8
 785 001c 00       		.byte	0
 786 001d 00       		.byte	0
 787 001e 03       		.uleb128 0x3
 788 001f 16       		.uleb128 0x16
 789 0020 00       		.byte	0
 790 0021 03       		.uleb128 0x3
 791 0022 0E       		.uleb128 0xe
 792 0023 3A       		.uleb128 0x3a
 793 0024 0B       		.uleb128 0xb
 794 0025 3B       		.uleb128 0x3b
 795 0026 0B       		.uleb128 0xb
 796 0027 49       		.uleb128 0x49
 797 0028 13       		.uleb128 0x13
 798 0029 00       		.byte	0
 799 002a 00       		.byte	0
 800 002b 04       		.uleb128 0x4
 801 002c 24       		.uleb128 0x24
 802 002d 00       		.byte	0
 803 002e 0B       		.uleb128 0xb
 804 002f 0B       		.uleb128 0xb
 805 0030 3E       		.uleb128 0x3e
 806 0031 0B       		.uleb128 0xb
 807 0032 03       		.uleb128 0x3
 808 0033 0E       		.uleb128 0xe
 809 0034 00       		.byte	0
 810 0035 00       		.byte	0
ARM GAS  C:\Users\mgnocco\AppData\Local\Temp\ccl9P0t6.s 			page 22


 811 0036 05       		.uleb128 0x5
 812 0037 0F       		.uleb128 0xf
 813 0038 00       		.byte	0
 814 0039 0B       		.uleb128 0xb
 815 003a 0B       		.uleb128 0xb
 816 003b 00       		.byte	0
 817 003c 00       		.byte	0
 818 003d 06       		.uleb128 0x6
 819 003e 16       		.uleb128 0x16
 820 003f 00       		.byte	0
 821 0040 03       		.uleb128 0x3
 822 0041 0E       		.uleb128 0xe
 823 0042 3A       		.uleb128 0x3a
 824 0043 0B       		.uleb128 0xb
 825 0044 3B       		.uleb128 0x3b
 826 0045 05       		.uleb128 0x5
 827 0046 49       		.uleb128 0x49
 828 0047 13       		.uleb128 0x13
 829 0048 00       		.byte	0
 830 0049 00       		.byte	0
 831 004a 07       		.uleb128 0x7
 832 004b 35       		.uleb128 0x35
 833 004c 00       		.byte	0
 834 004d 49       		.uleb128 0x49
 835 004e 13       		.uleb128 0x13
 836 004f 00       		.byte	0
 837 0050 00       		.byte	0
 838 0051 08       		.uleb128 0x8
 839 0052 2E       		.uleb128 0x2e
 840 0053 01       		.byte	0x1
 841 0054 03       		.uleb128 0x3
 842 0055 0E       		.uleb128 0xe
 843 0056 3A       		.uleb128 0x3a
 844 0057 0B       		.uleb128 0xb
 845 0058 3B       		.uleb128 0x3b
 846 0059 0B       		.uleb128 0xb
 847 005a 27       		.uleb128 0x27
 848 005b 19       		.uleb128 0x19
 849 005c 20       		.uleb128 0x20
 850 005d 0B       		.uleb128 0xb
 851 005e 01       		.uleb128 0x1
 852 005f 13       		.uleb128 0x13
 853 0060 00       		.byte	0
 854 0061 00       		.byte	0
 855 0062 09       		.uleb128 0x9
 856 0063 05       		.uleb128 0x5
 857 0064 00       		.byte	0
 858 0065 03       		.uleb128 0x3
 859 0066 0E       		.uleb128 0xe
 860 0067 3A       		.uleb128 0x3a
 861 0068 0B       		.uleb128 0xb
 862 0069 3B       		.uleb128 0x3b
 863 006a 0B       		.uleb128 0xb
 864 006b 49       		.uleb128 0x49
 865 006c 13       		.uleb128 0x13
 866 006d 00       		.byte	0
 867 006e 00       		.byte	0
ARM GAS  C:\Users\mgnocco\AppData\Local\Temp\ccl9P0t6.s 			page 23


 868 006f 0A       		.uleb128 0xa
 869 0070 05       		.uleb128 0x5
 870 0071 00       		.byte	0
 871 0072 03       		.uleb128 0x3
 872 0073 08       		.uleb128 0x8
 873 0074 3A       		.uleb128 0x3a
 874 0075 0B       		.uleb128 0xb
 875 0076 3B       		.uleb128 0x3b
 876 0077 0B       		.uleb128 0xb
 877 0078 49       		.uleb128 0x49
 878 0079 13       		.uleb128 0x13
 879 007a 00       		.byte	0
 880 007b 00       		.byte	0
 881 007c 0B       		.uleb128 0xb
 882 007d 0F       		.uleb128 0xf
 883 007e 00       		.byte	0
 884 007f 0B       		.uleb128 0xb
 885 0080 0B       		.uleb128 0xb
 886 0081 49       		.uleb128 0x49
 887 0082 13       		.uleb128 0x13
 888 0083 00       		.byte	0
 889 0084 00       		.byte	0
 890 0085 0C       		.uleb128 0xc
 891 0086 26       		.uleb128 0x26
 892 0087 00       		.byte	0
 893 0088 00       		.byte	0
 894 0089 00       		.byte	0
 895 008a 0D       		.uleb128 0xd
 896 008b 2E       		.uleb128 0x2e
 897 008c 01       		.byte	0x1
 898 008d 3F       		.uleb128 0x3f
 899 008e 19       		.uleb128 0x19
 900 008f 03       		.uleb128 0x3
 901 0090 0E       		.uleb128 0xe
 902 0091 3A       		.uleb128 0x3a
 903 0092 0B       		.uleb128 0xb
 904 0093 3B       		.uleb128 0x3b
 905 0094 05       		.uleb128 0x5
 906 0095 27       		.uleb128 0x27
 907 0096 19       		.uleb128 0x19
 908 0097 11       		.uleb128 0x11
 909 0098 01       		.uleb128 0x1
 910 0099 12       		.uleb128 0x12
 911 009a 06       		.uleb128 0x6
 912 009b 40       		.uleb128 0x40
 913 009c 18       		.uleb128 0x18
 914 009d 9742     		.uleb128 0x2117
 915 009f 19       		.uleb128 0x19
 916 00a0 01       		.uleb128 0x1
 917 00a1 13       		.uleb128 0x13
 918 00a2 00       		.byte	0
 919 00a3 00       		.byte	0
 920 00a4 0E       		.uleb128 0xe
 921 00a5 05       		.uleb128 0x5
 922 00a6 00       		.byte	0
 923 00a7 03       		.uleb128 0x3
 924 00a8 0E       		.uleb128 0xe
ARM GAS  C:\Users\mgnocco\AppData\Local\Temp\ccl9P0t6.s 			page 24


 925 00a9 3A       		.uleb128 0x3a
 926 00aa 0B       		.uleb128 0xb
 927 00ab 3B       		.uleb128 0x3b
 928 00ac 05       		.uleb128 0x5
 929 00ad 49       		.uleb128 0x49
 930 00ae 13       		.uleb128 0x13
 931 00af 02       		.uleb128 0x2
 932 00b0 18       		.uleb128 0x18
 933 00b1 00       		.byte	0
 934 00b2 00       		.byte	0
 935 00b3 0F       		.uleb128 0xf
 936 00b4 34       		.uleb128 0x34
 937 00b5 00       		.byte	0
 938 00b6 03       		.uleb128 0x3
 939 00b7 0E       		.uleb128 0xe
 940 00b8 3A       		.uleb128 0x3a
 941 00b9 0B       		.uleb128 0xb
 942 00ba 3B       		.uleb128 0x3b
 943 00bb 05       		.uleb128 0x5
 944 00bc 49       		.uleb128 0x49
 945 00bd 13       		.uleb128 0x13
 946 00be 02       		.uleb128 0x2
 947 00bf 18       		.uleb128 0x18
 948 00c0 00       		.byte	0
 949 00c1 00       		.byte	0
 950 00c2 10       		.uleb128 0x10
 951 00c3 34       		.uleb128 0x34
 952 00c4 00       		.byte	0
 953 00c5 03       		.uleb128 0x3
 954 00c6 0E       		.uleb128 0xe
 955 00c7 3A       		.uleb128 0x3a
 956 00c8 0B       		.uleb128 0xb
 957 00c9 3B       		.uleb128 0x3b
 958 00ca 0B       		.uleb128 0xb
 959 00cb 49       		.uleb128 0x49
 960 00cc 13       		.uleb128 0x13
 961 00cd 00       		.byte	0
 962 00ce 00       		.byte	0
 963 00cf 11       		.uleb128 0x11
 964 00d0 0B       		.uleb128 0xb
 965 00d1 01       		.byte	0x1
 966 00d2 55       		.uleb128 0x55
 967 00d3 17       		.uleb128 0x17
 968 00d4 01       		.uleb128 0x1
 969 00d5 13       		.uleb128 0x13
 970 00d6 00       		.byte	0
 971 00d7 00       		.byte	0
 972 00d8 12       		.uleb128 0x12
 973 00d9 13       		.uleb128 0x13
 974 00da 01       		.byte	0x1
 975 00db 0B       		.uleb128 0xb
 976 00dc 0B       		.uleb128 0xb
 977 00dd 3A       		.uleb128 0x3a
 978 00de 0B       		.uleb128 0xb
 979 00df 3B       		.uleb128 0x3b
 980 00e0 05       		.uleb128 0x5
 981 00e1 01       		.uleb128 0x1
ARM GAS  C:\Users\mgnocco\AppData\Local\Temp\ccl9P0t6.s 			page 25


 982 00e2 13       		.uleb128 0x13
 983 00e3 00       		.byte	0
 984 00e4 00       		.byte	0
 985 00e5 13       		.uleb128 0x13
 986 00e6 0D       		.uleb128 0xd
 987 00e7 00       		.byte	0
 988 00e8 03       		.uleb128 0x3
 989 00e9 0E       		.uleb128 0xe
 990 00ea 3A       		.uleb128 0x3a
 991 00eb 0B       		.uleb128 0xb
 992 00ec 3B       		.uleb128 0x3b
 993 00ed 05       		.uleb128 0x5
 994 00ee 49       		.uleb128 0x49
 995 00ef 13       		.uleb128 0x13
 996 00f0 38       		.uleb128 0x38
 997 00f1 0B       		.uleb128 0xb
 998 00f2 00       		.byte	0
 999 00f3 00       		.byte	0
 1000 00f4 14       		.uleb128 0x14
 1001 00f5 01       		.uleb128 0x1
 1002 00f6 01       		.byte	0x1
 1003 00f7 49       		.uleb128 0x49
 1004 00f8 13       		.uleb128 0x13
 1005 00f9 01       		.uleb128 0x1
 1006 00fa 13       		.uleb128 0x13
 1007 00fb 00       		.byte	0
 1008 00fc 00       		.byte	0
 1009 00fd 15       		.uleb128 0x15
 1010 00fe 21       		.uleb128 0x21
 1011 00ff 00       		.byte	0
 1012 0100 49       		.uleb128 0x49
 1013 0101 13       		.uleb128 0x13
 1014 0102 2F       		.uleb128 0x2f
 1015 0103 0B       		.uleb128 0xb
 1016 0104 00       		.byte	0
 1017 0105 00       		.byte	0
 1018 0106 16       		.uleb128 0x16
 1019 0107 26       		.uleb128 0x26
 1020 0108 00       		.byte	0
 1021 0109 49       		.uleb128 0x49
 1022 010a 13       		.uleb128 0x13
 1023 010b 00       		.byte	0
 1024 010c 00       		.byte	0
 1025 010d 17       		.uleb128 0x17
 1026 010e 34       		.uleb128 0x34
 1027 010f 00       		.byte	0
 1028 0110 03       		.uleb128 0x3
 1029 0111 08       		.uleb128 0x8
 1030 0112 3A       		.uleb128 0x3a
 1031 0113 0B       		.uleb128 0xb
 1032 0114 3B       		.uleb128 0x3b
 1033 0115 05       		.uleb128 0x5
 1034 0116 49       		.uleb128 0x49
 1035 0117 13       		.uleb128 0x13
 1036 0118 02       		.uleb128 0x2
 1037 0119 17       		.uleb128 0x17
 1038 011a 00       		.byte	0
ARM GAS  C:\Users\mgnocco\AppData\Local\Temp\ccl9P0t6.s 			page 26


 1039 011b 00       		.byte	0
 1040 011c 18       		.uleb128 0x18
 1041 011d 0B       		.uleb128 0xb
 1042 011e 01       		.byte	0x1
 1043 011f 55       		.uleb128 0x55
 1044 0120 17       		.uleb128 0x17
 1045 0121 00       		.byte	0
 1046 0122 00       		.byte	0
 1047 0123 19       		.uleb128 0x19
 1048 0124 1D       		.uleb128 0x1d
 1049 0125 01       		.byte	0x1
 1050 0126 31       		.uleb128 0x31
 1051 0127 13       		.uleb128 0x13
 1052 0128 11       		.uleb128 0x11
 1053 0129 01       		.uleb128 0x1
 1054 012a 12       		.uleb128 0x12
 1055 012b 06       		.uleb128 0x6
 1056 012c 58       		.uleb128 0x58
 1057 012d 0B       		.uleb128 0xb
 1058 012e 59       		.uleb128 0x59
 1059 012f 05       		.uleb128 0x5
 1060 0130 00       		.byte	0
 1061 0131 00       		.byte	0
 1062 0132 1A       		.uleb128 0x1a
 1063 0133 05       		.uleb128 0x5
 1064 0134 00       		.byte	0
 1065 0135 31       		.uleb128 0x31
 1066 0136 13       		.uleb128 0x13
 1067 0137 02       		.uleb128 0x2
 1068 0138 17       		.uleb128 0x17
 1069 0139 00       		.byte	0
 1070 013a 00       		.byte	0
 1071 013b 1B       		.uleb128 0x1b
 1072 013c 898201   		.uleb128 0x4109
 1073 013f 01       		.byte	0x1
 1074 0140 11       		.uleb128 0x11
 1075 0141 01       		.uleb128 0x1
 1076 0142 31       		.uleb128 0x31
 1077 0143 13       		.uleb128 0x13
 1078 0144 00       		.byte	0
 1079 0145 00       		.byte	0
 1080 0146 1C       		.uleb128 0x1c
 1081 0147 8A8201   		.uleb128 0x410a
 1082 014a 00       		.byte	0
 1083 014b 02       		.uleb128 0x2
 1084 014c 18       		.uleb128 0x18
 1085 014d 9142     		.uleb128 0x2111
 1086 014f 18       		.uleb128 0x18
 1087 0150 00       		.byte	0
 1088 0151 00       		.byte	0
 1089 0152 1D       		.uleb128 0x1d
 1090 0153 1D       		.uleb128 0x1d
 1091 0154 01       		.byte	0x1
 1092 0155 31       		.uleb128 0x31
 1093 0156 13       		.uleb128 0x13
 1094 0157 52       		.uleb128 0x52
 1095 0158 01       		.uleb128 0x1
ARM GAS  C:\Users\mgnocco\AppData\Local\Temp\ccl9P0t6.s 			page 27


 1096 0159 55       		.uleb128 0x55
 1097 015a 17       		.uleb128 0x17
 1098 015b 58       		.uleb128 0x58
 1099 015c 0B       		.uleb128 0xb
 1100 015d 59       		.uleb128 0x59
 1101 015e 05       		.uleb128 0x5
 1102 015f 01       		.uleb128 0x1
 1103 0160 13       		.uleb128 0x13
 1104 0161 00       		.byte	0
 1105 0162 00       		.byte	0
 1106 0163 1E       		.uleb128 0x1e
 1107 0164 34       		.uleb128 0x34
 1108 0165 00       		.byte	0
 1109 0166 31       		.uleb128 0x31
 1110 0167 13       		.uleb128 0x13
 1111 0168 02       		.uleb128 0x2
 1112 0169 17       		.uleb128 0x17
 1113 016a 00       		.byte	0
 1114 016b 00       		.byte	0
 1115 016c 1F       		.uleb128 0x1f
 1116 016d 1D       		.uleb128 0x1d
 1117 016e 01       		.byte	0x1
 1118 016f 31       		.uleb128 0x31
 1119 0170 13       		.uleb128 0x13
 1120 0171 11       		.uleb128 0x11
 1121 0172 01       		.uleb128 0x1
 1122 0173 12       		.uleb128 0x12
 1123 0174 06       		.uleb128 0x6
 1124 0175 58       		.uleb128 0x58
 1125 0176 0B       		.uleb128 0xb
 1126 0177 59       		.uleb128 0x59
 1127 0178 05       		.uleb128 0x5
 1128 0179 01       		.uleb128 0x1
 1129 017a 13       		.uleb128 0x13
 1130 017b 00       		.byte	0
 1131 017c 00       		.byte	0
 1132 017d 20       		.uleb128 0x20
 1133 017e 1D       		.uleb128 0x1d
 1134 017f 01       		.byte	0x1
 1135 0180 31       		.uleb128 0x31
 1136 0181 13       		.uleb128 0x13
 1137 0182 52       		.uleb128 0x52
 1138 0183 01       		.uleb128 0x1
 1139 0184 55       		.uleb128 0x55
 1140 0185 17       		.uleb128 0x17
 1141 0186 58       		.uleb128 0x58
 1142 0187 0B       		.uleb128 0xb
 1143 0188 59       		.uleb128 0x59
 1144 0189 05       		.uleb128 0x5
 1145 018a 00       		.byte	0
 1146 018b 00       		.byte	0
 1147 018c 21       		.uleb128 0x21
 1148 018d 2E       		.uleb128 0x2e
 1149 018e 00       		.byte	0
 1150 018f 3F       		.uleb128 0x3f
 1151 0190 19       		.uleb128 0x19
 1152 0191 3C       		.uleb128 0x3c
ARM GAS  C:\Users\mgnocco\AppData\Local\Temp\ccl9P0t6.s 			page 28


 1153 0192 19       		.uleb128 0x19
 1154 0193 6E       		.uleb128 0x6e
 1155 0194 0E       		.uleb128 0xe
 1156 0195 03       		.uleb128 0x3
 1157 0196 0E       		.uleb128 0xe
 1158 0197 00       		.byte	0
 1159 0198 00       		.byte	0
 1160 0199 22       		.uleb128 0x22
 1161 019a 2E       		.uleb128 0x2e
 1162 019b 00       		.byte	0
 1163 019c 3F       		.uleb128 0x3f
 1164 019d 19       		.uleb128 0x19
 1165 019e 3C       		.uleb128 0x3c
 1166 019f 19       		.uleb128 0x19
 1167 01a0 6E       		.uleb128 0x6e
 1168 01a1 0E       		.uleb128 0xe
 1169 01a2 03       		.uleb128 0x3
 1170 01a3 0E       		.uleb128 0xe
 1171 01a4 3A       		.uleb128 0x3a
 1172 01a5 0B       		.uleb128 0xb
 1173 01a6 3B       		.uleb128 0x3b
 1174 01a7 0B       		.uleb128 0xb
 1175 01a8 00       		.byte	0
 1176 01a9 00       		.byte	0
 1177 01aa 00       		.byte	0
 1178              		.section	.debug_loc,"",%progbits
 1179              	.Ldebug_loc0:
 1180              	.LLST0:
 1181 0000 12000000 		.4byte	.LVL2
 1182 0004 14000000 		.4byte	.LVL3
 1183 0008 0200     		.2byte	0x2
 1184 000a 30       		.byte	0x30
 1185 000b 9F       		.byte	0x9f
 1186 000c 14000000 		.4byte	.LVL3
 1187 0010 20000000 		.4byte	.LVL4
 1188 0014 0100     		.2byte	0x1
 1189 0016 54       		.byte	0x54
 1190 0017 00000000 		.4byte	0
 1191 001b 00000000 		.4byte	0
 1192              	.LLST1:
 1193 001f 14000000 		.4byte	.LVL3
 1194 0023 20000000 		.4byte	.LVL4
 1195 0027 0B00     		.2byte	0xb
 1196 0029 74       		.byte	0x74
 1197 002a 00       		.sleb128 0
 1198 002b 36       		.byte	0x36
 1199 002c 1E       		.byte	0x1e
 1200 002d 03       		.byte	0x3
 1201 002e 00000000 		.4byte	cfg_memset_list.4992
 1202 0032 22       		.byte	0x22
 1203 0033 9F       		.byte	0x9f
 1204 0034 20000000 		.4byte	.LVL4
 1205 0038 3A000000 		.4byte	.LVL6
 1206 003c 0B00     		.2byte	0xb
 1207 003e 74       		.byte	0x74
 1208 003f 7F       		.sleb128 -1
 1209 0040 36       		.byte	0x36
ARM GAS  C:\Users\mgnocco\AppData\Local\Temp\ccl9P0t6.s 			page 29


 1210 0041 1E       		.byte	0x1e
 1211 0042 03       		.byte	0x3
 1212 0043 00000000 		.4byte	cfg_memset_list.4992
 1213 0047 22       		.byte	0x22
 1214 0048 9F       		.byte	0x9f
 1215 0049 00000000 		.4byte	0
 1216 004d 00000000 		.4byte	0
 1217              	.LLST2:
 1218 0051 14000000 		.4byte	.LVL3
 1219 0055 20000000 		.4byte	.LVL4
 1220 0059 1100     		.2byte	0x11
 1221 005b 74       		.byte	0x74
 1222 005c 00       		.sleb128 0
 1223 005d 36       		.byte	0x36
 1224 005e 1E       		.byte	0x1e
 1225 005f 03       		.byte	0x3
 1226 0060 04000000 		.4byte	cfg_memset_list.4992+4
 1227 0064 22       		.byte	0x22
 1228 0065 94       		.byte	0x94
 1229 0066 02       		.byte	0x2
 1230 0067 0A       		.byte	0xa
 1231 0068 FFFF     		.2byte	0xffff
 1232 006a 1A       		.byte	0x1a
 1233 006b 9F       		.byte	0x9f
 1234 006c 20000000 		.4byte	.LVL4
 1235 0070 24000000 		.4byte	.LVL5
 1236 0074 1100     		.2byte	0x11
 1237 0076 74       		.byte	0x74
 1238 0077 7F       		.sleb128 -1
 1239 0078 36       		.byte	0x36
 1240 0079 1E       		.byte	0x1e
 1241 007a 03       		.byte	0x3
 1242 007b 04000000 		.4byte	cfg_memset_list.4992+4
 1243 007f 22       		.byte	0x22
 1244 0080 94       		.byte	0x94
 1245 0081 02       		.byte	0x2
 1246 0082 0A       		.byte	0xa
 1247 0083 FFFF     		.2byte	0xffff
 1248 0085 1A       		.byte	0x1a
 1249 0086 9F       		.byte	0x9f
 1250 0087 00000000 		.4byte	0
 1251 008b 00000000 		.4byte	0
 1252              	.LLST3:
 1253 008f 14000000 		.4byte	.LVL3
 1254 0093 20000000 		.4byte	.LVL4
 1255 0097 0A00     		.2byte	0xa
 1256 0099 74       		.byte	0x74
 1257 009a 00       		.sleb128 0
 1258 009b 36       		.byte	0x36
 1259 009c 1E       		.byte	0x1e
 1260 009d 03       		.byte	0x3
 1261 009e 00000000 		.4byte	cfg_memset_list.4992
 1262 00a2 22       		.byte	0x22
 1263 00a3 20000000 		.4byte	.LVL4
 1264 00a7 24000000 		.4byte	.LVL5
 1265 00ab 0A00     		.2byte	0xa
 1266 00ad 74       		.byte	0x74
ARM GAS  C:\Users\mgnocco\AppData\Local\Temp\ccl9P0t6.s 			page 30


 1267 00ae 7F       		.sleb128 -1
 1268 00af 36       		.byte	0x36
 1269 00b0 1E       		.byte	0x1e
 1270 00b1 03       		.byte	0x3
 1271 00b2 00000000 		.4byte	cfg_memset_list.4992
 1272 00b6 22       		.byte	0x22
 1273 00b7 00000000 		.4byte	0
 1274 00bb 00000000 		.4byte	0
 1275              	.LLST4:
 1276 00bf 8E000000 		.4byte	.LVL9
 1277 00c3 A2000000 		.4byte	.LVL12
 1278 00c7 0100     		.2byte	0x1
 1279 00c9 55       		.byte	0x55
 1280 00ca A2000000 		.4byte	.LVL12
 1281 00ce A6000000 		.4byte	.LVL13
 1282 00d2 0300     		.2byte	0x3
 1283 00d4 75       		.byte	0x75
 1284 00d5 01       		.sleb128 1
 1285 00d6 9F       		.byte	0x9f
 1286 00d7 A8000000 		.4byte	.LVL14
 1287 00db CA000000 		.4byte	.LVL15
 1288 00df 0300     		.2byte	0x3
 1289 00e1 75       		.byte	0x75
 1290 00e2 7F       		.sleb128 -1
 1291 00e3 9F       		.byte	0x9f
 1292 00e4 00000000 		.4byte	0
 1293 00e8 00000000 		.4byte	0
 1294              	.LLST5:
 1295 00ec 8E000000 		.4byte	.LVL9
 1296 00f0 9C000000 		.4byte	.LVL10
 1297 00f4 0100     		.2byte	0x1
 1298 00f6 54       		.byte	0x54
 1299 00f7 A6000000 		.4byte	.LVL13
 1300 00fb CA000000 		.4byte	.LVL15
 1301 00ff 0100     		.2byte	0x1
 1302 0101 54       		.byte	0x54
 1303 0102 00010000 		.4byte	.LVL20
 1304 0106 3C010000 		.4byte	.LFE7
 1305 010a 0100     		.2byte	0x1
 1306 010c 54       		.byte	0x54
 1307 010d 00000000 		.4byte	0
 1308 0111 00000000 		.4byte	0
 1309              	.LLST6:
 1310 0115 40000000 		.4byte	.LVL7
 1311 0119 50000000 		.4byte	.LVL8
 1312 011d 0200     		.2byte	0x2
 1313 011f 38       		.byte	0x38
 1314 0120 9F       		.byte	0x9f
 1315 0121 00000000 		.4byte	0
 1316 0125 00000000 		.4byte	0
 1317              	.LLST7:
 1318 0129 40000000 		.4byte	.LVL7
 1319 012d 50000000 		.4byte	.LVL8
 1320 0131 0400     		.2byte	0x4
 1321 0133 42       		.byte	0x42
 1322 0134 4A       		.byte	0x4a
 1323 0135 24       		.byte	0x24
ARM GAS  C:\Users\mgnocco\AppData\Local\Temp\ccl9P0t6.s 			page 31


 1324 0136 9F       		.byte	0x9f
 1325 0137 00000000 		.4byte	0
 1326 013b 00000000 		.4byte	0
 1327              	.LLST8:
 1328 013f 40000000 		.4byte	.LVL7
 1329 0143 50000000 		.4byte	.LVL8
 1330 0147 0600     		.2byte	0x6
 1331 0149 0C       		.byte	0xc
 1332 014a 12510040 		.4byte	0x40005112
 1333 014e 9F       		.byte	0x9f
 1334 014f 00000000 		.4byte	0
 1335 0153 00000000 		.4byte	0
 1336              	.LLST9:
 1337 0157 E2000000 		.4byte	.LVL16
 1338 015b E8000000 		.4byte	.LVL17
 1339 015f 0100     		.2byte	0x1
 1340 0161 53       		.byte	0x53
 1341 0162 00000000 		.4byte	0
 1342 0166 00000000 		.4byte	0
 1343              	.LLST10:
 1344 016a F2000000 		.4byte	.LVL18
 1345 016e FE000000 		.4byte	.LVL19
 1346 0172 0200     		.2byte	0x2
 1347 0174 3E       		.byte	0x3e
 1348 0175 9F       		.byte	0x9f
 1349 0176 00000000 		.4byte	0
 1350 017a 00000000 		.4byte	0
 1351              	.LLST11:
 1352 017e F2000000 		.4byte	.LVL18
 1353 0182 FE000000 		.4byte	.LVL19
 1354 0186 0600     		.2byte	0x6
 1355 0188 0C       		.byte	0xc
 1356 0189 A0430040 		.4byte	0x400043a0
 1357 018d 9F       		.byte	0x9f
 1358 018e 00000000 		.4byte	0
 1359 0192 00000000 		.4byte	0
 1360              	.LLST12:
 1361 0196 F2000000 		.4byte	.LVL18
 1362 019a FE000000 		.4byte	.LVL19
 1363 019e 0600     		.2byte	0x6
 1364 01a0 0C       		.byte	0xc
 1365 01a1 B0430040 		.4byte	0x400043b0
 1366 01a5 9F       		.byte	0x9f
 1367 01a6 00000000 		.4byte	0
 1368 01aa 00000000 		.4byte	0
 1369              		.section	.debug_aranges,"",%progbits
 1370 0000 24000000 		.4byte	0x24
 1371 0004 0200     		.2byte	0x2
 1372 0006 00000000 		.4byte	.Ldebug_info0
 1373 000a 04       		.byte	0x4
 1374 000b 00       		.byte	0
 1375 000c 0000     		.2byte	0
 1376 000e 0000     		.2byte	0
 1377 0010 00000000 		.4byte	.LFB6
 1378 0014 10000000 		.4byte	.LFE6-.LFB6
 1379 0018 00000000 		.4byte	.LFB7
 1380 001c 3C010000 		.4byte	.LFE7-.LFB7
ARM GAS  C:\Users\mgnocco\AppData\Local\Temp\ccl9P0t6.s 			page 32


 1381 0020 00000000 		.4byte	0
 1382 0024 00000000 		.4byte	0
 1383              		.section	.debug_ranges,"",%progbits
 1384              	.Ldebug_ranges0:
 1385 0000 06000000 		.4byte	.LBB22
 1386 0004 08000000 		.4byte	.LBE22
 1387 0008 12000000 		.4byte	.LBB27
 1388 000c 2A000000 		.4byte	.LBE27
 1389 0010 2C000000 		.4byte	.LBB34
 1390 0014 2E000000 		.4byte	.LBE34
 1391 0018 30000000 		.4byte	.LBB36
 1392 001c 38000000 		.4byte	.LBE36
 1393 0020 3A000000 		.4byte	.LBB38
 1394 0024 40000000 		.4byte	.LBE38
 1395 0028 00000000 		.4byte	0
 1396 002c 00000000 		.4byte	0
 1397 0030 06000000 		.4byte	.LBB23
 1398 0034 08000000 		.4byte	.LBE23
 1399 0038 12000000 		.4byte	.LBB26
 1400 003c 24000000 		.4byte	.LBE26
 1401 0040 00000000 		.4byte	0
 1402 0044 00000000 		.4byte	0
 1403 0048 2A000000 		.4byte	.LBB28
 1404 004c 2C000000 		.4byte	.LBE28
 1405 0050 2E000000 		.4byte	.LBB35
 1406 0054 30000000 		.4byte	.LBE35
 1407 0058 38000000 		.4byte	.LBB37
 1408 005c 3A000000 		.4byte	.LBE37
 1409 0060 56000000 		.4byte	.LBB41
 1410 0064 58000000 		.4byte	.LBE41
 1411 0068 64000000 		.4byte	.LBB42
 1412 006c CA000000 		.4byte	.LBE42
 1413 0070 00000000 		.4byte	0
 1414 0074 00000000 		.4byte	0
 1415 0078 D8000000 		.4byte	.LBB43
 1416 007c DE000000 		.4byte	.LBE43
 1417 0080 E0000000 		.4byte	.LBB49
 1418 0084 F2000000 		.4byte	.LBE49
 1419 0088 00000000 		.4byte	0
 1420 008c 00000000 		.4byte	0
 1421 0090 DE000000 		.4byte	.LBB46
 1422 0094 E0000000 		.4byte	.LBE46
 1423 0098 F2000000 		.4byte	.LBB50
 1424 009c 3C010000 		.4byte	.LBE50
 1425 00a0 00000000 		.4byte	0
 1426 00a4 00000000 		.4byte	0
 1427 00a8 00000000 		.4byte	.LFB6
 1428 00ac 10000000 		.4byte	.LFE6
 1429 00b0 00000000 		.4byte	.LFB7
 1430 00b4 3C010000 		.4byte	.LFE7
 1431 00b8 00000000 		.4byte	0
 1432 00bc 00000000 		.4byte	0
 1433              		.section	.debug_line,"",%progbits
 1434              	.Ldebug_line0:
 1435 0000 83010000 		.section	.debug_str,"MS",%progbits,1
 1435      0200D600 
 1435      00000201 
ARM GAS  C:\Users\mgnocco\AppData\Local\Temp\ccl9P0t6.s 			page 33


 1435      FB0E0D00 
 1435      01010101 
 1436              	.LASF19:
 1437 0000 72656731 		.ascii	"reg16\000"
 1437      3600
 1438              	.LASF42:
 1439 0006 43794465 		.ascii	"CyDelayCycles\000"
 1439      6C617943 
 1439      79636C65 
 1439      7300
 1440              	.LASF11:
 1441 0014 63686172 		.ascii	"char\000"
 1441      00
 1442              	.LASF12:
 1443 0019 73697A65 		.ascii	"size_t\000"
 1443      5F7400
 1444              	.LASF25:
 1445 0020 416E616C 		.ascii	"AnalogSetDefault\000"
 1445      6F675365 
 1445      74446566 
 1445      61756C74 
 1445      00
 1446              	.LASF38:
 1447 0031 47656E65 		.ascii	"Generated_Source\\PSoC5\\cyfitter_cfg.c\000"
 1447      72617465 
 1447      645F536F 
 1447      75726365 
 1447      5C50536F 
 1448              	.LASF36:
 1449 0057 6366675F 		.ascii	"cfg_memset_list\000"
 1449      6D656D73 
 1449      65745F6C 
 1449      69737400 
 1450              	.LASF26:
 1451 0067 436C6F63 		.ascii	"ClockSetup\000"
 1451      6B536574 
 1451      757000
 1452              	.LASF6:
 1453 0072 73686F72 		.ascii	"short unsigned int\000"
 1453      7420756E 
 1453      7369676E 
 1453      65642069 
 1453      6E7400
 1454              	.LASF29:
 1455 0085 706C6C4C 		.ascii	"pllLock\000"
 1455      6F636B00 
 1456              	.LASF16:
 1457 008d 666C6F61 		.ascii	"float\000"
 1457      7400
 1458              	.LASF20:
 1459 0093 4379436C 		.ascii	"CyClockStartupError\000"
 1459      6F636B53 
 1459      74617274 
 1459      75704572 
 1459      726F7200 
 1460              	.LASF23:
 1461 00a7 64657374 		.ascii	"dest\000"
ARM GAS  C:\Users\mgnocco\AppData\Local\Temp\ccl9P0t6.s 			page 34


 1461      00
 1462              	.LASF33:
 1463 00ac 73697A65 		.ascii	"size\000"
 1463      00
 1464              	.LASF18:
 1465 00b1 72656738 		.ascii	"reg8\000"
 1465      00
 1466              	.LASF37:
 1467 00b6 474E5520 		.ascii	"GNU C11 5.4.1 20160609 (release) [ARM/embedded-5-br"
 1467      43313120 
 1467      352E342E 
 1467      31203230 
 1467      31363036 
 1468 00e9 616E6368 		.ascii	"anch revision 237715] -mcpu=cortex-m3 -mthumb -g -O"
 1468      20726576 
 1468      6973696F 
 1468      6E203233 
 1468      37373135 
 1469 011c 73202D66 		.ascii	"s -ffunction-sections -ffat-lto-objects\000"
 1469      66756E63 
 1469      74696F6E 
 1469      2D736563 
 1469      74696F6E 
 1470              	.LASF13:
 1471 0144 75696E74 		.ascii	"uint8\000"
 1471      3800
 1472              	.LASF24:
 1473 014a 43594D45 		.ascii	"CYMEMZERO\000"
 1473      4D5A4552 
 1473      4F00
 1474              	.LASF30:
 1475 0154 53657441 		.ascii	"SetAnalogRoutingPumps\000"
 1475      6E616C6F 
 1475      67526F75 
 1475      74696E67 
 1475      50756D70 
 1476              	.LASF4:
 1477 016a 756E7369 		.ascii	"unsigned char\000"
 1477      676E6564 
 1477      20636861 
 1477      7200
 1478              	.LASF41:
 1479 0178 6D656D73 		.ascii	"memset\000"
 1479      657400
 1480              	.LASF17:
 1481 017f 646F7562 		.ascii	"double\000"
 1481      6C6500
 1482              	.LASF31:
 1483 0186 63796669 		.ascii	"cyfitter_cfg\000"
 1483      74746572 
 1483      5F636667 
 1483      00
 1484              	.LASF14:
 1485 0193 75696E74 		.ascii	"uint16\000"
 1485      313600
 1486              	.LASF22:
 1487 019a 6572726F 		.ascii	"errorCode\000"
ARM GAS  C:\Users\mgnocco\AppData\Local\Temp\ccl9P0t6.s 			page 35


 1487      72436F64 
 1487      6500
 1488              	.LASF15:
 1489 01a4 75696E74 		.ascii	"uint32\000"
 1489      333200
 1490              	.LASF8:
 1491 01ab 6C6F6E67 		.ascii	"long unsigned int\000"
 1491      20756E73 
 1491      69676E65 
 1491      6420696E 
 1491      7400
 1492              	.LASF0:
 1493 01bd 756E7369 		.ascii	"unsigned int\000"
 1493      676E6564 
 1493      20696E74 
 1493      00
 1494              	.LASF32:
 1495 01ca 61646472 		.ascii	"address\000"
 1495      65737300 
 1496              	.LASF9:
 1497 01d2 6C6F6E67 		.ascii	"long long unsigned int\000"
 1497      206C6F6E 
 1497      6720756E 
 1497      7369676E 
 1497      65642069 
 1498              	.LASF34:
 1499 01e9 6366675F 		.ascii	"cfg_memset_t\000"
 1499      6D656D73 
 1499      65745F74 
 1499      00
 1500              	.LASF10:
 1501 01f6 73697A65 		.ascii	"sizetype\000"
 1501      74797065 
 1501      00
 1502              	.LASF1:
 1503 01ff 6C6F6E67 		.ascii	"long long int\000"
 1503      206C6F6E 
 1503      6720696E 
 1503      7400
 1504              	.LASF28:
 1505 020d 74696D65 		.ascii	"timeout\000"
 1505      6F757400 
 1506              	.LASF5:
 1507 0215 73686F72 		.ascii	"short int\000"
 1507      7420696E 
 1507      7400
 1508              	.LASF40:
 1509 021f 656E6162 		.ascii	"enabled\000"
 1509      6C656400 
 1510              	.LASF7:
 1511 0227 6C6F6E67 		.ascii	"long int\000"
 1511      20696E74 
 1511      00
 1512              	.LASF39:
 1513 0230 433A5C55 		.ascii	"C:\\Users\\mgnocco\\Documents\\ControlloDiVersione\\"
 1513      73657273 
 1513      5C6D676E 
ARM GAS  C:\Users\mgnocco\AppData\Local\Temp\ccl9P0t6.s 			page 36


 1513      6F63636F 
 1513      5C446F63 
 1514 025f 4C534D36 		.ascii	"LSM6DSRX +lis2mdl_funziona -NONTOCCARE\\Design01.cy"
 1514      44535258 
 1514      202B6C69 
 1514      73326D64 
 1514      6C5F6675 
 1515 0291 64736E00 		.ascii	"dsn\000"
 1516              	.LASF2:
 1517 0295 6C6F6E67 		.ascii	"long double\000"
 1517      20646F75 
 1517      626C6500 
 1518              	.LASF27:
 1519 02a1 62675F78 		.ascii	"bg_xover_inl_trim\000"
 1519      6F766572 
 1519      5F696E6C 
 1519      5F747269 
 1519      6D00
 1520              	.LASF3:
 1521 02b3 7369676E 		.ascii	"signed char\000"
 1521      65642063 
 1521      68617200 
 1522              	.LASF35:
 1523 02bf 72656756 		.ascii	"regValue\000"
 1523      616C7565 
 1523      00
 1524              	.LASF21:
 1525 02c8 4359434F 		.ascii	"CYCONFIGCPY\000"
 1525      4E464947 
 1525      43505900 
 1526              		.ident	"GCC: (GNU Tools for ARM Embedded Processors) 5.4.1 20160609 (release) [ARM/embedded-5-bran
