ARM GAS  C:\Users\mgnocco\AppData\Local\Temp\cc7rGfbf.s 			page 1


   1              		.syntax unified
   2              		.cpu cortex-m3
   3              		.fpu softvfp
   4              		.eabi_attribute 20, 1
   5              		.eabi_attribute 21, 1
   6              		.eabi_attribute 23, 3
   7              		.eabi_attribute 24, 1
   8              		.eabi_attribute 25, 1
   9              		.eabi_attribute 26, 1
  10              		.eabi_attribute 30, 4
  11              		.eabi_attribute 34, 1
  12              		.eabi_attribute 18, 4
  13              		.thumb
  14              		.syntax unified
  15              		.file	"cymetadata.c"
  16              		.text
  17              	.Ltext0:
  18              		.cfi_sections	.debug_frame
  19              		.global	cy_metadata
  20              		.global	cy_meta_flashprotect
  21              		.global	cy_meta_wonvl
  22              		.global	cy_meta_custnvl
  23              		.global	cy_meta_configecc
  24              		.section	.cyconfigecc,"a",%progbits
  25              		.type	cy_meta_configecc, %object
  26              		.size	cy_meta_configecc, 8
  27              	cy_meta_configecc:
  28 0000 00       		.byte	0
  29 0001 0B       		.byte	11
  30 0002 0B       		.byte	11
  31 0003 00       		.byte	0
  32 0004 00       		.byte	0
  33 0005 00       		.byte	0
  34 0006 00       		.byte	0
  35 0007 00       		.byte	0
  36              		.section	.cywolatch,"a",%progbits
  37              		.type	cy_meta_wonvl, %object
  38              		.size	cy_meta_wonvl, 4
  39              	cy_meta_wonvl:
  40 0000 BC       		.byte	-68
  41 0001 90       		.byte	-112
  42 0002 AC       		.byte	-84
  43 0003 AF       		.byte	-81
  44              		.section	.cycustnvl,"a",%progbits
  45              		.type	cy_meta_custnvl, %object
  46              		.size	cy_meta_custnvl, 4
  47              	cy_meta_custnvl:
  48 0000 00       		.byte	0
  49 0001 00       		.byte	0
  50 0002 40       		.byte	64
  51 0003 05       		.byte	5
  52              		.section	.cymeta,"a",%progbits
  53              		.type	cy_metadata, %object
  54              		.size	cy_metadata, 12
  55              	cy_metadata:
  56 0000 00       		.byte	0
  57 0001 01       		.byte	1
ARM GAS  C:\Users\mgnocco\AppData\Local\Temp\cc7rGfbf.s 			page 2


  58 0002 2E       		.byte	46
  59 0003 16       		.byte	22
  60 0004 10       		.byte	16
  61 0005 69       		.byte	105
  62 0006 00       		.byte	0
  63 0007 01       		.byte	1
  64 0008 00       		.byte	0
  65 0009 00       		.byte	0
  66 000a 00       		.byte	0
  67 000b 00       		.byte	0
  68              		.section	.cyflashprotect,"a",%progbits
  69              		.type	cy_meta_flashprotect, %object
  70              		.size	cy_meta_flashprotect, 256
  71              	cy_meta_flashprotect:
  72 0000 00000000 		.space	256
  72      00000000 
  72      00000000 
  72      00000000 
  72      00000000 
  73              		.text
  74              	.Letext0:
  75              		.file 1 "c:\\program files (x86)\\cypress\\psoc creator\\4.4\\psoc creator\\import\\gnu\\arm\\5.4.
  76              		.file 2 "c:\\program files (x86)\\cypress\\psoc creator\\4.4\\psoc creator\\import\\gnu\\arm\\5.4.
  77              		.file 3 "Generated_Source\\PSoC5\\cymetadata.c"
  78              		.section	.debug_info,"",%progbits
  79              	.Ldebug_info0:
  80 0000 30010000 		.4byte	0x130
  81 0004 0400     		.2byte	0x4
  82 0006 00000000 		.4byte	.Ldebug_abbrev0
  83 000a 04       		.byte	0x4
  84 000b 01       		.uleb128 0x1
  85 000c 8F000000 		.4byte	.LASF17
  86 0010 0C       		.byte	0xc
  87 0011 E3010000 		.4byte	.LASF18
  88 0015 72010000 		.4byte	.LASF19
  89 0019 00000000 		.4byte	.Ldebug_line0
  90 001d 02       		.uleb128 0x2
  91 001e 01       		.byte	0x1
  92 001f 06       		.byte	0x6
  93 0020 D7010000 		.4byte	.LASF0
  94 0024 03       		.uleb128 0x3
  95 0025 00000000 		.4byte	.LASF9
  96 0029 01       		.byte	0x1
  97 002a 1D       		.byte	0x1d
  98 002b 2F000000 		.4byte	0x2f
  99 002f 02       		.uleb128 0x2
 100 0030 01       		.byte	0x1
 101 0031 08       		.byte	0x8
 102 0032 2D000000 		.4byte	.LASF1
 103 0036 02       		.uleb128 0x2
 104 0037 02       		.byte	0x2
 105 0038 05       		.byte	0x5
 106 0039 5F010000 		.4byte	.LASF2
 107 003d 02       		.uleb128 0x2
 108 003e 02       		.byte	0x2
 109 003f 07       		.byte	0x7
 110 0040 4D000000 		.4byte	.LASF3
ARM GAS  C:\Users\mgnocco\AppData\Local\Temp\cc7rGfbf.s 			page 3


 111 0044 02       		.uleb128 0x2
 112 0045 04       		.byte	0x4
 113 0046 05       		.byte	0x5
 114 0047 69010000 		.4byte	.LASF4
 115 004b 02       		.uleb128 0x2
 116 004c 04       		.byte	0x4
 117 004d 07       		.byte	0x7
 118 004e 3B000000 		.4byte	.LASF5
 119 0052 02       		.uleb128 0x2
 120 0053 08       		.byte	0x8
 121 0054 05       		.byte	0x5
 122 0055 51010000 		.4byte	.LASF6
 123 0059 02       		.uleb128 0x2
 124 005a 08       		.byte	0x8
 125 005b 07       		.byte	0x7
 126 005c 16000000 		.4byte	.LASF7
 127 0060 04       		.uleb128 0x4
 128 0061 04       		.byte	0x4
 129 0062 05       		.byte	0x5
 130 0063 696E7400 		.ascii	"int\000"
 131 0067 02       		.uleb128 0x2
 132 0068 04       		.byte	0x4
 133 0069 07       		.byte	0x7
 134 006a 82000000 		.4byte	.LASF8
 135 006e 03       		.uleb128 0x3
 136 006f 1D010000 		.4byte	.LASF10
 137 0073 02       		.byte	0x2
 138 0074 18       		.byte	0x18
 139 0075 24000000 		.4byte	0x24
 140 0079 05       		.uleb128 0x5
 141 007a 90000000 		.4byte	0x90
 142 007e 89000000 		.4byte	0x89
 143 0082 06       		.uleb128 0x6
 144 0083 89000000 		.4byte	0x89
 145 0087 07       		.byte	0x7
 146 0088 00       		.byte	0
 147 0089 02       		.uleb128 0x2
 148 008a 04       		.byte	0x4
 149 008b 07       		.byte	0x7
 150 008c 48010000 		.4byte	.LASF11
 151 0090 07       		.uleb128 0x7
 152 0091 6E000000 		.4byte	0x6e
 153 0095 08       		.uleb128 0x8
 154 0096 70000000 		.4byte	.LASF12
 155 009a 03       		.byte	0x3
 156 009b 1F       		.byte	0x1f
 157 009c A6000000 		.4byte	0xa6
 158 00a0 05       		.uleb128 0x5
 159 00a1 03       		.byte	0x3
 160 00a2 00000000 		.4byte	cy_meta_configecc
 161 00a6 07       		.uleb128 0x7
 162 00a7 79000000 		.4byte	0x79
 163 00ab 05       		.uleb128 0x5
 164 00ac 90000000 		.4byte	0x90
 165 00b0 BB000000 		.4byte	0xbb
 166 00b4 06       		.uleb128 0x6
 167 00b5 89000000 		.4byte	0x89
ARM GAS  C:\Users\mgnocco\AppData\Local\Temp\cc7rGfbf.s 			page 4


 168 00b9 03       		.byte	0x3
 169 00ba 00       		.byte	0
 170 00bb 08       		.uleb128 0x8
 171 00bc 60000000 		.4byte	.LASF13
 172 00c0 03       		.byte	0x3
 173 00c1 2D       		.byte	0x2d
 174 00c2 CC000000 		.4byte	0xcc
 175 00c6 05       		.uleb128 0x5
 176 00c7 03       		.byte	0x3
 177 00c8 00000000 		.4byte	cy_meta_custnvl
 178 00cc 07       		.uleb128 0x7
 179 00cd AB000000 		.4byte	0xab
 180 00d1 08       		.uleb128 0x8
 181 00d2 3A010000 		.4byte	.LASF14
 182 00d6 03       		.byte	0x3
 183 00d7 3B       		.byte	0x3b
 184 00d8 E2000000 		.4byte	0xe2
 185 00dc 05       		.uleb128 0x5
 186 00dd 03       		.byte	0x3
 187 00de 00000000 		.4byte	cy_meta_wonvl
 188 00e2 07       		.uleb128 0x7
 189 00e3 AB000000 		.4byte	0xab
 190 00e7 05       		.uleb128 0x5
 191 00e8 90000000 		.4byte	0x90
 192 00ec F7000000 		.4byte	0xf7
 193 00f0 06       		.uleb128 0x6
 194 00f1 89000000 		.4byte	0x89
 195 00f5 FF       		.byte	0xff
 196 00f6 00       		.byte	0
 197 00f7 08       		.uleb128 0x8
 198 00f8 25010000 		.4byte	.LASF15
 199 00fc 03       		.byte	0x3
 200 00fd 49       		.byte	0x49
 201 00fe 08010000 		.4byte	0x108
 202 0102 05       		.uleb128 0x5
 203 0103 03       		.byte	0x3
 204 0104 00000000 		.4byte	cy_meta_flashprotect
 205 0108 07       		.uleb128 0x7
 206 0109 E7000000 		.4byte	0xe7
 207 010d 05       		.uleb128 0x5
 208 010e 90000000 		.4byte	0x90
 209 0112 1D010000 		.4byte	0x11d
 210 0116 06       		.uleb128 0x6
 211 0117 89000000 		.4byte	0x89
 212 011b 0B       		.byte	0xb
 213 011c 00       		.byte	0
 214 011d 08       		.uleb128 0x8
 215 011e 0A000000 		.4byte	.LASF16
 216 0122 03       		.byte	0x3
 217 0123 76       		.byte	0x76
 218 0124 2E010000 		.4byte	0x12e
 219 0128 05       		.uleb128 0x5
 220 0129 03       		.byte	0x3
 221 012a 00000000 		.4byte	cy_metadata
 222 012e 07       		.uleb128 0x7
 223 012f 0D010000 		.4byte	0x10d
 224 0133 00       		.byte	0
ARM GAS  C:\Users\mgnocco\AppData\Local\Temp\cc7rGfbf.s 			page 5


 225              		.section	.debug_abbrev,"",%progbits
 226              	.Ldebug_abbrev0:
 227 0000 01       		.uleb128 0x1
 228 0001 11       		.uleb128 0x11
 229 0002 01       		.byte	0x1
 230 0003 25       		.uleb128 0x25
 231 0004 0E       		.uleb128 0xe
 232 0005 13       		.uleb128 0x13
 233 0006 0B       		.uleb128 0xb
 234 0007 03       		.uleb128 0x3
 235 0008 0E       		.uleb128 0xe
 236 0009 1B       		.uleb128 0x1b
 237 000a 0E       		.uleb128 0xe
 238 000b 10       		.uleb128 0x10
 239 000c 17       		.uleb128 0x17
 240 000d 00       		.byte	0
 241 000e 00       		.byte	0
 242 000f 02       		.uleb128 0x2
 243 0010 24       		.uleb128 0x24
 244 0011 00       		.byte	0
 245 0012 0B       		.uleb128 0xb
 246 0013 0B       		.uleb128 0xb
 247 0014 3E       		.uleb128 0x3e
 248 0015 0B       		.uleb128 0xb
 249 0016 03       		.uleb128 0x3
 250 0017 0E       		.uleb128 0xe
 251 0018 00       		.byte	0
 252 0019 00       		.byte	0
 253 001a 03       		.uleb128 0x3
 254 001b 16       		.uleb128 0x16
 255 001c 00       		.byte	0
 256 001d 03       		.uleb128 0x3
 257 001e 0E       		.uleb128 0xe
 258 001f 3A       		.uleb128 0x3a
 259 0020 0B       		.uleb128 0xb
 260 0021 3B       		.uleb128 0x3b
 261 0022 0B       		.uleb128 0xb
 262 0023 49       		.uleb128 0x49
 263 0024 13       		.uleb128 0x13
 264 0025 00       		.byte	0
 265 0026 00       		.byte	0
 266 0027 04       		.uleb128 0x4
 267 0028 24       		.uleb128 0x24
 268 0029 00       		.byte	0
 269 002a 0B       		.uleb128 0xb
 270 002b 0B       		.uleb128 0xb
 271 002c 3E       		.uleb128 0x3e
 272 002d 0B       		.uleb128 0xb
 273 002e 03       		.uleb128 0x3
 274 002f 08       		.uleb128 0x8
 275 0030 00       		.byte	0
 276 0031 00       		.byte	0
 277 0032 05       		.uleb128 0x5
 278 0033 01       		.uleb128 0x1
 279 0034 01       		.byte	0x1
 280 0035 49       		.uleb128 0x49
 281 0036 13       		.uleb128 0x13
ARM GAS  C:\Users\mgnocco\AppData\Local\Temp\cc7rGfbf.s 			page 6


 282 0037 01       		.uleb128 0x1
 283 0038 13       		.uleb128 0x13
 284 0039 00       		.byte	0
 285 003a 00       		.byte	0
 286 003b 06       		.uleb128 0x6
 287 003c 21       		.uleb128 0x21
 288 003d 00       		.byte	0
 289 003e 49       		.uleb128 0x49
 290 003f 13       		.uleb128 0x13
 291 0040 2F       		.uleb128 0x2f
 292 0041 0B       		.uleb128 0xb
 293 0042 00       		.byte	0
 294 0043 00       		.byte	0
 295 0044 07       		.uleb128 0x7
 296 0045 26       		.uleb128 0x26
 297 0046 00       		.byte	0
 298 0047 49       		.uleb128 0x49
 299 0048 13       		.uleb128 0x13
 300 0049 00       		.byte	0
 301 004a 00       		.byte	0
 302 004b 08       		.uleb128 0x8
 303 004c 34       		.uleb128 0x34
 304 004d 00       		.byte	0
 305 004e 03       		.uleb128 0x3
 306 004f 0E       		.uleb128 0xe
 307 0050 3A       		.uleb128 0x3a
 308 0051 0B       		.uleb128 0xb
 309 0052 3B       		.uleb128 0x3b
 310 0053 0B       		.uleb128 0xb
 311 0054 49       		.uleb128 0x49
 312 0055 13       		.uleb128 0x13
 313 0056 3F       		.uleb128 0x3f
 314 0057 19       		.uleb128 0x19
 315 0058 02       		.uleb128 0x2
 316 0059 18       		.uleb128 0x18
 317 005a 00       		.byte	0
 318 005b 00       		.byte	0
 319 005c 00       		.byte	0
 320              		.section	.debug_aranges,"",%progbits
 321 0000 14000000 		.4byte	0x14
 322 0004 0200     		.2byte	0x2
 323 0006 00000000 		.4byte	.Ldebug_info0
 324 000a 04       		.byte	0x4
 325 000b 00       		.byte	0
 326 000c 0000     		.2byte	0
 327 000e 0000     		.2byte	0
 328 0010 00000000 		.4byte	0
 329 0014 00000000 		.4byte	0
 330              		.section	.debug_line,"",%progbits
 331              	.Ldebug_line0:
 332 0000 3D010000 		.section	.debug_str,"MS",%progbits,1
 332      02003701 
 332      00000201 
 332      FB0E0D00 
 332      01010101 
 333              	.LASF9:
 334 0000 5F5F7569 		.ascii	"__uint8_t\000"
ARM GAS  C:\Users\mgnocco\AppData\Local\Temp\cc7rGfbf.s 			page 7


 334      6E74385F 
 334      7400
 335              	.LASF16:
 336 000a 63795F6D 		.ascii	"cy_metadata\000"
 336      65746164 
 336      61746100 
 337              	.LASF7:
 338 0016 6C6F6E67 		.ascii	"long long unsigned int\000"
 338      206C6F6E 
 338      6720756E 
 338      7369676E 
 338      65642069 
 339              	.LASF1:
 340 002d 756E7369 		.ascii	"unsigned char\000"
 340      676E6564 
 340      20636861 
 340      7200
 341              	.LASF5:
 342 003b 6C6F6E67 		.ascii	"long unsigned int\000"
 342      20756E73 
 342      69676E65 
 342      6420696E 
 342      7400
 343              	.LASF3:
 344 004d 73686F72 		.ascii	"short unsigned int\000"
 344      7420756E 
 344      7369676E 
 344      65642069 
 344      6E7400
 345              	.LASF13:
 346 0060 63795F6D 		.ascii	"cy_meta_custnvl\000"
 346      6574615F 
 346      63757374 
 346      6E766C00 
 347              	.LASF12:
 348 0070 63795F6D 		.ascii	"cy_meta_configecc\000"
 348      6574615F 
 348      636F6E66 
 348      69676563 
 348      6300
 349              	.LASF8:
 350 0082 756E7369 		.ascii	"unsigned int\000"
 350      676E6564 
 350      20696E74 
 350      00
 351              	.LASF17:
 352 008f 474E5520 		.ascii	"GNU C11 5.4.1 20160609 (release) [ARM/embedded-5-br"
 352      43313120 
 352      352E342E 
 352      31203230 
 352      31363036 
 353 00c2 616E6368 		.ascii	"anch revision 237715] -mcpu=cortex-m3 -mthumb -g -O"
 353      20726576 
 353      6973696F 
 353      6E203233 
 353      37373135 
 354 00f5 73202D66 		.ascii	"s -ffunction-sections -ffat-lto-objects\000"
ARM GAS  C:\Users\mgnocco\AppData\Local\Temp\cc7rGfbf.s 			page 8


 354      66756E63 
 354      74696F6E 
 354      2D736563 
 354      74696F6E 
 355              	.LASF10:
 356 011d 75696E74 		.ascii	"uint8_t\000"
 356      385F7400 
 357              	.LASF15:
 358 0125 63795F6D 		.ascii	"cy_meta_flashprotect\000"
 358      6574615F 
 358      666C6173 
 358      6870726F 
 358      74656374 
 359              	.LASF14:
 360 013a 63795F6D 		.ascii	"cy_meta_wonvl\000"
 360      6574615F 
 360      776F6E76 
 360      6C00
 361              	.LASF11:
 362 0148 73697A65 		.ascii	"sizetype\000"
 362      74797065 
 362      00
 363              	.LASF6:
 364 0151 6C6F6E67 		.ascii	"long long int\000"
 364      206C6F6E 
 364      6720696E 
 364      7400
 365              	.LASF2:
 366 015f 73686F72 		.ascii	"short int\000"
 366      7420696E 
 366      7400
 367              	.LASF4:
 368 0169 6C6F6E67 		.ascii	"long int\000"
 368      20696E74 
 368      00
 369              	.LASF19:
 370 0172 433A5C55 		.ascii	"C:\\Users\\mgnocco\\Documents\\ControlloDiVersione\\"
 370      73657273 
 370      5C6D676E 
 370      6F63636F 
 370      5C446F63 
 371 01a1 4C534D36 		.ascii	"LSM6DSRX +lis2mdl_funziona -NONTOCCARE\\Design01.cy"
 371      44535258 
 371      202B6C69 
 371      73326D64 
 371      6C5F6675 
 372 01d3 64736E00 		.ascii	"dsn\000"
 373              	.LASF0:
 374 01d7 7369676E 		.ascii	"signed char\000"
 374      65642063 
 374      68617200 
 375              	.LASF18:
 376 01e3 47656E65 		.ascii	"Generated_Source\\PSoC5\\cymetadata.c\000"
 376      72617465 
 376      645F536F 
 376      75726365 
 376      5C50536F 
ARM GAS  C:\Users\mgnocco\AppData\Local\Temp\cc7rGfbf.s 			page 9


 377              		.ident	"GCC: (GNU Tools for ARM Embedded Processors) 5.4.1 20160609 (release) [ARM/embedded-5-bran
