--------------- Clean Started: 06/06/2023 15:28:41 Project: LSM6DSRX+LIS2MDL, Configuration: ARM GCC 5.4-2016-q2-update Debug ---------------
Deleting file ".\CortexM3\ARM_GCC_541\Debug\main.o"
Deleting file ".\CortexM3\ARM_GCC_541\Debug\source01.o"
Deleting file ".\CortexM3\ARM_GCC_541\Debug\cyfitter_cfg.o"
Deleting file ".\CortexM3\ARM_GCC_541\Debug\cymetadata.o"
Deleting file ".\CortexM3\ARM_GCC_541\Debug\MOSI_SDA.o"
Deleting file ".\CortexM3\ARM_GCC_541\Debug\SCLK.o"
Deleting file ".\CortexM3\ARM_GCC_541\Debug\MISO_SDO.o"
Deleting file ".\CortexM3\ARM_GCC_541\Debug\SPI_IMU.o"
Deleting file ".\CortexM3\ARM_GCC_541\Debug\SPI_IMU_PM.o"
Deleting file ".\CortexM3\ARM_GCC_541\Debug\SPI_IMU_INT.o"
Deleting file ".\CortexM3\ARM_GCC_541\Debug\CLOCK_PWM.o"
Deleting file ".\CortexM3\ARM_GCC_541\Debug\ChipSelect.o"
Deleting file ".\CortexM3\ARM_GCC_541\Debug\UART.o"
Deleting file ".\CortexM3\ARM_GCC_541\Debug\UART_PM.o"
Deleting file ".\CortexM3\ARM_GCC_541\Debug\UART_INT.o"
Deleting file ".\CortexM3\ARM_GCC_541\Debug\UART_BOOT.o"
Deleting file ".\CortexM3\ARM_GCC_541\Debug\UART_IntClock.o"
Deleting file ".\CortexM3\ARM_GCC_541\Debug\Cm3Start.o"
Deleting file ".\CortexM3\ARM_GCC_541\Debug\CyBootAsmGnu.o"
Deleting file ".\CortexM3\ARM_GCC_541\Debug\CyDmac.o"
Deleting file ".\CortexM3\ARM_GCC_541\Debug\CyFlash.o"
Deleting file ".\CortexM3\ARM_GCC_541\Debug\CyLib.o"
Deleting file ".\CortexM3\ARM_GCC_541\Debug\cyPm.o"
Deleting file ".\CortexM3\ARM_GCC_541\Debug\CySpc.o"
Deleting file ".\CortexM3\ARM_GCC_541\Debug\cyutils.o"
Deleting file ".\CortexM3\ARM_GCC_541\Debug\cy_em_eeprom.o"
Deleting file ".\CortexM3\ARM_GCC_541\Debug\MY_TIMER_REG.o"
Deleting file ".\CortexM3\ARM_GCC_541\Debug\MY_TIMER_REG_PM.o"
Deleting file ".\CortexM3\ARM_GCC_541\Debug\Timer.o"
Deleting file ".\CortexM3\ARM_GCC_541\Debug\Timer_PM.o"
Deleting file ".\CortexM3\ARM_GCC_541\Debug\timer_clock.o"
Deleting file ".\CortexM3\ARM_GCC_541\Debug\LSM6DSRX+LIS2MDL.hex"
Deleting file ".\CortexM3\ARM_GCC_541\Debug\LSM6DSRX+LIS2MDL.elf"
Deleting file ".\CortexM3\ARM_GCC_541\Debug\LSM6DSRX+LIS2MDL.map"
Deleting file ".\LSM6DSRX+LIS2MDL.cycdx"
Deleting file ".\LSM6DSRX+LIS2MDL.svd"
Deleting file ".\LSM6DSRX+LIS2MDL.rpt"
Deleting file ".\LSM6DSRX+LIS2MDL_timing.html"
Deleting file ".\CortexM3\ARM_GCC_541\Debug\.deps\SOURCE_C__ARM_GCC_GENERIC.P"
Deleting file ".\CortexM3\ARM_GCC_541\Debug\.deps\SOURCE_ASM__ARM_GCC_GENERIC.P"
--------------- Clean Succeeded: 06/06/2023 15:28:42 ---------------
