ARM GAS  C:\Users\mgnocco\AppData\Local\Temp\cc0XtOQU.s 			page 1


   1              		.syntax unified
   2              		.cpu cortex-m3
   3              		.fpu softvfp
   4              		.eabi_attribute 20, 1
   5              		.eabi_attribute 21, 1
   6              		.eabi_attribute 23, 3
   7              		.eabi_attribute 24, 1
   8              		.eabi_attribute 25, 1
   9              		.eabi_attribute 26, 1
  10              		.eabi_attribute 30, 1
  11              		.eabi_attribute 34, 1
  12              		.eabi_attribute 18, 4
  13              		.thumb
  14              		.syntax unified
  15              		.file	"source01.c"
  16              		.text
  17              	.Ltext0:
  18              		.cfi_sections	.debug_frame
  19              		.section	.text.WriteControlRegisterIMU,"ax",%progbits
  20              		.align	2
  21              		.global	WriteControlRegisterIMU
  22              		.thumb
  23              		.thumb_func
  24              		.type	WriteControlRegisterIMU, %function
  25              	WriteControlRegisterIMU:
  26              	.LFB64:
  27              		.file 1 "source01.c"
   1:source01.c    **** /* ========================================
   2:source01.c    ****  *
   3:source01.c    ****  * Copyright YOUR COMPANY, THE YEAR
   4:source01.c    ****  * All Rights Reserved
   5:source01.c    ****  * UNPUBLISHED, LICENSED SOFTWARE.
   6:source01.c    ****  *
   7:source01.c    ****  * CONFIDENTIAL AND PROPRIETARY INFORMATION
   8:source01.c    ****  * WHICH IS THE PROPERTY OF your company.
   9:source01.c    ****  *
  10:source01.c    ****  * ========================================
  11:source01.c    **** */
  12:source01.c    **** 
  13:source01.c    **** #include "header01.h"
  14:source01.c    **** #include "globals.h"
  15:source01.c    **** /********************************** *********************************************
  16:source01.c    **** * Function Name: Write Control Register
  17:source01.c    **** *********************************************************************************/
  18:source01.c    **** 
  19:source01.c    **** void WriteControlRegisterIMU(uint8 address, uint8 dta){
  28              		.loc 1 19 0
  29              		.cfi_startproc
  30              		@ args = 0, pretend = 0, frame = 0
  31              		@ frame_needed = 0, uses_anonymous_args = 0
  32              	.LVL0:
  33 0000 38B5     		push	{r3, r4, r5, lr}
  34              		.cfi_def_cfa_offset 16
  35              		.cfi_offset 3, -16
  36              		.cfi_offset 4, -12
  37              		.cfi_offset 5, -8
  38              		.cfi_offset 14, -4
ARM GAS  C:\Users\mgnocco\AppData\Local\Temp\cc0XtOQU.s 			page 2


  39 0002 0546     		mov	r5, r0
  40 0004 0C46     		mov	r4, r1
  20:source01.c    **** 	
  21:source01.c    **** 	SPI_IMU_ClearRxBuffer();
  41              		.loc 1 21 0
  42 0006 FFF7FEFF 		bl	SPI_IMU_ClearRxBuffer
  43              	.LVL1:
  22:source01.c    **** 	SPI_IMU_ClearTxBuffer();
  44              		.loc 1 22 0
  45 000a FFF7FEFF 		bl	SPI_IMU_ClearTxBuffer
  46              	.LVL2:
  23:source01.c    **** 	SPI_IMU_ClearFIFO();
  47              		.loc 1 23 0
  48 000e FFF7FEFF 		bl	SPI_IMU_ClearFIFO
  49              	.LVL3:
  24:source01.c    **** 	SPI_IMU_WriteByte(LSM6DSRX_WCR | address);
  50              		.loc 1 24 0
  51 0012 2846     		mov	r0, r5
  52 0014 FFF7FEFF 		bl	SPI_IMU_WriteTxData
  53              	.LVL4:
  54              	.L2:
  25:source01.c    **** 	while(!( SPI_IMU_ReadStatus() & SPI_IMU_STS_TX_FIFO_EMPTY));		
  55              		.loc 1 25 0 discriminator 1
  56 0018 FFF7FEFF 		bl	SPI_IMU_ReadStatus
  57              	.LVL5:
  58 001c 10F0020F 		tst	r0, #2
  59 0020 FAD0     		beq	.L2
  26:source01.c    **** 	SPI_IMU_WriteByte(dta);
  60              		.loc 1 26 0
  61 0022 2046     		mov	r0, r4
  62 0024 FFF7FEFF 		bl	SPI_IMU_WriteTxData
  63              	.LVL6:
  64              	.L3:
  27:source01.c    **** 	while(!( SPI_IMU_ReadStatus() & SPI_IMU_STS_TX_FIFO_EMPTY));
  65              		.loc 1 27 0 discriminator 1
  66 0028 FFF7FEFF 		bl	SPI_IMU_ReadStatus
  67              	.LVL7:
  68 002c 10F0020F 		tst	r0, #2
  69 0030 FAD0     		beq	.L3
  28:source01.c    **** }
  70              		.loc 1 28 0
  71 0032 38BD     		pop	{r3, r4, r5, pc}
  72              		.cfi_endproc
  73              	.LFE64:
  74              		.size	WriteControlRegisterIMU, .-WriteControlRegisterIMU
  75              		.section	.text.ReadControlRegisterIMU,"ax",%progbits
  76              		.align	2
  77              		.global	ReadControlRegisterIMU
  78              		.thumb
  79              		.thumb_func
  80              		.type	ReadControlRegisterIMU, %function
  81              	ReadControlRegisterIMU:
  82              	.LFB65:
  29:source01.c    **** 
  30:source01.c    **** /*******************************************************************************
  31:source01.c    **** * Function Name: Read Control Register
  32:source01.c    **** *********************************************************************************/
ARM GAS  C:\Users\mgnocco\AppData\Local\Temp\cc0XtOQU.s 			page 3


  33:source01.c    **** uint8 ReadControlRegisterIMU(uint8 address){
  83              		.loc 1 33 0
  84              		.cfi_startproc
  85              		@ args = 0, pretend = 0, frame = 0
  86              		@ frame_needed = 0, uses_anonymous_args = 0
  87              	.LVL8:
  88 0000 08B5     		push	{r3, lr}
  89              		.cfi_def_cfa_offset 8
  90              		.cfi_offset 3, -8
  91              		.cfi_offset 14, -4
  92              	.LVL9:
  34:source01.c    ****     
  35:source01.c    **** 	uint8 controlreg = 0;
  36:source01.c    **** 	SPI_IMU_WriteByte(LSM6DSRX_RCR | address);
  93              		.loc 1 36 0
  94 0002 40F08000 		orr	r0, r0, #128
  95              	.LVL10:
  96 0006 FFF7FEFF 		bl	SPI_IMU_WriteTxData
  97              	.LVL11:
  98              	.L6:
  37:source01.c    ****     while(!( SPI_IMU_ReadStatus() & SPI_IMU_STS_TX_FIFO_EMPTY));
  99              		.loc 1 37 0 discriminator 1
 100 000a FFF7FEFF 		bl	SPI_IMU_ReadStatus
 101              	.LVL12:
 102 000e 10F0020F 		tst	r0, #2
 103 0012 FAD0     		beq	.L6
  38:source01.c    ****     SPI_IMU_WriteByte(0x00);
 104              		.loc 1 38 0
 105 0014 0020     		movs	r0, #0
 106 0016 FFF7FEFF 		bl	SPI_IMU_WriteTxData
 107              	.LVL13:
 108              	.L7:
  39:source01.c    **** 	while(!( SPI_IMU_ReadStatus() & SPI_IMU_STS_SPI_DONE));
 109              		.loc 1 39 0 discriminator 1
 110 001a FFF7FEFF 		bl	SPI_IMU_ReadStatus
 111              	.LVL14:
 112 001e 10F0010F 		tst	r0, #1
 113 0022 FAD0     		beq	.L7
  40:source01.c    **** 	controlreg = SPI_IMU_ReadByte();        //real data
 114              		.loc 1 40 0
 115 0024 FFF7FEFF 		bl	SPI_IMU_ReadRxData
 116              	.LVL15:
  41:source01.c    **** 	return controlreg;
  42:source01.c    **** }
 117              		.loc 1 42 0
 118 0028 08BD     		pop	{r3, pc}
 119              		.cfi_endproc
 120              	.LFE65:
 121              		.size	ReadControlRegisterIMU, .-ReadControlRegisterIMU
 122 002a 00BF     		.section	.text.ChipSelectorIMU,"ax",%progbits
 123              		.align	2
 124              		.global	ChipSelectorIMU
 125              		.thumb
 126              		.thumb_func
 127              		.type	ChipSelectorIMU, %function
 128              	ChipSelectorIMU:
 129              	.LFB66:
ARM GAS  C:\Users\mgnocco\AppData\Local\Temp\cc0XtOQU.s 			page 4


  43:source01.c    **** 
  44:source01.c    **** 
  45:source01.c    **** 
  46:source01.c    **** 
  47:source01.c    **** void ChipSelectorIMU(int n)
  48:source01.c    **** {
 130              		.loc 1 48 0
 131              		.cfi_startproc
 132              		@ args = 0, pretend = 0, frame = 0
 133              		@ frame_needed = 0, uses_anonymous_args = 0
 134              		@ link register save eliminated.
 135              	.LVL16:
 136 0000 7047     		bx	lr
 137              		.cfi_endproc
 138              	.LFE66:
 139              		.size	ChipSelectorIMU, .-ChipSelectorIMU
 140 0002 00BF     		.section	.text.InitIMU,"ax",%progbits
 141              		.align	2
 142              		.global	InitIMU
 143              		.thumb
 144              		.thumb_func
 145              		.type	InitIMU, %function
 146              	InitIMU:
 147              	.LFB67:
  49:source01.c    ****     
  50:source01.c    ****    // Chip_Select_IMU_Write(n);
  51:source01.c    **** }
  52:source01.c    **** 
  53:source01.c    **** void InitIMU() {
 148              		.loc 1 53 0
 149              		.cfi_startproc
 150              		@ args = 0, pretend = 0, frame = 0
 151              		@ frame_needed = 0, uses_anonymous_args = 0
 152              		.loc 1 53 0
 153 0000 08B5     		push	{r3, lr}
 154              		.cfi_def_cfa_offset 8
 155              		.cfi_offset 3, -8
 156              		.cfi_offset 14, -4
  54:source01.c    ****     int IMU_ack;
  55:source01.c    ****     ChipSelectorIMU(0);
  56:source01.c    ****     IMU_ack = ReadControlRegisterIMU(LSM6DSRX_WHO_AM_I);
 157              		.loc 1 56 0
 158 0002 0F20     		movs	r0, #15
 159 0004 FFF7FEFF 		bl	ReadControlRegisterIMU
 160              	.LVL17:
  57:source01.c    ****     CyDelay(10);
 161              		.loc 1 57 0
 162 0008 0A20     		movs	r0, #10
 163 000a FFF7FEFF 		bl	CyDelay
 164              	.LVL18:
  58:source01.c    ****     WriteControlRegisterIMU(LSM6DSRX_CTRL1_XL,0b01100000); //ODR = 416Hz, FSR=+/-2g, LPF2 disabled
 165              		.loc 1 58 0
 166 000e 6021     		movs	r1, #96
 167 0010 1020     		movs	r0, #16
 168 0012 FFF7FEFF 		bl	WriteControlRegisterIMU
 169              	.LVL19:
  59:source01.c    ****     CyDelay(10);
ARM GAS  C:\Users\mgnocco\AppData\Local\Temp\cc0XtOQU.s 			page 5


 170              		.loc 1 59 0
 171 0016 0A20     		movs	r0, #10
 172 0018 FFF7FEFF 		bl	CyDelay
 173              	.LVL20:
  60:source01.c    ****     WriteControlRegisterIMU(LSM6DSRX_CTRL2_G,0b01100000); //ODR = 416Hz, FSR=+/-250dps
 174              		.loc 1 60 0
 175 001c 6021     		movs	r1, #96
 176 001e 1120     		movs	r0, #17
 177 0020 FFF7FEFF 		bl	WriteControlRegisterIMU
 178              	.LVL21:
  61:source01.c    ****     CyDelay(10);
 179              		.loc 1 61 0
 180 0024 0A20     		movs	r0, #10
 181 0026 FFF7FEFF 		bl	CyDelay
 182              	.LVL22:
  62:source01.c    ****     WriteControlRegisterIMU(LSM6DSRX_CTRL4_C,0b00000100); //Disable I2C interface
 183              		.loc 1 62 0
 184 002a 0421     		movs	r1, #4
 185 002c 1320     		movs	r0, #19
 186 002e FFF7FEFF 		bl	WriteControlRegisterIMU
 187              	.LVL23:
  63:source01.c    ****     CyDelay(10);
 188              		.loc 1 63 0
 189 0032 0A20     		movs	r0, #10
 190 0034 FFF7FEFF 		bl	CyDelay
 191              	.LVL24:
  64:source01.c    ****     WriteControlRegisterIMU(LSM6DSRX_CTRL9_XL,0b00000010); //Disable I3C interface
 192              		.loc 1 64 0
 193 0038 0221     		movs	r1, #2
 194 003a 1820     		movs	r0, #24
 195 003c FFF7FEFF 		bl	WriteControlRegisterIMU
 196              	.LVL25:
  65:source01.c    ****     CyDelay(10);}
 197              		.loc 1 65 0
 198 0040 0A20     		movs	r0, #10
 199 0042 FFF7FEFF 		bl	CyDelay
 200              	.LVL26:
 201 0046 08BD     		pop	{r3, pc}
 202              		.cfi_endproc
 203              	.LFE67:
 204              		.size	InitIMU, .-InitIMU
 205              		.section	.text.ReadAcc,"ax",%progbits
 206              		.align	2
 207              		.global	ReadAcc
 208              		.thumb
 209              		.thumb_func
 210              		.type	ReadAcc, %function
 211              	ReadAcc:
 212              	.LFB68:
  66:source01.c    **** 
  67:source01.c    **** /*******************************************************************************
  68:source01.c    **** * Function Name: Read Acc's Data of IMU n
  69:source01.c    **** *********************************************************************************/
  70:source01.c    **** void ReadAcc()
  71:source01.c    **** {   uint8 low=0, high=0;
 213              		.loc 1 71 0
 214              		.cfi_startproc
ARM GAS  C:\Users\mgnocco\AppData\Local\Temp\cc0XtOQU.s 			page 6


 215              		@ args = 0, pretend = 0, frame = 0
 216              		@ frame_needed = 0, uses_anonymous_args = 0
 217 0000 38B5     		push	{r3, r4, r5, lr}
 218              		.cfi_def_cfa_offset 16
 219              		.cfi_offset 3, -16
 220              		.cfi_offset 4, -12
 221              		.cfi_offset 5, -8
 222              		.cfi_offset 14, -4
 223              	.LVL27:
  72:source01.c    ****     low=ReadControlRegisterIMU(LSM6DSRX_OUTX_L_A);
 224              		.loc 1 72 0
 225 0002 2820     		movs	r0, #40
 226 0004 FFF7FEFF 		bl	ReadControlRegisterIMU
 227              	.LVL28:
 228 0008 0546     		mov	r5, r0
 229              	.LVL29:
  73:source01.c    ****     high=ReadControlRegisterIMU(LSM6DSRX_OUTX_H_A);
 230              		.loc 1 73 0
 231 000a 2920     		movs	r0, #41
 232 000c FFF7FEFF 		bl	ReadControlRegisterIMU
 233              	.LVL30:
  74:source01.c    **** 	Accel[0] = high; 
 234              		.loc 1 74 0
 235 0010 0A4C     		ldr	r4, .L14
 236 0012 2070     		strb	r0, [r4]
  75:source01.c    **** 	Accel[1] = low; 
 237              		.loc 1 75 0
 238 0014 6570     		strb	r5, [r4, #1]
 239              	.LVL31:
  76:source01.c    **** 	low=0, high=0;
  77:source01.c    **** 			
  78:source01.c    **** 	//read Y
  79:source01.c    ****     low=ReadControlRegisterIMU(LSM6DSRX_OUTY_L_A);
 240              		.loc 1 79 0
 241 0016 2A20     		movs	r0, #42
 242 0018 FFF7FEFF 		bl	ReadControlRegisterIMU
 243              	.LVL32:
 244 001c 0546     		mov	r5, r0
 245              	.LVL33:
  80:source01.c    ****     high=ReadControlRegisterIMU(LSM6DSRX_OUTY_H_A);
 246              		.loc 1 80 0
 247 001e 2B20     		movs	r0, #43
 248 0020 FFF7FEFF 		bl	ReadControlRegisterIMU
 249              	.LVL34:
  81:source01.c    **** 	Accel[2] = high; 
 250              		.loc 1 81 0
 251 0024 A070     		strb	r0, [r4, #2]
  82:source01.c    **** 	Accel[3] = low; 
 252              		.loc 1 82 0
 253 0026 E570     		strb	r5, [r4, #3]
 254              	.LVL35:
  83:source01.c    **** 	low=0, high=0;
  84:source01.c    **** 		
  85:source01.c    **** 	//read Z
  86:source01.c    ****     low=ReadControlRegisterIMU(LSM6DSRX_OUTZ_L_A);
 255              		.loc 1 86 0
 256 0028 2C20     		movs	r0, #44
ARM GAS  C:\Users\mgnocco\AppData\Local\Temp\cc0XtOQU.s 			page 7


 257 002a FFF7FEFF 		bl	ReadControlRegisterIMU
 258              	.LVL36:
 259 002e 0546     		mov	r5, r0
 260              	.LVL37:
  87:source01.c    ****     high=ReadControlRegisterIMU(LSM6DSRX_OUTZ_H_A);
 261              		.loc 1 87 0
 262 0030 2D20     		movs	r0, #45
 263 0032 FFF7FEFF 		bl	ReadControlRegisterIMU
 264              	.LVL38:
  88:source01.c    **** 	Accel[4] = high; 
 265              		.loc 1 88 0
 266 0036 2071     		strb	r0, [r4, #4]
  89:source01.c    **** 	Accel[5] = low;
 267              		.loc 1 89 0
 268 0038 6571     		strb	r5, [r4, #5]
 269              	.LVL39:
 270 003a 38BD     		pop	{r3, r4, r5, pc}
 271              	.L15:
 272              		.align	2
 273              	.L14:
 274 003c 00000000 		.word	Accel
 275              		.cfi_endproc
 276              	.LFE68:
 277              		.size	ReadAcc, .-ReadAcc
 278              		.section	.text.ReadGyro,"ax",%progbits
 279              		.align	2
 280              		.global	ReadGyro
 281              		.thumb
 282              		.thumb_func
 283              		.type	ReadGyro, %function
 284              	ReadGyro:
 285              	.LFB69:
  90:source01.c    **** 	low=0, high=0;
  91:source01.c    **** }
  92:source01.c    **** 
  93:source01.c    **** 
  94:source01.c    **** /*******************************************************************************
  95:source01.c    **** * Function Name: Read Gyro's Data of IMU n
  96:source01.c    **** *********************************************************************************/
  97:source01.c    **** void ReadGyro()
  98:source01.c    **** {   uint8 low=0, high=0;
 286              		.loc 1 98 0
 287              		.cfi_startproc
 288              		@ args = 0, pretend = 0, frame = 0
 289              		@ frame_needed = 0, uses_anonymous_args = 0
 290 0000 38B5     		push	{r3, r4, r5, lr}
 291              		.cfi_def_cfa_offset 16
 292              		.cfi_offset 3, -16
 293              		.cfi_offset 4, -12
 294              		.cfi_offset 5, -8
 295              		.cfi_offset 14, -4
 296              	.LVL40:
  99:source01.c    ****     low=ReadControlRegisterIMU(LSM6DSRX_OUTX_L_G);
 297              		.loc 1 99 0
 298 0002 2220     		movs	r0, #34
 299 0004 FFF7FEFF 		bl	ReadControlRegisterIMU
 300              	.LVL41:
ARM GAS  C:\Users\mgnocco\AppData\Local\Temp\cc0XtOQU.s 			page 8


 301 0008 0546     		mov	r5, r0
 302              	.LVL42:
 100:source01.c    ****     high=ReadControlRegisterIMU(LSM6DSRX_OUTX_H_G);
 303              		.loc 1 100 0
 304 000a 2320     		movs	r0, #35
 305 000c FFF7FEFF 		bl	ReadControlRegisterIMU
 306              	.LVL43:
 101:source01.c    **** 	Gyro[0] = high; 
 307              		.loc 1 101 0
 308 0010 0A4C     		ldr	r4, .L18
 309 0012 2070     		strb	r0, [r4]
 102:source01.c    **** 	Gyro[1] = low; 
 310              		.loc 1 102 0
 311 0014 6570     		strb	r5, [r4, #1]
 312              	.LVL44:
 103:source01.c    **** 	low=0, high=0;
 104:source01.c    **** 			
 105:source01.c    **** 	//read Y
 106:source01.c    ****     low=ReadControlRegisterIMU(LSM6DSRX_OUTY_L_G);
 313              		.loc 1 106 0
 314 0016 2420     		movs	r0, #36
 315 0018 FFF7FEFF 		bl	ReadControlRegisterIMU
 316              	.LVL45:
 317 001c 0546     		mov	r5, r0
 318              	.LVL46:
 107:source01.c    ****     high=ReadControlRegisterIMU(LSM6DSRX_OUTY_H_G);
 319              		.loc 1 107 0
 320 001e 2520     		movs	r0, #37
 321 0020 FFF7FEFF 		bl	ReadControlRegisterIMU
 322              	.LVL47:
 108:source01.c    **** 	Gyro[2] = high; 
 323              		.loc 1 108 0
 324 0024 A070     		strb	r0, [r4, #2]
 109:source01.c    **** 	Gyro[3] = low; 
 325              		.loc 1 109 0
 326 0026 E570     		strb	r5, [r4, #3]
 327              	.LVL48:
 110:source01.c    **** 	low=0, high=0;
 111:source01.c    **** 		
 112:source01.c    **** 	//read Z
 113:source01.c    ****     low=ReadControlRegisterIMU(LSM6DSRX_OUTZ_L_G);
 328              		.loc 1 113 0
 329 0028 2620     		movs	r0, #38
 330 002a FFF7FEFF 		bl	ReadControlRegisterIMU
 331              	.LVL49:
 332 002e 0546     		mov	r5, r0
 333              	.LVL50:
 114:source01.c    ****     high=ReadControlRegisterIMU(LSM6DSRX_OUTZ_H_G);
 334              		.loc 1 114 0
 335 0030 2720     		movs	r0, #39
 336 0032 FFF7FEFF 		bl	ReadControlRegisterIMU
 337              	.LVL51:
 115:source01.c    **** 	Gyro[4] = high; 
 338              		.loc 1 115 0
 339 0036 2071     		strb	r0, [r4, #4]
 116:source01.c    **** 	Gyro[5] = low;
 340              		.loc 1 116 0
ARM GAS  C:\Users\mgnocco\AppData\Local\Temp\cc0XtOQU.s 			page 9


 341 0038 6571     		strb	r5, [r4, #5]
 342              	.LVL52:
 343 003a 38BD     		pop	{r3, r4, r5, pc}
 344              	.L19:
 345              		.align	2
 346              	.L18:
 347 003c 00000000 		.word	Gyro
 348              		.cfi_endproc
 349              	.LFE69:
 350              		.size	ReadGyro, .-ReadGyro
 351              		.section	.text.ReadTemp,"ax",%progbits
 352              		.align	2
 353              		.global	ReadTemp
 354              		.thumb
 355              		.thumb_func
 356              		.type	ReadTemp, %function
 357              	ReadTemp:
 358              	.LFB70:
 117:source01.c    **** 	low=0, high=0;
 118:source01.c    **** }
 119:source01.c    **** 
 120:source01.c    **** /*******************************************************************************
 121:source01.c    **** * Function Name: Read Temperature Data of IMU n
 122:source01.c    **** *********************************************************************************/
 123:source01.c    **** void ReadTemp()
 124:source01.c    **** {
 359              		.loc 1 124 0
 360              		.cfi_startproc
 361              		@ args = 0, pretend = 0, frame = 0
 362              		@ frame_needed = 0, uses_anonymous_args = 0
 363 0000 10B5     		push	{r4, lr}
 364              		.cfi_def_cfa_offset 8
 365              		.cfi_offset 4, -8
 366              		.cfi_offset 14, -4
 367              	.LVL53:
 125:source01.c    **** 	uint8 low=0, high=0;	
 126:source01.c    ****     low=ReadControlRegisterIMU(LSM6DSRX_OUT_TEMP_L);
 368              		.loc 1 126 0
 369 0002 2020     		movs	r0, #32
 370 0004 FFF7FEFF 		bl	ReadControlRegisterIMU
 371              	.LVL54:
 372 0008 0446     		mov	r4, r0
 373              	.LVL55:
 127:source01.c    ****     high=ReadControlRegisterIMU(LSM6DSRX_OUT_TEMP_H);
 374              		.loc 1 127 0
 375 000a 2120     		movs	r0, #33
 376 000c FFF7FEFF 		bl	ReadControlRegisterIMU
 377              	.LVL56:
 128:source01.c    **** 
 129:source01.c    **** 	Temp[0] = high; 
 378              		.loc 1 129 0
 379 0010 014B     		ldr	r3, .L22
 380 0012 1870     		strb	r0, [r3]
 130:source01.c    **** 	Temp[1] = low; 
 381              		.loc 1 130 0
 382 0014 5C70     		strb	r4, [r3, #1]
 383              	.LVL57:
ARM GAS  C:\Users\mgnocco\AppData\Local\Temp\cc0XtOQU.s 			page 10


 384 0016 10BD     		pop	{r4, pc}
 385              	.L23:
 386              		.align	2
 387              	.L22:
 388 0018 00000000 		.word	Temp
 389              		.cfi_endproc
 390              	.LFE70:
 391              		.size	ReadTemp, .-ReadTemp
 392              		.section	.text.ReadIMU,"ax",%progbits
 393              		.align	2
 394              		.global	ReadIMU
 395              		.thumb
 396              		.thumb_func
 397              		.type	ReadIMU, %function
 398              	ReadIMU:
 399              	.LFB71:
 131:source01.c    **** 	low=0, high=0;
 132:source01.c    **** }
 133:source01.c    **** 
 134:source01.c    **** /*******************************************************************************
 135:source01.c    **** * Function Name: IMU Read
 136:source01.c    **** *********************************************************************************/	
 137:source01.c    **** void ReadIMU(){
 400              		.loc 1 137 0
 401              		.cfi_startproc
 402              		@ args = 0, pretend = 0, frame = 8
 403              		@ frame_needed = 0, uses_anonymous_args = 0
 404 0000 10B5     		push	{r4, lr}
 405              		.cfi_def_cfa_offset 8
 406              		.cfi_offset 4, -8
 407              		.cfi_offset 14, -4
 408 0002 82B0     		sub	sp, sp, #8
 409              		.cfi_def_cfa_offset 16
 410              	.LVL58:
 138:source01.c    ****     uint16 tmp = 0, j = 0;
 139:source01.c    ****     int packet_length = 13;
 140:source01.c    ****    // uint8 c = 1;
 141:source01.c    ****     uint8 k = 0;
 142:source01.c    ****     int16 aux_int16;
 143:source01.c    ****     float aux_float;
 144:source01.c    ****     
 145:source01.c    ****     // Packet: header + imu id(uint8) + imu flags(uint8) + crc  
 146:source01.c    ****     uint8 packet_data[350];
 147:source01.c    ****     uint8 single_packet;
 148:source01.c    ****     
 149:source01.c    ****     ChipSelectorIMU(0);
 150:source01.c    ****     ReadAcc();
 411              		.loc 1 150 0
 412 0004 FFF7FEFF 		bl	ReadAcc
 413              	.LVL59:
 151:source01.c    ****     ReadGyro();
 414              		.loc 1 151 0
 415 0008 FFF7FEFF 		bl	ReadGyro
 416              	.LVL60:
 152:source01.c    ****     ReadTemp();
 417              		.loc 1 152 0
 418 000c FFF7FEFF 		bl	ReadTemp
ARM GAS  C:\Users\mgnocco\AppData\Local\Temp\cc0XtOQU.s 			page 11


 419              	.LVL61:
 153:source01.c    ****     
 154:source01.c    ****     for (j = 0; j < 3; j++) {
 420              		.loc 1 154 0
 421 0010 0023     		movs	r3, #0
 422 0012 0CE0     		b	.L25
 423              	.LVL62:
 424              	.L26:
 155:source01.c    ****         tmp = Accel[2*j];
 425              		.loc 1 155 0 discriminator 3
 426 0014 5A00     		lsls	r2, r3, #1
 427 0016 1848     		ldr	r0, .L30
 428 0018 10F81340 		ldrb	r4, [r0, r3, lsl #1]	@ zero_extendqisi2
 429              	.LVL63:
 156:source01.c    ****         g_imuNew.accel_value[j] = (int16)(tmp<<8 | Accel[2*j + 1]);
 430              		.loc 1 156 0 discriminator 3
 431 001c 511C     		adds	r1, r2, #1
 432 001e 415C     		ldrb	r1, [r0, r1]	@ zero_extendqisi2
 433 0020 41EA0421 		orr	r1, r1, r4, lsl #8
 434 0024 1548     		ldr	r0, .L30+4
 435 0026 0244     		add	r2, r2, r0
 436 0028 5180     		strh	r1, [r2, #2]	@ movhi
 154:source01.c    ****         tmp = Accel[2*j];
 437              		.loc 1 154 0 discriminator 3
 438 002a 0133     		adds	r3, r3, #1
 439              	.LVL64:
 440 002c 9BB2     		uxth	r3, r3
 441              	.LVL65:
 442              	.L25:
 154:source01.c    ****         tmp = Accel[2*j];
 443              		.loc 1 154 0 is_stmt 0 discriminator 1
 444 002e 022B     		cmp	r3, #2
 445 0030 F0D9     		bls	.L26
 446 0032 0023     		movs	r3, #0
 447              	.LVL66:
 448 0034 0DE0     		b	.L27
 449              	.LVL67:
 450              	.L28:
 157:source01.c    ****     }
 158:source01.c    **** 
 159:source01.c    ****     
 160:source01.c    ****     for (j = 0; j < 3; j++) {
 161:source01.c    ****         tmp = Gyro[2*j];
 451              		.loc 1 161 0 is_stmt 1 discriminator 3
 452 0036 5900     		lsls	r1, r3, #1
 453 0038 1148     		ldr	r0, .L30+8
 454 003a 10F81340 		ldrb	r4, [r0, r3, lsl #1]	@ zero_extendqisi2
 455              	.LVL68:
 162:source01.c    ****         g_imuNew.gyro_value[j] = (int16)(tmp<<8 | Gyro[2*j + 1]);
 456              		.loc 1 162 0 discriminator 3
 457 003e 0131     		adds	r1, r1, #1
 458 0040 425C     		ldrb	r2, [r0, r1]	@ zero_extendqisi2
 459 0042 42EA0422 		orr	r2, r2, r4, lsl #8
 460 0046 181D     		adds	r0, r3, #4
 461 0048 0C49     		ldr	r1, .L30+4
 462 004a 21F81020 		strh	r2, [r1, r0, lsl #1]	@ movhi
 160:source01.c    ****         tmp = Gyro[2*j];
ARM GAS  C:\Users\mgnocco\AppData\Local\Temp\cc0XtOQU.s 			page 12


 463              		.loc 1 160 0 discriminator 3
 464 004e 0133     		adds	r3, r3, #1
 465              	.LVL69:
 466 0050 9BB2     		uxth	r3, r3
 467              	.LVL70:
 468              	.L27:
 160:source01.c    ****         tmp = Gyro[2*j];
 469              		.loc 1 160 0 is_stmt 0 discriminator 1
 470 0052 022B     		cmp	r3, #2
 471 0054 EFD9     		bls	.L28
 163:source01.c    ****     }      
 164:source01.c    ****     
 165:source01.c    ****     tmp = Temp[0];
 472              		.loc 1 165 0 is_stmt 1
 473 0056 0B4A     		ldr	r2, .L30+12
 474 0058 1178     		ldrb	r1, [r2]	@ zero_extendqisi2
 475              	.LVL71:
 166:source01.c    ****     g_imuNew.temp_value = (int16)(tmp<<8 | Temp[1]);
 476              		.loc 1 166 0
 477 005a 5378     		ldrb	r3, [r2, #1]	@ zero_extendqisi2
 478              	.LVL72:
 479 005c 43EA0123 		orr	r3, r3, r1, lsl #8
 480 0060 064A     		ldr	r2, .L30+4
 481 0062 D381     		strh	r3, [r2, #14]	@ movhi
 167:source01.c    ****     
 168:source01.c    ****             aux_int16 = (int16) g_imu.accel_value[0];
 482              		.loc 1 168 0
 483 0064 084B     		ldr	r3, .L30+16
 484 0066 B3F90200 		ldrsh	r0, [r3, #2]
 485 006a ADF80600 		strh	r0, [sp, #6]	@ movhi
 486              	.LVL73:
 169:source01.c    ****             single_packet = ((char*)(&aux_int16))[0];
 170:source01.c    ****             UART_PutChar( single_packet);
 487              		.loc 1 170 0
 488 006e C0B2     		uxtb	r0, r0
 489 0070 FFF7FEFF 		bl	UART_PutChar
 490              	.LVL74:
 171:source01.c    ****             /* UART_PutChar('1');
 172:source01.c    ****             single_packet = ((char*)(&aux_int16))[1];
 173:source01.c    ****           UART_PutChar(single_packet);
 174:source01.c    ****         */
 175:source01.c    ****      /*int16 c = 2;
 176:source01.c    ****     uint8 d;
 177:source01.c    ****              d = ((char*)(&c))[0];
 178:source01.c    ****             UART_PutChar(d);
 179:source01.c    ****             UART_PutChar('1');
 180:source01.c    ****             
 181:source01.c    ****            
 182:source01.c    ****             
 183:source01.c    ****             aux_int16 = (int16) g_imu.accel_value[1];
 184:source01.c    ****             single_packet = ((char*)(&aux_int16))[0];
 185:source01.c    ****              UART_PutChar( single_packet);
 186:source01.c    ****             UART_PutChar('2');
 187:source01.c    ****             single_packet = ((char*)(&aux_int16))[1];
 188:source01.c    ****              UART_PutChar( single_packet);
 189:source01.c    ****             UART_PutChar('2');
 190:source01.c    **** 
ARM GAS  C:\Users\mgnocco\AppData\Local\Temp\cc0XtOQU.s 			page 13


 191:source01.c    ****             aux_int16 = (int16) g_imu.accel_value[2];
 192:source01.c    ****             single_packet = ((char*)(&aux_int16))[0];
 193:source01.c    ****              UART_PutChar(single_packet);
 194:source01.c    ****             UART_PutChar('3');
 195:source01.c    ****             single_packet = ((char*)(&aux_int16))[1];
 196:source01.c    ****              UART_PutChar( single_packet);
 197:source01.c    ****             UART_PutChar('3');
 198:source01.c    ****             
 199:source01.c    **** */
 200:source01.c    ****         
 201:source01.c    ****           /*  aux_int16 = (int16) g_imu.gyro_value[0];
 202:source01.c    ****             single_packet[c + 1] = ((char*)(&aux_int16))[0];
 203:source01.c    ****             single_packet[c] = ((char*)(&aux_int16))[1];
 204:source01.c    **** 
 205:source01.c    ****             aux_int16 = (int16) g_imu.gyro_value[1];
 206:source01.c    ****             single_packet[c + 3] = ((char*)(&aux_int16))[0];
 207:source01.c    ****             single_packet[c + 2] = ((char*)(&aux_int16))[1];
 208:source01.c    **** 
 209:source01.c    ****             aux_int16 = (int16) g_imu.gyro_value[2];
 210:source01.c    ****             single_packet[c + 5] = ((char*)(&aux_int16))[0];
 211:source01.c    ****             single_packet[c + 4] = ((char*)(&aux_int16))[1];
 212:source01.c    **** 
 213:source01.c    ****             c = c + 6;
 214:source01.c    **** 
 215:source01.c    ****             aux_int16 = (int16) g_imu.temp_value;
 216:source01.c    ****             single_packet[c + 1] = ((char*)(&aux_int16))[0];
 217:source01.c    ****             single_packet[c] = ((char*)(&aux_int16))[1];
 218:source01.c    ****             
 219:source01.c    ****             for(k=0; k < packet_length; k++) {
 220:source01.c    ****             packet_data[k] = (uint8) single_packet[k]; 
 221:source01.c    ****         }
 222:source01.c    ****             c = 1;
 223:source01.c    ****             */
 224:source01.c    ****         
 225:source01.c    ****      
 226:source01.c    **** }
 491              		.loc 1 226 0
 492 0074 02B0     		add	sp, sp, #8
 493              		.cfi_def_cfa_offset 8
 494              		@ sp needed
 495 0076 10BD     		pop	{r4, pc}
 496              	.L31:
 497              		.align	2
 498              	.L30:
 499 0078 00000000 		.word	Accel
 500 007c 00000000 		.word	g_imuNew
 501 0080 00000000 		.word	Gyro
 502 0084 00000000 		.word	Temp
 503 0088 00000000 		.word	g_imu
 504              		.cfi_endproc
 505              	.LFE71:
 506              		.size	ReadIMU, .-ReadIMU
 507              		.comm	Temp,2,4
 508              		.comm	Gyro,6,4
 509              		.comm	Accel,6,4
 510              		.comm	g_imuNew,16,4
 511              		.comm	g_imu,16,4
ARM GAS  C:\Users\mgnocco\AppData\Local\Temp\cc0XtOQU.s 			page 14


 512              		.text
 513              	.Letext0:
 514              		.file 2 "c:\\program files (x86)\\cypress\\psoc creator\\4.4\\psoc creator\\import\\gnu\\arm\\5.4.
 515              		.file 3 "c:\\program files (x86)\\cypress\\psoc creator\\4.4\\psoc creator\\import\\gnu\\arm\\5.4.
 516              		.file 4 "Generated_Source\\PSoC5/cytypes.h"
 517              		.file 5 "globals.h"
 518              		.file 6 "Generated_Source\\PSoC5/core_cm3.h"
 519              		.file 7 "Generated_Source\\PSoC5/SPI_IMU.h"
 520              		.file 8 "Generated_Source\\PSoC5/CyLib.h"
 521              		.file 9 "Generated_Source\\PSoC5/UART.h"
 522              		.section	.debug_info,"",%progbits
 523              	.Ldebug_info0:
 524 0000 53060000 		.4byte	0x653
 525 0004 0400     		.2byte	0x4
 526 0006 00000000 		.4byte	.Ldebug_abbrev0
 527 000a 04       		.byte	0x4
 528 000b 01       		.uleb128 0x1
 529 000c 8E020000 		.4byte	.LASF53
 530 0010 0C       		.byte	0xc
 531 0011 CF010000 		.4byte	.LASF54
 532 0015 5F000000 		.4byte	.LASF55
 533 0019 00000000 		.4byte	.Ldebug_ranges0+0
 534 001d 00000000 		.4byte	0
 535 0021 00000000 		.4byte	.Ldebug_line0
 536 0025 02       		.uleb128 0x2
 537 0026 01       		.byte	0x1
 538 0027 06       		.byte	0x6
 539 0028 63010000 		.4byte	.LASF0
 540 002c 02       		.uleb128 0x2
 541 002d 01       		.byte	0x1
 542 002e 08       		.byte	0x8
 543 002f 45010000 		.4byte	.LASF1
 544 0033 02       		.uleb128 0x2
 545 0034 02       		.byte	0x2
 546 0035 05       		.byte	0x5
 547 0036 2E000000 		.4byte	.LASF2
 548 003a 02       		.uleb128 0x2
 549 003b 02       		.byte	0x2
 550 003c 07       		.byte	0x7
 551 003d B7010000 		.4byte	.LASF3
 552 0041 03       		.uleb128 0x3
 553 0042 43020000 		.4byte	.LASF9
 554 0046 02       		.byte	0x2
 555 0047 3F       		.byte	0x3f
 556 0048 4C000000 		.4byte	0x4c
 557 004c 02       		.uleb128 0x2
 558 004d 04       		.byte	0x4
 559 004e 05       		.byte	0x5
 560 004f 1B010000 		.4byte	.LASF4
 561 0053 02       		.uleb128 0x2
 562 0054 04       		.byte	0x4
 563 0055 07       		.byte	0x7
 564 0056 17020000 		.4byte	.LASF5
 565 005a 02       		.uleb128 0x2
 566 005b 08       		.byte	0x8
 567 005c 05       		.byte	0x5
 568 005d 02010000 		.4byte	.LASF6
ARM GAS  C:\Users\mgnocco\AppData\Local\Temp\cc0XtOQU.s 			page 15


 569 0061 02       		.uleb128 0x2
 570 0062 08       		.byte	0x8
 571 0063 07       		.byte	0x7
 572 0064 75010000 		.4byte	.LASF7
 573 0068 04       		.uleb128 0x4
 574 0069 04       		.byte	0x4
 575 006a 05       		.byte	0x5
 576 006b 696E7400 		.ascii	"int\000"
 577 006f 02       		.uleb128 0x2
 578 0070 04       		.byte	0x4
 579 0071 07       		.byte	0x7
 580 0072 9F010000 		.4byte	.LASF8
 581 0076 03       		.uleb128 0x3
 582 0077 EE010000 		.4byte	.LASF10
 583 007b 03       		.byte	0x3
 584 007c 2C       		.byte	0x2c
 585 007d 41000000 		.4byte	0x41
 586 0081 05       		.uleb128 0x5
 587 0082 E5000000 		.4byte	.LASF11
 588 0086 04       		.byte	0x4
 589 0087 E901     		.2byte	0x1e9
 590 0089 2C000000 		.4byte	0x2c
 591 008d 05       		.uleb128 0x5
 592 008e D0000000 		.4byte	.LASF12
 593 0092 04       		.byte	0x4
 594 0093 EA01     		.2byte	0x1ea
 595 0095 3A000000 		.4byte	0x3a
 596 0099 05       		.uleb128 0x5
 597 009a DF000000 		.4byte	.LASF13
 598 009e 04       		.byte	0x4
 599 009f ED01     		.2byte	0x1ed
 600 00a1 33000000 		.4byte	0x33
 601 00a5 02       		.uleb128 0x2
 602 00a6 04       		.byte	0x4
 603 00a7 04       		.byte	0x4
 604 00a8 F0000000 		.4byte	.LASF14
 605 00ac 02       		.uleb128 0x2
 606 00ad 08       		.byte	0x8
 607 00ae 04       		.byte	0x4
 608 00af 29020000 		.4byte	.LASF15
 609 00b3 02       		.uleb128 0x2
 610 00b4 01       		.byte	0x1
 611 00b5 08       		.byte	0x8
 612 00b6 CA010000 		.4byte	.LASF16
 613 00ba 02       		.uleb128 0x2
 614 00bb 08       		.byte	0x8
 615 00bc 04       		.byte	0x4
 616 00bd 00000000 		.4byte	.LASF17
 617 00c1 02       		.uleb128 0x2
 618 00c2 04       		.byte	0x4
 619 00c3 07       		.byte	0x7
 620 00c4 38000000 		.4byte	.LASF18
 621 00c8 06       		.uleb128 0x6
 622 00c9 F6000000 		.4byte	.LASF56
 623 00cd 10       		.byte	0x10
 624 00ce 05       		.byte	0x5
 625 00cf 0D       		.byte	0xd
ARM GAS  C:\Users\mgnocco\AppData\Local\Temp\cc0XtOQU.s 			page 16


 626 00d0 05010000 		.4byte	0x105
 627 00d4 07       		.uleb128 0x7
 628 00d5 6F010000 		.4byte	.LASF19
 629 00d9 05       		.byte	0x5
 630 00da 0E       		.byte	0xe
 631 00db 81000000 		.4byte	0x81
 632 00df 00       		.byte	0
 633 00e0 07       		.uleb128 0x7
 634 00e1 75020000 		.4byte	.LASF20
 635 00e5 05       		.byte	0x5
 636 00e6 0F       		.byte	0xf
 637 00e7 05010000 		.4byte	0x105
 638 00eb 02       		.byte	0x2
 639 00ec 07       		.uleb128 0x7
 640 00ed 10010000 		.4byte	.LASF21
 641 00f1 05       		.byte	0x5
 642 00f2 10       		.byte	0x10
 643 00f3 05010000 		.4byte	0x105
 644 00f7 08       		.byte	0x8
 645 00f8 07       		.uleb128 0x7
 646 00f9 F6010000 		.4byte	.LASF22
 647 00fd 05       		.byte	0x5
 648 00fe 11       		.byte	0x11
 649 00ff 99000000 		.4byte	0x99
 650 0103 0E       		.byte	0xe
 651 0104 00       		.byte	0
 652 0105 08       		.uleb128 0x8
 653 0106 99000000 		.4byte	0x99
 654 010a 15010000 		.4byte	0x115
 655 010e 09       		.uleb128 0x9
 656 010f C1000000 		.4byte	0xc1
 657 0113 02       		.byte	0x2
 658 0114 00       		.byte	0
 659 0115 0A       		.uleb128 0xa
 660 0116 16000000 		.4byte	.LASF24
 661 011a 01       		.byte	0x1
 662 011b 13       		.byte	0x13
 663 011c 00000000 		.4byte	.LFB64
 664 0120 34000000 		.4byte	.LFE64-.LFB64
 665 0124 01       		.uleb128 0x1
 666 0125 9C       		.byte	0x9c
 667 0126 9E010000 		.4byte	0x19e
 668 012a 0B       		.uleb128 0xb
 669 012b D7000000 		.4byte	.LASF23
 670 012f 01       		.byte	0x1
 671 0130 13       		.byte	0x13
 672 0131 81000000 		.4byte	0x81
 673 0135 00000000 		.4byte	.LLST0
 674 0139 0C       		.uleb128 0xc
 675 013a 64746100 		.ascii	"dta\000"
 676 013e 01       		.byte	0x1
 677 013f 13       		.byte	0x13
 678 0140 81000000 		.4byte	0x81
 679 0144 21000000 		.4byte	.LLST1
 680 0148 0D       		.uleb128 0xd
 681 0149 0A000000 		.4byte	.LVL1
 682 014d FD050000 		.4byte	0x5fd
ARM GAS  C:\Users\mgnocco\AppData\Local\Temp\cc0XtOQU.s 			page 17


 683 0151 0D       		.uleb128 0xd
 684 0152 0E000000 		.4byte	.LVL2
 685 0156 08060000 		.4byte	0x608
 686 015a 0D       		.uleb128 0xd
 687 015b 12000000 		.4byte	.LVL3
 688 015f 13060000 		.4byte	0x613
 689 0163 0E       		.uleb128 0xe
 690 0164 18000000 		.4byte	.LVL4
 691 0168 1E060000 		.4byte	0x61e
 692 016c 77010000 		.4byte	0x177
 693 0170 0F       		.uleb128 0xf
 694 0171 01       		.uleb128 0x1
 695 0172 50       		.byte	0x50
 696 0173 02       		.uleb128 0x2
 697 0174 75       		.byte	0x75
 698 0175 00       		.sleb128 0
 699 0176 00       		.byte	0
 700 0177 0D       		.uleb128 0xd
 701 0178 1C000000 		.4byte	.LVL5
 702 017c 29060000 		.4byte	0x629
 703 0180 0E       		.uleb128 0xe
 704 0181 28000000 		.4byte	.LVL6
 705 0185 1E060000 		.4byte	0x61e
 706 0189 94010000 		.4byte	0x194
 707 018d 0F       		.uleb128 0xf
 708 018e 01       		.uleb128 0x1
 709 018f 50       		.byte	0x50
 710 0190 02       		.uleb128 0x2
 711 0191 74       		.byte	0x74
 712 0192 00       		.sleb128 0
 713 0193 00       		.byte	0
 714 0194 0D       		.uleb128 0xd
 715 0195 2C000000 		.4byte	.LVL7
 716 0199 29060000 		.4byte	0x629
 717 019d 00       		.byte	0
 718 019e 10       		.uleb128 0x10
 719 019f 29030000 		.4byte	.LASF57
 720 01a3 01       		.byte	0x1
 721 01a4 21       		.byte	0x21
 722 01a5 81000000 		.4byte	0x81
 723 01a9 00000000 		.4byte	.LFB65
 724 01ad 2A000000 		.4byte	.LFE65-.LFB65
 725 01b1 01       		.uleb128 0x1
 726 01b2 9C       		.byte	0x9c
 727 01b3 0D020000 		.4byte	0x20d
 728 01b7 0B       		.uleb128 0xb
 729 01b8 D7000000 		.4byte	.LASF23
 730 01bc 01       		.byte	0x1
 731 01bd 21       		.byte	0x21
 732 01be 81000000 		.4byte	0x81
 733 01c2 42000000 		.4byte	.LLST2
 734 01c6 11       		.uleb128 0x11
 735 01c7 AC010000 		.4byte	.LASF28
 736 01cb 01       		.byte	0x1
 737 01cc 23       		.byte	0x23
 738 01cd 81000000 		.4byte	0x81
 739 01d1 63000000 		.4byte	.LLST3
ARM GAS  C:\Users\mgnocco\AppData\Local\Temp\cc0XtOQU.s 			page 18


 740 01d5 0D       		.uleb128 0xd
 741 01d6 0A000000 		.4byte	.LVL11
 742 01da 1E060000 		.4byte	0x61e
 743 01de 0D       		.uleb128 0xd
 744 01df 0E000000 		.4byte	.LVL12
 745 01e3 29060000 		.4byte	0x629
 746 01e7 0E       		.uleb128 0xe
 747 01e8 1A000000 		.4byte	.LVL13
 748 01ec 1E060000 		.4byte	0x61e
 749 01f0 FA010000 		.4byte	0x1fa
 750 01f4 0F       		.uleb128 0xf
 751 01f5 01       		.uleb128 0x1
 752 01f6 50       		.byte	0x50
 753 01f7 01       		.uleb128 0x1
 754 01f8 30       		.byte	0x30
 755 01f9 00       		.byte	0
 756 01fa 0D       		.uleb128 0xd
 757 01fb 1E000000 		.4byte	.LVL14
 758 01ff 29060000 		.4byte	0x629
 759 0203 0D       		.uleb128 0xd
 760 0204 28000000 		.4byte	.LVL15
 761 0208 35060000 		.4byte	0x635
 762 020c 00       		.byte	0
 763 020d 0A       		.uleb128 0xa
 764 020e 53010000 		.4byte	.LASF25
 765 0212 01       		.byte	0x1
 766 0213 2F       		.byte	0x2f
 767 0214 00000000 		.4byte	.LFB66
 768 0218 02000000 		.4byte	.LFE66-.LFB66
 769 021c 01       		.uleb128 0x1
 770 021d 9C       		.byte	0x9c
 771 021e 2E020000 		.4byte	0x22e
 772 0222 12       		.uleb128 0x12
 773 0223 6E00     		.ascii	"n\000"
 774 0225 01       		.byte	0x1
 775 0226 2F       		.byte	0x2f
 776 0227 68000000 		.4byte	0x68
 777 022b 01       		.uleb128 0x1
 778 022c 50       		.byte	0x50
 779 022d 00       		.byte	0
 780 022e 13       		.uleb128 0x13
 781 022f 01020000 		.4byte	.LASF26
 782 0233 01       		.byte	0x1
 783 0234 35       		.byte	0x35
 784 0235 00000000 		.4byte	.LFB67
 785 0239 48000000 		.4byte	.LFE67-.LFB67
 786 023d 01       		.uleb128 0x1
 787 023e 9C       		.byte	0x9c
 788 023f 1F030000 		.4byte	0x31f
 789 0243 14       		.uleb128 0x14
 790 0244 57000000 		.4byte	.LASF35
 791 0248 01       		.byte	0x1
 792 0249 36       		.byte	0x36
 793 024a 68000000 		.4byte	0x68
 794 024e 0E       		.uleb128 0xe
 795 024f 08000000 		.4byte	.LVL17
 796 0253 9E010000 		.4byte	0x19e
ARM GAS  C:\Users\mgnocco\AppData\Local\Temp\cc0XtOQU.s 			page 19


 797 0257 61020000 		.4byte	0x261
 798 025b 0F       		.uleb128 0xf
 799 025c 01       		.uleb128 0x1
 800 025d 50       		.byte	0x50
 801 025e 01       		.uleb128 0x1
 802 025f 3F       		.byte	0x3f
 803 0260 00       		.byte	0
 804 0261 0E       		.uleb128 0xe
 805 0262 0E000000 		.4byte	.LVL18
 806 0266 40060000 		.4byte	0x640
 807 026a 74020000 		.4byte	0x274
 808 026e 0F       		.uleb128 0xf
 809 026f 01       		.uleb128 0x1
 810 0270 50       		.byte	0x50
 811 0271 01       		.uleb128 0x1
 812 0272 3A       		.byte	0x3a
 813 0273 00       		.byte	0
 814 0274 0E       		.uleb128 0xe
 815 0275 16000000 		.4byte	.LVL19
 816 0279 15010000 		.4byte	0x115
 817 027d 8D020000 		.4byte	0x28d
 818 0281 0F       		.uleb128 0xf
 819 0282 01       		.uleb128 0x1
 820 0283 50       		.byte	0x50
 821 0284 01       		.uleb128 0x1
 822 0285 40       		.byte	0x40
 823 0286 0F       		.uleb128 0xf
 824 0287 01       		.uleb128 0x1
 825 0288 51       		.byte	0x51
 826 0289 02       		.uleb128 0x2
 827 028a 08       		.byte	0x8
 828 028b 60       		.byte	0x60
 829 028c 00       		.byte	0
 830 028d 0E       		.uleb128 0xe
 831 028e 1C000000 		.4byte	.LVL20
 832 0292 40060000 		.4byte	0x640
 833 0296 A0020000 		.4byte	0x2a0
 834 029a 0F       		.uleb128 0xf
 835 029b 01       		.uleb128 0x1
 836 029c 50       		.byte	0x50
 837 029d 01       		.uleb128 0x1
 838 029e 3A       		.byte	0x3a
 839 029f 00       		.byte	0
 840 02a0 0E       		.uleb128 0xe
 841 02a1 24000000 		.4byte	.LVL21
 842 02a5 15010000 		.4byte	0x115
 843 02a9 B9020000 		.4byte	0x2b9
 844 02ad 0F       		.uleb128 0xf
 845 02ae 01       		.uleb128 0x1
 846 02af 50       		.byte	0x50
 847 02b0 01       		.uleb128 0x1
 848 02b1 41       		.byte	0x41
 849 02b2 0F       		.uleb128 0xf
 850 02b3 01       		.uleb128 0x1
 851 02b4 51       		.byte	0x51
 852 02b5 02       		.uleb128 0x2
 853 02b6 08       		.byte	0x8
ARM GAS  C:\Users\mgnocco\AppData\Local\Temp\cc0XtOQU.s 			page 20


 854 02b7 60       		.byte	0x60
 855 02b8 00       		.byte	0
 856 02b9 0E       		.uleb128 0xe
 857 02ba 2A000000 		.4byte	.LVL22
 858 02be 40060000 		.4byte	0x640
 859 02c2 CC020000 		.4byte	0x2cc
 860 02c6 0F       		.uleb128 0xf
 861 02c7 01       		.uleb128 0x1
 862 02c8 50       		.byte	0x50
 863 02c9 01       		.uleb128 0x1
 864 02ca 3A       		.byte	0x3a
 865 02cb 00       		.byte	0
 866 02cc 0E       		.uleb128 0xe
 867 02cd 32000000 		.4byte	.LVL23
 868 02d1 15010000 		.4byte	0x115
 869 02d5 E4020000 		.4byte	0x2e4
 870 02d9 0F       		.uleb128 0xf
 871 02da 01       		.uleb128 0x1
 872 02db 50       		.byte	0x50
 873 02dc 01       		.uleb128 0x1
 874 02dd 43       		.byte	0x43
 875 02de 0F       		.uleb128 0xf
 876 02df 01       		.uleb128 0x1
 877 02e0 51       		.byte	0x51
 878 02e1 01       		.uleb128 0x1
 879 02e2 34       		.byte	0x34
 880 02e3 00       		.byte	0
 881 02e4 0E       		.uleb128 0xe
 882 02e5 38000000 		.4byte	.LVL24
 883 02e9 40060000 		.4byte	0x640
 884 02ed F7020000 		.4byte	0x2f7
 885 02f1 0F       		.uleb128 0xf
 886 02f2 01       		.uleb128 0x1
 887 02f3 50       		.byte	0x50
 888 02f4 01       		.uleb128 0x1
 889 02f5 3A       		.byte	0x3a
 890 02f6 00       		.byte	0
 891 02f7 0E       		.uleb128 0xe
 892 02f8 40000000 		.4byte	.LVL25
 893 02fc 15010000 		.4byte	0x115
 894 0300 0F030000 		.4byte	0x30f
 895 0304 0F       		.uleb128 0xf
 896 0305 01       		.uleb128 0x1
 897 0306 50       		.byte	0x50
 898 0307 01       		.uleb128 0x1
 899 0308 48       		.byte	0x48
 900 0309 0F       		.uleb128 0xf
 901 030a 01       		.uleb128 0x1
 902 030b 51       		.byte	0x51
 903 030c 01       		.uleb128 0x1
 904 030d 32       		.byte	0x32
 905 030e 00       		.byte	0
 906 030f 15       		.uleb128 0x15
 907 0310 46000000 		.4byte	.LVL26
 908 0314 40060000 		.4byte	0x640
 909 0318 0F       		.uleb128 0xf
 910 0319 01       		.uleb128 0x1
ARM GAS  C:\Users\mgnocco\AppData\Local\Temp\cc0XtOQU.s 			page 21


 911 031a 50       		.byte	0x50
 912 031b 01       		.uleb128 0x1
 913 031c 3A       		.byte	0x3a
 914 031d 00       		.byte	0
 915 031e 00       		.byte	0
 916 031f 13       		.uleb128 0x13
 917 0320 3D010000 		.4byte	.LASF27
 918 0324 01       		.byte	0x1
 919 0325 46       		.byte	0x46
 920 0326 00000000 		.4byte	.LFB68
 921 032a 40000000 		.4byte	.LFE68-.LFB68
 922 032e 01       		.uleb128 0x1
 923 032f 9C       		.byte	0x9c
 924 0330 C7030000 		.4byte	0x3c7
 925 0334 16       		.uleb128 0x16
 926 0335 6C6F7700 		.ascii	"low\000"
 927 0339 01       		.byte	0x1
 928 033a 47       		.byte	0x47
 929 033b 81000000 		.4byte	0x81
 930 033f 82000000 		.4byte	.LLST4
 931 0343 11       		.uleb128 0x11
 932 0344 24010000 		.4byte	.LASF29
 933 0348 01       		.byte	0x1
 934 0349 47       		.byte	0x47
 935 034a 81000000 		.4byte	0x81
 936 034e DB000000 		.4byte	.LLST5
 937 0352 0E       		.uleb128 0xe
 938 0353 08000000 		.4byte	.LVL28
 939 0357 9E010000 		.4byte	0x19e
 940 035b 66030000 		.4byte	0x366
 941 035f 0F       		.uleb128 0xf
 942 0360 01       		.uleb128 0x1
 943 0361 50       		.byte	0x50
 944 0362 02       		.uleb128 0x2
 945 0363 08       		.byte	0x8
 946 0364 28       		.byte	0x28
 947 0365 00       		.byte	0
 948 0366 0E       		.uleb128 0xe
 949 0367 10000000 		.4byte	.LVL30
 950 036b 9E010000 		.4byte	0x19e
 951 036f 7A030000 		.4byte	0x37a
 952 0373 0F       		.uleb128 0xf
 953 0374 01       		.uleb128 0x1
 954 0375 50       		.byte	0x50
 955 0376 02       		.uleb128 0x2
 956 0377 08       		.byte	0x8
 957 0378 29       		.byte	0x29
 958 0379 00       		.byte	0
 959 037a 0E       		.uleb128 0xe
 960 037b 1C000000 		.4byte	.LVL32
 961 037f 9E010000 		.4byte	0x19e
 962 0383 8E030000 		.4byte	0x38e
 963 0387 0F       		.uleb128 0xf
 964 0388 01       		.uleb128 0x1
 965 0389 50       		.byte	0x50
 966 038a 02       		.uleb128 0x2
 967 038b 08       		.byte	0x8
ARM GAS  C:\Users\mgnocco\AppData\Local\Temp\cc0XtOQU.s 			page 22


 968 038c 2A       		.byte	0x2a
 969 038d 00       		.byte	0
 970 038e 0E       		.uleb128 0xe
 971 038f 24000000 		.4byte	.LVL34
 972 0393 9E010000 		.4byte	0x19e
 973 0397 A2030000 		.4byte	0x3a2
 974 039b 0F       		.uleb128 0xf
 975 039c 01       		.uleb128 0x1
 976 039d 50       		.byte	0x50
 977 039e 02       		.uleb128 0x2
 978 039f 08       		.byte	0x8
 979 03a0 2B       		.byte	0x2b
 980 03a1 00       		.byte	0
 981 03a2 0E       		.uleb128 0xe
 982 03a3 2E000000 		.4byte	.LVL36
 983 03a7 9E010000 		.4byte	0x19e
 984 03ab B6030000 		.4byte	0x3b6
 985 03af 0F       		.uleb128 0xf
 986 03b0 01       		.uleb128 0x1
 987 03b1 50       		.byte	0x50
 988 03b2 02       		.uleb128 0x2
 989 03b3 08       		.byte	0x8
 990 03b4 2C       		.byte	0x2c
 991 03b5 00       		.byte	0
 992 03b6 15       		.uleb128 0x15
 993 03b7 36000000 		.4byte	.LVL38
 994 03bb 9E010000 		.4byte	0x19e
 995 03bf 0F       		.uleb128 0xf
 996 03c0 01       		.uleb128 0x1
 997 03c1 50       		.byte	0x50
 998 03c2 02       		.uleb128 0x2
 999 03c3 08       		.byte	0x8
 1000 03c4 2D       		.byte	0x2d
 1001 03c5 00       		.byte	0
 1002 03c6 00       		.byte	0
 1003 03c7 13       		.uleb128 0x13
 1004 03c8 63020000 		.4byte	.LASF30
 1005 03cc 01       		.byte	0x1
 1006 03cd 61       		.byte	0x61
 1007 03ce 00000000 		.4byte	.LFB69
 1008 03d2 40000000 		.4byte	.LFE69-.LFB69
 1009 03d6 01       		.uleb128 0x1
 1010 03d7 9C       		.byte	0x9c
 1011 03d8 6F040000 		.4byte	0x46f
 1012 03dc 16       		.uleb128 0x16
 1013 03dd 6C6F7700 		.ascii	"low\000"
 1014 03e1 01       		.byte	0x1
 1015 03e2 62       		.byte	0x62
 1016 03e3 81000000 		.4byte	0x81
 1017 03e7 34010000 		.4byte	.LLST6
 1018 03eb 11       		.uleb128 0x11
 1019 03ec 24010000 		.4byte	.LASF29
 1020 03f0 01       		.byte	0x1
 1021 03f1 62       		.byte	0x62
 1022 03f2 81000000 		.4byte	0x81
 1023 03f6 8D010000 		.4byte	.LLST7
 1024 03fa 0E       		.uleb128 0xe
ARM GAS  C:\Users\mgnocco\AppData\Local\Temp\cc0XtOQU.s 			page 23


 1025 03fb 08000000 		.4byte	.LVL41
 1026 03ff 9E010000 		.4byte	0x19e
 1027 0403 0E040000 		.4byte	0x40e
 1028 0407 0F       		.uleb128 0xf
 1029 0408 01       		.uleb128 0x1
 1030 0409 50       		.byte	0x50
 1031 040a 02       		.uleb128 0x2
 1032 040b 08       		.byte	0x8
 1033 040c 22       		.byte	0x22
 1034 040d 00       		.byte	0
 1035 040e 0E       		.uleb128 0xe
 1036 040f 10000000 		.4byte	.LVL43
 1037 0413 9E010000 		.4byte	0x19e
 1038 0417 22040000 		.4byte	0x422
 1039 041b 0F       		.uleb128 0xf
 1040 041c 01       		.uleb128 0x1
 1041 041d 50       		.byte	0x50
 1042 041e 02       		.uleb128 0x2
 1043 041f 08       		.byte	0x8
 1044 0420 23       		.byte	0x23
 1045 0421 00       		.byte	0
 1046 0422 0E       		.uleb128 0xe
 1047 0423 1C000000 		.4byte	.LVL45
 1048 0427 9E010000 		.4byte	0x19e
 1049 042b 36040000 		.4byte	0x436
 1050 042f 0F       		.uleb128 0xf
 1051 0430 01       		.uleb128 0x1
 1052 0431 50       		.byte	0x50
 1053 0432 02       		.uleb128 0x2
 1054 0433 08       		.byte	0x8
 1055 0434 24       		.byte	0x24
 1056 0435 00       		.byte	0
 1057 0436 0E       		.uleb128 0xe
 1058 0437 24000000 		.4byte	.LVL47
 1059 043b 9E010000 		.4byte	0x19e
 1060 043f 4A040000 		.4byte	0x44a
 1061 0443 0F       		.uleb128 0xf
 1062 0444 01       		.uleb128 0x1
 1063 0445 50       		.byte	0x50
 1064 0446 02       		.uleb128 0x2
 1065 0447 08       		.byte	0x8
 1066 0448 25       		.byte	0x25
 1067 0449 00       		.byte	0
 1068 044a 0E       		.uleb128 0xe
 1069 044b 2E000000 		.4byte	.LVL49
 1070 044f 9E010000 		.4byte	0x19e
 1071 0453 5E040000 		.4byte	0x45e
 1072 0457 0F       		.uleb128 0xf
 1073 0458 01       		.uleb128 0x1
 1074 0459 50       		.byte	0x50
 1075 045a 02       		.uleb128 0x2
 1076 045b 08       		.byte	0x8
 1077 045c 26       		.byte	0x26
 1078 045d 00       		.byte	0
 1079 045e 15       		.uleb128 0x15
 1080 045f 36000000 		.4byte	.LVL51
 1081 0463 9E010000 		.4byte	0x19e
ARM GAS  C:\Users\mgnocco\AppData\Local\Temp\cc0XtOQU.s 			page 24


 1082 0467 0F       		.uleb128 0xf
 1083 0468 01       		.uleb128 0x1
 1084 0469 50       		.byte	0x50
 1085 046a 02       		.uleb128 0x2
 1086 046b 08       		.byte	0x8
 1087 046c 27       		.byte	0x27
 1088 046d 00       		.byte	0
 1089 046e 00       		.byte	0
 1090 046f 13       		.uleb128 0x13
 1091 0470 B9000000 		.4byte	.LASF31
 1092 0474 01       		.byte	0x1
 1093 0475 7B       		.byte	0x7b
 1094 0476 00000000 		.4byte	.LFB70
 1095 047a 1C000000 		.4byte	.LFE70-.LFB70
 1096 047e 01       		.uleb128 0x1
 1097 047f 9C       		.byte	0x9c
 1098 0480 C7040000 		.4byte	0x4c7
 1099 0484 16       		.uleb128 0x16
 1100 0485 6C6F7700 		.ascii	"low\000"
 1101 0489 01       		.byte	0x1
 1102 048a 7D       		.byte	0x7d
 1103 048b 81000000 		.4byte	0x81
 1104 048f E6010000 		.4byte	.LLST8
 1105 0493 11       		.uleb128 0x11
 1106 0494 24010000 		.4byte	.LASF29
 1107 0498 01       		.byte	0x1
 1108 0499 7D       		.byte	0x7d
 1109 049a 81000000 		.4byte	0x81
 1110 049e 11020000 		.4byte	.LLST9
 1111 04a2 0E       		.uleb128 0xe
 1112 04a3 08000000 		.4byte	.LVL54
 1113 04a7 9E010000 		.4byte	0x19e
 1114 04ab B6040000 		.4byte	0x4b6
 1115 04af 0F       		.uleb128 0xf
 1116 04b0 01       		.uleb128 0x1
 1117 04b1 50       		.byte	0x50
 1118 04b2 02       		.uleb128 0x2
 1119 04b3 08       		.byte	0x8
 1120 04b4 20       		.byte	0x20
 1121 04b5 00       		.byte	0
 1122 04b6 15       		.uleb128 0x15
 1123 04b7 10000000 		.4byte	.LVL56
 1124 04bb 9E010000 		.4byte	0x19e
 1125 04bf 0F       		.uleb128 0xf
 1126 04c0 01       		.uleb128 0x1
 1127 04c1 50       		.byte	0x50
 1128 04c2 02       		.uleb128 0x2
 1129 04c3 08       		.byte	0x8
 1130 04c4 21       		.byte	0x21
 1131 04c5 00       		.byte	0
 1132 04c6 00       		.byte	0
 1133 04c7 13       		.uleb128 0x13
 1134 04c8 C2000000 		.4byte	.LASF32
 1135 04cc 01       		.byte	0x1
 1136 04cd 89       		.byte	0x89
 1137 04ce 00000000 		.4byte	.LFB71
 1138 04d2 8C000000 		.4byte	.LFE71-.LFB71
ARM GAS  C:\Users\mgnocco\AppData\Local\Temp\cc0XtOQU.s 			page 25


 1139 04d6 01       		.uleb128 0x1
 1140 04d7 9C       		.byte	0x9c
 1141 04d8 66050000 		.4byte	0x566
 1142 04dc 16       		.uleb128 0x16
 1143 04dd 746D7000 		.ascii	"tmp\000"
 1144 04e1 01       		.byte	0x1
 1145 04e2 8A       		.byte	0x8a
 1146 04e3 8D000000 		.4byte	0x8d
 1147 04e7 3C020000 		.4byte	.LLST10
 1148 04eb 16       		.uleb128 0x16
 1149 04ec 6A00     		.ascii	"j\000"
 1150 04ee 01       		.byte	0x1
 1151 04ef 8A       		.byte	0x8a
 1152 04f0 8D000000 		.4byte	0x8d
 1153 04f4 80020000 		.4byte	.LLST11
 1154 04f8 17       		.uleb128 0x17
 1155 04f9 2F010000 		.4byte	.LASF33
 1156 04fd 01       		.byte	0x1
 1157 04fe 8B       		.byte	0x8b
 1158 04ff 68000000 		.4byte	0x68
 1159 0503 0D       		.byte	0xd
 1160 0504 18       		.uleb128 0x18
 1161 0505 6B00     		.ascii	"k\000"
 1162 0507 01       		.byte	0x1
 1163 0508 8D       		.byte	0x8d
 1164 0509 81000000 		.4byte	0x81
 1165 050d 00       		.byte	0
 1166 050e 19       		.uleb128 0x19
 1167 050f 40030000 		.4byte	.LASF34
 1168 0513 01       		.byte	0x1
 1169 0514 8E       		.byte	0x8e
 1170 0515 99000000 		.4byte	0x99
 1171 0519 02       		.uleb128 0x2
 1172 051a 91       		.byte	0x91
 1173 051b 76       		.sleb128 -10
 1174 051c 14       		.uleb128 0x14
 1175 051d 0C000000 		.4byte	.LASF36
 1176 0521 01       		.byte	0x1
 1177 0522 8F       		.byte	0x8f
 1178 0523 A5000000 		.4byte	0xa5
 1179 0527 14       		.uleb128 0x14
 1180 0528 4A030000 		.4byte	.LASF37
 1181 052c 01       		.byte	0x1
 1182 052d 92       		.byte	0x92
 1183 052e 66050000 		.4byte	0x566
 1184 0532 11       		.uleb128 0x11
 1185 0533 09020000 		.4byte	.LASF38
 1186 0537 01       		.byte	0x1
 1187 0538 93       		.byte	0x93
 1188 0539 81000000 		.4byte	0x81
 1189 053d C0020000 		.4byte	.LLST12
 1190 0541 0D       		.uleb128 0xd
 1191 0542 08000000 		.4byte	.LVL59
 1192 0546 1F030000 		.4byte	0x31f
 1193 054a 0D       		.uleb128 0xd
 1194 054b 0C000000 		.4byte	.LVL60
 1195 054f C7030000 		.4byte	0x3c7
ARM GAS  C:\Users\mgnocco\AppData\Local\Temp\cc0XtOQU.s 			page 26


 1196 0553 0D       		.uleb128 0xd
 1197 0554 10000000 		.4byte	.LVL61
 1198 0558 6F040000 		.4byte	0x46f
 1199 055c 0D       		.uleb128 0xd
 1200 055d 74000000 		.4byte	.LVL74
 1201 0561 4B060000 		.4byte	0x64b
 1202 0565 00       		.byte	0
 1203 0566 08       		.uleb128 0x8
 1204 0567 81000000 		.4byte	0x81
 1205 056b 77050000 		.4byte	0x577
 1206 056f 1A       		.uleb128 0x1a
 1207 0570 C1000000 		.4byte	0xc1
 1208 0574 5D01     		.2byte	0x15d
 1209 0576 00       		.byte	0
 1210 0577 1B       		.uleb128 0x1b
 1211 0578 81020000 		.4byte	.LASF39
 1212 057c 06       		.byte	0x6
 1213 057d 1207     		.2byte	0x712
 1214 057f 83050000 		.4byte	0x583
 1215 0583 1C       		.uleb128 0x1c
 1216 0584 76000000 		.4byte	0x76
 1217 0588 1D       		.uleb128 0x1d
 1218 0589 CA000000 		.4byte	.LASF40
 1219 058d 05       		.byte	0x5
 1220 058e 19       		.byte	0x19
 1221 058f C8000000 		.4byte	0xc8
 1222 0593 05       		.uleb128 0x5
 1223 0594 03       		.byte	0x3
 1224 0595 00000000 		.4byte	g_imu
 1225 0599 1D       		.uleb128 0x1d
 1226 059a 6C020000 		.4byte	.LASF41
 1227 059e 05       		.byte	0x5
 1228 059f 19       		.byte	0x19
 1229 05a0 C8000000 		.4byte	0xc8
 1230 05a4 05       		.uleb128 0x5
 1231 05a5 03       		.byte	0x3
 1232 05a6 00000000 		.4byte	g_imuNew
 1233 05aa 08       		.uleb128 0x8
 1234 05ab 81000000 		.4byte	0x81
 1235 05af BA050000 		.4byte	0x5ba
 1236 05b3 09       		.uleb128 0x9
 1237 05b4 C1000000 		.4byte	0xc1
 1238 05b8 05       		.byte	0x5
 1239 05b9 00       		.byte	0
 1240 05ba 1D       		.uleb128 0x1d
 1241 05bb 29010000 		.4byte	.LASF42
 1242 05bf 05       		.byte	0x5
 1243 05c0 1A       		.byte	0x1a
 1244 05c1 AA050000 		.4byte	0x5aa
 1245 05c5 05       		.uleb128 0x5
 1246 05c6 03       		.byte	0x3
 1247 05c7 00000000 		.4byte	Accel
 1248 05cb 1D       		.uleb128 0x1d
 1249 05cc 24030000 		.4byte	.LASF43
 1250 05d0 05       		.byte	0x5
 1251 05d1 1B       		.byte	0x1b
 1252 05d2 AA050000 		.4byte	0x5aa
ARM GAS  C:\Users\mgnocco\AppData\Local\Temp\cc0XtOQU.s 			page 27


 1253 05d6 05       		.uleb128 0x5
 1254 05d7 03       		.byte	0x3
 1255 05d8 00000000 		.4byte	Gyro
 1256 05dc 08       		.uleb128 0x8
 1257 05dd 81000000 		.4byte	0x81
 1258 05e1 EC050000 		.4byte	0x5ec
 1259 05e5 09       		.uleb128 0x9
 1260 05e6 C1000000 		.4byte	0xc1
 1261 05ea 01       		.byte	0x1
 1262 05eb 00       		.byte	0
 1263 05ec 1D       		.uleb128 0x1d
 1264 05ed EB000000 		.4byte	.LASF44
 1265 05f1 05       		.byte	0x5
 1266 05f2 1C       		.byte	0x1c
 1267 05f3 DC050000 		.4byte	0x5dc
 1268 05f7 05       		.uleb128 0x5
 1269 05f8 03       		.byte	0x3
 1270 05f9 00000000 		.4byte	Temp
 1271 05fd 1E       		.uleb128 0x1e
 1272 05fe 41000000 		.4byte	.LASF45
 1273 0602 41000000 		.4byte	.LASF45
 1274 0606 07       		.byte	0x7
 1275 0607 64       		.byte	0x64
 1276 0608 1E       		.uleb128 0x1e
 1277 0609 4D020000 		.4byte	.LASF46
 1278 060d 4D020000 		.4byte	.LASF46
 1279 0611 07       		.byte	0x7
 1280 0612 65       		.byte	0x65
 1281 0613 1E       		.uleb128 0x1e
 1282 0614 A7000000 		.4byte	.LASF47
 1283 0618 A7000000 		.4byte	.LASF47
 1284 061c 07       		.byte	0x7
 1285 061d 66       		.byte	0x66
 1286 061e 1E       		.uleb128 0x1e
 1287 061f DA010000 		.4byte	.LASF48
 1288 0623 DA010000 		.4byte	.LASF48
 1289 0627 07       		.byte	0x7
 1290 0628 5E       		.byte	0x5e
 1291 0629 1F       		.uleb128 0x1f
 1292 062a 30020000 		.4byte	.LASF49
 1293 062e 30020000 		.4byte	.LASF49
 1294 0632 07       		.byte	0x7
 1295 0633 4101     		.2byte	0x141
 1296 0635 1E       		.uleb128 0x1e
 1297 0636 8C010000 		.4byte	.LASF50
 1298 063a 8C010000 		.4byte	.LASF50
 1299 063e 07       		.byte	0x7
 1300 063f 60       		.byte	0x60
 1301 0640 1E       		.uleb128 0x1e
 1302 0641 1C030000 		.4byte	.LASF51
 1303 0645 1C030000 		.4byte	.LASF51
 1304 0649 08       		.byte	0x8
 1305 064a 76       		.byte	0x76
 1306 064b 1E       		.uleb128 0x1e
 1307 064c 56030000 		.4byte	.LASF52
 1308 0650 56030000 		.4byte	.LASF52
 1309 0654 09       		.byte	0x9
ARM GAS  C:\Users\mgnocco\AppData\Local\Temp\cc0XtOQU.s 			page 28


 1310 0655 8A       		.byte	0x8a
 1311 0656 00       		.byte	0
 1312              		.section	.debug_abbrev,"",%progbits
 1313              	.Ldebug_abbrev0:
 1314 0000 01       		.uleb128 0x1
 1315 0001 11       		.uleb128 0x11
 1316 0002 01       		.byte	0x1
 1317 0003 25       		.uleb128 0x25
 1318 0004 0E       		.uleb128 0xe
 1319 0005 13       		.uleb128 0x13
 1320 0006 0B       		.uleb128 0xb
 1321 0007 03       		.uleb128 0x3
 1322 0008 0E       		.uleb128 0xe
 1323 0009 1B       		.uleb128 0x1b
 1324 000a 0E       		.uleb128 0xe
 1325 000b 55       		.uleb128 0x55
 1326 000c 17       		.uleb128 0x17
 1327 000d 11       		.uleb128 0x11
 1328 000e 01       		.uleb128 0x1
 1329 000f 10       		.uleb128 0x10
 1330 0010 17       		.uleb128 0x17
 1331 0011 00       		.byte	0
 1332 0012 00       		.byte	0
 1333 0013 02       		.uleb128 0x2
 1334 0014 24       		.uleb128 0x24
 1335 0015 00       		.byte	0
 1336 0016 0B       		.uleb128 0xb
 1337 0017 0B       		.uleb128 0xb
 1338 0018 3E       		.uleb128 0x3e
 1339 0019 0B       		.uleb128 0xb
 1340 001a 03       		.uleb128 0x3
 1341 001b 0E       		.uleb128 0xe
 1342 001c 00       		.byte	0
 1343 001d 00       		.byte	0
 1344 001e 03       		.uleb128 0x3
 1345 001f 16       		.uleb128 0x16
 1346 0020 00       		.byte	0
 1347 0021 03       		.uleb128 0x3
 1348 0022 0E       		.uleb128 0xe
 1349 0023 3A       		.uleb128 0x3a
 1350 0024 0B       		.uleb128 0xb
 1351 0025 3B       		.uleb128 0x3b
 1352 0026 0B       		.uleb128 0xb
 1353 0027 49       		.uleb128 0x49
 1354 0028 13       		.uleb128 0x13
 1355 0029 00       		.byte	0
 1356 002a 00       		.byte	0
 1357 002b 04       		.uleb128 0x4
 1358 002c 24       		.uleb128 0x24
 1359 002d 00       		.byte	0
 1360 002e 0B       		.uleb128 0xb
 1361 002f 0B       		.uleb128 0xb
 1362 0030 3E       		.uleb128 0x3e
 1363 0031 0B       		.uleb128 0xb
 1364 0032 03       		.uleb128 0x3
 1365 0033 08       		.uleb128 0x8
 1366 0034 00       		.byte	0
ARM GAS  C:\Users\mgnocco\AppData\Local\Temp\cc0XtOQU.s 			page 29


 1367 0035 00       		.byte	0
 1368 0036 05       		.uleb128 0x5
 1369 0037 16       		.uleb128 0x16
 1370 0038 00       		.byte	0
 1371 0039 03       		.uleb128 0x3
 1372 003a 0E       		.uleb128 0xe
 1373 003b 3A       		.uleb128 0x3a
 1374 003c 0B       		.uleb128 0xb
 1375 003d 3B       		.uleb128 0x3b
 1376 003e 05       		.uleb128 0x5
 1377 003f 49       		.uleb128 0x49
 1378 0040 13       		.uleb128 0x13
 1379 0041 00       		.byte	0
 1380 0042 00       		.byte	0
 1381 0043 06       		.uleb128 0x6
 1382 0044 13       		.uleb128 0x13
 1383 0045 01       		.byte	0x1
 1384 0046 03       		.uleb128 0x3
 1385 0047 0E       		.uleb128 0xe
 1386 0048 0B       		.uleb128 0xb
 1387 0049 0B       		.uleb128 0xb
 1388 004a 3A       		.uleb128 0x3a
 1389 004b 0B       		.uleb128 0xb
 1390 004c 3B       		.uleb128 0x3b
 1391 004d 0B       		.uleb128 0xb
 1392 004e 01       		.uleb128 0x1
 1393 004f 13       		.uleb128 0x13
 1394 0050 00       		.byte	0
 1395 0051 00       		.byte	0
 1396 0052 07       		.uleb128 0x7
 1397 0053 0D       		.uleb128 0xd
 1398 0054 00       		.byte	0
 1399 0055 03       		.uleb128 0x3
 1400 0056 0E       		.uleb128 0xe
 1401 0057 3A       		.uleb128 0x3a
 1402 0058 0B       		.uleb128 0xb
 1403 0059 3B       		.uleb128 0x3b
 1404 005a 0B       		.uleb128 0xb
 1405 005b 49       		.uleb128 0x49
 1406 005c 13       		.uleb128 0x13
 1407 005d 38       		.uleb128 0x38
 1408 005e 0B       		.uleb128 0xb
 1409 005f 00       		.byte	0
 1410 0060 00       		.byte	0
 1411 0061 08       		.uleb128 0x8
 1412 0062 01       		.uleb128 0x1
 1413 0063 01       		.byte	0x1
 1414 0064 49       		.uleb128 0x49
 1415 0065 13       		.uleb128 0x13
 1416 0066 01       		.uleb128 0x1
 1417 0067 13       		.uleb128 0x13
 1418 0068 00       		.byte	0
 1419 0069 00       		.byte	0
 1420 006a 09       		.uleb128 0x9
 1421 006b 21       		.uleb128 0x21
 1422 006c 00       		.byte	0
 1423 006d 49       		.uleb128 0x49
ARM GAS  C:\Users\mgnocco\AppData\Local\Temp\cc0XtOQU.s 			page 30


 1424 006e 13       		.uleb128 0x13
 1425 006f 2F       		.uleb128 0x2f
 1426 0070 0B       		.uleb128 0xb
 1427 0071 00       		.byte	0
 1428 0072 00       		.byte	0
 1429 0073 0A       		.uleb128 0xa
 1430 0074 2E       		.uleb128 0x2e
 1431 0075 01       		.byte	0x1
 1432 0076 3F       		.uleb128 0x3f
 1433 0077 19       		.uleb128 0x19
 1434 0078 03       		.uleb128 0x3
 1435 0079 0E       		.uleb128 0xe
 1436 007a 3A       		.uleb128 0x3a
 1437 007b 0B       		.uleb128 0xb
 1438 007c 3B       		.uleb128 0x3b
 1439 007d 0B       		.uleb128 0xb
 1440 007e 27       		.uleb128 0x27
 1441 007f 19       		.uleb128 0x19
 1442 0080 11       		.uleb128 0x11
 1443 0081 01       		.uleb128 0x1
 1444 0082 12       		.uleb128 0x12
 1445 0083 06       		.uleb128 0x6
 1446 0084 40       		.uleb128 0x40
 1447 0085 18       		.uleb128 0x18
 1448 0086 9742     		.uleb128 0x2117
 1449 0088 19       		.uleb128 0x19
 1450 0089 01       		.uleb128 0x1
 1451 008a 13       		.uleb128 0x13
 1452 008b 00       		.byte	0
 1453 008c 00       		.byte	0
 1454 008d 0B       		.uleb128 0xb
 1455 008e 05       		.uleb128 0x5
 1456 008f 00       		.byte	0
 1457 0090 03       		.uleb128 0x3
 1458 0091 0E       		.uleb128 0xe
 1459 0092 3A       		.uleb128 0x3a
 1460 0093 0B       		.uleb128 0xb
 1461 0094 3B       		.uleb128 0x3b
 1462 0095 0B       		.uleb128 0xb
 1463 0096 49       		.uleb128 0x49
 1464 0097 13       		.uleb128 0x13
 1465 0098 02       		.uleb128 0x2
 1466 0099 17       		.uleb128 0x17
 1467 009a 00       		.byte	0
 1468 009b 00       		.byte	0
 1469 009c 0C       		.uleb128 0xc
 1470 009d 05       		.uleb128 0x5
 1471 009e 00       		.byte	0
 1472 009f 03       		.uleb128 0x3
 1473 00a0 08       		.uleb128 0x8
 1474 00a1 3A       		.uleb128 0x3a
 1475 00a2 0B       		.uleb128 0xb
 1476 00a3 3B       		.uleb128 0x3b
 1477 00a4 0B       		.uleb128 0xb
 1478 00a5 49       		.uleb128 0x49
 1479 00a6 13       		.uleb128 0x13
 1480 00a7 02       		.uleb128 0x2
ARM GAS  C:\Users\mgnocco\AppData\Local\Temp\cc0XtOQU.s 			page 31


 1481 00a8 17       		.uleb128 0x17
 1482 00a9 00       		.byte	0
 1483 00aa 00       		.byte	0
 1484 00ab 0D       		.uleb128 0xd
 1485 00ac 898201   		.uleb128 0x4109
 1486 00af 00       		.byte	0
 1487 00b0 11       		.uleb128 0x11
 1488 00b1 01       		.uleb128 0x1
 1489 00b2 31       		.uleb128 0x31
 1490 00b3 13       		.uleb128 0x13
 1491 00b4 00       		.byte	0
 1492 00b5 00       		.byte	0
 1493 00b6 0E       		.uleb128 0xe
 1494 00b7 898201   		.uleb128 0x4109
 1495 00ba 01       		.byte	0x1
 1496 00bb 11       		.uleb128 0x11
 1497 00bc 01       		.uleb128 0x1
 1498 00bd 31       		.uleb128 0x31
 1499 00be 13       		.uleb128 0x13
 1500 00bf 01       		.uleb128 0x1
 1501 00c0 13       		.uleb128 0x13
 1502 00c1 00       		.byte	0
 1503 00c2 00       		.byte	0
 1504 00c3 0F       		.uleb128 0xf
 1505 00c4 8A8201   		.uleb128 0x410a
 1506 00c7 00       		.byte	0
 1507 00c8 02       		.uleb128 0x2
 1508 00c9 18       		.uleb128 0x18
 1509 00ca 9142     		.uleb128 0x2111
 1510 00cc 18       		.uleb128 0x18
 1511 00cd 00       		.byte	0
 1512 00ce 00       		.byte	0
 1513 00cf 10       		.uleb128 0x10
 1514 00d0 2E       		.uleb128 0x2e
 1515 00d1 01       		.byte	0x1
 1516 00d2 3F       		.uleb128 0x3f
 1517 00d3 19       		.uleb128 0x19
 1518 00d4 03       		.uleb128 0x3
 1519 00d5 0E       		.uleb128 0xe
 1520 00d6 3A       		.uleb128 0x3a
 1521 00d7 0B       		.uleb128 0xb
 1522 00d8 3B       		.uleb128 0x3b
 1523 00d9 0B       		.uleb128 0xb
 1524 00da 27       		.uleb128 0x27
 1525 00db 19       		.uleb128 0x19
 1526 00dc 49       		.uleb128 0x49
 1527 00dd 13       		.uleb128 0x13
 1528 00de 11       		.uleb128 0x11
 1529 00df 01       		.uleb128 0x1
 1530 00e0 12       		.uleb128 0x12
 1531 00e1 06       		.uleb128 0x6
 1532 00e2 40       		.uleb128 0x40
 1533 00e3 18       		.uleb128 0x18
 1534 00e4 9742     		.uleb128 0x2117
 1535 00e6 19       		.uleb128 0x19
 1536 00e7 01       		.uleb128 0x1
 1537 00e8 13       		.uleb128 0x13
ARM GAS  C:\Users\mgnocco\AppData\Local\Temp\cc0XtOQU.s 			page 32


 1538 00e9 00       		.byte	0
 1539 00ea 00       		.byte	0
 1540 00eb 11       		.uleb128 0x11
 1541 00ec 34       		.uleb128 0x34
 1542 00ed 00       		.byte	0
 1543 00ee 03       		.uleb128 0x3
 1544 00ef 0E       		.uleb128 0xe
 1545 00f0 3A       		.uleb128 0x3a
 1546 00f1 0B       		.uleb128 0xb
 1547 00f2 3B       		.uleb128 0x3b
 1548 00f3 0B       		.uleb128 0xb
 1549 00f4 49       		.uleb128 0x49
 1550 00f5 13       		.uleb128 0x13
 1551 00f6 02       		.uleb128 0x2
 1552 00f7 17       		.uleb128 0x17
 1553 00f8 00       		.byte	0
 1554 00f9 00       		.byte	0
 1555 00fa 12       		.uleb128 0x12
 1556 00fb 05       		.uleb128 0x5
 1557 00fc 00       		.byte	0
 1558 00fd 03       		.uleb128 0x3
 1559 00fe 08       		.uleb128 0x8
 1560 00ff 3A       		.uleb128 0x3a
 1561 0100 0B       		.uleb128 0xb
 1562 0101 3B       		.uleb128 0x3b
 1563 0102 0B       		.uleb128 0xb
 1564 0103 49       		.uleb128 0x49
 1565 0104 13       		.uleb128 0x13
 1566 0105 02       		.uleb128 0x2
 1567 0106 18       		.uleb128 0x18
 1568 0107 00       		.byte	0
 1569 0108 00       		.byte	0
 1570 0109 13       		.uleb128 0x13
 1571 010a 2E       		.uleb128 0x2e
 1572 010b 01       		.byte	0x1
 1573 010c 3F       		.uleb128 0x3f
 1574 010d 19       		.uleb128 0x19
 1575 010e 03       		.uleb128 0x3
 1576 010f 0E       		.uleb128 0xe
 1577 0110 3A       		.uleb128 0x3a
 1578 0111 0B       		.uleb128 0xb
 1579 0112 3B       		.uleb128 0x3b
 1580 0113 0B       		.uleb128 0xb
 1581 0114 11       		.uleb128 0x11
 1582 0115 01       		.uleb128 0x1
 1583 0116 12       		.uleb128 0x12
 1584 0117 06       		.uleb128 0x6
 1585 0118 40       		.uleb128 0x40
 1586 0119 18       		.uleb128 0x18
 1587 011a 9742     		.uleb128 0x2117
 1588 011c 19       		.uleb128 0x19
 1589 011d 01       		.uleb128 0x1
 1590 011e 13       		.uleb128 0x13
 1591 011f 00       		.byte	0
 1592 0120 00       		.byte	0
 1593 0121 14       		.uleb128 0x14
 1594 0122 34       		.uleb128 0x34
ARM GAS  C:\Users\mgnocco\AppData\Local\Temp\cc0XtOQU.s 			page 33


 1595 0123 00       		.byte	0
 1596 0124 03       		.uleb128 0x3
 1597 0125 0E       		.uleb128 0xe
 1598 0126 3A       		.uleb128 0x3a
 1599 0127 0B       		.uleb128 0xb
 1600 0128 3B       		.uleb128 0x3b
 1601 0129 0B       		.uleb128 0xb
 1602 012a 49       		.uleb128 0x49
 1603 012b 13       		.uleb128 0x13
 1604 012c 00       		.byte	0
 1605 012d 00       		.byte	0
 1606 012e 15       		.uleb128 0x15
 1607 012f 898201   		.uleb128 0x4109
 1608 0132 01       		.byte	0x1
 1609 0133 11       		.uleb128 0x11
 1610 0134 01       		.uleb128 0x1
 1611 0135 31       		.uleb128 0x31
 1612 0136 13       		.uleb128 0x13
 1613 0137 00       		.byte	0
 1614 0138 00       		.byte	0
 1615 0139 16       		.uleb128 0x16
 1616 013a 34       		.uleb128 0x34
 1617 013b 00       		.byte	0
 1618 013c 03       		.uleb128 0x3
 1619 013d 08       		.uleb128 0x8
 1620 013e 3A       		.uleb128 0x3a
 1621 013f 0B       		.uleb128 0xb
 1622 0140 3B       		.uleb128 0x3b
 1623 0141 0B       		.uleb128 0xb
 1624 0142 49       		.uleb128 0x49
 1625 0143 13       		.uleb128 0x13
 1626 0144 02       		.uleb128 0x2
 1627 0145 17       		.uleb128 0x17
 1628 0146 00       		.byte	0
 1629 0147 00       		.byte	0
 1630 0148 17       		.uleb128 0x17
 1631 0149 34       		.uleb128 0x34
 1632 014a 00       		.byte	0
 1633 014b 03       		.uleb128 0x3
 1634 014c 0E       		.uleb128 0xe
 1635 014d 3A       		.uleb128 0x3a
 1636 014e 0B       		.uleb128 0xb
 1637 014f 3B       		.uleb128 0x3b
 1638 0150 0B       		.uleb128 0xb
 1639 0151 49       		.uleb128 0x49
 1640 0152 13       		.uleb128 0x13
 1641 0153 1C       		.uleb128 0x1c
 1642 0154 0B       		.uleb128 0xb
 1643 0155 00       		.byte	0
 1644 0156 00       		.byte	0
 1645 0157 18       		.uleb128 0x18
 1646 0158 34       		.uleb128 0x34
 1647 0159 00       		.byte	0
 1648 015a 03       		.uleb128 0x3
 1649 015b 08       		.uleb128 0x8
 1650 015c 3A       		.uleb128 0x3a
 1651 015d 0B       		.uleb128 0xb
ARM GAS  C:\Users\mgnocco\AppData\Local\Temp\cc0XtOQU.s 			page 34


 1652 015e 3B       		.uleb128 0x3b
 1653 015f 0B       		.uleb128 0xb
 1654 0160 49       		.uleb128 0x49
 1655 0161 13       		.uleb128 0x13
 1656 0162 1C       		.uleb128 0x1c
 1657 0163 0B       		.uleb128 0xb
 1658 0164 00       		.byte	0
 1659 0165 00       		.byte	0
 1660 0166 19       		.uleb128 0x19
 1661 0167 34       		.uleb128 0x34
 1662 0168 00       		.byte	0
 1663 0169 03       		.uleb128 0x3
 1664 016a 0E       		.uleb128 0xe
 1665 016b 3A       		.uleb128 0x3a
 1666 016c 0B       		.uleb128 0xb
 1667 016d 3B       		.uleb128 0x3b
 1668 016e 0B       		.uleb128 0xb
 1669 016f 49       		.uleb128 0x49
 1670 0170 13       		.uleb128 0x13
 1671 0171 02       		.uleb128 0x2
 1672 0172 18       		.uleb128 0x18
 1673 0173 00       		.byte	0
 1674 0174 00       		.byte	0
 1675 0175 1A       		.uleb128 0x1a
 1676 0176 21       		.uleb128 0x21
 1677 0177 00       		.byte	0
 1678 0178 49       		.uleb128 0x49
 1679 0179 13       		.uleb128 0x13
 1680 017a 2F       		.uleb128 0x2f
 1681 017b 05       		.uleb128 0x5
 1682 017c 00       		.byte	0
 1683 017d 00       		.byte	0
 1684 017e 1B       		.uleb128 0x1b
 1685 017f 34       		.uleb128 0x34
 1686 0180 00       		.byte	0
 1687 0181 03       		.uleb128 0x3
 1688 0182 0E       		.uleb128 0xe
 1689 0183 3A       		.uleb128 0x3a
 1690 0184 0B       		.uleb128 0xb
 1691 0185 3B       		.uleb128 0x3b
 1692 0186 05       		.uleb128 0x5
 1693 0187 49       		.uleb128 0x49
 1694 0188 13       		.uleb128 0x13
 1695 0189 3F       		.uleb128 0x3f
 1696 018a 19       		.uleb128 0x19
 1697 018b 3C       		.uleb128 0x3c
 1698 018c 19       		.uleb128 0x19
 1699 018d 00       		.byte	0
 1700 018e 00       		.byte	0
 1701 018f 1C       		.uleb128 0x1c
 1702 0190 35       		.uleb128 0x35
 1703 0191 00       		.byte	0
 1704 0192 49       		.uleb128 0x49
 1705 0193 13       		.uleb128 0x13
 1706 0194 00       		.byte	0
 1707 0195 00       		.byte	0
 1708 0196 1D       		.uleb128 0x1d
ARM GAS  C:\Users\mgnocco\AppData\Local\Temp\cc0XtOQU.s 			page 35


 1709 0197 34       		.uleb128 0x34
 1710 0198 00       		.byte	0
 1711 0199 03       		.uleb128 0x3
 1712 019a 0E       		.uleb128 0xe
 1713 019b 3A       		.uleb128 0x3a
 1714 019c 0B       		.uleb128 0xb
 1715 019d 3B       		.uleb128 0x3b
 1716 019e 0B       		.uleb128 0xb
 1717 019f 49       		.uleb128 0x49
 1718 01a0 13       		.uleb128 0x13
 1719 01a1 3F       		.uleb128 0x3f
 1720 01a2 19       		.uleb128 0x19
 1721 01a3 02       		.uleb128 0x2
 1722 01a4 18       		.uleb128 0x18
 1723 01a5 00       		.byte	0
 1724 01a6 00       		.byte	0
 1725 01a7 1E       		.uleb128 0x1e
 1726 01a8 2E       		.uleb128 0x2e
 1727 01a9 00       		.byte	0
 1728 01aa 3F       		.uleb128 0x3f
 1729 01ab 19       		.uleb128 0x19
 1730 01ac 3C       		.uleb128 0x3c
 1731 01ad 19       		.uleb128 0x19
 1732 01ae 6E       		.uleb128 0x6e
 1733 01af 0E       		.uleb128 0xe
 1734 01b0 03       		.uleb128 0x3
 1735 01b1 0E       		.uleb128 0xe
 1736 01b2 3A       		.uleb128 0x3a
 1737 01b3 0B       		.uleb128 0xb
 1738 01b4 3B       		.uleb128 0x3b
 1739 01b5 0B       		.uleb128 0xb
 1740 01b6 00       		.byte	0
 1741 01b7 00       		.byte	0
 1742 01b8 1F       		.uleb128 0x1f
 1743 01b9 2E       		.uleb128 0x2e
 1744 01ba 00       		.byte	0
 1745 01bb 3F       		.uleb128 0x3f
 1746 01bc 19       		.uleb128 0x19
 1747 01bd 3C       		.uleb128 0x3c
 1748 01be 19       		.uleb128 0x19
 1749 01bf 6E       		.uleb128 0x6e
 1750 01c0 0E       		.uleb128 0xe
 1751 01c1 03       		.uleb128 0x3
 1752 01c2 0E       		.uleb128 0xe
 1753 01c3 3A       		.uleb128 0x3a
 1754 01c4 0B       		.uleb128 0xb
 1755 01c5 3B       		.uleb128 0x3b
 1756 01c6 05       		.uleb128 0x5
 1757 01c7 00       		.byte	0
 1758 01c8 00       		.byte	0
 1759 01c9 00       		.byte	0
 1760              		.section	.debug_loc,"",%progbits
 1761              	.Ldebug_loc0:
 1762              	.LLST0:
 1763 0000 00000000 		.4byte	.LVL0
 1764 0004 09000000 		.4byte	.LVL1-1
 1765 0008 0100     		.2byte	0x1
ARM GAS  C:\Users\mgnocco\AppData\Local\Temp\cc0XtOQU.s 			page 36


 1766 000a 50       		.byte	0x50
 1767 000b 09000000 		.4byte	.LVL1-1
 1768 000f 34000000 		.4byte	.LFE64
 1769 0013 0400     		.2byte	0x4
 1770 0015 F3       		.byte	0xf3
 1771 0016 01       		.uleb128 0x1
 1772 0017 50       		.byte	0x50
 1773 0018 9F       		.byte	0x9f
 1774 0019 00000000 		.4byte	0
 1775 001d 00000000 		.4byte	0
 1776              	.LLST1:
 1777 0021 00000000 		.4byte	.LVL0
 1778 0025 09000000 		.4byte	.LVL1-1
 1779 0029 0100     		.2byte	0x1
 1780 002b 51       		.byte	0x51
 1781 002c 09000000 		.4byte	.LVL1-1
 1782 0030 34000000 		.4byte	.LFE64
 1783 0034 0400     		.2byte	0x4
 1784 0036 F3       		.byte	0xf3
 1785 0037 01       		.uleb128 0x1
 1786 0038 51       		.byte	0x51
 1787 0039 9F       		.byte	0x9f
 1788 003a 00000000 		.4byte	0
 1789 003e 00000000 		.4byte	0
 1790              	.LLST2:
 1791 0042 00000000 		.4byte	.LVL8
 1792 0046 06000000 		.4byte	.LVL10
 1793 004a 0100     		.2byte	0x1
 1794 004c 50       		.byte	0x50
 1795 004d 06000000 		.4byte	.LVL10
 1796 0051 2A000000 		.4byte	.LFE65
 1797 0055 0400     		.2byte	0x4
 1798 0057 F3       		.byte	0xf3
 1799 0058 01       		.uleb128 0x1
 1800 0059 50       		.byte	0x50
 1801 005a 9F       		.byte	0x9f
 1802 005b 00000000 		.4byte	0
 1803 005f 00000000 		.4byte	0
 1804              	.LLST3:
 1805 0063 02000000 		.4byte	.LVL9
 1806 0067 28000000 		.4byte	.LVL15
 1807 006b 0200     		.2byte	0x2
 1808 006d 30       		.byte	0x30
 1809 006e 9F       		.byte	0x9f
 1810 006f 28000000 		.4byte	.LVL15
 1811 0073 2A000000 		.4byte	.LFE65
 1812 0077 0100     		.2byte	0x1
 1813 0079 50       		.byte	0x50
 1814 007a 00000000 		.4byte	0
 1815 007e 00000000 		.4byte	0
 1816              	.LLST4:
 1817 0082 02000000 		.4byte	.LVL27
 1818 0086 0A000000 		.4byte	.LVL29
 1819 008a 0200     		.2byte	0x2
 1820 008c 30       		.byte	0x30
 1821 008d 9F       		.byte	0x9f
 1822 008e 0A000000 		.4byte	.LVL29
ARM GAS  C:\Users\mgnocco\AppData\Local\Temp\cc0XtOQU.s 			page 37


 1823 0092 16000000 		.4byte	.LVL31
 1824 0096 0100     		.2byte	0x1
 1825 0098 55       		.byte	0x55
 1826 0099 16000000 		.4byte	.LVL31
 1827 009d 1E000000 		.4byte	.LVL33
 1828 00a1 0200     		.2byte	0x2
 1829 00a3 30       		.byte	0x30
 1830 00a4 9F       		.byte	0x9f
 1831 00a5 1E000000 		.4byte	.LVL33
 1832 00a9 28000000 		.4byte	.LVL35
 1833 00ad 0100     		.2byte	0x1
 1834 00af 55       		.byte	0x55
 1835 00b0 28000000 		.4byte	.LVL35
 1836 00b4 30000000 		.4byte	.LVL37
 1837 00b8 0200     		.2byte	0x2
 1838 00ba 30       		.byte	0x30
 1839 00bb 9F       		.byte	0x9f
 1840 00bc 30000000 		.4byte	.LVL37
 1841 00c0 3A000000 		.4byte	.LVL39
 1842 00c4 0100     		.2byte	0x1
 1843 00c6 55       		.byte	0x55
 1844 00c7 3A000000 		.4byte	.LVL39
 1845 00cb 40000000 		.4byte	.LFE68
 1846 00cf 0200     		.2byte	0x2
 1847 00d1 30       		.byte	0x30
 1848 00d2 9F       		.byte	0x9f
 1849 00d3 00000000 		.4byte	0
 1850 00d7 00000000 		.4byte	0
 1851              	.LLST5:
 1852 00db 02000000 		.4byte	.LVL27
 1853 00df 10000000 		.4byte	.LVL30
 1854 00e3 0200     		.2byte	0x2
 1855 00e5 30       		.byte	0x30
 1856 00e6 9F       		.byte	0x9f
 1857 00e7 10000000 		.4byte	.LVL30
 1858 00eb 16000000 		.4byte	.LVL31
 1859 00ef 0100     		.2byte	0x1
 1860 00f1 50       		.byte	0x50
 1861 00f2 16000000 		.4byte	.LVL31
 1862 00f6 24000000 		.4byte	.LVL34
 1863 00fa 0200     		.2byte	0x2
 1864 00fc 30       		.byte	0x30
 1865 00fd 9F       		.byte	0x9f
 1866 00fe 24000000 		.4byte	.LVL34
 1867 0102 28000000 		.4byte	.LVL35
 1868 0106 0100     		.2byte	0x1
 1869 0108 50       		.byte	0x50
 1870 0109 28000000 		.4byte	.LVL35
 1871 010d 36000000 		.4byte	.LVL38
 1872 0111 0200     		.2byte	0x2
 1873 0113 30       		.byte	0x30
 1874 0114 9F       		.byte	0x9f
 1875 0115 36000000 		.4byte	.LVL38
 1876 0119 3A000000 		.4byte	.LVL39
 1877 011d 0100     		.2byte	0x1
 1878 011f 50       		.byte	0x50
 1879 0120 3A000000 		.4byte	.LVL39
ARM GAS  C:\Users\mgnocco\AppData\Local\Temp\cc0XtOQU.s 			page 38


 1880 0124 40000000 		.4byte	.LFE68
 1881 0128 0200     		.2byte	0x2
 1882 012a 30       		.byte	0x30
 1883 012b 9F       		.byte	0x9f
 1884 012c 00000000 		.4byte	0
 1885 0130 00000000 		.4byte	0
 1886              	.LLST6:
 1887 0134 02000000 		.4byte	.LVL40
 1888 0138 0A000000 		.4byte	.LVL42
 1889 013c 0200     		.2byte	0x2
 1890 013e 30       		.byte	0x30
 1891 013f 9F       		.byte	0x9f
 1892 0140 0A000000 		.4byte	.LVL42
 1893 0144 16000000 		.4byte	.LVL44
 1894 0148 0100     		.2byte	0x1
 1895 014a 55       		.byte	0x55
 1896 014b 16000000 		.4byte	.LVL44
 1897 014f 1E000000 		.4byte	.LVL46
 1898 0153 0200     		.2byte	0x2
 1899 0155 30       		.byte	0x30
 1900 0156 9F       		.byte	0x9f
 1901 0157 1E000000 		.4byte	.LVL46
 1902 015b 28000000 		.4byte	.LVL48
 1903 015f 0100     		.2byte	0x1
 1904 0161 55       		.byte	0x55
 1905 0162 28000000 		.4byte	.LVL48
 1906 0166 30000000 		.4byte	.LVL50
 1907 016a 0200     		.2byte	0x2
 1908 016c 30       		.byte	0x30
 1909 016d 9F       		.byte	0x9f
 1910 016e 30000000 		.4byte	.LVL50
 1911 0172 3A000000 		.4byte	.LVL52
 1912 0176 0100     		.2byte	0x1
 1913 0178 55       		.byte	0x55
 1914 0179 3A000000 		.4byte	.LVL52
 1915 017d 40000000 		.4byte	.LFE69
 1916 0181 0200     		.2byte	0x2
 1917 0183 30       		.byte	0x30
 1918 0184 9F       		.byte	0x9f
 1919 0185 00000000 		.4byte	0
 1920 0189 00000000 		.4byte	0
 1921              	.LLST7:
 1922 018d 02000000 		.4byte	.LVL40
 1923 0191 10000000 		.4byte	.LVL43
 1924 0195 0200     		.2byte	0x2
 1925 0197 30       		.byte	0x30
 1926 0198 9F       		.byte	0x9f
 1927 0199 10000000 		.4byte	.LVL43
 1928 019d 16000000 		.4byte	.LVL44
 1929 01a1 0100     		.2byte	0x1
 1930 01a3 50       		.byte	0x50
 1931 01a4 16000000 		.4byte	.LVL44
 1932 01a8 24000000 		.4byte	.LVL47
 1933 01ac 0200     		.2byte	0x2
 1934 01ae 30       		.byte	0x30
 1935 01af 9F       		.byte	0x9f
 1936 01b0 24000000 		.4byte	.LVL47
ARM GAS  C:\Users\mgnocco\AppData\Local\Temp\cc0XtOQU.s 			page 39


 1937 01b4 28000000 		.4byte	.LVL48
 1938 01b8 0100     		.2byte	0x1
 1939 01ba 50       		.byte	0x50
 1940 01bb 28000000 		.4byte	.LVL48
 1941 01bf 36000000 		.4byte	.LVL51
 1942 01c3 0200     		.2byte	0x2
 1943 01c5 30       		.byte	0x30
 1944 01c6 9F       		.byte	0x9f
 1945 01c7 36000000 		.4byte	.LVL51
 1946 01cb 3A000000 		.4byte	.LVL52
 1947 01cf 0100     		.2byte	0x1
 1948 01d1 50       		.byte	0x50
 1949 01d2 3A000000 		.4byte	.LVL52
 1950 01d6 40000000 		.4byte	.LFE69
 1951 01da 0200     		.2byte	0x2
 1952 01dc 30       		.byte	0x30
 1953 01dd 9F       		.byte	0x9f
 1954 01de 00000000 		.4byte	0
 1955 01e2 00000000 		.4byte	0
 1956              	.LLST8:
 1957 01e6 02000000 		.4byte	.LVL53
 1958 01ea 0A000000 		.4byte	.LVL55
 1959 01ee 0200     		.2byte	0x2
 1960 01f0 30       		.byte	0x30
 1961 01f1 9F       		.byte	0x9f
 1962 01f2 0A000000 		.4byte	.LVL55
 1963 01f6 16000000 		.4byte	.LVL57
 1964 01fa 0100     		.2byte	0x1
 1965 01fc 54       		.byte	0x54
 1966 01fd 16000000 		.4byte	.LVL57
 1967 0201 1C000000 		.4byte	.LFE70
 1968 0205 0200     		.2byte	0x2
 1969 0207 30       		.byte	0x30
 1970 0208 9F       		.byte	0x9f
 1971 0209 00000000 		.4byte	0
 1972 020d 00000000 		.4byte	0
 1973              	.LLST9:
 1974 0211 02000000 		.4byte	.LVL53
 1975 0215 10000000 		.4byte	.LVL56
 1976 0219 0200     		.2byte	0x2
 1977 021b 30       		.byte	0x30
 1978 021c 9F       		.byte	0x9f
 1979 021d 10000000 		.4byte	.LVL56
 1980 0221 16000000 		.4byte	.LVL57
 1981 0225 0100     		.2byte	0x1
 1982 0227 50       		.byte	0x50
 1983 0228 16000000 		.4byte	.LVL57
 1984 022c 1C000000 		.4byte	.LFE70
 1985 0230 0200     		.2byte	0x2
 1986 0232 30       		.byte	0x30
 1987 0233 9F       		.byte	0x9f
 1988 0234 00000000 		.4byte	0
 1989 0238 00000000 		.4byte	0
 1990              	.LLST10:
 1991 023c 04000000 		.4byte	.LVL58
 1992 0240 14000000 		.4byte	.LVL62
 1993 0244 0200     		.2byte	0x2
ARM GAS  C:\Users\mgnocco\AppData\Local\Temp\cc0XtOQU.s 			page 40


 1994 0246 30       		.byte	0x30
 1995 0247 9F       		.byte	0x9f
 1996 0248 1C000000 		.4byte	.LVL63
 1997 024c 2E000000 		.4byte	.LVL65
 1998 0250 0600     		.2byte	0x6
 1999 0252 74       		.byte	0x74
 2000 0253 00       		.sleb128 0
 2001 0254 08       		.byte	0x8
 2002 0255 FF       		.byte	0xff
 2003 0256 1A       		.byte	0x1a
 2004 0257 9F       		.byte	0x9f
 2005 0258 3E000000 		.4byte	.LVL68
 2006 025c 52000000 		.4byte	.LVL70
 2007 0260 0600     		.2byte	0x6
 2008 0262 74       		.byte	0x74
 2009 0263 00       		.sleb128 0
 2010 0264 08       		.byte	0x8
 2011 0265 FF       		.byte	0xff
 2012 0266 1A       		.byte	0x1a
 2013 0267 9F       		.byte	0x9f
 2014 0268 5A000000 		.4byte	.LVL71
 2015 026c 73000000 		.4byte	.LVL74-1
 2016 0270 0600     		.2byte	0x6
 2017 0272 71       		.byte	0x71
 2018 0273 00       		.sleb128 0
 2019 0274 08       		.byte	0x8
 2020 0275 FF       		.byte	0xff
 2021 0276 1A       		.byte	0x1a
 2022 0277 9F       		.byte	0x9f
 2023 0278 00000000 		.4byte	0
 2024 027c 00000000 		.4byte	0
 2025              	.LLST11:
 2026 0280 04000000 		.4byte	.LVL58
 2027 0284 14000000 		.4byte	.LVL62
 2028 0288 0200     		.2byte	0x2
 2029 028a 30       		.byte	0x30
 2030 028b 9F       		.byte	0x9f
 2031 028c 14000000 		.4byte	.LVL62
 2032 0290 2C000000 		.4byte	.LVL64
 2033 0294 0100     		.2byte	0x1
 2034 0296 53       		.byte	0x53
 2035 0297 2E000000 		.4byte	.LVL65
 2036 029b 34000000 		.4byte	.LVL66
 2037 029f 0100     		.2byte	0x1
 2038 02a1 53       		.byte	0x53
 2039 02a2 36000000 		.4byte	.LVL67
 2040 02a6 50000000 		.4byte	.LVL69
 2041 02aa 0100     		.2byte	0x1
 2042 02ac 53       		.byte	0x53
 2043 02ad 52000000 		.4byte	.LVL70
 2044 02b1 5C000000 		.4byte	.LVL72
 2045 02b5 0100     		.2byte	0x1
 2046 02b7 53       		.byte	0x53
 2047 02b8 00000000 		.4byte	0
 2048 02bc 00000000 		.4byte	0
 2049              	.LLST12:
 2050 02c0 6E000000 		.4byte	.LVL73
ARM GAS  C:\Users\mgnocco\AppData\Local\Temp\cc0XtOQU.s 			page 41


 2051 02c4 73000000 		.4byte	.LVL74-1
 2052 02c8 0100     		.2byte	0x1
 2053 02ca 50       		.byte	0x50
 2054 02cb 00000000 		.4byte	0
 2055 02cf 00000000 		.4byte	0
 2056              		.section	.debug_aranges,"",%progbits
 2057 0000 54000000 		.4byte	0x54
 2058 0004 0200     		.2byte	0x2
 2059 0006 00000000 		.4byte	.Ldebug_info0
 2060 000a 04       		.byte	0x4
 2061 000b 00       		.byte	0
 2062 000c 0000     		.2byte	0
 2063 000e 0000     		.2byte	0
 2064 0010 00000000 		.4byte	.LFB64
 2065 0014 34000000 		.4byte	.LFE64-.LFB64
 2066 0018 00000000 		.4byte	.LFB65
 2067 001c 2A000000 		.4byte	.LFE65-.LFB65
 2068 0020 00000000 		.4byte	.LFB66
 2069 0024 02000000 		.4byte	.LFE66-.LFB66
 2070 0028 00000000 		.4byte	.LFB67
 2071 002c 48000000 		.4byte	.LFE67-.LFB67
 2072 0030 00000000 		.4byte	.LFB68
 2073 0034 40000000 		.4byte	.LFE68-.LFB68
 2074 0038 00000000 		.4byte	.LFB69
 2075 003c 40000000 		.4byte	.LFE69-.LFB69
 2076 0040 00000000 		.4byte	.LFB70
 2077 0044 1C000000 		.4byte	.LFE70-.LFB70
 2078 0048 00000000 		.4byte	.LFB71
 2079 004c 8C000000 		.4byte	.LFE71-.LFB71
 2080 0050 00000000 		.4byte	0
 2081 0054 00000000 		.4byte	0
 2082              		.section	.debug_ranges,"",%progbits
 2083              	.Ldebug_ranges0:
 2084 0000 00000000 		.4byte	.LFB64
 2085 0004 34000000 		.4byte	.LFE64
 2086 0008 00000000 		.4byte	.LFB65
 2087 000c 2A000000 		.4byte	.LFE65
 2088 0010 00000000 		.4byte	.LFB66
 2089 0014 02000000 		.4byte	.LFE66
 2090 0018 00000000 		.4byte	.LFB67
 2091 001c 48000000 		.4byte	.LFE67
 2092 0020 00000000 		.4byte	.LFB68
 2093 0024 40000000 		.4byte	.LFE68
 2094 0028 00000000 		.4byte	.LFB69
 2095 002c 40000000 		.4byte	.LFE69
 2096 0030 00000000 		.4byte	.LFB70
 2097 0034 1C000000 		.4byte	.LFE70
 2098 0038 00000000 		.4byte	.LFB71
 2099 003c 8C000000 		.4byte	.LFE71
 2100 0040 00000000 		.4byte	0
 2101 0044 00000000 		.4byte	0
 2102              		.section	.debug_line,"",%progbits
 2103              	.Ldebug_line0:
 2104 0000 7F020000 		.section	.debug_str,"MS",%progbits,1
 2104      02007F01 
 2104      00000201 
 2104      FB0E0D00 
ARM GAS  C:\Users\mgnocco\AppData\Local\Temp\cc0XtOQU.s 			page 42


 2104      01010101 
 2105              	.LASF17:
 2106 0000 6C6F6E67 		.ascii	"long double\000"
 2106      20646F75 
 2106      626C6500 
 2107              	.LASF36:
 2108 000c 6175785F 		.ascii	"aux_float\000"
 2108      666C6F61 
 2108      7400
 2109              	.LASF24:
 2110 0016 57726974 		.ascii	"WriteControlRegisterIMU\000"
 2110      65436F6E 
 2110      74726F6C 
 2110      52656769 
 2110      73746572 
 2111              	.LASF2:
 2112 002e 73686F72 		.ascii	"short int\000"
 2112      7420696E 
 2112      7400
 2113              	.LASF18:
 2114 0038 73697A65 		.ascii	"sizetype\000"
 2114      74797065 
 2114      00
 2115              	.LASF45:
 2116 0041 5350495F 		.ascii	"SPI_IMU_ClearRxBuffer\000"
 2116      494D555F 
 2116      436C6561 
 2116      72527842 
 2116      75666665 
 2117              	.LASF35:
 2118 0057 494D555F 		.ascii	"IMU_ack\000"
 2118      61636B00 
 2119              	.LASF55:
 2120 005f 433A5C55 		.ascii	"C:\\Users\\mgnocco\\Desktop\\IMU_NUOVE\\Firmware+AP"
 2120      73657273 
 2120      5C6D676E 
 2120      6F63636F 
 2120      5C446573 
 2121 008d 495C4C53 		.ascii	"I\\LSM6DSRX\\Design02.cydsn\000"
 2121      4D364453 
 2121      52585C44 
 2121      65736967 
 2121      6E30322E 
 2122              	.LASF47:
 2123 00a7 5350495F 		.ascii	"SPI_IMU_ClearFIFO\000"
 2123      494D555F 
 2123      436C6561 
 2123      72464946 
 2123      4F00
 2124              	.LASF31:
 2125 00b9 52656164 		.ascii	"ReadTemp\000"
 2125      54656D70 
 2125      00
 2126              	.LASF32:
 2127 00c2 52656164 		.ascii	"ReadIMU\000"
 2127      494D5500 
 2128              	.LASF40:
ARM GAS  C:\Users\mgnocco\AppData\Local\Temp\cc0XtOQU.s 			page 43


 2129 00ca 675F696D 		.ascii	"g_imu\000"
 2129      7500
 2130              	.LASF12:
 2131 00d0 75696E74 		.ascii	"uint16\000"
 2131      313600
 2132              	.LASF23:
 2133 00d7 61646472 		.ascii	"address\000"
 2133      65737300 
 2134              	.LASF13:
 2135 00df 696E7431 		.ascii	"int16\000"
 2135      3600
 2136              	.LASF11:
 2137 00e5 75696E74 		.ascii	"uint8\000"
 2137      3800
 2138              	.LASF44:
 2139 00eb 54656D70 		.ascii	"Temp\000"
 2139      00
 2140              	.LASF14:
 2141 00f0 666C6F61 		.ascii	"float\000"
 2141      7400
 2142              	.LASF56:
 2143 00f6 73745F69 		.ascii	"st_imu_data\000"
 2143      6D755F64 
 2143      61746100 
 2144              	.LASF6:
 2145 0102 6C6F6E67 		.ascii	"long long int\000"
 2145      206C6F6E 
 2145      6720696E 
 2145      7400
 2146              	.LASF21:
 2147 0110 6779726F 		.ascii	"gyro_value\000"
 2147      5F76616C 
 2147      756500
 2148              	.LASF4:
 2149 011b 6C6F6E67 		.ascii	"long int\000"
 2149      20696E74 
 2149      00
 2150              	.LASF29:
 2151 0124 68696768 		.ascii	"high\000"
 2151      00
 2152              	.LASF42:
 2153 0129 41636365 		.ascii	"Accel\000"
 2153      6C00
 2154              	.LASF33:
 2155 012f 7061636B 		.ascii	"packet_length\000"
 2155      65745F6C 
 2155      656E6774 
 2155      6800
 2156              	.LASF27:
 2157 013d 52656164 		.ascii	"ReadAcc\000"
 2157      41636300 
 2158              	.LASF1:
 2159 0145 756E7369 		.ascii	"unsigned char\000"
 2159      676E6564 
 2159      20636861 
 2159      7200
 2160              	.LASF25:
ARM GAS  C:\Users\mgnocco\AppData\Local\Temp\cc0XtOQU.s 			page 44


 2161 0153 43686970 		.ascii	"ChipSelectorIMU\000"
 2161      53656C65 
 2161      63746F72 
 2161      494D5500 
 2162              	.LASF0:
 2163 0163 7369676E 		.ascii	"signed char\000"
 2163      65642063 
 2163      68617200 
 2164              	.LASF19:
 2165 016f 666C6167 		.ascii	"flags\000"
 2165      7300
 2166              	.LASF7:
 2167 0175 6C6F6E67 		.ascii	"long long unsigned int\000"
 2167      206C6F6E 
 2167      6720756E 
 2167      7369676E 
 2167      65642069 
 2168              	.LASF50:
 2169 018c 5350495F 		.ascii	"SPI_IMU_ReadRxData\000"
 2169      494D555F 
 2169      52656164 
 2169      52784461 
 2169      746100
 2170              	.LASF8:
 2171 019f 756E7369 		.ascii	"unsigned int\000"
 2171      676E6564 
 2171      20696E74 
 2171      00
 2172              	.LASF28:
 2173 01ac 636F6E74 		.ascii	"controlreg\000"
 2173      726F6C72 
 2173      656700
 2174              	.LASF3:
 2175 01b7 73686F72 		.ascii	"short unsigned int\000"
 2175      7420756E 
 2175      7369676E 
 2175      65642069 
 2175      6E7400
 2176              	.LASF16:
 2177 01ca 63686172 		.ascii	"char\000"
 2177      00
 2178              	.LASF54:
 2179 01cf 736F7572 		.ascii	"source01.c\000"
 2179      63653031 
 2179      2E6300
 2180              	.LASF48:
 2181 01da 5350495F 		.ascii	"SPI_IMU_WriteTxData\000"
 2181      494D555F 
 2181      57726974 
 2181      65547844 
 2181      61746100 
 2182              	.LASF10:
 2183 01ee 696E7433 		.ascii	"int32_t\000"
 2183      325F7400 
 2184              	.LASF22:
 2185 01f6 74656D70 		.ascii	"temp_value\000"
 2185      5F76616C 
ARM GAS  C:\Users\mgnocco\AppData\Local\Temp\cc0XtOQU.s 			page 45


 2185      756500
 2186              	.LASF26:
 2187 0201 496E6974 		.ascii	"InitIMU\000"
 2187      494D5500 
 2188              	.LASF38:
 2189 0209 73696E67 		.ascii	"single_packet\000"
 2189      6C655F70 
 2189      61636B65 
 2189      7400
 2190              	.LASF5:
 2191 0217 6C6F6E67 		.ascii	"long unsigned int\000"
 2191      20756E73 
 2191      69676E65 
 2191      6420696E 
 2191      7400
 2192              	.LASF15:
 2193 0229 646F7562 		.ascii	"double\000"
 2193      6C6500
 2194              	.LASF49:
 2195 0230 5350495F 		.ascii	"SPI_IMU_ReadStatus\000"
 2195      494D555F 
 2195      52656164 
 2195      53746174 
 2195      757300
 2196              	.LASF9:
 2197 0243 5F5F696E 		.ascii	"__int32_t\000"
 2197      7433325F 
 2197      7400
 2198              	.LASF46:
 2199 024d 5350495F 		.ascii	"SPI_IMU_ClearTxBuffer\000"
 2199      494D555F 
 2199      436C6561 
 2199      72547842 
 2199      75666665 
 2200              	.LASF30:
 2201 0263 52656164 		.ascii	"ReadGyro\000"
 2201      4779726F 
 2201      00
 2202              	.LASF41:
 2203 026c 675F696D 		.ascii	"g_imuNew\000"
 2203      754E6577 
 2203      00
 2204              	.LASF20:
 2205 0275 61636365 		.ascii	"accel_value\000"
 2205      6C5F7661 
 2205      6C756500 
 2206              	.LASF39:
 2207 0281 49544D5F 		.ascii	"ITM_RxBuffer\000"
 2207      52784275 
 2207      66666572 
 2207      00
 2208              	.LASF53:
 2209 028e 474E5520 		.ascii	"GNU C11 5.4.1 20160609 (release) [ARM/embedded-5-br"
 2209      43313120 
 2209      352E342E 
 2209      31203230 
 2209      31363036 
ARM GAS  C:\Users\mgnocco\AppData\Local\Temp\cc0XtOQU.s 			page 46


 2210 02c1 616E6368 		.ascii	"anch revision 237715] -mcpu=cortex-m3 -mthumb -g -O"
 2210      20726576 
 2210      6973696F 
 2210      6E203233 
 2210      37373135 
 2211 02f4 67202D66 		.ascii	"g -ffunction-sections -ffat-lto-objects\000"
 2211      66756E63 
 2211      74696F6E 
 2211      2D736563 
 2211      74696F6E 
 2212              	.LASF51:
 2213 031c 43794465 		.ascii	"CyDelay\000"
 2213      6C617900 
 2214              	.LASF43:
 2215 0324 4779726F 		.ascii	"Gyro\000"
 2215      00
 2216              	.LASF57:
 2217 0329 52656164 		.ascii	"ReadControlRegisterIMU\000"
 2217      436F6E74 
 2217      726F6C52 
 2217      65676973 
 2217      74657249 
 2218              	.LASF34:
 2219 0340 6175785F 		.ascii	"aux_int16\000"
 2219      696E7431 
 2219      3600
 2220              	.LASF37:
 2221 034a 7061636B 		.ascii	"packet_data\000"
 2221      65745F64 
 2221      61746100 
 2222              	.LASF52:
 2223 0356 55415254 		.ascii	"UART_PutChar\000"
 2223      5F507574 
 2223      43686172 
 2223      00
 2224              		.ident	"GCC: (GNU Tools for ARM Embedded Processors) 5.4.1 20160609 (release) [ARM/embedded-5-bran
