ARM GAS  C:\Users\mgnocco\AppData\Local\Temp\ccoHU6Wn.s 			page 1


   1              		.syntax unified
   2              		.cpu cortex-m3
   3              		.fpu softvfp
   4              		.eabi_attribute 20, 1
   5              		.eabi_attribute 21, 1
   6              		.eabi_attribute 23, 3
   7              		.eabi_attribute 24, 1
   8              		.eabi_attribute 25, 1
   9              		.eabi_attribute 26, 1
  10              		.eabi_attribute 30, 4
  11              		.eabi_attribute 34, 1
  12              		.eabi_attribute 18, 4
  13              		.thumb
  14              		.syntax unified
  15              		.file	"cymetadata.c"
  16              		.text
  17              	.Ltext0:
  18              		.cfi_sections	.debug_frame
  19              		.global	cy_metadata
  20              		.global	cy_meta_flashprotect
  21              		.global	cy_meta_wonvl
  22              		.global	cy_meta_custnvl
  23              		.global	cy_meta_configecc
  24              		.section	.cyconfigecc,"a",%progbits
  25              		.type	cy_meta_configecc, %object
  26              		.size	cy_meta_configecc, 1500
  27              	cy_meta_configecc:
  28 0000 01       		.byte	1
  29 0001 45       		.byte	69
  30 0002 00       		.byte	0
  31 0003 40       		.byte	64
  32 0004 03       		.byte	3
  33 0005 52       		.byte	82
  34 0006 00       		.byte	0
  35 0007 40       		.byte	64
  36 0008 02       		.byte	2
  37 0009 64       		.byte	100
  38 000a 00       		.byte	0
  39 000b 40       		.byte	64
  40 000c 02       		.byte	2
  41 000d 65       		.byte	101
  42 000e 00       		.byte	0
  43 000f 40       		.byte	64
  44 0010 4F       		.byte	79
  45 0011 04       		.byte	4
  46 0012 01       		.byte	1
  47 0013 40       		.byte	64
  48 0014 33       		.byte	51
  49 0015 05       		.byte	5
  50 0016 01       		.byte	1
  51 0017 40       		.byte	64
  52 0018 0C       		.byte	12
  53 0019 07       		.byte	7
  54 001a 01       		.byte	1
  55 001b 40       		.byte	64
  56 001c 55       		.byte	85
  57 001d 08       		.byte	8
ARM GAS  C:\Users\mgnocco\AppData\Local\Temp\ccoHU6Wn.s 			page 2


  58 001e 01       		.byte	1
  59 001f 40       		.byte	64
  60 0020 45       		.byte	69
  61 0021 09       		.byte	9
  62 0022 01       		.byte	1
  63 0023 40       		.byte	64
  64 0024 04       		.byte	4
  65 0025 0B       		.byte	11
  66 0026 01       		.byte	1
  67 0027 40       		.byte	64
  68 0028 02       		.byte	2
  69 0029 15       		.byte	21
  70 002a 01       		.byte	1
  71 002b 40       		.byte	64
  72 002c 04       		.byte	4
  73 002d 17       		.byte	23
  74 002e 01       		.byte	1
  75 002f 40       		.byte	64
  76 0030 51       		.byte	81
  77 0031 18       		.byte	24
  78 0032 01       		.byte	1
  79 0033 40       		.byte	64
  80 0034 44       		.byte	68
  81 0035 19       		.byte	25
  82 0036 01       		.byte	1
  83 0037 40       		.byte	64
  84 0038 5F       		.byte	95
  85 0039 1A       		.byte	26
  86 003a 01       		.byte	1
  87 003b 40       		.byte	64
  88 003c 44       		.byte	68
  89 003d 1B       		.byte	27
  90 003e 01       		.byte	1
  91 003f 40       		.byte	64
  92 0040 03       		.byte	3
  93 0041 40       		.byte	64
  94 0042 01       		.byte	1
  95 0043 40       		.byte	64
  96 0044 04       		.byte	4
  97 0045 41       		.byte	65
  98 0046 01       		.byte	1
  99 0047 40       		.byte	64
 100 0048 03       		.byte	3
 101 0049 42       		.byte	66
 102 004a 01       		.byte	1
 103 004b 40       		.byte	64
 104 004c 06       		.byte	6
 105 004d 43       		.byte	67
 106 004e 01       		.byte	1
 107 004f 40       		.byte	64
 108 0050 04       		.byte	4
 109 0051 45       		.byte	69
 110 0052 01       		.byte	1
 111 0053 40       		.byte	64
 112 0054 03       		.byte	3
 113 0055 46       		.byte	70
 114 0056 01       		.byte	1
ARM GAS  C:\Users\mgnocco\AppData\Local\Temp\ccoHU6Wn.s 			page 3


 115 0057 40       		.byte	64
 116 0058 03       		.byte	3
 117 0059 47       		.byte	71
 118 005a 01       		.byte	1
 119 005b 40       		.byte	64
 120 005c 01       		.byte	1
 121 005d 48       		.byte	72
 122 005e 01       		.byte	1
 123 005f 40       		.byte	64
 124 0060 06       		.byte	6
 125 0061 49       		.byte	73
 126 0062 01       		.byte	1
 127 0063 40       		.byte	64
 128 0064 07       		.byte	7
 129 0065 4D       		.byte	77
 130 0066 01       		.byte	1
 131 0067 40       		.byte	64
 132 0068 05       		.byte	5
 133 0069 50       		.byte	80
 134 006a 01       		.byte	1
 135 006b 40       		.byte	64
 136 006c 01       		.byte	1
 137 006d 51       		.byte	81
 138 006e 01       		.byte	1
 139 006f 40       		.byte	64
 140 0070 17       		.byte	23
 141 0071 01       		.byte	1
 142 0072 10       		.byte	16
 143 0073 18       		.byte	24
 144 0074 61       		.byte	97
 145 0075 80       		.byte	-128
 146 0076 64       		.byte	100
 147 0077 40       		.byte	64
 148 0078 85       		.byte	-123
 149 0079 0F       		.byte	15
 150 007a 89       		.byte	-119
 151 007b 38       		.byte	56
 152 007c 88       		.byte	-120
 153 007d 72       		.byte	114
 154 007e 8A       		.byte	-118
 155 007f 0F       		.byte	15
 156 0080 02       		.byte	2
 157 0081 20       		.byte	32
 158 0082 04       		.byte	4
 159 0083 03       		.byte	3
 160 0084 06       		.byte	6
 161 0085 4C       		.byte	76
 162 0086 09       		.byte	9
 163 0087 B0       		.byte	-80
 164 0088 0B       		.byte	11
 165 0089 42       		.byte	66
 166 008a 0D       		.byte	13
 167 008b 42       		.byte	66
 168 008c 0E       		.byte	14
 169 008d 30       		.byte	48
 170 008e 0F       		.byte	15
 171 008f B0       		.byte	-80
ARM GAS  C:\Users\mgnocco\AppData\Local\Temp\ccoHU6Wn.s 			page 4


 172 0090 10       		.byte	16
 173 0091 02       		.byte	2
 174 0092 12       		.byte	18
 175 0093 1D       		.byte	29
 176 0094 14       		.byte	20
 177 0095 43       		.byte	67
 178 0096 15       		.byte	21
 179 0097 01       		.byte	1
 180 0098 16       		.byte	22
 181 0099 14       		.byte	20
 182 009a 17       		.byte	23
 183 009b D4       		.byte	-44
 184 009c 18       		.byte	24
 185 009d 01       		.byte	1
 186 009e 19       		.byte	25
 187 009f F2       		.byte	-14
 188 00a0 1A       		.byte	26
 189 00a1 5A       		.byte	90
 190 00a2 1D       		.byte	29
 191 00a3 F2       		.byte	-14
 192 00a4 20       		.byte	32
 193 00a5 30       		.byte	48
 194 00a6 21       		.byte	33
 195 00a7 F2       		.byte	-14
 196 00a8 24       		.byte	36
 197 00a9 30       		.byte	48
 198 00aa 25       		.byte	37
 199 00ab 42       		.byte	66
 200 00ac 28       		.byte	40
 201 00ad 30       		.byte	48
 202 00ae 29       		.byte	41
 203 00af 43       		.byte	67
 204 00b0 2B       		.byte	43
 205 00b1 98       		.byte	-104
 206 00b2 2C       		.byte	44
 207 00b3 30       		.byte	48
 208 00b4 2D       		.byte	45
 209 00b5 C3       		.byte	-61
 210 00b6 2F       		.byte	47
 211 00b7 0C       		.byte	12
 212 00b8 30       		.byte	48
 213 00b9 1F       		.byte	31
 214 00ba 31       		.byte	49
 215 00bb 20       		.byte	32
 216 00bc 33       		.byte	51
 217 00bd 1F       		.byte	31
 218 00be 34       		.byte	52
 219 00bf 20       		.byte	32
 220 00c0 35       		.byte	53
 221 00c1 C0       		.byte	-64
 222 00c2 36       		.byte	54
 223 00c3 40       		.byte	64
 224 00c4 39       		.byte	57
 225 00c5 08       		.byte	8
 226 00c6 3A       		.byte	58
 227 00c7 02       		.byte	2
 228 00c8 3E       		.byte	62
ARM GAS  C:\Users\mgnocco\AppData\Local\Temp\ccoHU6Wn.s 			page 5


 229 00c9 50       		.byte	80
 230 00ca 3F       		.byte	63
 231 00cb 01       		.byte	1
 232 00cc 54       		.byte	84
 233 00cd 40       		.byte	64
 234 00ce 58       		.byte	88
 235 00cf 04       		.byte	4
 236 00d0 59       		.byte	89
 237 00d1 04       		.byte	4
 238 00d2 5B       		.byte	91
 239 00d3 04       		.byte	4
 240 00d4 5F       		.byte	95
 241 00d5 01       		.byte	1
 242 00d6 80       		.byte	-128
 243 00d7 20       		.byte	32
 244 00d8 82       		.byte	-126
 245 00d9 D0       		.byte	-48
 246 00da 84       		.byte	-124
 247 00db 08       		.byte	8
 248 00dc 86       		.byte	-122
 249 00dd 04       		.byte	4
 250 00de 88       		.byte	-120
 251 00df 2E       		.byte	46
 252 00e0 89       		.byte	-119
 253 00e1 02       		.byte	2
 254 00e2 8A       		.byte	-118
 255 00e3 81       		.byte	-127
 256 00e4 8B       		.byte	-117
 257 00e5 04       		.byte	4
 258 00e6 8C       		.byte	-116
 259 00e7 D9       		.byte	-39
 260 00e8 94       		.byte	-108
 261 00e9 24       		.byte	36
 262 00ea 95       		.byte	-107
 263 00eb 05       		.byte	5
 264 00ec 96       		.byte	-106
 265 00ed 49       		.byte	73
 266 00ee 97       		.byte	-105
 267 00ef 02       		.byte	2
 268 00f0 98       		.byte	-104
 269 00f1 D9       		.byte	-39
 270 00f2 9C       		.byte	-100
 271 00f3 D9       		.byte	-39
 272 00f4 9F       		.byte	-97
 273 00f5 03       		.byte	3
 274 00f6 A0       		.byte	-96
 275 00f7 D8       		.byte	-40
 276 00f8 A2       		.byte	-94
 277 00f9 01       		.byte	1
 278 00fa A4       		.byte	-92
 279 00fb 11       		.byte	17
 280 00fc A5       		.byte	-91
 281 00fd 06       		.byte	6
 282 00fe A6       		.byte	-90
 283 00ff 22       		.byte	34
 284 0100 A7       		.byte	-89
 285 0101 01       		.byte	1
ARM GAS  C:\Users\mgnocco\AppData\Local\Temp\ccoHU6Wn.s 			page 6


 286 0102 A8       		.byte	-88
 287 0103 D1       		.byte	-47
 288 0104 AA       		.byte	-86
 289 0105 08       		.byte	8
 290 0106 AB       		.byte	-85
 291 0107 04       		.byte	4
 292 0108 B1       		.byte	-79
 293 0109 07       		.byte	7
 294 010a B3       		.byte	-77
 295 010b 07       		.byte	7
 296 010c B4       		.byte	-76
 297 010d 0F       		.byte	15
 298 010e B6       		.byte	-74
 299 010f F0       		.byte	-16
 300 0110 BA       		.byte	-70
 301 0111 B0       		.byte	-80
 302 0112 D6       		.byte	-42
 303 0113 02       		.byte	2
 304 0114 D7       		.byte	-41
 305 0115 2C       		.byte	44
 306 0116 D8       		.byte	-40
 307 0117 04       		.byte	4
 308 0118 D9       		.byte	-39
 309 0119 04       		.byte	4
 310 011a DB       		.byte	-37
 311 011b 04       		.byte	4
 312 011c DF       		.byte	-33
 313 011d 01       		.byte	1
 314 011e 00       		.byte	0
 315 011f 0A       		.byte	10
 316 0120 01       		.byte	1
 317 0121 40       		.byte	64
 318 0122 02       		.byte	2
 319 0123 40       		.byte	64
 320 0124 04       		.byte	4
 321 0125 01       		.byte	1
 322 0126 05       		.byte	5
 323 0127 18       		.byte	24
 324 0128 06       		.byte	6
 325 0129 01       		.byte	1
 326 012a 09       		.byte	9
 327 012b 28       		.byte	40
 328 012c 0A       		.byte	10
 329 012d 40       		.byte	64
 330 012e 0C       		.byte	12
 331 012f A0       		.byte	-96
 332 0130 0D       		.byte	13
 333 0131 08       		.byte	8
 334 0132 10       		.byte	16
 335 0133 A0       		.byte	-96
 336 0134 11       		.byte	17
 337 0135 10       		.byte	16
 338 0136 12       		.byte	18
 339 0137 01       		.byte	1
 340 0138 15       		.byte	21
 341 0139 10       		.byte	16
 342 013a 17       		.byte	23
ARM GAS  C:\Users\mgnocco\AppData\Local\Temp\ccoHU6Wn.s 			page 7


 343 013b 09       		.byte	9
 344 013c 19       		.byte	25
 345 013d 02       		.byte	2
 346 013e 1A       		.byte	26
 347 013f 42       		.byte	66
 348 0140 1B       		.byte	27
 349 0141 10       		.byte	16
 350 0142 1C       		.byte	28
 351 0143 01       		.byte	1
 352 0144 1D       		.byte	29
 353 0145 30       		.byte	48
 354 0146 1F       		.byte	31
 355 0147 10       		.byte	16
 356 0148 20       		.byte	32
 357 0149 28       		.byte	40
 358 014a 21       		.byte	33
 359 014b 08       		.byte	8
 360 014c 22       		.byte	34
 361 014d 02       		.byte	2
 362 014e 23       		.byte	35
 363 014f 08       		.byte	8
 364 0150 27       		.byte	39
 365 0151 A0       		.byte	-96
 366 0152 29       		.byte	41
 367 0153 98       		.byte	-104
 368 0154 2A       		.byte	42
 369 0155 09       		.byte	9
 370 0156 2D       		.byte	45
 371 0157 20       		.byte	32
 372 0158 2F       		.byte	47
 373 0159 10       		.byte	16
 374 015a 30       		.byte	48
 375 015b A0       		.byte	-96
 376 015c 31       		.byte	49
 377 015d 08       		.byte	8
 378 015e 37       		.byte	55
 379 015f 88       		.byte	-120
 380 0160 39       		.byte	57
 381 0161 50       		.byte	80
 382 0162 3C       		.byte	60
 383 0163 20       		.byte	32
 384 0164 60       		.byte	96
 385 0165 08       		.byte	8
 386 0166 62       		.byte	98
 387 0167 40       		.byte	64
 388 0168 63       		.byte	99
 389 0169 20       		.byte	32
 390 016a 65       		.byte	101
 391 016b 02       		.byte	2
 392 016c 6C       		.byte	108
 393 016d A0       		.byte	-96
 394 016e 6D       		.byte	109
 395 016f 50       		.byte	80
 396 0170 6F       		.byte	111
 397 0171 01       		.byte	1
 398 0172 76       		.byte	118
 399 0173 01       		.byte	1
ARM GAS  C:\Users\mgnocco\AppData\Local\Temp\ccoHU6Wn.s 			page 8


 400 0174 88       		.byte	-120
 401 0175 10       		.byte	16
 402 0176 C0       		.byte	-64
 403 0177 FD       		.byte	-3
 404 0178 C2       		.byte	-62
 405 0179 EE       		.byte	-18
 406 017a C4       		.byte	-60
 407 017b 7F       		.byte	127
 408 017c CA       		.byte	-54
 409 017d 6F       		.byte	111
 410 017e CC       		.byte	-52
 411 017f 5E       		.byte	94
 412 0180 CE       		.byte	-50
 413 0181 2C       		.byte	44
 414 0182 D8       		.byte	-40
 415 0183 8E       		.byte	-114
 416 0184 82       		.byte	-126
 417 0185 08       		.byte	8
 418 0186 9C       		.byte	-100
 419 0187 08       		.byte	8
 420 0188 9D       		.byte	-99
 421 0189 20       		.byte	32
 422 018a 9E       		.byte	-98
 423 018b 08       		.byte	8
 424 018c A4       		.byte	-92
 425 018d 01       		.byte	1
 426 018e AB       		.byte	-85
 427 018f 20       		.byte	32
 428 0190 AD       		.byte	-83
 429 0191 80       		.byte	-128
 430 0192 AF       		.byte	-81
 431 0193 08       		.byte	8
 432 0194 B1       		.byte	-79
 433 0195 20       		.byte	32
 434 0196 B2       		.byte	-78
 435 0197 03       		.byte	3
 436 0198 E6       		.byte	-26
 437 0199 03       		.byte	3
 438 019a E8       		.byte	-24
 439 019b 08       		.byte	8
 440 019c 02       		.byte	2
 441 019d 01       		.byte	1
 442 019e 04       		.byte	4
 443 019f 01       		.byte	1
 444 01a0 08       		.byte	8
 445 01a1 01       		.byte	1
 446 01a2 12       		.byte	18
 447 01a3 02       		.byte	2
 448 01a4 15       		.byte	21
 449 01a5 01       		.byte	1
 450 01a6 16       		.byte	22
 451 01a7 04       		.byte	4
 452 01a8 19       		.byte	25
 453 01a9 01       		.byte	1
 454 01aa 1A       		.byte	26
 455 01ab 04       		.byte	4
 456 01ac 1E       		.byte	30
ARM GAS  C:\Users\mgnocco\AppData\Local\Temp\ccoHU6Wn.s 			page 9


 457 01ad 01       		.byte	1
 458 01ae 21       		.byte	33
 459 01af 01       		.byte	1
 460 01b0 26       		.byte	38
 461 01b1 02       		.byte	2
 462 01b2 30       		.byte	48
 463 01b3 01       		.byte	1
 464 01b4 34       		.byte	52
 465 01b5 02       		.byte	2
 466 01b6 36       		.byte	54
 467 01b7 04       		.byte	4
 468 01b8 37       		.byte	55
 469 01b9 01       		.byte	1
 470 01ba 38       		.byte	56
 471 01bb 02       		.byte	2
 472 01bc 3E       		.byte	62
 473 01bd 50       		.byte	80
 474 01be 3F       		.byte	63
 475 01bf 40       		.byte	64
 476 01c0 40       		.byte	64
 477 01c1 63       		.byte	99
 478 01c2 41       		.byte	65
 479 01c3 04       		.byte	4
 480 01c4 42       		.byte	66
 481 01c5 20       		.byte	32
 482 01c6 44       		.byte	68
 483 01c7 01       		.byte	1
 484 01c8 45       		.byte	69
 485 01c9 DE       		.byte	-34
 486 01ca 46       		.byte	70
 487 01cb 0B       		.byte	11
 488 01cc 47       		.byte	71
 489 01cd FC       		.byte	-4
 490 01ce 48       		.byte	72
 491 01cf 37       		.byte	55
 492 01d0 49       		.byte	73
 493 01d1 FF       		.byte	-1
 494 01d2 4A       		.byte	74
 495 01d3 FF       		.byte	-1
 496 01d4 4B       		.byte	75
 497 01d5 FF       		.byte	-1
 498 01d6 4C       		.byte	76
 499 01d7 22       		.byte	34
 500 01d8 4E       		.byte	78
 501 01d9 F0       		.byte	-16
 502 01da 4F       		.byte	79
 503 01db 0C       		.byte	12
 504 01dc 50       		.byte	80
 505 01dd 04       		.byte	4
 506 01de 54       		.byte	84
 507 01df 09       		.byte	9
 508 01e0 58       		.byte	88
 509 01e1 04       		.byte	4
 510 01e2 59       		.byte	89
 511 01e3 04       		.byte	4
 512 01e4 5A       		.byte	90
 513 01e5 04       		.byte	4
ARM GAS  C:\Users\mgnocco\AppData\Local\Temp\ccoHU6Wn.s 			page 10


 514 01e6 5B       		.byte	91
 515 01e7 04       		.byte	4
 516 01e8 5C       		.byte	92
 517 01e9 01       		.byte	1
 518 01ea 5F       		.byte	95
 519 01eb 01       		.byte	1
 520 01ec 62       		.byte	98
 521 01ed C0       		.byte	-64
 522 01ee 64       		.byte	100
 523 01ef 40       		.byte	64
 524 01f0 65       		.byte	101
 525 01f1 01       		.byte	1
 526 01f2 66       		.byte	102
 527 01f3 10       		.byte	16
 528 01f4 67       		.byte	103
 529 01f5 11       		.byte	17
 530 01f6 68       		.byte	104
 531 01f7 C0       		.byte	-64
 532 01f8 69       		.byte	105
 533 01f9 01       		.byte	1
 534 01fa 6B       		.byte	107
 535 01fb 11       		.byte	17
 536 01fc 6C       		.byte	108
 537 01fd 40       		.byte	64
 538 01fe 6D       		.byte	109
 539 01ff 01       		.byte	1
 540 0200 6E       		.byte	110
 541 0201 40       		.byte	64
 542 0202 6F       		.byte	111
 543 0203 01       		.byte	1
 544 0204 80       		.byte	-128
 545 0205 0B       		.byte	11
 546 0206 82       		.byte	-126
 547 0207 04       		.byte	4
 548 0208 83       		.byte	-125
 549 0209 1C       		.byte	28
 550 020a 85       		.byte	-123
 551 020b 21       		.byte	33
 552 020c 87       		.byte	-121
 553 020d 16       		.byte	22
 554 020e 8C       		.byte	-116
 555 020f 06       		.byte	6
 556 0210 95       		.byte	-107
 557 0211 21       		.byte	33
 558 0212 97       		.byte	-105
 559 0213 0E       		.byte	14
 560 0214 98       		.byte	-104
 561 0215 05       		.byte	5
 562 0216 9A       		.byte	-102
 563 0217 0A       		.byte	10
 564 0218 9B       		.byte	-101
 565 0219 08       		.byte	8
 566 021a 9D       		.byte	-99
 567 021b 1C       		.byte	28
 568 021c 9F       		.byte	-97
 569 021d 23       		.byte	35
 570 021e A4       		.byte	-92
ARM GAS  C:\Users\mgnocco\AppData\Local\Temp\ccoHU6Wn.s 			page 11


 571 021f 08       		.byte	8
 572 0220 A5       		.byte	-91
 573 0221 40       		.byte	64
 574 0222 A6       		.byte	-90
 575 0223 01       		.byte	1
 576 0224 A7       		.byte	-89
 577 0225 03       		.byte	3
 578 0226 B0       		.byte	-80
 579 0227 07       		.byte	7
 580 0228 B1       		.byte	-79
 581 0229 60       		.byte	96
 582 022a B2       		.byte	-78
 583 022b 08       		.byte	8
 584 022c B3       		.byte	-77
 585 022d 1A       		.byte	26
 586 022e B7       		.byte	-73
 587 022f 0F       		.byte	15
 588 0230 B8       		.byte	-72
 589 0231 0A       		.byte	10
 590 0232 B9       		.byte	-71
 591 0233 02       		.byte	2
 592 0234 BB       		.byte	-69
 593 0235 88       		.byte	-120
 594 0236 D4       		.byte	-44
 595 0237 18       		.byte	24
 596 0238 D6       		.byte	-42
 597 0239 04       		.byte	4
 598 023a D8       		.byte	-40
 599 023b 04       		.byte	4
 600 023c D9       		.byte	-39
 601 023d 04       		.byte	4
 602 023e DB       		.byte	-37
 603 023f 04       		.byte	4
 604 0240 DC       		.byte	-36
 605 0241 10       		.byte	16
 606 0242 DD       		.byte	-35
 607 0243 10       		.byte	16
 608 0244 DF       		.byte	-33
 609 0245 01       		.byte	1
 610 0246 00       		.byte	0
 611 0247 40       		.byte	64
 612 0248 02       		.byte	2
 613 0249 40       		.byte	64
 614 024a 03       		.byte	3
 615 024b 80       		.byte	-128
 616 024c 04       		.byte	4
 617 024d 01       		.byte	1
 618 024e 05       		.byte	5
 619 024f 14       		.byte	20
 620 0250 0A       		.byte	10
 621 0251 08       		.byte	8
 622 0252 0E       		.byte	14
 623 0253 8A       		.byte	-118
 624 0254 0F       		.byte	15
 625 0255 20       		.byte	32
 626 0256 13       		.byte	19
 627 0257 08       		.byte	8
ARM GAS  C:\Users\mgnocco\AppData\Local\Temp\ccoHU6Wn.s 			page 12


 628 0258 15       		.byte	21
 629 0259 04       		.byte	4
 630 025a 18       		.byte	24
 631 025b 40       		.byte	64
 632 025c 1B       		.byte	27
 633 025d 04       		.byte	4
 634 025e 1D       		.byte	29
 635 025f 60       		.byte	96
 636 0260 1E       		.byte	30
 637 0261 80       		.byte	-128
 638 0262 20       		.byte	32
 639 0263 80       		.byte	-128
 640 0264 21       		.byte	33
 641 0265 09       		.byte	9
 642 0266 22       		.byte	34
 643 0267 80       		.byte	-128
 644 0268 25       		.byte	37
 645 0269 40       		.byte	64
 646 026a 2A       		.byte	42
 647 026b 04       		.byte	4
 648 026c 2F       		.byte	47
 649 026d 80       		.byte	-128
 650 026e 30       		.byte	48
 651 026f 20       		.byte	32
 652 0270 31       		.byte	49
 653 0271 08       		.byte	8
 654 0272 32       		.byte	50
 655 0273 80       		.byte	-128
 656 0274 35       		.byte	53
 657 0275 20       		.byte	32
 658 0276 37       		.byte	55
 659 0277 08       		.byte	8
 660 0278 38       		.byte	56
 661 0279 04       		.byte	4
 662 027a 39       		.byte	57
 663 027b 02       		.byte	2
 664 027c 44       		.byte	68
 665 027d 05       		.byte	5
 666 027e 46       		.byte	70
 667 027f 40       		.byte	64
 668 0280 47       		.byte	71
 669 0281 28       		.byte	40
 670 0282 4D       		.byte	77
 671 0283 20       		.byte	32
 672 0284 4E       		.byte	78
 673 0285 0C       		.byte	12
 674 0286 4F       		.byte	79
 675 0287 06       		.byte	6
 676 0288 54       		.byte	84
 677 0289 01       		.byte	1
 678 028a 55       		.byte	85
 679 028b 80       		.byte	-128
 680 028c 57       		.byte	87
 681 028d 08       		.byte	8
 682 028e 58       		.byte	88
 683 028f 02       		.byte	2
 684 0290 5C       		.byte	92
ARM GAS  C:\Users\mgnocco\AppData\Local\Temp\ccoHU6Wn.s 			page 13


 685 0291 90       		.byte	-112
 686 0292 5D       		.byte	93
 687 0293 01       		.byte	1
 688 0294 5F       		.byte	95
 689 0295 04       		.byte	4
 690 0296 61       		.byte	97
 691 0297 60       		.byte	96
 692 0298 63       		.byte	99
 693 0299 40       		.byte	64
 694 029a 67       		.byte	103
 695 029b 02       		.byte	2
 696 029c 7D       		.byte	125
 697 029d 80       		.byte	-128
 698 029e 7F       		.byte	127
 699 029f 01       		.byte	1
 700 02a0 80       		.byte	-128
 701 02a1 10       		.byte	16
 702 02a2 83       		.byte	-125
 703 02a3 08       		.byte	8
 704 02a4 87       		.byte	-121
 705 02a5 40       		.byte	64
 706 02a6 8F       		.byte	-113
 707 02a7 04       		.byte	4
 708 02a8 94       		.byte	-108
 709 02a9 40       		.byte	64
 710 02aa 98       		.byte	-104
 711 02ab 80       		.byte	-128
 712 02ac 9A       		.byte	-102
 713 02ad 40       		.byte	64
 714 02ae 9B       		.byte	-101
 715 02af 28       		.byte	40
 716 02b0 A2       		.byte	-94
 717 02b1 08       		.byte	8
 718 02b2 AE       		.byte	-82
 719 02b3 40       		.byte	64
 720 02b4 B0       		.byte	-80
 721 02b5 80       		.byte	-128
 722 02b6 B3       		.byte	-77
 723 02b7 28       		.byte	40
 724 02b8 C0       		.byte	-64
 725 02b9 79       		.byte	121
 726 02ba C2       		.byte	-62
 727 02bb F2       		.byte	-14
 728 02bc C4       		.byte	-60
 729 02bd 24       		.byte	36
 730 02be CA       		.byte	-54
 731 02bf 82       		.byte	-126
 732 02c0 CC       		.byte	-52
 733 02c1 6E       		.byte	110
 734 02c2 CE       		.byte	-50
 735 02c3 03       		.byte	3
 736 02c4 D0       		.byte	-48
 737 02c5 F0       		.byte	-16
 738 02c6 D2       		.byte	-46
 739 02c7 20       		.byte	32
 740 02c8 D6       		.byte	-42
 741 02c9 F1       		.byte	-15
ARM GAS  C:\Users\mgnocco\AppData\Local\Temp\ccoHU6Wn.s 			page 14


 742 02ca D8       		.byte	-40
 743 02cb 1D       		.byte	29
 744 02cc E8       		.byte	-24
 745 02cd 20       		.byte	32
 746 02ce EC       		.byte	-20
 747 02cf A0       		.byte	-96
 748 02d0 8A       		.byte	-118
 749 02d1 08       		.byte	8
 750 02d2 94       		.byte	-108
 751 02d3 40       		.byte	64
 752 02d4 B4       		.byte	-76
 753 02d5 40       		.byte	64
 754 02d6 E4       		.byte	-28
 755 02d7 80       		.byte	-128
 756 02d8 E0       		.byte	-32
 757 02d9 02       		.byte	2
 758 02da E6       		.byte	-26
 759 02db 40       		.byte	64
 760 02dc AC       		.byte	-84
 761 02dd 08       		.byte	8
 762 02de B0       		.byte	-80
 763 02df 01       		.byte	1
 764 02e0 B5       		.byte	-75
 765 02e1 20       		.byte	32
 766 02e2 EE       		.byte	-18
 767 02e3 08       		.byte	8
 768 02e4 00       		.byte	0
 769 02e5 1F       		.byte	31
 770 02e6 01       		.byte	1
 771 02e7 10       		.byte	16
 772 02e8 02       		.byte	2
 773 02e9 20       		.byte	32
 774 02ea 04       		.byte	4
 775 02eb 03       		.byte	3
 776 02ec 05       		.byte	5
 777 02ed 08       		.byte	8
 778 02ee 08       		.byte	8
 779 02ef 33       		.byte	51
 780 02f0 09       		.byte	9
 781 02f1 18       		.byte	24
 782 02f2 0A       		.byte	10
 783 02f3 0C       		.byte	12
 784 02f4 0C       		.byte	12
 785 02f5 01       		.byte	1
 786 02f6 0D       		.byte	13
 787 02f7 19       		.byte	25
 788 02f8 0F       		.byte	15
 789 02f9 E2       		.byte	-30
 790 02fa 10       		.byte	16
 791 02fb 02       		.byte	2
 792 02fc 13       		.byte	19
 793 02fd E6       		.byte	-26
 794 02fe 14       		.byte	20
 795 02ff 3F       		.byte	63
 796 0300 15       		.byte	21
 797 0301 FF       		.byte	-1
 798 0302 19       		.byte	25
ARM GAS  C:\Users\mgnocco\AppData\Local\Temp\ccoHU6Wn.s 			page 15


 799 0303 C0       		.byte	-64
 800 0304 1C       		.byte	28
 801 0305 1C       		.byte	28
 802 0306 1D       		.byte	29
 803 0307 39       		.byte	57
 804 0308 1E       		.byte	30
 805 0309 23       		.byte	35
 806 030a 1F       		.byte	31
 807 030b C4       		.byte	-60
 808 030c 21       		.byte	33
 809 030d 41       		.byte	65
 810 030e 22       		.byte	34
 811 030f 23       		.byte	35
 812 0310 24       		.byte	36
 813 0311 04       		.byte	4
 814 0312 27       		.byte	39
 815 0313 01       		.byte	1
 816 0314 28       		.byte	40
 817 0315 0C       		.byte	12
 818 0316 29       		.byte	41
 819 0317 E7       		.byte	-25
 820 0318 2B       		.byte	43
 821 0319 18       		.byte	24
 822 031a 2C       		.byte	44
 823 031b 08       		.byte	8
 824 031c 2D       		.byte	45
 825 031d 80       		.byte	-128
 826 031e 31       		.byte	49
 827 031f 1F       		.byte	31
 828 0320 32       		.byte	50
 829 0321 10       		.byte	16
 830 0322 33       		.byte	51
 831 0323 38       		.byte	56
 832 0324 34       		.byte	52
 833 0325 0F       		.byte	15
 834 0326 35       		.byte	53
 835 0327 C0       		.byte	-64
 836 0328 36       		.byte	54
 837 0329 2C       		.byte	44
 838 032a 3A       		.byte	58
 839 032b A0       		.byte	-96
 840 032c 3B       		.byte	59
 841 032d 02       		.byte	2
 842 032e 3E       		.byte	62
 843 032f 04       		.byte	4
 844 0330 56       		.byte	86
 845 0331 02       		.byte	2
 846 0332 57       		.byte	87
 847 0333 11       		.byte	17
 848 0334 58       		.byte	88
 849 0335 04       		.byte	4
 850 0336 59       		.byte	89
 851 0337 04       		.byte	4
 852 0338 5B       		.byte	91
 853 0339 04       		.byte	4
 854 033a 5C       		.byte	92
 855 033b 11       		.byte	17
ARM GAS  C:\Users\mgnocco\AppData\Local\Temp\ccoHU6Wn.s 			page 16


 856 033c 5D       		.byte	93
 857 033d 10       		.byte	16
 858 033e 5F       		.byte	95
 859 033f 01       		.byte	1
 860 0340 84       		.byte	-124
 861 0341 70       		.byte	112
 862 0342 86       		.byte	-122
 863 0343 0C       		.byte	12
 864 0344 8A       		.byte	-118
 865 0345 03       		.byte	3
 866 0346 8C       		.byte	-116
 867 0347 09       		.byte	9
 868 0348 8E       		.byte	-114
 869 0349 10       		.byte	16
 870 034a 90       		.byte	-112
 871 034b 14       		.byte	20
 872 034c 94       		.byte	-108
 873 034d 6C       		.byte	108
 874 034e 96       		.byte	-106
 875 034f 11       		.byte	17
 876 0350 A0       		.byte	-96
 877 0351 5C       		.byte	92
 878 0352 A2       		.byte	-94
 879 0353 02       		.byte	2
 880 0354 A4       		.byte	-92
 881 0355 10       		.byte	16
 882 0356 AA       		.byte	-86
 883 0357 20       		.byte	32
 884 0358 B0       		.byte	-80
 885 0359 60       		.byte	96
 886 035a B2       		.byte	-78
 887 035b 1F       		.byte	31
 888 035c B8       		.byte	-72
 889 035d 02       		.byte	2
 890 035e BE       		.byte	-66
 891 035f 01       		.byte	1
 892 0360 C0       		.byte	-64
 893 0361 04       		.byte	4
 894 0362 C6       		.byte	-58
 895 0363 40       		.byte	64
 896 0364 C9       		.byte	-55
 897 0365 FF       		.byte	-1
 898 0366 CA       		.byte	-54
 899 0367 07       		.byte	7
 900 0368 CB       		.byte	-53
 901 0369 FF       		.byte	-1
 902 036a CC       		.byte	-52
 903 036b 40       		.byte	64
 904 036c CD       		.byte	-51
 905 036d 20       		.byte	32
 906 036e CE       		.byte	-50
 907 036f F0       		.byte	-16
 908 0370 CF       		.byte	-49
 909 0371 05       		.byte	5
 910 0372 D0       		.byte	-48
 911 0373 08       		.byte	8
 912 0374 D8       		.byte	-40
ARM GAS  C:\Users\mgnocco\AppData\Local\Temp\ccoHU6Wn.s 			page 17


 913 0375 04       		.byte	4
 914 0376 DA       		.byte	-38
 915 0377 04       		.byte	4
 916 0378 DC       		.byte	-36
 917 0379 01       		.byte	1
 918 037a DD       		.byte	-35
 919 037b 01       		.byte	1
 920 037c DF       		.byte	-33
 921 037d 01       		.byte	1
 922 037e E0       		.byte	-32
 923 037f 40       		.byte	64
 924 0380 E1       		.byte	-31
 925 0381 A8       		.byte	-88
 926 0382 E2       		.byte	-30
 927 0383 40       		.byte	64
 928 0384 E3       		.byte	-29
 929 0385 20       		.byte	32
 930 0386 00       		.byte	0
 931 0387 84       		.byte	-124
 932 0388 03       		.byte	3
 933 0389 08       		.byte	8
 934 038a 04       		.byte	4
 935 038b 01       		.byte	1
 936 038c 05       		.byte	5
 937 038d 30       		.byte	48
 938 038e 06       		.byte	6
 939 038f 82       		.byte	-126
 940 0390 07       		.byte	7
 941 0391 10       		.byte	16
 942 0392 09       		.byte	9
 943 0393 08       		.byte	8
 944 0394 0B       		.byte	11
 945 0395 80       		.byte	-128
 946 0396 0C       		.byte	12
 947 0397 04       		.byte	4
 948 0398 0E       		.byte	14
 949 0399 62       		.byte	98
 950 039a 10       		.byte	16
 951 039b 28       		.byte	40
 952 039c 12       		.byte	18
 953 039d 80       		.byte	-128
 954 039e 16       		.byte	22
 955 039f 01       		.byte	1
 956 03a0 17       		.byte	23
 957 03a1 25       		.byte	37
 958 03a2 18       		.byte	24
 959 03a3 40       		.byte	64
 960 03a4 19       		.byte	25
 961 03a5 08       		.byte	8
 962 03a6 1B       		.byte	27
 963 03a7 08       		.byte	8
 964 03a8 1C       		.byte	28
 965 03a9 01       		.byte	1
 966 03aa 1D       		.byte	29
 967 03ab 10       		.byte	16
 968 03ac 1E       		.byte	30
 969 03ad 10       		.byte	16
ARM GAS  C:\Users\mgnocco\AppData\Local\Temp\ccoHU6Wn.s 			page 18


 970 03ae 25       		.byte	37
 971 03af 04       		.byte	4
 972 03b0 26       		.byte	38
 973 03b1 25       		.byte	37
 974 03b2 27       		.byte	39
 975 03b3 40       		.byte	64
 976 03b4 2D       		.byte	45
 977 03b5 20       		.byte	32
 978 03b6 2E       		.byte	46
 979 03b7 42       		.byte	66
 980 03b8 2F       		.byte	47
 981 03b9 10       		.byte	16
 982 03ba 34       		.byte	52
 983 03bb 04       		.byte	4
 984 03bc 35       		.byte	53
 985 03bd 04       		.byte	4
 986 03be 37       		.byte	55
 987 03bf 51       		.byte	81
 988 03c0 3A       		.byte	58
 989 03c1 01       		.byte	1
 990 03c2 3B       		.byte	59
 991 03c3 01       		.byte	1
 992 03c4 3E       		.byte	62
 993 03c5 A8       		.byte	-88
 994 03c6 3F       		.byte	63
 995 03c7 01       		.byte	1
 996 03c8 40       		.byte	64
 997 03c9 40       		.byte	64
 998 03ca 50       		.byte	80
 999 03cb 28       		.byte	40
 1000 03cc 52       		.byte	82
 1001 03cd 04       		.byte	4
 1002 03ce 5E       		.byte	94
 1003 03cf 10       		.byte	16
 1004 03d0 6D       		.byte	109
 1005 03d1 10       		.byte	16
 1006 03d2 6E       		.byte	110
 1007 03d3 84       		.byte	-124
 1008 03d4 76       		.byte	118
 1009 03d5 29       		.byte	41
 1010 03d6 77       		.byte	119
 1011 03d7 24       		.byte	36
 1012 03d8 88       		.byte	-120
 1013 03d9 02       		.byte	2
 1014 03da 8A       		.byte	-118
 1015 03db 20       		.byte	32
 1016 03dc 94       		.byte	-108
 1017 03dd 05       		.byte	5
 1018 03de 95       		.byte	-107
 1019 03df 04       		.byte	4
 1020 03e0 9C       		.byte	-100
 1021 03e1 03       		.byte	3
 1022 03e2 9D       		.byte	-99
 1023 03e3 14       		.byte	20
 1024 03e4 9E       		.byte	-98
 1025 03e5 04       		.byte	4
 1026 03e6 A0       		.byte	-96
ARM GAS  C:\Users\mgnocco\AppData\Local\Temp\ccoHU6Wn.s 			page 19


 1027 03e7 40       		.byte	64
 1028 03e8 A1       		.byte	-95
 1029 03e9 08       		.byte	8
 1030 03ea A2       		.byte	-94
 1031 03eb 80       		.byte	-128
 1032 03ec A4       		.byte	-92
 1033 03ed 20       		.byte	32
 1034 03ee A6       		.byte	-90
 1035 03ef 05       		.byte	5
 1036 03f0 A7       		.byte	-89
 1037 03f1 10       		.byte	16
 1038 03f2 AC       		.byte	-84
 1039 03f3 01       		.byte	1
 1040 03f4 B0       		.byte	-80
 1041 03f5 04       		.byte	4
 1042 03f6 B1       		.byte	-79
 1043 03f7 01       		.byte	1
 1044 03f8 B3       		.byte	-77
 1045 03f9 01       		.byte	1
 1046 03fa B5       		.byte	-75
 1047 03fb 80       		.byte	-128
 1048 03fc C0       		.byte	-64
 1049 03fd F7       		.byte	-9
 1050 03fe C2       		.byte	-62
 1051 03ff BC       		.byte	-68
 1052 0400 C4       		.byte	-60
 1053 0401 FE       		.byte	-2
 1054 0402 CA       		.byte	-54
 1055 0403 F0       		.byte	-16
 1056 0404 CC       		.byte	-52
 1057 0405 F0       		.byte	-16
 1058 0406 CE       		.byte	-50
 1059 0407 F0       		.byte	-16
 1060 0408 D0       		.byte	-48
 1061 0409 01       		.byte	1
 1062 040a D6       		.byte	-42
 1063 040b 20       		.byte	32
 1064 040c EA       		.byte	-22
 1065 040d 90       		.byte	-112
 1066 040e 04       		.byte	4
 1067 040f 13       		.byte	19
 1068 0410 06       		.byte	6
 1069 0411 0C       		.byte	12
 1070 0412 0E       		.byte	14
 1071 0413 08       		.byte	8
 1072 0414 14       		.byte	20
 1073 0415 13       		.byte	19
 1074 0416 15       		.byte	21
 1075 0417 01       		.byte	1
 1076 0418 16       		.byte	22
 1077 0419 04       		.byte	4
 1078 041a 20       		.byte	32
 1079 041b 0A       		.byte	10
 1080 041c 22       		.byte	34
 1081 041d 14       		.byte	20
 1082 041e 24       		.byte	36
 1083 041f 03       		.byte	3
ARM GAS  C:\Users\mgnocco\AppData\Local\Temp\ccoHU6Wn.s 			page 20


 1084 0420 25       		.byte	37
 1085 0421 02       		.byte	2
 1086 0422 26       		.byte	38
 1087 0423 14       		.byte	20
 1088 0424 2A       		.byte	42
 1089 0425 15       		.byte	21
 1090 0426 30       		.byte	48
 1091 0427 10       		.byte	16
 1092 0428 31       		.byte	49
 1093 0429 02       		.byte	2
 1094 042a 33       		.byte	51
 1095 042b 01       		.byte	1
 1096 042c 34       		.byte	52
 1097 042d 0F       		.byte	15
 1098 042e 3A       		.byte	58
 1099 042f 20       		.byte	32
 1100 0430 3E       		.byte	62
 1101 0431 01       		.byte	1
 1102 0432 3F       		.byte	63
 1103 0433 05       		.byte	5
 1104 0434 40       		.byte	64
 1105 0435 26       		.byte	38
 1106 0436 41       		.byte	65
 1107 0437 03       		.byte	3
 1108 0438 45       		.byte	69
 1109 0439 0C       		.byte	12
 1110 043a 46       		.byte	70
 1111 043b 0B       		.byte	11
 1112 043c 47       		.byte	71
 1113 043d 0E       		.byte	14
 1114 043e 48       		.byte	72
 1115 043f 15       		.byte	21
 1116 0440 49       		.byte	73
 1117 0441 FF       		.byte	-1
 1118 0442 4A       		.byte	74
 1119 0443 FF       		.byte	-1
 1120 0444 4B       		.byte	75
 1121 0445 FF       		.byte	-1
 1122 0446 4E       		.byte	78
 1123 0447 F0       		.byte	-16
 1124 0448 4F       		.byte	79
 1125 0449 44       		.byte	68
 1126 044a 50       		.byte	80
 1127 044b 0C       		.byte	12
 1128 044c 54       		.byte	84
 1129 044d 01       		.byte	1
 1130 044e 56       		.byte	86
 1131 044f 04       		.byte	4
 1132 0450 58       		.byte	88
 1133 0451 04       		.byte	4
 1134 0452 59       		.byte	89
 1135 0453 04       		.byte	4
 1136 0454 5A       		.byte	90
 1137 0455 04       		.byte	4
 1138 0456 5B       		.byte	91
 1139 0457 04       		.byte	4
 1140 0458 5C       		.byte	92
ARM GAS  C:\Users\mgnocco\AppData\Local\Temp\ccoHU6Wn.s 			page 21


 1141 0459 01       		.byte	1
 1142 045a 5D       		.byte	93
 1143 045b 11       		.byte	17
 1144 045c 5F       		.byte	95
 1145 045d 01       		.byte	1
 1146 045e 66       		.byte	102
 1147 045f C0       		.byte	-64
 1148 0460 6A       		.byte	106
 1149 0461 40       		.byte	64
 1150 0462 6B       		.byte	107
 1151 0463 02       		.byte	2
 1152 0464 81       		.byte	-127
 1153 0465 02       		.byte	2
 1154 0466 83       		.byte	-125
 1155 0467 04       		.byte	4
 1156 0468 85       		.byte	-123
 1157 0469 0F       		.byte	15
 1158 046a 86       		.byte	-122
 1159 046b 08       		.byte	8
 1160 046c 89       		.byte	-119
 1161 046d 0F       		.byte	15
 1162 046e 90       		.byte	-112
 1163 046f 02       		.byte	2
 1164 0470 92       		.byte	-110
 1165 0471 05       		.byte	5
 1166 0472 98       		.byte	-104
 1167 0473 03       		.byte	3
 1168 0474 99       		.byte	-103
 1169 0475 04       		.byte	4
 1170 0476 9B       		.byte	-101
 1171 0477 0A       		.byte	10
 1172 0478 9D       		.byte	-99
 1173 0479 01       		.byte	1
 1174 047a A8       		.byte	-88
 1175 047b 03       		.byte	3
 1176 047c AC       		.byte	-84
 1177 047d 01       		.byte	1
 1178 047e AD       		.byte	-83
 1179 047f 08       		.byte	8
 1180 0480 AE       		.byte	-82
 1181 0481 16       		.byte	22
 1182 0482 AF       		.byte	-81
 1183 0483 04       		.byte	4
 1184 0484 B0       		.byte	-80
 1185 0485 03       		.byte	3
 1186 0486 B3       		.byte	-77
 1187 0487 0E       		.byte	14
 1188 0488 B4       		.byte	-76
 1189 0489 10       		.byte	16
 1190 048a B6       		.byte	-74
 1191 048b 0C       		.byte	12
 1192 048c B7       		.byte	-73
 1193 048d 01       		.byte	1
 1194 048e BA       		.byte	-70
 1195 048f 08       		.byte	8
 1196 0490 BE       		.byte	-66
 1197 0491 40       		.byte	64
ARM GAS  C:\Users\mgnocco\AppData\Local\Temp\ccoHU6Wn.s 			page 22


 1198 0492 C0       		.byte	-64
 1199 0493 64       		.byte	100
 1200 0494 C1       		.byte	-63
 1201 0495 02       		.byte	2
 1202 0496 C2       		.byte	-62
 1203 0497 03       		.byte	3
 1204 0498 C4       		.byte	-60
 1205 0499 01       		.byte	1
 1206 049a C5       		.byte	-59
 1207 049b 0E       		.byte	14
 1208 049c C6       		.byte	-58
 1209 049d C0       		.byte	-64
 1210 049e C8       		.byte	-56
 1211 049f 09       		.byte	9
 1212 04a0 C9       		.byte	-55
 1213 04a1 FF       		.byte	-1
 1214 04a2 CA       		.byte	-54
 1215 04a3 FF       		.byte	-1
 1216 04a4 CB       		.byte	-53
 1217 04a5 FF       		.byte	-1
 1218 04a6 CC       		.byte	-52
 1219 04a7 62       		.byte	98
 1220 04a8 CD       		.byte	-51
 1221 04a9 A0       		.byte	-96
 1222 04aa CE       		.byte	-50
 1223 04ab F0       		.byte	-16
 1224 04ac CF       		.byte	-49
 1225 04ad 41       		.byte	65
 1226 04ae D0       		.byte	-48
 1227 04af 0C       		.byte	12
 1228 04b0 D8       		.byte	-40
 1229 04b1 04       		.byte	4
 1230 04b2 D9       		.byte	-39
 1231 04b3 04       		.byte	4
 1232 04b4 DA       		.byte	-38
 1233 04b5 04       		.byte	4
 1234 04b6 DC       		.byte	-36
 1235 04b7 11       		.byte	17
 1236 04b8 DD       		.byte	-35
 1237 04b9 01       		.byte	1
 1238 04ba DF       		.byte	-33
 1239 04bb 01       		.byte	1
 1240 04bc E6       		.byte	-26
 1241 04bd 40       		.byte	64
 1242 04be E7       		.byte	-25
 1243 04bf 02       		.byte	2
 1244 04c0 E9       		.byte	-23
 1245 04c1 10       		.byte	16
 1246 04c2 EA       		.byte	-22
 1247 04c3 30       		.byte	48
 1248 04c4 EB       		.byte	-21
 1249 04c5 10       		.byte	16
 1250 04c6 ED       		.byte	-19
 1251 04c7 10       		.byte	16
 1252 04c8 EE       		.byte	-18
 1253 04c9 10       		.byte	16
 1254 04ca EF       		.byte	-17
ARM GAS  C:\Users\mgnocco\AppData\Local\Temp\ccoHU6Wn.s 			page 23


 1255 04cb 12       		.byte	18
 1256 04cc 00       		.byte	0
 1257 04cd 84       		.byte	-124
 1258 04ce 07       		.byte	7
 1259 04cf 10       		.byte	16
 1260 04d0 09       		.byte	9
 1261 04d1 08       		.byte	8
 1262 04d2 0E       		.byte	14
 1263 04d3 44       		.byte	68
 1264 04d4 10       		.byte	16
 1265 04d5 38       		.byte	56
 1266 04d6 12       		.byte	18
 1267 04d7 80       		.byte	-128
 1268 04d8 15       		.byte	21
 1269 04d9 10       		.byte	16
 1270 04da 16       		.byte	22
 1271 04db 02       		.byte	2
 1272 04dc 18       		.byte	24
 1273 04dd 04       		.byte	4
 1274 04de 1A       		.byte	26
 1275 04df 80       		.byte	-128
 1276 04e0 1D       		.byte	29
 1277 04e1 80       		.byte	-128
 1278 04e2 1E       		.byte	30
 1279 04e3 60       		.byte	96
 1280 04e4 1F       		.byte	31
 1281 04e5 10       		.byte	16
 1282 04e6 20       		.byte	32
 1283 04e7 40       		.byte	64
 1284 04e8 22       		.byte	34
 1285 04e9 04       		.byte	4
 1286 04ea 27       		.byte	39
 1287 04eb 11       		.byte	17
 1288 04ec 29       		.byte	41
 1289 04ed 08       		.byte	8
 1290 04ee 2E       		.byte	46
 1291 04ef 40       		.byte	64
 1292 04f0 33       		.byte	51
 1293 04f1 08       		.byte	8
 1294 04f2 36       		.byte	54
 1295 04f3 40       		.byte	64
 1296 04f4 37       		.byte	55
 1297 04f5 10       		.byte	16
 1298 04f6 3D       		.byte	61
 1299 04f7 10       		.byte	16
 1300 04f8 3E       		.byte	62
 1301 04f9 06       		.byte	6
 1302 04fa 40       		.byte	64
 1303 04fb 04       		.byte	4
 1304 04fc 41       		.byte	65
 1305 04fd 08       		.byte	8
 1306 04fe 45       		.byte	69
 1307 04ff 84       		.byte	-124
 1308 0500 47       		.byte	71
 1309 0501 21       		.byte	33
 1310 0502 48       		.byte	72
 1311 0503 28       		.byte	40
ARM GAS  C:\Users\mgnocco\AppData\Local\Temp\ccoHU6Wn.s 			page 24


 1312 0504 4D       		.byte	77
 1313 0505 24       		.byte	36
 1314 0506 53       		.byte	83
 1315 0507 48       		.byte	72
 1316 0508 57       		.byte	87
 1317 0509 10       		.byte	16
 1318 050a 58       		.byte	88
 1319 050b 12       		.byte	18
 1320 050c 5A       		.byte	90
 1321 050d 88       		.byte	-120
 1322 050e 5E       		.byte	94
 1323 050f 20       		.byte	32
 1324 0510 5F       		.byte	95
 1325 0511 20       		.byte	32
 1326 0512 62       		.byte	98
 1327 0513 01       		.byte	1
 1328 0514 80       		.byte	-128
 1329 0515 42       		.byte	66
 1330 0516 83       		.byte	-125
 1331 0517 08       		.byte	8
 1332 0518 84       		.byte	-124
 1333 0519 01       		.byte	1
 1334 051a 8A       		.byte	-118
 1335 051b 02       		.byte	2
 1336 051c 8E       		.byte	-114
 1337 051d 01       		.byte	1
 1338 051e 91       		.byte	-111
 1339 051f 10       		.byte	16
 1340 0520 92       		.byte	-110
 1341 0521 04       		.byte	4
 1342 0522 94       		.byte	-108
 1343 0523 04       		.byte	4
 1344 0524 95       		.byte	-107
 1345 0525 04       		.byte	4
 1346 0526 96       		.byte	-106
 1347 0527 40       		.byte	64
 1348 0528 97       		.byte	-105
 1349 0529 A0       		.byte	-96
 1350 052a 99       		.byte	-103
 1351 052b 28       		.byte	40
 1352 052c 9C       		.byte	-100
 1353 052d 01       		.byte	1
 1354 052e 9E       		.byte	-98
 1355 052f 02       		.byte	2
 1356 0530 9F       		.byte	-97
 1357 0531 11       		.byte	17
 1358 0532 A0       		.byte	-96
 1359 0533 48       		.byte	72
 1360 0534 A1       		.byte	-95
 1361 0535 0C       		.byte	12
 1362 0536 A2       		.byte	-94
 1363 0537 C0       		.byte	-64
 1364 0538 A6       		.byte	-90
 1365 0539 10       		.byte	16
 1366 053a A7       		.byte	-89
 1367 053b 10       		.byte	16
 1368 053c C0       		.byte	-64
ARM GAS  C:\Users\mgnocco\AppData\Local\Temp\ccoHU6Wn.s 			page 25


 1369 053d 25       		.byte	37
 1370 053e C2       		.byte	-62
 1371 053f 54       		.byte	84
 1372 0540 C4       		.byte	-60
 1373 0541 CE       		.byte	-50
 1374 0542 CA       		.byte	-54
 1375 0543 12       		.byte	18
 1376 0544 CC       		.byte	-52
 1377 0545 32       		.byte	50
 1378 0546 CE       		.byte	-50
 1379 0547 E0       		.byte	-32
 1380 0548 D0       		.byte	-48
 1381 0549 F6       		.byte	-10
 1382 054a D2       		.byte	-46
 1383 054b 24       		.byte	36
 1384 054c D6       		.byte	-42
 1385 054d 0F       		.byte	15
 1386 054e D8       		.byte	-40
 1387 054f 01       		.byte	1
 1388 0550 E4       		.byte	-28
 1389 0551 04       		.byte	4
 1390 0552 E6       		.byte	-26
 1391 0553 40       		.byte	64
 1392 0554 30       		.byte	48
 1393 0555 10       		.byte	16
 1394 0556 35       		.byte	53
 1395 0557 80       		.byte	-128
 1396 0558 CC       		.byte	-52
 1397 0559 30       		.byte	48
 1398 055a 5B       		.byte	91
 1399 055b 04       		.byte	4
 1400 055c 9C       		.byte	-100
 1401 055d 10       		.byte	16
 1402 055e 9D       		.byte	-99
 1403 055f 80       		.byte	-128
 1404 0560 D6       		.byte	-42
 1405 0561 40       		.byte	64
 1406 0562 9C       		.byte	-100
 1407 0563 10       		.byte	16
 1408 0564 9D       		.byte	-99
 1409 0565 80       		.byte	-128
 1410 0566 9F       		.byte	-97
 1411 0567 04       		.byte	4
 1412 0568 84       		.byte	-124
 1413 0569 10       		.byte	16
 1414 056a 9C       		.byte	-100
 1415 056b 10       		.byte	16
 1416 056c 9D       		.byte	-99
 1417 056d 80       		.byte	-128
 1418 056e AB       		.byte	-85
 1419 056f 04       		.byte	4
 1420 0570 E6       		.byte	-26
 1421 0571 40       		.byte	64
 1422 0572 EA       		.byte	-22
 1423 0573 80       		.byte	-128
 1424 0574 57       		.byte	87
 1425 0575 04       		.byte	4
ARM GAS  C:\Users\mgnocco\AppData\Local\Temp\ccoHU6Wn.s 			page 26


 1426 0576 5D       		.byte	93
 1427 0577 02       		.byte	2
 1428 0578 D4       		.byte	-44
 1429 0579 02       		.byte	2
 1430 057a D6       		.byte	-42
 1431 057b 01       		.byte	1
 1432 057c 9D       		.byte	-99
 1433 057d 02       		.byte	2
 1434 057e B7       		.byte	-73
 1435 057f 04       		.byte	4
 1436 0580 E8       		.byte	-24
 1437 0581 02       		.byte	2
 1438 0582 8D       		.byte	-115
 1439 0583 02       		.byte	2
 1440 0584 9D       		.byte	-99
 1441 0585 02       		.byte	2
 1442 0586 E0       		.byte	-32
 1443 0587 02       		.byte	2
 1444 0588 9D       		.byte	-99
 1445 0589 80       		.byte	-128
 1446 058a 0F       		.byte	15
 1447 058b 04       		.byte	4
 1448 058c 87       		.byte	-121
 1449 058d 04       		.byte	4
 1450 058e 8D       		.byte	-115
 1451 058f 80       		.byte	-128
 1452 0590 9D       		.byte	-99
 1453 0591 80       		.byte	-128
 1454 0592 C2       		.byte	-62
 1455 0593 80       		.byte	-128
 1456 0594 E0       		.byte	-32
 1457 0595 40       		.byte	64
 1458 0596 10       		.byte	16
 1459 0597 40       		.byte	64
 1460 0598 70       		.byte	112
 1461 0599 01       		.byte	1
 1462 059a 80       		.byte	-128
 1463 059b 01       		.byte	1
 1464 059c 88       		.byte	-120
 1465 059d 40       		.byte	64
 1466 059e C4       		.byte	-60
 1467 059f 08       		.byte	8
 1468 05a0 DC       		.byte	-36
 1469 05a1 01       		.byte	1
 1470 05a2 E2       		.byte	-30
 1471 05a3 01       		.byte	1
 1472 05a4 00       		.byte	0
 1473 05a5 03       		.byte	3
 1474 05a6 0A       		.byte	10
 1475 05a7 01       		.byte	1
 1476 05a8 0C       		.byte	12
 1477 05a9 03       		.byte	3
 1478 05aa 10       		.byte	16
 1479 05ab 02       		.byte	2
 1480 05ac 1C       		.byte	28
 1481 05ad 02       		.byte	2
 1482 05ae 00       		.byte	0
ARM GAS  C:\Users\mgnocco\AppData\Local\Temp\ccoHU6Wn.s 			page 27


 1483 05af 0F       		.byte	15
 1484 05b0 00       		.byte	0
 1485 05b1 80       		.byte	-128
 1486 05b2 80       		.byte	-128
 1487 05b3 00       		.byte	0
 1488 05b4 80       		.byte	-128
 1489 05b5 00       		.byte	0
 1490 05b6 00       		.byte	0
 1491 05b7 00       		.byte	0
 1492 05b8 80       		.byte	-128
 1493 05b9 00       		.byte	0
 1494 05ba 40       		.byte	64
 1495 05bb 80       		.byte	-128
 1496 05bc 80       		.byte	-128
 1497 05bd 00       		.byte	0
 1498 05be 80       		.byte	-128
 1499 05bf 00       		.byte	0
 1500 05c0 00       		.byte	0
 1501 05c1 00       		.byte	0
 1502 05c2 00       		.byte	0
 1503 05c3 00       		.byte	0
 1504 05c4 00       		.byte	0
 1505 05c5 0B       		.byte	11
 1506 05c6 0B       		.byte	11
 1507 05c7 00       		.byte	0
 1508 05c8 00       		.byte	0
 1509 05c9 00       		.byte	0
 1510 05ca 00       		.byte	0
 1511 05cb 00       		.byte	0
 1512 05cc 80       		.byte	-128
 1513 05cd 1A       		.byte	26
 1514 05ce 1A       		.byte	26
 1515 05cf 00       		.byte	0
 1516 05d0 18       		.byte	24
 1517 05d1 00       		.byte	0
 1518 05d2 00       		.byte	0
 1519 05d3 00       		.byte	0
 1520 05d4 80       		.byte	-128
 1521 05d5 00       		.byte	0
 1522 05d6 00       		.byte	0
 1523 05d7 00       		.byte	0
 1524 05d8 00       		.byte	0
 1525 05d9 00       		.byte	0
 1526 05da 00       		.byte	0
 1527 05db 00       		.byte	0
 1528              		.section	.cywolatch,"a",%progbits
 1529              		.type	cy_meta_wonvl, %object
 1530              		.size	cy_meta_wonvl, 4
 1531              	cy_meta_wonvl:
 1532 0000 BC       		.byte	-68
 1533 0001 90       		.byte	-112
 1534 0002 AC       		.byte	-84
 1535 0003 AF       		.byte	-81
 1536              		.section	.cycustnvl,"a",%progbits
 1537              		.type	cy_meta_custnvl, %object
 1538              		.size	cy_meta_custnvl, 4
 1539              	cy_meta_custnvl:
ARM GAS  C:\Users\mgnocco\AppData\Local\Temp\ccoHU6Wn.s 			page 28


 1540 0000 00       		.byte	0
 1541 0001 00       		.byte	0
 1542 0002 40       		.byte	64
 1543 0003 05       		.byte	5
 1544              		.section	.cymeta,"a",%progbits
 1545              		.type	cy_metadata, %object
 1546              		.size	cy_metadata, 12
 1547              	cy_metadata:
 1548 0000 00       		.byte	0
 1549 0001 01       		.byte	1
 1550 0002 2E       		.byte	46
 1551 0003 16       		.byte	22
 1552 0004 10       		.byte	16
 1553 0005 69       		.byte	105
 1554 0006 00       		.byte	0
 1555 0007 01       		.byte	1
 1556 0008 00       		.byte	0
 1557 0009 00       		.byte	0
 1558 000a 00       		.byte	0
 1559 000b 00       		.byte	0
 1560              		.section	.cyflashprotect,"a",%progbits
 1561              		.type	cy_meta_flashprotect, %object
 1562              		.size	cy_meta_flashprotect, 256
 1563              	cy_meta_flashprotect:
 1564 0000 00000000 		.space	256
 1564      00000000 
 1564      00000000 
 1564      00000000 
 1564      00000000 
 1565              		.text
 1566              	.Letext0:
 1567              		.file 1 "c:\\program files (x86)\\cypress\\psoc creator\\4.4\\psoc creator\\import\\gnu\\arm\\5.4.
 1568              		.file 2 "c:\\program files (x86)\\cypress\\psoc creator\\4.4\\psoc creator\\import\\gnu\\arm\\5.4.
 1569              		.file 3 "Generated_Source\\PSoC5\\cymetadata.c"
 1570              		.section	.debug_info,"",%progbits
 1571              	.Ldebug_info0:
 1572 0000 33010000 		.4byte	0x133
 1573 0004 0400     		.2byte	0x4
 1574 0006 00000000 		.4byte	.Ldebug_abbrev0
 1575 000a 04       		.byte	0x4
 1576 000b 01       		.uleb128 0x1
 1577 000c 08010000 		.4byte	.LASF17
 1578 0010 0C       		.byte	0xc
 1579 0011 F7010000 		.4byte	.LASF18
 1580 0015 0A000000 		.4byte	.LASF19
 1581 0019 00000000 		.4byte	.Ldebug_line0
 1582 001d 02       		.uleb128 0x2
 1583 001e 01       		.byte	0x1
 1584 001f 06       		.byte	0x6
 1585 0020 EB010000 		.4byte	.LASF0
 1586 0024 03       		.uleb128 0x3
 1587 0025 00000000 		.4byte	.LASF9
 1588 0029 01       		.byte	0x1
 1589 002a 1D       		.byte	0x1d
 1590 002b 2F000000 		.4byte	0x2f
 1591 002f 02       		.uleb128 0x2
 1592 0030 01       		.byte	0x1
ARM GAS  C:\Users\mgnocco\AppData\Local\Temp\ccoHU6Wn.s 			page 29


 1593 0031 08       		.byte	0x8
 1594 0032 A6000000 		.4byte	.LASF1
 1595 0036 02       		.uleb128 0x2
 1596 0037 02       		.byte	0x2
 1597 0038 05       		.byte	0x5
 1598 0039 D8010000 		.4byte	.LASF2
 1599 003d 02       		.uleb128 0x2
 1600 003e 02       		.byte	0x2
 1601 003f 07       		.byte	0x7
 1602 0040 C6000000 		.4byte	.LASF3
 1603 0044 02       		.uleb128 0x2
 1604 0045 04       		.byte	0x4
 1605 0046 05       		.byte	0x5
 1606 0047 E2010000 		.4byte	.LASF4
 1607 004b 02       		.uleb128 0x2
 1608 004c 04       		.byte	0x4
 1609 004d 07       		.byte	0x7
 1610 004e B4000000 		.4byte	.LASF5
 1611 0052 02       		.uleb128 0x2
 1612 0053 08       		.byte	0x8
 1613 0054 05       		.byte	0x5
 1614 0055 CA010000 		.4byte	.LASF6
 1615 0059 02       		.uleb128 0x2
 1616 005a 08       		.byte	0x8
 1617 005b 07       		.byte	0x7
 1618 005c 8F000000 		.4byte	.LASF7
 1619 0060 04       		.uleb128 0x4
 1620 0061 04       		.byte	0x4
 1621 0062 05       		.byte	0x5
 1622 0063 696E7400 		.ascii	"int\000"
 1623 0067 02       		.uleb128 0x2
 1624 0068 04       		.byte	0x4
 1625 0069 07       		.byte	0x7
 1626 006a FB000000 		.4byte	.LASF8
 1627 006e 03       		.uleb128 0x3
 1628 006f 96010000 		.4byte	.LASF10
 1629 0073 02       		.byte	0x2
 1630 0074 18       		.byte	0x18
 1631 0075 24000000 		.4byte	0x24
 1632 0079 05       		.uleb128 0x5
 1633 007a 91000000 		.4byte	0x91
 1634 007e 8A000000 		.4byte	0x8a
 1635 0082 06       		.uleb128 0x6
 1636 0083 8A000000 		.4byte	0x8a
 1637 0087 DB05     		.2byte	0x5db
 1638 0089 00       		.byte	0
 1639 008a 02       		.uleb128 0x2
 1640 008b 04       		.byte	0x4
 1641 008c 07       		.byte	0x7
 1642 008d C1010000 		.4byte	.LASF11
 1643 0091 07       		.uleb128 0x7
 1644 0092 6E000000 		.4byte	0x6e
 1645 0096 08       		.uleb128 0x8
 1646 0097 E9000000 		.4byte	.LASF12
 1647 009b 03       		.byte	0x3
 1648 009c 1F       		.byte	0x1f
 1649 009d A7000000 		.4byte	0xa7
ARM GAS  C:\Users\mgnocco\AppData\Local\Temp\ccoHU6Wn.s 			page 30


 1650 00a1 05       		.uleb128 0x5
 1651 00a2 03       		.byte	0x3
 1652 00a3 00000000 		.4byte	cy_meta_configecc
 1653 00a7 07       		.uleb128 0x7
 1654 00a8 79000000 		.4byte	0x79
 1655 00ac 05       		.uleb128 0x5
 1656 00ad 91000000 		.4byte	0x91
 1657 00b1 BC000000 		.4byte	0xbc
 1658 00b5 09       		.uleb128 0x9
 1659 00b6 8A000000 		.4byte	0x8a
 1660 00ba 03       		.byte	0x3
 1661 00bb 00       		.byte	0
 1662 00bc 08       		.uleb128 0x8
 1663 00bd D9000000 		.4byte	.LASF13
 1664 00c1 03       		.byte	0x3
 1665 00c2 E8       		.byte	0xe8
 1666 00c3 CD000000 		.4byte	0xcd
 1667 00c7 05       		.uleb128 0x5
 1668 00c8 03       		.byte	0x3
 1669 00c9 00000000 		.4byte	cy_meta_custnvl
 1670 00cd 07       		.uleb128 0x7
 1671 00ce AC000000 		.4byte	0xac
 1672 00d2 08       		.uleb128 0x8
 1673 00d3 B3010000 		.4byte	.LASF14
 1674 00d7 03       		.byte	0x3
 1675 00d8 F6       		.byte	0xf6
 1676 00d9 E3000000 		.4byte	0xe3
 1677 00dd 05       		.uleb128 0x5
 1678 00de 03       		.byte	0x3
 1679 00df 00000000 		.4byte	cy_meta_wonvl
 1680 00e3 07       		.uleb128 0x7
 1681 00e4 AC000000 		.4byte	0xac
 1682 00e8 05       		.uleb128 0x5
 1683 00e9 91000000 		.4byte	0x91
 1684 00ed F8000000 		.4byte	0xf8
 1685 00f1 09       		.uleb128 0x9
 1686 00f2 8A000000 		.4byte	0x8a
 1687 00f6 FF       		.byte	0xff
 1688 00f7 00       		.byte	0
 1689 00f8 0A       		.uleb128 0xa
 1690 00f9 9E010000 		.4byte	.LASF15
 1691 00fd 03       		.byte	0x3
 1692 00fe 0401     		.2byte	0x104
 1693 0100 0A010000 		.4byte	0x10a
 1694 0104 05       		.uleb128 0x5
 1695 0105 03       		.byte	0x3
 1696 0106 00000000 		.4byte	cy_meta_flashprotect
 1697 010a 07       		.uleb128 0x7
 1698 010b E8000000 		.4byte	0xe8
 1699 010f 05       		.uleb128 0x5
 1700 0110 91000000 		.4byte	0x91
 1701 0114 1F010000 		.4byte	0x11f
 1702 0118 09       		.uleb128 0x9
 1703 0119 8A000000 		.4byte	0x8a
 1704 011d 0B       		.byte	0xb
 1705 011e 00       		.byte	0
 1706 011f 0A       		.uleb128 0xa
ARM GAS  C:\Users\mgnocco\AppData\Local\Temp\ccoHU6Wn.s 			page 31


 1707 0120 83000000 		.4byte	.LASF16
 1708 0124 03       		.byte	0x3
 1709 0125 3101     		.2byte	0x131
 1710 0127 31010000 		.4byte	0x131
 1711 012b 05       		.uleb128 0x5
 1712 012c 03       		.byte	0x3
 1713 012d 00000000 		.4byte	cy_metadata
 1714 0131 07       		.uleb128 0x7
 1715 0132 0F010000 		.4byte	0x10f
 1716 0136 00       		.byte	0
 1717              		.section	.debug_abbrev,"",%progbits
 1718              	.Ldebug_abbrev0:
 1719 0000 01       		.uleb128 0x1
 1720 0001 11       		.uleb128 0x11
 1721 0002 01       		.byte	0x1
 1722 0003 25       		.uleb128 0x25
 1723 0004 0E       		.uleb128 0xe
 1724 0005 13       		.uleb128 0x13
 1725 0006 0B       		.uleb128 0xb
 1726 0007 03       		.uleb128 0x3
 1727 0008 0E       		.uleb128 0xe
 1728 0009 1B       		.uleb128 0x1b
 1729 000a 0E       		.uleb128 0xe
 1730 000b 10       		.uleb128 0x10
 1731 000c 17       		.uleb128 0x17
 1732 000d 00       		.byte	0
 1733 000e 00       		.byte	0
 1734 000f 02       		.uleb128 0x2
 1735 0010 24       		.uleb128 0x24
 1736 0011 00       		.byte	0
 1737 0012 0B       		.uleb128 0xb
 1738 0013 0B       		.uleb128 0xb
 1739 0014 3E       		.uleb128 0x3e
 1740 0015 0B       		.uleb128 0xb
 1741 0016 03       		.uleb128 0x3
 1742 0017 0E       		.uleb128 0xe
 1743 0018 00       		.byte	0
 1744 0019 00       		.byte	0
 1745 001a 03       		.uleb128 0x3
 1746 001b 16       		.uleb128 0x16
 1747 001c 00       		.byte	0
 1748 001d 03       		.uleb128 0x3
 1749 001e 0E       		.uleb128 0xe
 1750 001f 3A       		.uleb128 0x3a
 1751 0020 0B       		.uleb128 0xb
 1752 0021 3B       		.uleb128 0x3b
 1753 0022 0B       		.uleb128 0xb
 1754 0023 49       		.uleb128 0x49
 1755 0024 13       		.uleb128 0x13
 1756 0025 00       		.byte	0
 1757 0026 00       		.byte	0
 1758 0027 04       		.uleb128 0x4
 1759 0028 24       		.uleb128 0x24
 1760 0029 00       		.byte	0
 1761 002a 0B       		.uleb128 0xb
 1762 002b 0B       		.uleb128 0xb
 1763 002c 3E       		.uleb128 0x3e
ARM GAS  C:\Users\mgnocco\AppData\Local\Temp\ccoHU6Wn.s 			page 32


 1764 002d 0B       		.uleb128 0xb
 1765 002e 03       		.uleb128 0x3
 1766 002f 08       		.uleb128 0x8
 1767 0030 00       		.byte	0
 1768 0031 00       		.byte	0
 1769 0032 05       		.uleb128 0x5
 1770 0033 01       		.uleb128 0x1
 1771 0034 01       		.byte	0x1
 1772 0035 49       		.uleb128 0x49
 1773 0036 13       		.uleb128 0x13
 1774 0037 01       		.uleb128 0x1
 1775 0038 13       		.uleb128 0x13
 1776 0039 00       		.byte	0
 1777 003a 00       		.byte	0
 1778 003b 06       		.uleb128 0x6
 1779 003c 21       		.uleb128 0x21
 1780 003d 00       		.byte	0
 1781 003e 49       		.uleb128 0x49
 1782 003f 13       		.uleb128 0x13
 1783 0040 2F       		.uleb128 0x2f
 1784 0041 05       		.uleb128 0x5
 1785 0042 00       		.byte	0
 1786 0043 00       		.byte	0
 1787 0044 07       		.uleb128 0x7
 1788 0045 26       		.uleb128 0x26
 1789 0046 00       		.byte	0
 1790 0047 49       		.uleb128 0x49
 1791 0048 13       		.uleb128 0x13
 1792 0049 00       		.byte	0
 1793 004a 00       		.byte	0
 1794 004b 08       		.uleb128 0x8
 1795 004c 34       		.uleb128 0x34
 1796 004d 00       		.byte	0
 1797 004e 03       		.uleb128 0x3
 1798 004f 0E       		.uleb128 0xe
 1799 0050 3A       		.uleb128 0x3a
 1800 0051 0B       		.uleb128 0xb
 1801 0052 3B       		.uleb128 0x3b
 1802 0053 0B       		.uleb128 0xb
 1803 0054 49       		.uleb128 0x49
 1804 0055 13       		.uleb128 0x13
 1805 0056 3F       		.uleb128 0x3f
 1806 0057 19       		.uleb128 0x19
 1807 0058 02       		.uleb128 0x2
 1808 0059 18       		.uleb128 0x18
 1809 005a 00       		.byte	0
 1810 005b 00       		.byte	0
 1811 005c 09       		.uleb128 0x9
 1812 005d 21       		.uleb128 0x21
 1813 005e 00       		.byte	0
 1814 005f 49       		.uleb128 0x49
 1815 0060 13       		.uleb128 0x13
 1816 0061 2F       		.uleb128 0x2f
 1817 0062 0B       		.uleb128 0xb
 1818 0063 00       		.byte	0
 1819 0064 00       		.byte	0
 1820 0065 0A       		.uleb128 0xa
ARM GAS  C:\Users\mgnocco\AppData\Local\Temp\ccoHU6Wn.s 			page 33


 1821 0066 34       		.uleb128 0x34
 1822 0067 00       		.byte	0
 1823 0068 03       		.uleb128 0x3
 1824 0069 0E       		.uleb128 0xe
 1825 006a 3A       		.uleb128 0x3a
 1826 006b 0B       		.uleb128 0xb
 1827 006c 3B       		.uleb128 0x3b
 1828 006d 05       		.uleb128 0x5
 1829 006e 49       		.uleb128 0x49
 1830 006f 13       		.uleb128 0x13
 1831 0070 3F       		.uleb128 0x3f
 1832 0071 19       		.uleb128 0x19
 1833 0072 02       		.uleb128 0x2
 1834 0073 18       		.uleb128 0x18
 1835 0074 00       		.byte	0
 1836 0075 00       		.byte	0
 1837 0076 00       		.byte	0
 1838              		.section	.debug_aranges,"",%progbits
 1839 0000 14000000 		.4byte	0x14
 1840 0004 0200     		.2byte	0x2
 1841 0006 00000000 		.4byte	.Ldebug_info0
 1842 000a 04       		.byte	0x4
 1843 000b 00       		.byte	0
 1844 000c 0000     		.2byte	0
 1845 000e 0000     		.2byte	0
 1846 0010 00000000 		.4byte	0
 1847 0014 00000000 		.4byte	0
 1848              		.section	.debug_line,"",%progbits
 1849              	.Ldebug_line0:
 1850 0000 3D010000 		.section	.debug_str,"MS",%progbits,1
 1850      02003701 
 1850      00000201 
 1850      FB0E0D00 
 1850      01010101 
 1851              	.LASF9:
 1852 0000 5F5F7569 		.ascii	"__uint8_t\000"
 1852      6E74385F 
 1852      7400
 1853              	.LASF19:
 1854 000a 433A5C55 		.ascii	"C:\\Users\\mgnocco\\Documents\\Git\\PSoC5\\PSoC5_FW"
 1854      73657273 
 1854      5C6D676E 
 1854      6F63636F 
 1854      5C446F63 
 1855 0037 5F494D55 		.ascii	"_IMU_LSM6DSRX_LIS2MDL\\LSM6DSRX +lis2mdl_funziona -"
 1855      5F4C534D 
 1855      36445352 
 1855      585F4C49 
 1855      53324D44 
 1856 0069 4E4F4E54 		.ascii	"NONTOCCARE\\Design02.cydsn\000"
 1856      4F434341 
 1856      52455C44 
 1856      65736967 
 1856      6E30322E 
 1857              	.LASF16:
 1858 0083 63795F6D 		.ascii	"cy_metadata\000"
 1858      65746164 
ARM GAS  C:\Users\mgnocco\AppData\Local\Temp\ccoHU6Wn.s 			page 34


 1858      61746100 
 1859              	.LASF7:
 1860 008f 6C6F6E67 		.ascii	"long long unsigned int\000"
 1860      206C6F6E 
 1860      6720756E 
 1860      7369676E 
 1860      65642069 
 1861              	.LASF1:
 1862 00a6 756E7369 		.ascii	"unsigned char\000"
 1862      676E6564 
 1862      20636861 
 1862      7200
 1863              	.LASF5:
 1864 00b4 6C6F6E67 		.ascii	"long unsigned int\000"
 1864      20756E73 
 1864      69676E65 
 1864      6420696E 
 1864      7400
 1865              	.LASF3:
 1866 00c6 73686F72 		.ascii	"short unsigned int\000"
 1866      7420756E 
 1866      7369676E 
 1866      65642069 
 1866      6E7400
 1867              	.LASF13:
 1868 00d9 63795F6D 		.ascii	"cy_meta_custnvl\000"
 1868      6574615F 
 1868      63757374 
 1868      6E766C00 
 1869              	.LASF12:
 1870 00e9 63795F6D 		.ascii	"cy_meta_configecc\000"
 1870      6574615F 
 1870      636F6E66 
 1870      69676563 
 1870      6300
 1871              	.LASF8:
 1872 00fb 756E7369 		.ascii	"unsigned int\000"
 1872      676E6564 
 1872      20696E74 
 1872      00
 1873              	.LASF17:
 1874 0108 474E5520 		.ascii	"GNU C11 5.4.1 20160609 (release) [ARM/embedded-5-br"
 1874      43313120 
 1874      352E342E 
 1874      31203230 
 1874      31363036 
 1875 013b 616E6368 		.ascii	"anch revision 237715] -mcpu=cortex-m3 -mthumb -g -O"
 1875      20726576 
 1875      6973696F 
 1875      6E203233 
 1875      37373135 
 1876 016e 73202D66 		.ascii	"s -ffunction-sections -ffat-lto-objects\000"
 1876      66756E63 
 1876      74696F6E 
 1876      2D736563 
 1876      74696F6E 
 1877              	.LASF10:
ARM GAS  C:\Users\mgnocco\AppData\Local\Temp\ccoHU6Wn.s 			page 35


 1878 0196 75696E74 		.ascii	"uint8_t\000"
 1878      385F7400 
 1879              	.LASF15:
 1880 019e 63795F6D 		.ascii	"cy_meta_flashprotect\000"
 1880      6574615F 
 1880      666C6173 
 1880      6870726F 
 1880      74656374 
 1881              	.LASF14:
 1882 01b3 63795F6D 		.ascii	"cy_meta_wonvl\000"
 1882      6574615F 
 1882      776F6E76 
 1882      6C00
 1883              	.LASF11:
 1884 01c1 73697A65 		.ascii	"sizetype\000"
 1884      74797065 
 1884      00
 1885              	.LASF6:
 1886 01ca 6C6F6E67 		.ascii	"long long int\000"
 1886      206C6F6E 
 1886      6720696E 
 1886      7400
 1887              	.LASF2:
 1888 01d8 73686F72 		.ascii	"short int\000"
 1888      7420696E 
 1888      7400
 1889              	.LASF4:
 1890 01e2 6C6F6E67 		.ascii	"long int\000"
 1890      20696E74 
 1890      00
 1891              	.LASF0:
 1892 01eb 7369676E 		.ascii	"signed char\000"
 1892      65642063 
 1892      68617200 
 1893              	.LASF18:
 1894 01f7 47656E65 		.ascii	"Generated_Source\\PSoC5\\cymetadata.c\000"
 1894      72617465 
 1894      645F536F 
 1894      75726365 
 1894      5C50536F 
 1895              		.ident	"GCC: (GNU Tools for ARM Embedded Processors) 5.4.1 20160609 (release) [ARM/embedded-5-bran
