ARM GAS  C:\Users\mgnocco\AppData\Local\Temp\ccVnpVD9.s 			page 1


   1              		.syntax unified
   2              		.cpu cortex-m3
   3              		.fpu softvfp
   4              		.eabi_attribute 20, 1
   5              		.eabi_attribute 21, 1
   6              		.eabi_attribute 23, 3
   7              		.eabi_attribute 24, 1
   8              		.eabi_attribute 25, 1
   9              		.eabi_attribute 26, 1
  10              		.eabi_attribute 30, 4
  11              		.eabi_attribute 34, 1
  12              		.eabi_attribute 18, 4
  13              		.thumb
  14              		.syntax unified
  15              		.file	"main.c"
  16              		.text
  17              	.Ltext0:
  18              		.cfi_sections	.debug_frame
  19              		.section	.text.startup.main,"ax",%progbits
  20              		.align	1
  21              		.global	main
  22              		.thumb
  23              		.thumb_func
  24              		.type	main, %function
  25              	main:
  26              	.LFB64:
  27              		.file 1 "main.c"
   1:main.c        **** /* ========================================
   2:main.c        ****  *
   3:main.c        ****  * Copyright YOUR COMPANY, THE YEAR
   4:main.c        ****  * All Rights Reserved
   5:main.c        ****  * UNPUBLISHED, LICENSED SOFTWARE.
   6:main.c        ****  *
   7:main.c        ****  * CONFIDENTIAL AND PROPRIETARY INFORMATION
   8:main.c        ****  * WHICH IS THE PROPERTY OF your company.
   9:main.c        ****  *
  10:main.c        ****  * ========================================
  11:main.c        **** */
  12:main.c        **** 
  13:main.c        **** #include "header01.h"
  14:main.c        **** #include "globals.h"
  15:main.c        **** #include <project.h>
  16:main.c        **** int IMU_ack;
  17:main.c        **** 
  18:main.c        **** //uint8 SensorHub[6] = {LSM6DSRX_SENSOR_HUB_1, LSM6DSRX_SENSOR_HUB_2, LSM6DSRX_SENSOR_HUB_3, LSM6DS
  19:main.c        **** struct st_imu_data g_imu, g_imuNew;
  20:main.c        **** uint8 Mag[2][10][6];
  21:main.c        **** uint8 Accel[2][10][6];
  22:main.c        **** uint8 Gyro[2][10][6];
  23:main.c        **** uint8 Temp[2];
  24:main.c        **** uint8 GDA;
  25:main.c        **** uint8 XLDA;
  26:main.c        **** uint8 SENS_HUB_ENDOP;
  27:main.c        **** uint16 t0;
  28:main.c        **** uint16 t1;
  29:main.c        **** uint16 tempo[10];
  30:main.c        **** uint8 j;
ARM GAS  C:\Users\mgnocco\AppData\Local\Temp\ccVnpVD9.s 			page 2


  31:main.c        **** uint8 count;
  32:main.c        **** uint8 k;
  33:main.c        **** uint8 var;
  34:main.c        **** 
  35:main.c        **** int main()
  36:main.c        **** {   MY_TIMER_Start();                 
  28              		.loc 1 36 0
  29              		.cfi_startproc
  30              		@ args = 0, pretend = 0, frame = 8
  31              		@ frame_needed = 0, uses_anonymous_args = 0
  32 0000 2DE9F74F 		push	{r0, r1, r2, r4, r5, r6, r7, r8, r9, r10, fp, lr}
  33              		.cfi_def_cfa_offset 48
  34              		.cfi_offset 4, -36
  35              		.cfi_offset 5, -32
  36              		.cfi_offset 6, -28
  37              		.cfi_offset 7, -24
  38              		.cfi_offset 8, -20
  39              		.cfi_offset 9, -16
  40              		.cfi_offset 10, -12
  41              		.cfi_offset 11, -8
  42              		.cfi_offset 14, -4
  43              		.loc 1 36 0
  44 0004 FFF7FEFF 		bl	MY_TIMER_Start
  45              	.LVL0:
  37:main.c        ****     PACER_TIMER_Start();    
  46              		.loc 1 37 0
  47 0008 FFF7FEFF 		bl	PACER_TIMER_Start
  48              	.LVL1:
  38:main.c        ****     SPI_IMU_Start();
  49              		.loc 1 38 0
  50 000c FFF7FEFF 		bl	SPI_IMU_Start
  51              	.LVL2:
  39:main.c        **** 	SPI_IMU_Init();
  52              		.loc 1 39 0
  53 0010 FFF7FEFF 		bl	SPI_IMU_Init
  54              	.LVL3:
  40:main.c        **** 	SPI_IMU_Enable();
  55              		.loc 1 40 0
  56 0014 FFF7FEFF 		bl	SPI_IMU_Enable
  57              	.LVL4:
  41:main.c        **** 	SPI_IMU_ClearRxBuffer();
  58              		.loc 1 41 0
  59 0018 FFF7FEFF 		bl	SPI_IMU_ClearRxBuffer
  60              	.LVL5:
  42:main.c        **** 	SPI_IMU_ClearTxBuffer();
  61              		.loc 1 42 0
  62 001c FFF7FEFF 		bl	SPI_IMU_ClearTxBuffer
  63              	.LVL6:
  43:main.c        **** 	SPI_IMU_ClearFIFO();							
  64              		.loc 1 43 0
  65 0020 FFF7FEFF 		bl	SPI_IMU_ClearFIFO
  66              	.LVL7:
  44:main.c        ****     CyDelay(10);
  67              		.loc 1 44 0
  68 0024 0A20     		movs	r0, #10
  69 0026 FFF7FEFF 		bl	CyDelay
  70              	.LVL8:
ARM GAS  C:\Users\mgnocco\AppData\Local\Temp\ccVnpVD9.s 			page 3


  45:main.c        ****   
  46:main.c        ****     CyGlobalIntEnable;
  71              		.loc 1 46 0
  72              		.syntax unified
  73              	@ 46 "main.c" 1
  74 002a 62B6     		CPSIE   i
  75              	@ 0 "" 2
  47:main.c        ****     
  48:main.c        ****     uint8 i;
  49:main.c        ****     uint8 who;
  50:main.c        ****     UART_Start();
  51:main.c        ****     Control_Reg_1_Write(0);
  52:main.c        ****     for (k=0;k<1; k++){
  76              		.loc 1 52 0
  77              		.thumb
  78              		.syntax unified
  79 002c B04C     		ldr	r4, .L37
  50:main.c        ****     Control_Reg_1_Write(0);
  80              		.loc 1 50 0
  81 002e FFF7FEFF 		bl	UART_Start
  82              	.LVL9:
  83              		.loc 1 52 0
  84 0032 2646     		mov	r6, r4
  51:main.c        ****     for (k=0;k<1; k++){
  85              		.loc 1 51 0
  86 0034 0020     		movs	r0, #0
  87 0036 FFF7FEFF 		bl	Control_Reg_1_Write
  88              	.LVL10:
  89              		.loc 1 52 0
  90 003a 0023     		movs	r3, #0
  91 003c 2370     		strb	r3, [r4]
  92              	.L2:
  93              		.loc 1 52 0 is_stmt 0 discriminator 1
  94 003e 2578     		ldrb	r5, [r4]	@ zero_extendqisi2
  95 0040 C5BB     		cbnz	r5, .L33
  53:main.c        ****     Control_Reg_1_Write(0);
  96              		.loc 1 53 0 is_stmt 1 discriminator 3
  97 0042 2846     		mov	r0, r5
  98 0044 FFF7FEFF 		bl	Control_Reg_1_Write
  99              	.LVL11:
  54:main.c        ****     WriteControlRegisterSPI(LSM6DSRX_CTRL1_XL,0xA0); //104 Hz (normal mode)
 100              		.loc 1 54 0 discriminator 3
 101 0048 A021     		movs	r1, #160
 102 004a 1020     		movs	r0, #16
 103 004c FFF7FEFF 		bl	WriteControlRegisterSPI
 104              	.LVL12:
  55:main.c        ****     WriteControlRegisterSPI(LSM6DSRX_CTRL3_C,0x40); //104 Hz (normal mode)
 105              		.loc 1 55 0 discriminator 3
 106 0050 4021     		movs	r1, #64
 107 0052 1220     		movs	r0, #18
 108 0054 FFF7FEFF 		bl	WriteControlRegisterSPI
 109              	.LVL13:
  56:main.c        ****     CyDelay(1);
 110              		.loc 1 56 0 discriminator 3
 111 0058 0120     		movs	r0, #1
 112 005a FFF7FEFF 		bl	CyDelay
 113              	.LVL14:
ARM GAS  C:\Users\mgnocco\AppData\Local\Temp\ccVnpVD9.s 			page 4


  57:main.c        ****     WriteControlRegisterSPI(LSM6DSRX_CTRL2_G,0xA0); //104 Hz (normal mode)   
 114              		.loc 1 57 0 discriminator 3
 115 005e A021     		movs	r1, #160
 116 0060 1120     		movs	r0, #17
 117 0062 FFF7FEFF 		bl	WriteControlRegisterSPI
 118              	.LVL15:
  58:main.c        ****     
  59:main.c        ****    // WriteControlRegisterSPI(LSM6DSRX_FUNC_CFG_ACCESS, 0x00);
  60:main.c        ****     CyDelay(100);
 119              		.loc 1 60 0 discriminator 3
 120 0066 6420     		movs	r0, #100
 121 0068 FFF7FEFF 		bl	CyDelay
 122              	.LVL16:
  61:main.c        ****     OneShot_ReadRoutine(EXT_SENS_ADDR,LIS2MDL_WHO_AM_I); //LIS2MDL -->valore WHO_AM_I = 64
 123              		.loc 1 61 0 discriminator 3
 124 006c 4F21     		movs	r1, #79
 125 006e 3C20     		movs	r0, #60
 126 0070 FFF7FEFF 		bl	OneShot_ReadRoutine
 127              	.LVL17:
  62:main.c        ****     OneShot_WriteRoutine(EXT_SENS_ADDR,LIS2MDL_CFG_REG_A,0x00); //
 128              		.loc 1 62 0 discriminator 3
 129 0074 2A46     		mov	r2, r5
 130 0076 6021     		movs	r1, #96
 131 0078 3C20     		movs	r0, #60
 132 007a FFF7FEFF 		bl	OneShot_WriteRoutine
 133              	.LVL18:
  63:main.c        ****     CyDelay(1);
 134              		.loc 1 63 0 discriminator 3
 135 007e 0120     		movs	r0, #1
 136 0080 FFF7FEFF 		bl	CyDelay
 137              	.LVL19:
  64:main.c        ****     OneShot_WriteRoutine(EXT_SENS_ADDR,LIS2MDL_CFG_REG_A,0x00); //
 138              		.loc 1 64 0 discriminator 3
 139 0084 2A46     		mov	r2, r5
 140 0086 6021     		movs	r1, #96
 141 0088 3C20     		movs	r0, #60
 142 008a FFF7FEFF 		bl	OneShot_WriteRoutine
 143              	.LVL20:
  65:main.c        ****     OneShot_WriteRoutine(EXT_SENS_ADDR,LIS2MDL_CFG_REG_B,0x02);
 144              		.loc 1 65 0 discriminator 3
 145 008e 0222     		movs	r2, #2
 146 0090 6121     		movs	r1, #97
 147 0092 3C20     		movs	r0, #60
 148 0094 FFF7FEFF 		bl	OneShot_WriteRoutine
 149              	.LVL21:
  66:main.c        ****     OneShot_WriteRoutine(EXT_SENS_ADDR,LIS2MDL_CFG_REG_C,0x10);
 150              		.loc 1 66 0 discriminator 3
 151 0098 1022     		movs	r2, #16
 152 009a 6221     		movs	r1, #98
 153 009c 3C20     		movs	r0, #60
 154 009e FFF7FEFF 		bl	OneShot_WriteRoutine
 155              	.LVL22:
  67:main.c        ****     Continuous_ReadRoutine(EXT_SENS_ADDR,LIS2MDL_OUTX_L_REG,0x06);
 156              		.loc 1 67 0 discriminator 3
 157 00a2 0622     		movs	r2, #6
 158 00a4 6821     		movs	r1, #104
 159 00a6 3C20     		movs	r0, #60
ARM GAS  C:\Users\mgnocco\AppData\Local\Temp\ccVnpVD9.s 			page 5


 160 00a8 FFF7FEFF 		bl	Continuous_ReadRoutine
 161              	.LVL23:
  52:main.c        ****     Control_Reg_1_Write(0);
 162              		.loc 1 52 0 discriminator 3
 163 00ac 3378     		ldrb	r3, [r6]	@ zero_extendqisi2
 164 00ae 0133     		adds	r3, r3, #1
 165 00b0 3370     		strb	r3, [r6]
 166 00b2 C4E7     		b	.L2
 167              	.L33:
  68:main.c        ****   }
  69:main.c        ****     
  70:main.c        ****     Control_Reg_1_Write(0);
 168              		.loc 1 70 0
 169 00b4 0020     		movs	r0, #0
  71:main.c        ****     j = 0;
 170              		.loc 1 71 0
 171 00b6 8F4F     		ldr	r7, .L37+4
  72:main.c        ****     count =0;
 172              		.loc 1 72 0
 173 00b8 8F4D     		ldr	r5, .L37+8
  70:main.c        ****     j = 0;
 174              		.loc 1 70 0
 175 00ba FFF7FEFF 		bl	Control_Reg_1_Write
 176              	.LVL24:
  71:main.c        ****     j = 0;
 177              		.loc 1 71 0
 178 00be 0023     		movs	r3, #0
 179 00c0 3B70     		strb	r3, [r7]
 180              		.loc 1 72 0
 181 00c2 2B70     		strb	r3, [r5]
 182              	.L19:
  73:main.c        ****     
  74:main.c        ****     for(;;)
  75:main.c        ****     {   t0 = (uint16)MY_TIMER_ReadCounter();
 183              		.loc 1 75 0
 184 00c4 FFF7FEFF 		bl	MY_TIMER_ReadCounter
 185              	.LVL25:
 186 00c8 8C4B     		ldr	r3, .L37+12
 187 00ca 1880     		strh	r0, [r3]	@ movhi
  76:main.c        **** for (k=0;k<1; k++){
 188              		.loc 1 76 0
 189 00cc 0023     		movs	r3, #0
 190 00ce 2370     		strb	r3, [r4]
 191              	.L4:
 192              		.loc 1 76 0 is_stmt 0 discriminator 1
 193 00d0 2078     		ldrb	r0, [r4]	@ zero_extendqisi2
 194 00d2 0028     		cmp	r0, #0
 195 00d4 7AD1     		bne	.L34
  77:main.c        ****     Control_Reg_1_Write(0);
 196              		.loc 1 77 0 is_stmt 1
 197 00d6 FFF7FEFF 		bl	Control_Reg_1_Write
 198              	.LVL26:
 199              	.L5:
  78:main.c        **** //      ------------------------------------------------------------------------READ MAG
  79:main.c        ****         do 
  80:main.c        ****         {
  81:main.c        ****             XLDA = ReadControlRegisterSPI(LSM6DSRX_STATUS_REG);          
ARM GAS  C:\Users\mgnocco\AppData\Local\Temp\ccVnpVD9.s 			page 6


 200              		.loc 1 81 0 discriminator 1
 201 00da 1E20     		movs	r0, #30
 202 00dc FFF7FEFF 		bl	ReadControlRegisterSPI
 203              	.LVL27:
 204 00e0 874B     		ldr	r3, .L37+16
  82:main.c        ****         }
  83:main.c        ****         while ((XLDA & 0b00000001) == 0);   
 205              		.loc 1 83 0 discriminator 1
 206 00e2 C207     		lsls	r2, r0, #31
  81:main.c        ****         }
 207              		.loc 1 81 0 discriminator 1
 208 00e4 1870     		strb	r0, [r3]
 209              		.loc 1 83 0 discriminator 1
 210 00e6 F8D5     		bpl	.L5
 211              	.L28:
  84:main.c        ****     
  85:main.c        ****         do 
  86:main.c        ****         {
  87:main.c        ****             SENS_HUB_ENDOP = ReadControlRegisterSPI(LSM6DSRX_STATUS_MASTER_MAINPAGE);   
 212              		.loc 1 87 0 discriminator 1
 213 00e8 3920     		movs	r0, #57
 214 00ea FFF7FEFF 		bl	ReadControlRegisterSPI
 215              	.LVL28:
 216 00ee 854B     		ldr	r3, .L37+20
 217 00f0 1870     		strb	r0, [r3]
  88:main.c        ****         }
  89:main.c        ****         while ((SENS_HUB_ENDOP & 0b00000001) == 0);
 218              		.loc 1 89 0 discriminator 1
 219 00f2 C307     		lsls	r3, r0, #31
 220 00f4 F8D5     		bpl	.L28
  90:main.c        **** 
  91:main.c        ****         WriteControlRegisterSPI(LSM6DSRX_FUNC_CFG_ACCESS, 0x40);   
 221              		.loc 1 91 0
 222 00f6 4021     		movs	r1, #64
 223 00f8 0120     		movs	r0, #1
 224 00fa FFF7FEFF 		bl	WriteControlRegisterSPI
 225              	.LVL29:
  92:main.c        ****         CyDelayUs(100);  
 226              		.loc 1 92 0
 227 00fe 6420     		movs	r0, #100
 228 0100 FFF7FEFF 		bl	CyDelayUs
 229              	.LVL30:
  93:main.c        ****         ReadControlRegisterSPI(LSM6DSRX_WHO_AM_I); 
 230              		.loc 1 93 0
 231 0104 0F20     		movs	r0, #15
 232 0106 FFF7FEFF 		bl	ReadControlRegisterSPI
 233              	.LVL31:
  94:main.c        ****            
  95:main.c        ****         for (i = 0; i < 6; i++){
  96:main.c        ****             Mag[k][j][i]= ReadControlRegisterSPI(LSM6DSRX_SENSOR_HUB_1 + i);  
 234              		.loc 1 96 0
 235 010a 7F4B     		ldr	r3, .L37+24
  93:main.c        ****         ReadControlRegisterSPI(LSM6DSRX_WHO_AM_I); 
 236              		.loc 1 93 0
 237 010c 4FF00008 		mov	r8, #0
 238              		.loc 1 96 0
 239 0110 4FF0060A 		mov	r10, #6
ARM GAS  C:\Users\mgnocco\AppData\Local\Temp\ccVnpVD9.s 			page 7


 240 0114 4FF03C09 		mov	r9, #60
 241              	.LVL32:
 242              	.L7:
 243              		.loc 1 96 0 is_stmt 0 discriminator 3
 244 0118 08F10200 		add	r0, r8, #2
 245 011c C0B2     		uxtb	r0, r0
 246 011e 0193     		str	r3, [sp, #4]
 247              	.LVL33:
 248 0120 94F800B0 		ldrb	fp, [r4]	@ zero_extendqisi2
 249 0124 3E78     		ldrb	r6, [r7]	@ zero_extendqisi2
 250 0126 FFF7FEFF 		bl	ReadControlRegisterSPI
 251              	.LVL34:
 252 012a 09FB0BFB 		mul	fp, r9, fp
 253 012e 0AFB06B6 		mla	r6, r10, r6, fp
 254 0132 019B     		ldr	r3, [sp, #4]
 255 0134 1E44     		add	r6, r6, r3
 256 0136 06F80800 		strb	r0, [r6, r8]
 257              	.LVL35:
 258 013a 08F10108 		add	r8, r8, #1
 259              	.LVL36:
  95:main.c        ****             Mag[k][j][i]= ReadControlRegisterSPI(LSM6DSRX_SENSOR_HUB_1 + i);  
 260              		.loc 1 95 0 is_stmt 1 discriminator 3
 261 013e B8F1060F 		cmp	r8, #6
 262 0142 E9D1     		bne	.L7
  97:main.c        ****         }
  98:main.c        ****        
  99:main.c        ****         WriteControlRegisterSPI(LSM6DSRX_FUNC_CFG_ACCESS, 0x00);   
 263              		.loc 1 99 0
 264 0144 0021     		movs	r1, #0
 265 0146 0120     		movs	r0, #1
 266 0148 FFF7FEFF 		bl	WriteControlRegisterSPI
 267              	.LVL37:
 100:main.c        ****         CyDelayUs(100);
 268              		.loc 1 100 0
 269 014c 6420     		movs	r0, #100
 270 014e FFF7FEFF 		bl	CyDelayUs
 271              	.LVL38:
 101:main.c        ****          
 102:main.c        ****       
 103:main.c        ****           
 104:main.c        ****         for (i = 0; i < 6; i++){
 105:main.c        ****             Accel[k][j][i] = ReadControlRegisterSPI(LSM6DSRX_OUTX_L_A + i);
 272              		.loc 1 105 0
 273 0152 6E4A     		ldr	r2, .L37+28
 100:main.c        ****         CyDelayUs(100);
 274              		.loc 1 100 0
 275 0154 0026     		movs	r6, #0
 276              		.loc 1 105 0
 277 0156 4FF03C09 		mov	r9, #60
 278              	.LVL39:
 279              	.L8:
 280              		.loc 1 105 0 is_stmt 0 discriminator 3
 281 015a 06F12800 		add	r0, r6, #40
 282 015e C0B2     		uxtb	r0, r0
 283 0160 0192     		str	r2, [sp, #4]
 284              	.LVL40:
 285 0162 94F800A0 		ldrb	r10, [r4]	@ zero_extendqisi2
ARM GAS  C:\Users\mgnocco\AppData\Local\Temp\ccVnpVD9.s 			page 8


 286 0166 97F800B0 		ldrb	fp, [r7]	@ zero_extendqisi2
 287 016a FFF7FEFF 		bl	ReadControlRegisterSPI
 288              	.LVL41:
 289 016e 09FB0AF3 		mul	r3, r9, r10
 290 0172 08FB0B3B 		mla	fp, r8, fp, r3
 291 0176 019A     		ldr	r2, [sp, #4]
 292 0178 9344     		add	fp, fp, r2
 293 017a 0BF80600 		strb	r0, [fp, r6]
 294              	.LVL42:
 295 017e 0136     		adds	r6, r6, #1
 296              	.LVL43:
 104:main.c        ****             Accel[k][j][i] = ReadControlRegisterSPI(LSM6DSRX_OUTX_L_A + i);
 297              		.loc 1 104 0 is_stmt 1 discriminator 3
 298 0180 062E     		cmp	r6, #6
 299 0182 EAD1     		bne	.L8
 106:main.c        ****         }
 107:main.c        **** 
 108:main.c        ****         for (i = 0; i < 6; i++){
 109:main.c        ****             Gyro[k][j][i] = ReadControlRegisterSPI(LSM6DSRX_OUTX_L_G + i);
 300              		.loc 1 109 0 discriminator 3
 301 0184 624A     		ldr	r2, .L37+32
 302 0186 4FF00008 		mov	r8, #0
 303              	.LVL44:
 304              	.L9:
 305 018a 08F12200 		add	r0, r8, #34
 306 018e C0B2     		uxtb	r0, r0
 307 0190 0192     		str	r2, [sp, #4]
 308              	.LVL45:
 309 0192 94F800A0 		ldrb	r10, [r4]	@ zero_extendqisi2
 310 0196 97F800B0 		ldrb	fp, [r7]	@ zero_extendqisi2
 311 019a FFF7FEFF 		bl	ReadControlRegisterSPI
 312              	.LVL46:
 313 019e 4FF03C0E 		mov	lr, #60
 314 01a2 0EFB0AF1 		mul	r1, lr, r10
 315 01a6 06FB0B1B 		mla	fp, r6, fp, r1
 316 01aa 019A     		ldr	r2, [sp, #4]
 317 01ac DFF84091 		ldr	r9, .L37
 318 01b0 9344     		add	fp, fp, r2
 319 01b2 0BF80800 		strb	r0, [fp, r8]
 320              	.LVL47:
 321 01b6 08F10108 		add	r8, r8, #1
 322              	.LVL48:
 108:main.c        ****             Gyro[k][j][i] = ReadControlRegisterSPI(LSM6DSRX_OUTX_L_G + i);
 323              		.loc 1 108 0 discriminator 3
 324 01ba B8F1060F 		cmp	r8, #6
 325 01be E4D1     		bne	.L9
  76:main.c        ****     Control_Reg_1_Write(0);
 326              		.loc 1 76 0 discriminator 2
 327 01c0 99F80020 		ldrb	r2, [r9]	@ zero_extendqisi2
 328 01c4 0132     		adds	r2, r2, #1
 329 01c6 89F80020 		strb	r2, [r9]
 330 01ca 81E7     		b	.L4
 331              	.LVL49:
 332              	.L34:
 110:main.c        ****         }
 111:main.c        **** }
 112:main.c        ****         Control_Reg_1_Write(0);
ARM GAS  C:\Users\mgnocco\AppData\Local\Temp\ccVnpVD9.s 			page 9


 333              		.loc 1 112 0
 334 01cc 0020     		movs	r0, #0
 335 01ce FFF7FEFF 		bl	Control_Reg_1_Write
 336              	.LVL50:
 113:main.c        **** 
 114:main.c        **** //}        
 115:main.c        **** 
 116:main.c        ****      
 117:main.c        **** //      ---------------------------------------------------------------------READ AXELS
 118:main.c        **** 
 119:main.c        ****         //CyDelay(1);
 120:main.c        ****         t1 = (uint16) MY_TIMER_ReadCounter();
 337              		.loc 1 120 0
 338 01d2 FFF7FEFF 		bl	MY_TIMER_ReadCounter
 339              	.LVL51:
 121:main.c        ****         tempo[j] = (uint16)(t0-t1);
 340              		.loc 1 121 0
 341 01d6 494A     		ldr	r2, .L37+12
 120:main.c        ****         tempo[j] = (uint16)(t0-t1);
 342              		.loc 1 120 0
 343 01d8 4E4B     		ldr	r3, .L37+36
 344 01da 80B2     		uxth	r0, r0
 345              		.loc 1 121 0
 346 01dc 1288     		ldrh	r2, [r2]
 120:main.c        ****         tempo[j] = (uint16)(t0-t1);
 347              		.loc 1 120 0
 348 01de 1880     		strh	r0, [r3]	@ movhi
 349              		.loc 1 121 0
 350 01e0 4D49     		ldr	r1, .L37+40
 351 01e2 3B78     		ldrb	r3, [r7]	@ zero_extendqisi2
 352 01e4 101A     		subs	r0, r2, r0
 353 01e6 21F81300 		strh	r0, [r1, r3, lsl #1]	@ movhi
 122:main.c        ****     
 123:main.c        ****         j = j + 1;
 354              		.loc 1 123 0
 355 01ea 0133     		adds	r3, r3, #1
 356 01ec DBB2     		uxtb	r3, r3
 124:main.c        ****         
 125:main.c        ****         if (j > 9) {
 357              		.loc 1 125 0
 358 01ee 092B     		cmp	r3, #9
 123:main.c        ****         
 359              		.loc 1 123 0
 360 01f0 3B70     		strb	r3, [r7]
 361 01f2 8846     		mov	r8, r1
 362              		.loc 1 125 0
 363 01f4 75D9     		bls	.L11
 126:main.c        ****             
 127:main.c        ****             for(count = 0; count < 10; count++){ 
 364              		.loc 1 127 0
 365 01f6 0023     		movs	r3, #0
 366              	.L31:
 367              		.loc 1 127 0 is_stmt 0 discriminator 2
 368 01f8 2B70     		strb	r3, [r5]
 369 01fa 2B78     		ldrb	r3, [r5]	@ zero_extendqisi2
 370 01fc 092B     		cmp	r3, #9
 371 01fe 4FF00003 		mov	r3, #0
ARM GAS  C:\Users\mgnocco\AppData\Local\Temp\ccVnpVD9.s 			page 10


 372 0202 6DD8     		bhi	.L35
 128:main.c        ****                 for (k=0;k<1;k++){
 129:main.c        ****                 UART_PutChar(count);
 130:main.c        ****                 UART_PutChar(0);
 131:main.c        ****             
 132:main.c        ****                 var = (uint8)(tempo[count] & 0xFF);
 373              		.loc 1 132 0 is_stmt 1
 374 0204 DFF814A1 		ldr	r10, .L37+44
 128:main.c        ****                 for (k=0;k<1;k++){
 375              		.loc 1 128 0
 376 0208 2370     		strb	r3, [r4]
 377              	.L13:
 128:main.c        ****                 for (k=0;k<1;k++){
 378              		.loc 1 128 0 is_stmt 0 discriminator 1
 379 020a 2678     		ldrb	r6, [r4]	@ zero_extendqisi2
 380 020c 002E     		cmp	r6, #0
 381 020e 64D1     		bne	.L36
 129:main.c        ****                 UART_PutChar(0);
 382              		.loc 1 129 0 is_stmt 1
 383 0210 2878     		ldrb	r0, [r5]	@ zero_extendqisi2
 384 0212 FFF7FEFF 		bl	UART_PutChar
 385              	.LVL52:
 130:main.c        ****             
 386              		.loc 1 130 0
 387 0216 3046     		mov	r0, r6
 388 0218 FFF7FEFF 		bl	UART_PutChar
 389              	.LVL53:
 390              		.loc 1 132 0
 391 021c 2B78     		ldrb	r3, [r5]	@ zero_extendqisi2
 133:main.c        ****                 UART_PutChar(var);
 134:main.c        ****                 var = (uint8) (tempo[count] >> 8);
 135:main.c        ****                 UART_PutChar(var);
 136:main.c        ****                 
 137:main.c        ****                 
 138:main.c        ****                 for (i = 0; i < 6; i++){
 139:main.c        ****                     UART_PutChar( Accel[k][count][i]);
 392              		.loc 1 139 0
 393 021e 4FF00609 		mov	r9, #6
 132:main.c        ****                 UART_PutChar(var);
 394              		.loc 1 132 0
 395 0222 18F81300 		ldrb	r0, [r8, r3, lsl #1]	@ zero_extendqisi2
 396              		.loc 1 139 0
 397 0226 4FF03C0B 		mov	fp, #60
 132:main.c        ****                 UART_PutChar(var);
 398              		.loc 1 132 0
 399 022a 8AF80000 		strb	r0, [r10]
 133:main.c        ****                 UART_PutChar(var);
 400              		.loc 1 133 0
 401 022e FFF7FEFF 		bl	UART_PutChar
 402              	.LVL54:
 134:main.c        ****                 UART_PutChar(var);
 403              		.loc 1 134 0
 404 0232 2B78     		ldrb	r3, [r5]	@ zero_extendqisi2
 405 0234 38F81300 		ldrh	r0, [r8, r3, lsl #1]
 406 0238 000A     		lsrs	r0, r0, #8
 407 023a 8AF80000 		strb	r0, [r10]
 135:main.c        ****                 
ARM GAS  C:\Users\mgnocco\AppData\Local\Temp\ccVnpVD9.s 			page 11


 408              		.loc 1 135 0
 409 023e FFF7FEFF 		bl	UART_PutChar
 410              	.LVL55:
 411              	.L14:
 412              		.loc 1 139 0 discriminator 3
 413 0242 2178     		ldrb	r1, [r4]	@ zero_extendqisi2
 414 0244 2878     		ldrb	r0, [r5]	@ zero_extendqisi2
 415 0246 0BFB01F1 		mul	r1, fp, r1
 416 024a 09FB0011 		mla	r1, r9, r0, r1
 417 024e 2F4B     		ldr	r3, .L37+28
 418 0250 1944     		add	r1, r1, r3
 419 0252 885D     		ldrb	r0, [r1, r6]	@ zero_extendqisi2
 420 0254 0136     		adds	r6, r6, #1
 421              	.LVL56:
 422 0256 FFF7FEFF 		bl	UART_PutChar
 423              	.LVL57:
 138:main.c        ****                     UART_PutChar( Accel[k][count][i]);
 424              		.loc 1 138 0 discriminator 3
 425 025a 062E     		cmp	r6, #6
 426 025c F1D1     		bne	.L14
 140:main.c        ****                 }
 141:main.c        ****                 
 142:main.c        ****                 for (i = 0 ; i < 6; i++){
 143:main.c        ****                     UART_PutChar( Gyro[k][count][i]);
 427              		.loc 1 143 0 discriminator 3
 428 025e 2C4B     		ldr	r3, .L37+32
 429 0260 4FF0000B 		mov	fp, #0
 430 0264 4FF03C09 		mov	r9, #60
 431              	.L15:
 432              	.LVL58:
 433 0268 2078     		ldrb	r0, [r4]	@ zero_extendqisi2
 434 026a 95F800E0 		ldrb	lr, [r5]	@ zero_extendqisi2
 435 026e 09FB00F0 		mul	r0, r9, r0
 436 0272 06FB0E00 		mla	r0, r6, lr, r0
 437 0276 1844     		add	r0, r0, r3
 438 0278 10F80B00 		ldrb	r0, [r0, fp]	@ zero_extendqisi2
 439 027c 0BF1010B 		add	fp, fp, #1
 440              	.LVL59:
 441 0280 0193     		str	r3, [sp, #4]
 442 0282 FFF7FEFF 		bl	UART_PutChar
 443              	.LVL60:
 142:main.c        ****                     UART_PutChar( Gyro[k][count][i]);
 444              		.loc 1 142 0 discriminator 3
 445 0286 BBF1060F 		cmp	fp, #6
 446 028a 019B     		ldr	r3, [sp, #4]
 447 028c ECD1     		bne	.L15
 144:main.c        ****                 }
 145:main.c        ****                                     
 146:main.c        ****                 for (i = 0; i < 6; i++){
 147:main.c        ****                     UART_PutChar( Mag[k][count][i]);
 448              		.loc 1 147 0 discriminator 3
 449 028e 1E49     		ldr	r1, .L37+24
 450 0290 4FF00009 		mov	r9, #0
 451              	.L16:
 452              	.LVL61:
 453 0294 94F800C0 		ldrb	ip, [r4]	@ zero_extendqisi2
 454 0298 3C20     		movs	r0, #60
ARM GAS  C:\Users\mgnocco\AppData\Local\Temp\ccVnpVD9.s 			page 12


 455 029a 00FB0CF0 		mul	r0, r0, ip
 456 029e 95F800E0 		ldrb	lr, [r5]	@ zero_extendqisi2
 457 02a2 0191     		str	r1, [sp, #4]
 458 02a4 0BFB0E00 		mla	r0, fp, lr, r0
 459 02a8 0844     		add	r0, r0, r1
 460 02aa 10F80900 		ldrb	r0, [r0, r9]	@ zero_extendqisi2
 461 02ae 09F10109 		add	r9, r9, #1
 462              	.LVL62:
 463 02b2 FFF7FEFF 		bl	UART_PutChar
 464              	.LVL63:
 146:main.c        ****                     UART_PutChar( Mag[k][count][i]);
 465              		.loc 1 146 0 discriminator 3
 466 02b6 B9F1060F 		cmp	r9, #6
 467              		.loc 1 147 0 discriminator 3
 468 02ba 0D4E     		ldr	r6, .L37
 146:main.c        ****                     UART_PutChar( Mag[k][count][i]);
 469              		.loc 1 146 0 discriminator 3
 470 02bc 0199     		ldr	r1, [sp, #4]
 471 02be E9D1     		bne	.L16
 148:main.c        ****                 }
 149:main.c        ****                 
 150:main.c        ****                 UART_PutChar('c');
 472              		.loc 1 150 0 discriminator 2
 473 02c0 6320     		movs	r0, #99
 474 02c2 FFF7FEFF 		bl	UART_PutChar
 475              	.LVL64:
 151:main.c        ****                 UART_PutChar('i');
 476              		.loc 1 151 0 discriminator 2
 477 02c6 6920     		movs	r0, #105
 478 02c8 FFF7FEFF 		bl	UART_PutChar
 479              	.LVL65:
 152:main.c        ****                 UART_PutChar('a');
 480              		.loc 1 152 0 discriminator 2
 481 02cc 6120     		movs	r0, #97
 482 02ce FFF7FEFF 		bl	UART_PutChar
 483              	.LVL66:
 128:main.c        ****                 UART_PutChar(count);
 484              		.loc 1 128 0 discriminator 2
 485 02d2 3378     		ldrb	r3, [r6]	@ zero_extendqisi2
 486 02d4 0133     		adds	r3, r3, #1
 487 02d6 3370     		strb	r3, [r6]
 488 02d8 97E7     		b	.L13
 489              	.L36:
 127:main.c        ****                 for (k=0;k<1;k++){
 490              		.loc 1 127 0 discriminator 2
 491 02da 2B78     		ldrb	r3, [r5]	@ zero_extendqisi2
 492 02dc 0133     		adds	r3, r3, #1
 493 02de 8BE7     		b	.L31
 494              	.L35:
 153:main.c        **** }
 154:main.c        ****             }
 155:main.c        ****             
 156:main.c        ****             j = 0;
 495              		.loc 1 156 0
 496 02e0 3B70     		strb	r3, [r7]
 497              	.L11:
 157:main.c        ****             
ARM GAS  C:\Users\mgnocco\AppData\Local\Temp\ccVnpVD9.s 			page 13


 158:main.c        ****         } 
 159:main.c        ****         
 160:main.c        ****         MY_TIMER_REG_Write(1);
 498              		.loc 1 160 0
 499 02e2 0120     		movs	r0, #1
 500 02e4 FFF7FEFF 		bl	MY_TIMER_REG_Write
 501              	.LVL67:
 161:main.c        ****         
 162:main.c        ****         MY_TIMER_REG_Write(0);
 502              		.loc 1 162 0
 503 02e8 0020     		movs	r0, #0
 504 02ea FFF7FEFF 		bl	MY_TIMER_REG_Write
 505              	.LVL68:
 163:main.c        ****         
 164:main.c        ****         
 165:main.c        ****     }
 506              		.loc 1 165 0
 507 02ee E9E6     		b	.L19
 508              	.L38:
 509              		.align	2
 510              	.L37:
 511 02f0 00000000 		.word	k
 512 02f4 00000000 		.word	j
 513 02f8 00000000 		.word	count
 514 02fc 00000000 		.word	t0
 515 0300 00000000 		.word	XLDA
 516 0304 00000000 		.word	SENS_HUB_ENDOP
 517 0308 00000000 		.word	Mag
 518 030c 00000000 		.word	Accel
 519 0310 00000000 		.word	Gyro
 520 0314 00000000 		.word	t1
 521 0318 00000000 		.word	tempo
 522 031c 00000000 		.word	var
 523              		.cfi_endproc
 524              	.LFE64:
 525              		.size	main, .-main
 526              		.comm	var,1,1
 527              		.comm	k,1,1
 528              		.comm	count,1,1
 529              		.comm	j,1,1
 530              		.comm	tempo,20,2
 531              		.comm	t1,2,2
 532              		.comm	t0,2,2
 533              		.comm	SENS_HUB_ENDOP,1,1
 534              		.comm	XLDA,1,1
 535              		.comm	GDA,1,1
 536              		.comm	Temp,2,1
 537              		.comm	Gyro,120,1
 538              		.comm	Accel,120,1
 539              		.comm	Mag,120,1
 540              		.comm	g_imuNew,16,2
 541              		.comm	g_imu,16,2
 542              		.comm	IMU_ack,4,4
 543              		.text
 544              	.Letext0:
 545              		.file 2 "c:\\program files (x86)\\cypress\\psoc creator\\4.4\\psoc creator\\import\\gnu\\arm\\5.4.
 546              		.file 3 "c:\\program files (x86)\\cypress\\psoc creator\\4.4\\psoc creator\\import\\gnu\\arm\\5.4.
ARM GAS  C:\Users\mgnocco\AppData\Local\Temp\ccVnpVD9.s 			page 14


 547              		.file 4 "Generated_Source\\PSoC5/cytypes.h"
 548              		.file 5 "globals.h"
 549              		.file 6 "Generated_Source\\PSoC5/core_cm3.h"
 550              		.file 7 "Generated_Source\\PSoC5/MY_TIMER.h"
 551              		.file 8 "Generated_Source\\PSoC5/PACER_TIMER.h"
 552              		.file 9 "Generated_Source\\PSoC5/SPI_IMU.h"
 553              		.file 10 "Generated_Source\\PSoC5/CyLib.h"
 554              		.file 11 "Generated_Source\\PSoC5/UART.h"
 555              		.file 12 "Generated_Source\\PSoC5/Control_Reg_1.h"
 556              		.file 13 "header01.h"
 557              		.file 14 "Generated_Source\\PSoC5/MY_TIMER_REG.h"
 558              		.section	.debug_info,"",%progbits
 559              	.Ldebug_info0:
 560 0000 07070000 		.4byte	0x707
 561 0004 0400     		.2byte	0x4
 562 0006 00000000 		.4byte	.Ldebug_abbrev0
 563 000a 04       		.byte	0x4
 564 000b 01       		.uleb128 0x1
 565 000c 60010000 		.4byte	.LASF54
 566 0010 0C       		.byte	0xc
 567 0011 BA020000 		.4byte	.LASF55
 568 0015 29030000 		.4byte	.LASF56
 569 0019 00000000 		.4byte	.Ldebug_ranges0+0
 570 001d 00000000 		.4byte	0
 571 0021 00000000 		.4byte	.Ldebug_line0
 572 0025 02       		.uleb128 0x2
 573 0026 01       		.byte	0x1
 574 0027 06       		.byte	0x6
 575 0028 2A010000 		.4byte	.LASF0
 576 002c 02       		.uleb128 0x2
 577 002d 01       		.byte	0x1
 578 002e 08       		.byte	0x8
 579 002f 1C010000 		.4byte	.LASF1
 580 0033 02       		.uleb128 0x2
 581 0034 02       		.byte	0x2
 582 0035 05       		.byte	0x5
 583 0036 3A000000 		.4byte	.LASF2
 584 003a 02       		.uleb128 0x2
 585 003b 02       		.byte	0x2
 586 003c 07       		.byte	0x7
 587 003d 02020000 		.4byte	.LASF3
 588 0041 03       		.uleb128 0x3
 589 0042 E0020000 		.4byte	.LASF9
 590 0046 02       		.byte	0x2
 591 0047 3F       		.byte	0x3f
 592 0048 4C000000 		.4byte	0x4c
 593 004c 02       		.uleb128 0x2
 594 004d 04       		.byte	0x4
 595 004e 05       		.byte	0x5
 596 004f F6000000 		.4byte	.LASF4
 597 0053 02       		.uleb128 0x2
 598 0054 04       		.byte	0x4
 599 0055 07       		.byte	0x7
 600 0056 C1020000 		.4byte	.LASF5
 601 005a 02       		.uleb128 0x2
 602 005b 08       		.byte	0x8
 603 005c 05       		.byte	0x5
ARM GAS  C:\Users\mgnocco\AppData\Local\Temp\ccVnpVD9.s 			page 15


 604 005d DD000000 		.4byte	.LASF6
 605 0061 02       		.uleb128 0x2
 606 0062 08       		.byte	0x8
 607 0063 07       		.byte	0x7
 608 0064 3C010000 		.4byte	.LASF7
 609 0068 04       		.uleb128 0x4
 610 0069 04       		.byte	0x4
 611 006a 05       		.byte	0x5
 612 006b 696E7400 		.ascii	"int\000"
 613 006f 02       		.uleb128 0x2
 614 0070 04       		.byte	0x4
 615 0071 07       		.byte	0x7
 616 0072 53010000 		.4byte	.LASF8
 617 0076 03       		.uleb128 0x3
 618 0077 39020000 		.4byte	.LASF10
 619 007b 03       		.byte	0x3
 620 007c 2C       		.byte	0x2c
 621 007d 41000000 		.4byte	0x41
 622 0081 05       		.uleb128 0x5
 623 0082 A9000000 		.4byte	.LASF11
 624 0086 04       		.byte	0x4
 625 0087 E901     		.2byte	0x1e9
 626 0089 2C000000 		.4byte	0x2c
 627 008d 05       		.uleb128 0x5
 628 008e 89000000 		.4byte	.LASF12
 629 0092 04       		.byte	0x4
 630 0093 EA01     		.2byte	0x1ea
 631 0095 3A000000 		.4byte	0x3a
 632 0099 05       		.uleb128 0x5
 633 009a 90000000 		.4byte	.LASF13
 634 009e 04       		.byte	0x4
 635 009f ED01     		.2byte	0x1ed
 636 00a1 33000000 		.4byte	0x33
 637 00a5 02       		.uleb128 0x2
 638 00a6 04       		.byte	0x4
 639 00a7 04       		.byte	0x4
 640 00a8 CB000000 		.4byte	.LASF14
 641 00ac 02       		.uleb128 0x2
 642 00ad 08       		.byte	0x8
 643 00ae 04       		.byte	0x4
 644 00af D3020000 		.4byte	.LASF15
 645 00b3 02       		.uleb128 0x2
 646 00b4 01       		.byte	0x1
 647 00b5 08       		.byte	0x8
 648 00b6 15020000 		.4byte	.LASF16
 649 00ba 02       		.uleb128 0x2
 650 00bb 08       		.byte	0x8
 651 00bc 04       		.byte	0x4
 652 00bd 00000000 		.4byte	.LASF17
 653 00c1 02       		.uleb128 0x2
 654 00c2 04       		.byte	0x4
 655 00c3 07       		.byte	0x7
 656 00c4 44000000 		.4byte	.LASF18
 657 00c8 06       		.uleb128 0x6
 658 00c9 D1000000 		.4byte	.LASF57
 659 00cd 10       		.byte	0x10
 660 00ce 05       		.byte	0x5
ARM GAS  C:\Users\mgnocco\AppData\Local\Temp\ccVnpVD9.s 			page 16


 661 00cf 0D       		.byte	0xd
 662 00d0 05010000 		.4byte	0x105
 663 00d4 07       		.uleb128 0x7
 664 00d5 36010000 		.4byte	.LASF19
 665 00d9 05       		.byte	0x5
 666 00da 0E       		.byte	0xe
 667 00db 81000000 		.4byte	0x81
 668 00df 00       		.byte	0
 669 00e0 07       		.uleb128 0x7
 670 00e1 09030000 		.4byte	.LASF20
 671 00e5 05       		.byte	0x5
 672 00e6 0F       		.byte	0xf
 673 00e7 05010000 		.4byte	0x105
 674 00eb 02       		.byte	0x2
 675 00ec 07       		.uleb128 0x7
 676 00ed EB000000 		.4byte	.LASF21
 677 00f1 05       		.byte	0x5
 678 00f2 10       		.byte	0x10
 679 00f3 05010000 		.4byte	0x105
 680 00f7 08       		.byte	0x8
 681 00f8 07       		.uleb128 0x7
 682 00f9 68020000 		.4byte	.LASF22
 683 00fd 05       		.byte	0x5
 684 00fe 11       		.byte	0x11
 685 00ff 99000000 		.4byte	0x99
 686 0103 0E       		.byte	0xe
 687 0104 00       		.byte	0
 688 0105 08       		.uleb128 0x8
 689 0106 99000000 		.4byte	0x99
 690 010a 15010000 		.4byte	0x115
 691 010e 09       		.uleb128 0x9
 692 010f C1000000 		.4byte	0xc1
 693 0113 02       		.byte	0x2
 694 0114 00       		.byte	0
 695 0115 0A       		.uleb128 0xa
 696 0116 29020000 		.4byte	.LASF58
 697 011a 01       		.byte	0x1
 698 011b 23       		.byte	0x23
 699 011c 68000000 		.4byte	0x68
 700 0120 00000000 		.4byte	.LFB64
 701 0124 20030000 		.4byte	.LFE64-.LFB64
 702 0128 01       		.uleb128 0x1
 703 0129 9C       		.byte	0x9c
 704 012a C6040000 		.4byte	0x4c6
 705 012e 0B       		.uleb128 0xb
 706 012f 6900     		.ascii	"i\000"
 707 0131 01       		.byte	0x1
 708 0132 30       		.byte	0x30
 709 0133 81000000 		.4byte	0x81
 710 0137 00000000 		.4byte	.LLST0
 711 013b 0C       		.uleb128 0xc
 712 013c 77686F00 		.ascii	"who\000"
 713 0140 01       		.byte	0x1
 714 0141 31       		.byte	0x31
 715 0142 81000000 		.4byte	0x81
 716 0146 0D       		.uleb128 0xd
 717 0147 08000000 		.4byte	.LVL0
ARM GAS  C:\Users\mgnocco\AppData\Local\Temp\ccVnpVD9.s 			page 17


 718 014b 2E060000 		.4byte	0x62e
 719 014f 0D       		.uleb128 0xd
 720 0150 0C000000 		.4byte	.LVL1
 721 0154 39060000 		.4byte	0x639
 722 0158 0D       		.uleb128 0xd
 723 0159 10000000 		.4byte	.LVL2
 724 015d 44060000 		.4byte	0x644
 725 0161 0D       		.uleb128 0xd
 726 0162 14000000 		.4byte	.LVL3
 727 0166 4F060000 		.4byte	0x64f
 728 016a 0D       		.uleb128 0xd
 729 016b 18000000 		.4byte	.LVL4
 730 016f 5A060000 		.4byte	0x65a
 731 0173 0D       		.uleb128 0xd
 732 0174 1C000000 		.4byte	.LVL5
 733 0178 65060000 		.4byte	0x665
 734 017c 0D       		.uleb128 0xd
 735 017d 20000000 		.4byte	.LVL6
 736 0181 70060000 		.4byte	0x670
 737 0185 0D       		.uleb128 0xd
 738 0186 24000000 		.4byte	.LVL7
 739 018a 7B060000 		.4byte	0x67b
 740 018e 0E       		.uleb128 0xe
 741 018f 2A000000 		.4byte	.LVL8
 742 0193 86060000 		.4byte	0x686
 743 0197 A1010000 		.4byte	0x1a1
 744 019b 0F       		.uleb128 0xf
 745 019c 01       		.uleb128 0x1
 746 019d 50       		.byte	0x50
 747 019e 01       		.uleb128 0x1
 748 019f 3A       		.byte	0x3a
 749 01a0 00       		.byte	0
 750 01a1 0D       		.uleb128 0xd
 751 01a2 32000000 		.4byte	.LVL9
 752 01a6 91060000 		.4byte	0x691
 753 01aa 0E       		.uleb128 0xe
 754 01ab 3A000000 		.4byte	.LVL10
 755 01af 9C060000 		.4byte	0x69c
 756 01b3 BD010000 		.4byte	0x1bd
 757 01b7 0F       		.uleb128 0xf
 758 01b8 01       		.uleb128 0x1
 759 01b9 50       		.byte	0x50
 760 01ba 01       		.uleb128 0x1
 761 01bb 30       		.byte	0x30
 762 01bc 00       		.byte	0
 763 01bd 0E       		.uleb128 0xe
 764 01be 48000000 		.4byte	.LVL11
 765 01c2 9C060000 		.4byte	0x69c
 766 01c6 D1010000 		.4byte	0x1d1
 767 01ca 0F       		.uleb128 0xf
 768 01cb 01       		.uleb128 0x1
 769 01cc 50       		.byte	0x50
 770 01cd 02       		.uleb128 0x2
 771 01ce 75       		.byte	0x75
 772 01cf 00       		.sleb128 0
 773 01d0 00       		.byte	0
 774 01d1 0E       		.uleb128 0xe
ARM GAS  C:\Users\mgnocco\AppData\Local\Temp\ccVnpVD9.s 			page 18


 775 01d2 50000000 		.4byte	.LVL12
 776 01d6 A7060000 		.4byte	0x6a7
 777 01da EA010000 		.4byte	0x1ea
 778 01de 0F       		.uleb128 0xf
 779 01df 01       		.uleb128 0x1
 780 01e0 50       		.byte	0x50
 781 01e1 01       		.uleb128 0x1
 782 01e2 40       		.byte	0x40
 783 01e3 0F       		.uleb128 0xf
 784 01e4 01       		.uleb128 0x1
 785 01e5 51       		.byte	0x51
 786 01e6 02       		.uleb128 0x2
 787 01e7 09       		.byte	0x9
 788 01e8 A0       		.byte	0xa0
 789 01e9 00       		.byte	0
 790 01ea 0E       		.uleb128 0xe
 791 01eb 58000000 		.4byte	.LVL13
 792 01ef A7060000 		.4byte	0x6a7
 793 01f3 03020000 		.4byte	0x203
 794 01f7 0F       		.uleb128 0xf
 795 01f8 01       		.uleb128 0x1
 796 01f9 50       		.byte	0x50
 797 01fa 01       		.uleb128 0x1
 798 01fb 42       		.byte	0x42
 799 01fc 0F       		.uleb128 0xf
 800 01fd 01       		.uleb128 0x1
 801 01fe 51       		.byte	0x51
 802 01ff 02       		.uleb128 0x2
 803 0200 08       		.byte	0x8
 804 0201 40       		.byte	0x40
 805 0202 00       		.byte	0
 806 0203 0E       		.uleb128 0xe
 807 0204 5E000000 		.4byte	.LVL14
 808 0208 86060000 		.4byte	0x686
 809 020c 16020000 		.4byte	0x216
 810 0210 0F       		.uleb128 0xf
 811 0211 01       		.uleb128 0x1
 812 0212 50       		.byte	0x50
 813 0213 01       		.uleb128 0x1
 814 0214 31       		.byte	0x31
 815 0215 00       		.byte	0
 816 0216 0E       		.uleb128 0xe
 817 0217 66000000 		.4byte	.LVL15
 818 021b A7060000 		.4byte	0x6a7
 819 021f 2F020000 		.4byte	0x22f
 820 0223 0F       		.uleb128 0xf
 821 0224 01       		.uleb128 0x1
 822 0225 50       		.byte	0x50
 823 0226 01       		.uleb128 0x1
 824 0227 41       		.byte	0x41
 825 0228 0F       		.uleb128 0xf
 826 0229 01       		.uleb128 0x1
 827 022a 51       		.byte	0x51
 828 022b 02       		.uleb128 0x2
 829 022c 09       		.byte	0x9
 830 022d A0       		.byte	0xa0
 831 022e 00       		.byte	0
ARM GAS  C:\Users\mgnocco\AppData\Local\Temp\ccVnpVD9.s 			page 19


 832 022f 0E       		.uleb128 0xe
 833 0230 6C000000 		.4byte	.LVL16
 834 0234 86060000 		.4byte	0x686
 835 0238 43020000 		.4byte	0x243
 836 023c 0F       		.uleb128 0xf
 837 023d 01       		.uleb128 0x1
 838 023e 50       		.byte	0x50
 839 023f 02       		.uleb128 0x2
 840 0240 08       		.byte	0x8
 841 0241 64       		.byte	0x64
 842 0242 00       		.byte	0
 843 0243 0E       		.uleb128 0xe
 844 0244 74000000 		.4byte	.LVL17
 845 0248 B2060000 		.4byte	0x6b2
 846 024c 5D020000 		.4byte	0x25d
 847 0250 0F       		.uleb128 0xf
 848 0251 01       		.uleb128 0x1
 849 0252 50       		.byte	0x50
 850 0253 02       		.uleb128 0x2
 851 0254 08       		.byte	0x8
 852 0255 3C       		.byte	0x3c
 853 0256 0F       		.uleb128 0xf
 854 0257 01       		.uleb128 0x1
 855 0258 51       		.byte	0x51
 856 0259 02       		.uleb128 0x2
 857 025a 08       		.byte	0x8
 858 025b 4F       		.byte	0x4f
 859 025c 00       		.byte	0
 860 025d 0E       		.uleb128 0xe
 861 025e 7E000000 		.4byte	.LVL18
 862 0262 BD060000 		.4byte	0x6bd
 863 0266 7D020000 		.4byte	0x27d
 864 026a 0F       		.uleb128 0xf
 865 026b 01       		.uleb128 0x1
 866 026c 50       		.byte	0x50
 867 026d 02       		.uleb128 0x2
 868 026e 08       		.byte	0x8
 869 026f 3C       		.byte	0x3c
 870 0270 0F       		.uleb128 0xf
 871 0271 01       		.uleb128 0x1
 872 0272 51       		.byte	0x51
 873 0273 02       		.uleb128 0x2
 874 0274 08       		.byte	0x8
 875 0275 60       		.byte	0x60
 876 0276 0F       		.uleb128 0xf
 877 0277 01       		.uleb128 0x1
 878 0278 52       		.byte	0x52
 879 0279 02       		.uleb128 0x2
 880 027a 75       		.byte	0x75
 881 027b 00       		.sleb128 0
 882 027c 00       		.byte	0
 883 027d 0E       		.uleb128 0xe
 884 027e 84000000 		.4byte	.LVL19
 885 0282 86060000 		.4byte	0x686
 886 0286 90020000 		.4byte	0x290
 887 028a 0F       		.uleb128 0xf
 888 028b 01       		.uleb128 0x1
ARM GAS  C:\Users\mgnocco\AppData\Local\Temp\ccVnpVD9.s 			page 20


 889 028c 50       		.byte	0x50
 890 028d 01       		.uleb128 0x1
 891 028e 31       		.byte	0x31
 892 028f 00       		.byte	0
 893 0290 0E       		.uleb128 0xe
 894 0291 8E000000 		.4byte	.LVL20
 895 0295 BD060000 		.4byte	0x6bd
 896 0299 B0020000 		.4byte	0x2b0
 897 029d 0F       		.uleb128 0xf
 898 029e 01       		.uleb128 0x1
 899 029f 50       		.byte	0x50
 900 02a0 02       		.uleb128 0x2
 901 02a1 08       		.byte	0x8
 902 02a2 3C       		.byte	0x3c
 903 02a3 0F       		.uleb128 0xf
 904 02a4 01       		.uleb128 0x1
 905 02a5 51       		.byte	0x51
 906 02a6 02       		.uleb128 0x2
 907 02a7 08       		.byte	0x8
 908 02a8 60       		.byte	0x60
 909 02a9 0F       		.uleb128 0xf
 910 02aa 01       		.uleb128 0x1
 911 02ab 52       		.byte	0x52
 912 02ac 02       		.uleb128 0x2
 913 02ad 75       		.byte	0x75
 914 02ae 00       		.sleb128 0
 915 02af 00       		.byte	0
 916 02b0 0E       		.uleb128 0xe
 917 02b1 98000000 		.4byte	.LVL21
 918 02b5 BD060000 		.4byte	0x6bd
 919 02b9 CF020000 		.4byte	0x2cf
 920 02bd 0F       		.uleb128 0xf
 921 02be 01       		.uleb128 0x1
 922 02bf 50       		.byte	0x50
 923 02c0 02       		.uleb128 0x2
 924 02c1 08       		.byte	0x8
 925 02c2 3C       		.byte	0x3c
 926 02c3 0F       		.uleb128 0xf
 927 02c4 01       		.uleb128 0x1
 928 02c5 51       		.byte	0x51
 929 02c6 02       		.uleb128 0x2
 930 02c7 08       		.byte	0x8
 931 02c8 61       		.byte	0x61
 932 02c9 0F       		.uleb128 0xf
 933 02ca 01       		.uleb128 0x1
 934 02cb 52       		.byte	0x52
 935 02cc 01       		.uleb128 0x1
 936 02cd 32       		.byte	0x32
 937 02ce 00       		.byte	0
 938 02cf 0E       		.uleb128 0xe
 939 02d0 A2000000 		.4byte	.LVL22
 940 02d4 BD060000 		.4byte	0x6bd
 941 02d8 EE020000 		.4byte	0x2ee
 942 02dc 0F       		.uleb128 0xf
 943 02dd 01       		.uleb128 0x1
 944 02de 50       		.byte	0x50
 945 02df 02       		.uleb128 0x2
ARM GAS  C:\Users\mgnocco\AppData\Local\Temp\ccVnpVD9.s 			page 21


 946 02e0 08       		.byte	0x8
 947 02e1 3C       		.byte	0x3c
 948 02e2 0F       		.uleb128 0xf
 949 02e3 01       		.uleb128 0x1
 950 02e4 51       		.byte	0x51
 951 02e5 02       		.uleb128 0x2
 952 02e6 08       		.byte	0x8
 953 02e7 62       		.byte	0x62
 954 02e8 0F       		.uleb128 0xf
 955 02e9 01       		.uleb128 0x1
 956 02ea 52       		.byte	0x52
 957 02eb 01       		.uleb128 0x1
 958 02ec 40       		.byte	0x40
 959 02ed 00       		.byte	0
 960 02ee 0E       		.uleb128 0xe
 961 02ef AC000000 		.4byte	.LVL23
 962 02f3 C8060000 		.4byte	0x6c8
 963 02f7 0D030000 		.4byte	0x30d
 964 02fb 0F       		.uleb128 0xf
 965 02fc 01       		.uleb128 0x1
 966 02fd 50       		.byte	0x50
 967 02fe 02       		.uleb128 0x2
 968 02ff 08       		.byte	0x8
 969 0300 3C       		.byte	0x3c
 970 0301 0F       		.uleb128 0xf
 971 0302 01       		.uleb128 0x1
 972 0303 51       		.byte	0x51
 973 0304 02       		.uleb128 0x2
 974 0305 08       		.byte	0x8
 975 0306 68       		.byte	0x68
 976 0307 0F       		.uleb128 0xf
 977 0308 01       		.uleb128 0x1
 978 0309 52       		.byte	0x52
 979 030a 01       		.uleb128 0x1
 980 030b 36       		.byte	0x36
 981 030c 00       		.byte	0
 982 030d 0E       		.uleb128 0xe
 983 030e BE000000 		.4byte	.LVL24
 984 0312 9C060000 		.4byte	0x69c
 985 0316 20030000 		.4byte	0x320
 986 031a 0F       		.uleb128 0xf
 987 031b 01       		.uleb128 0x1
 988 031c 50       		.byte	0x50
 989 031d 01       		.uleb128 0x1
 990 031e 30       		.byte	0x30
 991 031f 00       		.byte	0
 992 0320 0D       		.uleb128 0xd
 993 0321 C8000000 		.4byte	.LVL25
 994 0325 D3060000 		.4byte	0x6d3
 995 0329 0D       		.uleb128 0xd
 996 032a DA000000 		.4byte	.LVL26
 997 032e 9C060000 		.4byte	0x69c
 998 0332 0E       		.uleb128 0xe
 999 0333 E0000000 		.4byte	.LVL27
 1000 0337 DE060000 		.4byte	0x6de
 1001 033b 45030000 		.4byte	0x345
 1002 033f 0F       		.uleb128 0xf
ARM GAS  C:\Users\mgnocco\AppData\Local\Temp\ccVnpVD9.s 			page 22


 1003 0340 01       		.uleb128 0x1
 1004 0341 50       		.byte	0x50
 1005 0342 01       		.uleb128 0x1
 1006 0343 4E       		.byte	0x4e
 1007 0344 00       		.byte	0
 1008 0345 0E       		.uleb128 0xe
 1009 0346 EE000000 		.4byte	.LVL28
 1010 034a DE060000 		.4byte	0x6de
 1011 034e 59030000 		.4byte	0x359
 1012 0352 0F       		.uleb128 0xf
 1013 0353 01       		.uleb128 0x1
 1014 0354 50       		.byte	0x50
 1015 0355 02       		.uleb128 0x2
 1016 0356 08       		.byte	0x8
 1017 0357 39       		.byte	0x39
 1018 0358 00       		.byte	0
 1019 0359 0E       		.uleb128 0xe
 1020 035a FE000000 		.4byte	.LVL29
 1021 035e A7060000 		.4byte	0x6a7
 1022 0362 72030000 		.4byte	0x372
 1023 0366 0F       		.uleb128 0xf
 1024 0367 01       		.uleb128 0x1
 1025 0368 50       		.byte	0x50
 1026 0369 01       		.uleb128 0x1
 1027 036a 31       		.byte	0x31
 1028 036b 0F       		.uleb128 0xf
 1029 036c 01       		.uleb128 0x1
 1030 036d 51       		.byte	0x51
 1031 036e 02       		.uleb128 0x2
 1032 036f 08       		.byte	0x8
 1033 0370 40       		.byte	0x40
 1034 0371 00       		.byte	0
 1035 0372 0E       		.uleb128 0xe
 1036 0373 04010000 		.4byte	.LVL30
 1037 0377 E9060000 		.4byte	0x6e9
 1038 037b 86030000 		.4byte	0x386
 1039 037f 0F       		.uleb128 0xf
 1040 0380 01       		.uleb128 0x1
 1041 0381 50       		.byte	0x50
 1042 0382 02       		.uleb128 0x2
 1043 0383 08       		.byte	0x8
 1044 0384 64       		.byte	0x64
 1045 0385 00       		.byte	0
 1046 0386 0E       		.uleb128 0xe
 1047 0387 0A010000 		.4byte	.LVL31
 1048 038b DE060000 		.4byte	0x6de
 1049 038f 99030000 		.4byte	0x399
 1050 0393 0F       		.uleb128 0xf
 1051 0394 01       		.uleb128 0x1
 1052 0395 50       		.byte	0x50
 1053 0396 01       		.uleb128 0x1
 1054 0397 3F       		.byte	0x3f
 1055 0398 00       		.byte	0
 1056 0399 0E       		.uleb128 0xe
 1057 039a 2A010000 		.4byte	.LVL34
 1058 039e DE060000 		.4byte	0x6de
 1059 03a2 AD030000 		.4byte	0x3ad
ARM GAS  C:\Users\mgnocco\AppData\Local\Temp\ccVnpVD9.s 			page 23


 1060 03a6 0F       		.uleb128 0xf
 1061 03a7 01       		.uleb128 0x1
 1062 03a8 50       		.byte	0x50
 1063 03a9 02       		.uleb128 0x2
 1064 03aa 78       		.byte	0x78
 1065 03ab 02       		.sleb128 2
 1066 03ac 00       		.byte	0
 1067 03ad 0E       		.uleb128 0xe
 1068 03ae 4C010000 		.4byte	.LVL37
 1069 03b2 A7060000 		.4byte	0x6a7
 1070 03b6 C5030000 		.4byte	0x3c5
 1071 03ba 0F       		.uleb128 0xf
 1072 03bb 01       		.uleb128 0x1
 1073 03bc 50       		.byte	0x50
 1074 03bd 01       		.uleb128 0x1
 1075 03be 31       		.byte	0x31
 1076 03bf 0F       		.uleb128 0xf
 1077 03c0 01       		.uleb128 0x1
 1078 03c1 51       		.byte	0x51
 1079 03c2 01       		.uleb128 0x1
 1080 03c3 30       		.byte	0x30
 1081 03c4 00       		.byte	0
 1082 03c5 0E       		.uleb128 0xe
 1083 03c6 52010000 		.4byte	.LVL38
 1084 03ca E9060000 		.4byte	0x6e9
 1085 03ce D9030000 		.4byte	0x3d9
 1086 03d2 0F       		.uleb128 0xf
 1087 03d3 01       		.uleb128 0x1
 1088 03d4 50       		.byte	0x50
 1089 03d5 02       		.uleb128 0x2
 1090 03d6 08       		.byte	0x8
 1091 03d7 64       		.byte	0x64
 1092 03d8 00       		.byte	0
 1093 03d9 0E       		.uleb128 0xe
 1094 03da 6E010000 		.4byte	.LVL41
 1095 03de DE060000 		.4byte	0x6de
 1096 03e2 ED030000 		.4byte	0x3ed
 1097 03e6 0F       		.uleb128 0xf
 1098 03e7 01       		.uleb128 0x1
 1099 03e8 50       		.byte	0x50
 1100 03e9 02       		.uleb128 0x2
 1101 03ea 76       		.byte	0x76
 1102 03eb 28       		.sleb128 40
 1103 03ec 00       		.byte	0
 1104 03ed 0E       		.uleb128 0xe
 1105 03ee 9E010000 		.4byte	.LVL46
 1106 03f2 DE060000 		.4byte	0x6de
 1107 03f6 01040000 		.4byte	0x401
 1108 03fa 0F       		.uleb128 0xf
 1109 03fb 01       		.uleb128 0x1
 1110 03fc 50       		.byte	0x50
 1111 03fd 02       		.uleb128 0x2
 1112 03fe 78       		.byte	0x78
 1113 03ff 22       		.sleb128 34
 1114 0400 00       		.byte	0
 1115 0401 0E       		.uleb128 0xe
 1116 0402 D2010000 		.4byte	.LVL50
ARM GAS  C:\Users\mgnocco\AppData\Local\Temp\ccVnpVD9.s 			page 24


 1117 0406 9C060000 		.4byte	0x69c
 1118 040a 14040000 		.4byte	0x414
 1119 040e 0F       		.uleb128 0xf
 1120 040f 01       		.uleb128 0x1
 1121 0410 50       		.byte	0x50
 1122 0411 01       		.uleb128 0x1
 1123 0412 30       		.byte	0x30
 1124 0413 00       		.byte	0
 1125 0414 0D       		.uleb128 0xd
 1126 0415 D6010000 		.4byte	.LVL51
 1127 0419 D3060000 		.4byte	0x6d3
 1128 041d 0D       		.uleb128 0xd
 1129 041e 16020000 		.4byte	.LVL52
 1130 0422 F4060000 		.4byte	0x6f4
 1131 0426 0E       		.uleb128 0xe
 1132 0427 1C020000 		.4byte	.LVL53
 1133 042b F4060000 		.4byte	0x6f4
 1134 042f 3A040000 		.4byte	0x43a
 1135 0433 0F       		.uleb128 0xf
 1136 0434 01       		.uleb128 0x1
 1137 0435 50       		.byte	0x50
 1138 0436 02       		.uleb128 0x2
 1139 0437 76       		.byte	0x76
 1140 0438 00       		.sleb128 0
 1141 0439 00       		.byte	0
 1142 043a 0D       		.uleb128 0xd
 1143 043b 32020000 		.4byte	.LVL54
 1144 043f F4060000 		.4byte	0x6f4
 1145 0443 0D       		.uleb128 0xd
 1146 0444 42020000 		.4byte	.LVL55
 1147 0448 F4060000 		.4byte	0x6f4
 1148 044c 0D       		.uleb128 0xd
 1149 044d 5A020000 		.4byte	.LVL57
 1150 0451 F4060000 		.4byte	0x6f4
 1151 0455 0D       		.uleb128 0xd
 1152 0456 86020000 		.4byte	.LVL60
 1153 045a F4060000 		.4byte	0x6f4
 1154 045e 0D       		.uleb128 0xd
 1155 045f B6020000 		.4byte	.LVL63
 1156 0463 F4060000 		.4byte	0x6f4
 1157 0467 0E       		.uleb128 0xe
 1158 0468 C6020000 		.4byte	.LVL64
 1159 046c F4060000 		.4byte	0x6f4
 1160 0470 7B040000 		.4byte	0x47b
 1161 0474 0F       		.uleb128 0xf
 1162 0475 01       		.uleb128 0x1
 1163 0476 50       		.byte	0x50
 1164 0477 02       		.uleb128 0x2
 1165 0478 08       		.byte	0x8
 1166 0479 63       		.byte	0x63
 1167 047a 00       		.byte	0
 1168 047b 0E       		.uleb128 0xe
 1169 047c CC020000 		.4byte	.LVL65
 1170 0480 F4060000 		.4byte	0x6f4
 1171 0484 8F040000 		.4byte	0x48f
 1172 0488 0F       		.uleb128 0xf
 1173 0489 01       		.uleb128 0x1
ARM GAS  C:\Users\mgnocco\AppData\Local\Temp\ccVnpVD9.s 			page 25


 1174 048a 50       		.byte	0x50
 1175 048b 02       		.uleb128 0x2
 1176 048c 08       		.byte	0x8
 1177 048d 69       		.byte	0x69
 1178 048e 00       		.byte	0
 1179 048f 0E       		.uleb128 0xe
 1180 0490 D2020000 		.4byte	.LVL66
 1181 0494 F4060000 		.4byte	0x6f4
 1182 0498 A3040000 		.4byte	0x4a3
 1183 049c 0F       		.uleb128 0xf
 1184 049d 01       		.uleb128 0x1
 1185 049e 50       		.byte	0x50
 1186 049f 02       		.uleb128 0x2
 1187 04a0 08       		.byte	0x8
 1188 04a1 61       		.byte	0x61
 1189 04a2 00       		.byte	0
 1190 04a3 0E       		.uleb128 0xe
 1191 04a4 E8020000 		.4byte	.LVL67
 1192 04a8 FF060000 		.4byte	0x6ff
 1193 04ac B6040000 		.4byte	0x4b6
 1194 04b0 0F       		.uleb128 0xf
 1195 04b1 01       		.uleb128 0x1
 1196 04b2 50       		.byte	0x50
 1197 04b3 01       		.uleb128 0x1
 1198 04b4 31       		.byte	0x31
 1199 04b5 00       		.byte	0
 1200 04b6 10       		.uleb128 0x10
 1201 04b7 EE020000 		.4byte	.LVL68
 1202 04bb FF060000 		.4byte	0x6ff
 1203 04bf 0F       		.uleb128 0xf
 1204 04c0 01       		.uleb128 0x1
 1205 04c1 50       		.byte	0x50
 1206 04c2 01       		.uleb128 0x1
 1207 04c3 30       		.byte	0x30
 1208 04c4 00       		.byte	0
 1209 04c5 00       		.byte	0
 1210 04c6 11       		.uleb128 0x11
 1211 04c7 A2030000 		.4byte	.LASF23
 1212 04cb 06       		.byte	0x6
 1213 04cc 1207     		.2byte	0x712
 1214 04ce D2040000 		.4byte	0x4d2
 1215 04d2 12       		.uleb128 0x12
 1216 04d3 76000000 		.4byte	0x76
 1217 04d7 13       		.uleb128 0x13
 1218 04d8 83000000 		.4byte	.LASF24
 1219 04dc 01       		.byte	0x1
 1220 04dd 13       		.byte	0x13
 1221 04de C8000000 		.4byte	0xc8
 1222 04e2 05       		.uleb128 0x5
 1223 04e3 03       		.byte	0x3
 1224 04e4 00000000 		.4byte	g_imu
 1225 04e8 13       		.uleb128 0x13
 1226 04e9 00030000 		.4byte	.LASF25
 1227 04ed 01       		.byte	0x1
 1228 04ee 13       		.byte	0x13
 1229 04ef C8000000 		.4byte	0xc8
 1230 04f3 05       		.uleb128 0x5
ARM GAS  C:\Users\mgnocco\AppData\Local\Temp\ccVnpVD9.s 			page 26


 1231 04f4 03       		.byte	0x3
 1232 04f5 00000000 		.4byte	g_imuNew
 1233 04f9 08       		.uleb128 0x8
 1234 04fa 81000000 		.4byte	0x81
 1235 04fe 15050000 		.4byte	0x515
 1236 0502 09       		.uleb128 0x9
 1237 0503 C1000000 		.4byte	0xc1
 1238 0507 01       		.byte	0x1
 1239 0508 09       		.uleb128 0x9
 1240 0509 C1000000 		.4byte	0xc1
 1241 050d 09       		.byte	0x9
 1242 050e 09       		.uleb128 0x9
 1243 050f C1000000 		.4byte	0xc1
 1244 0513 05       		.byte	0x5
 1245 0514 00       		.byte	0
 1246 0515 14       		.uleb128 0x14
 1247 0516 4D616700 		.ascii	"Mag\000"
 1248 051a 01       		.byte	0x1
 1249 051b 14       		.byte	0x14
 1250 051c F9040000 		.4byte	0x4f9
 1251 0520 05       		.uleb128 0x5
 1252 0521 03       		.byte	0x3
 1253 0522 00000000 		.4byte	Mag
 1254 0526 13       		.uleb128 0x13
 1255 0527 0C010000 		.4byte	.LASF26
 1256 052b 01       		.byte	0x1
 1257 052c 15       		.byte	0x15
 1258 052d F9040000 		.4byte	0x4f9
 1259 0531 05       		.uleb128 0x5
 1260 0532 03       		.byte	0x3
 1261 0533 00000000 		.4byte	Accel
 1262 0537 13       		.uleb128 0x13
 1263 0538 B7030000 		.4byte	.LASF27
 1264 053c 01       		.byte	0x1
 1265 053d 16       		.byte	0x16
 1266 053e F9040000 		.4byte	0x4f9
 1267 0542 05       		.uleb128 0x5
 1268 0543 03       		.byte	0x3
 1269 0544 00000000 		.4byte	Gyro
 1270 0548 08       		.uleb128 0x8
 1271 0549 81000000 		.4byte	0x81
 1272 054d 58050000 		.4byte	0x558
 1273 0551 09       		.uleb128 0x9
 1274 0552 C1000000 		.4byte	0xc1
 1275 0556 01       		.byte	0x1
 1276 0557 00       		.byte	0
 1277 0558 13       		.uleb128 0x13
 1278 0559 AF000000 		.4byte	.LASF28
 1279 055d 01       		.byte	0x1
 1280 055e 17       		.byte	0x17
 1281 055f 48050000 		.4byte	0x548
 1282 0563 05       		.uleb128 0x5
 1283 0564 03       		.byte	0x3
 1284 0565 00000000 		.4byte	Temp
 1285 0569 13       		.uleb128 0x13
 1286 056a 69000000 		.4byte	.LASF29
 1287 056e 01       		.byte	0x1
ARM GAS  C:\Users\mgnocco\AppData\Local\Temp\ccVnpVD9.s 			page 27


 1288 056f 10       		.byte	0x10
 1289 0570 68000000 		.4byte	0x68
 1290 0574 05       		.uleb128 0x5
 1291 0575 03       		.byte	0x3
 1292 0576 00000000 		.4byte	IMU_ack
 1293 057a 14       		.uleb128 0x14
 1294 057b 47444100 		.ascii	"GDA\000"
 1295 057f 01       		.byte	0x1
 1296 0580 18       		.byte	0x18
 1297 0581 81000000 		.4byte	0x81
 1298 0585 05       		.uleb128 0x5
 1299 0586 03       		.byte	0x3
 1300 0587 00000000 		.4byte	GDA
 1301 058b 13       		.uleb128 0x13
 1302 058c 35000000 		.4byte	.LASF30
 1303 0590 01       		.byte	0x1
 1304 0591 19       		.byte	0x19
 1305 0592 81000000 		.4byte	0x81
 1306 0596 05       		.uleb128 0x5
 1307 0597 03       		.byte	0x3
 1308 0598 00000000 		.4byte	XLDA
 1309 059c 13       		.uleb128 0x13
 1310 059d 1A020000 		.4byte	.LASF31
 1311 05a1 01       		.byte	0x1
 1312 05a2 1A       		.byte	0x1a
 1313 05a3 81000000 		.4byte	0x81
 1314 05a7 05       		.uleb128 0x5
 1315 05a8 03       		.byte	0x3
 1316 05a9 00000000 		.4byte	SENS_HUB_ENDOP
 1317 05ad 14       		.uleb128 0x14
 1318 05ae 743000   		.ascii	"t0\000"
 1319 05b1 01       		.byte	0x1
 1320 05b2 1B       		.byte	0x1b
 1321 05b3 8D000000 		.4byte	0x8d
 1322 05b7 05       		.uleb128 0x5
 1323 05b8 03       		.byte	0x3
 1324 05b9 00000000 		.4byte	t0
 1325 05bd 14       		.uleb128 0x14
 1326 05be 743100   		.ascii	"t1\000"
 1327 05c1 01       		.byte	0x1
 1328 05c2 1C       		.byte	0x1c
 1329 05c3 8D000000 		.4byte	0x8d
 1330 05c7 05       		.uleb128 0x5
 1331 05c8 03       		.byte	0x3
 1332 05c9 00000000 		.4byte	t1
 1333 05cd 08       		.uleb128 0x8
 1334 05ce 8D000000 		.4byte	0x8d
 1335 05d2 DD050000 		.4byte	0x5dd
 1336 05d6 09       		.uleb128 0x9
 1337 05d7 C1000000 		.4byte	0xc1
 1338 05db 09       		.byte	0x9
 1339 05dc 00       		.byte	0
 1340 05dd 13       		.uleb128 0x13
 1341 05de 4D000000 		.4byte	.LASF32
 1342 05e2 01       		.byte	0x1
 1343 05e3 1D       		.byte	0x1d
 1344 05e4 CD050000 		.4byte	0x5cd
ARM GAS  C:\Users\mgnocco\AppData\Local\Temp\ccVnpVD9.s 			page 28


 1345 05e8 05       		.uleb128 0x5
 1346 05e9 03       		.byte	0x3
 1347 05ea 00000000 		.4byte	tempo
 1348 05ee 14       		.uleb128 0x14
 1349 05ef 6A00     		.ascii	"j\000"
 1350 05f1 01       		.byte	0x1
 1351 05f2 1E       		.byte	0x1e
 1352 05f3 81000000 		.4byte	0x81
 1353 05f7 05       		.uleb128 0x5
 1354 05f8 03       		.byte	0x3
 1355 05f9 00000000 		.4byte	j
 1356 05fd 13       		.uleb128 0x13
 1357 05fe DA020000 		.4byte	.LASF33
 1358 0602 01       		.byte	0x1
 1359 0603 1F       		.byte	0x1f
 1360 0604 81000000 		.4byte	0x81
 1361 0608 05       		.uleb128 0x5
 1362 0609 03       		.byte	0x3
 1363 060a 00000000 		.4byte	count
 1364 060e 14       		.uleb128 0x14
 1365 060f 6B00     		.ascii	"k\000"
 1366 0611 01       		.byte	0x1
 1367 0612 20       		.byte	0x20
 1368 0613 81000000 		.4byte	0x81
 1369 0617 05       		.uleb128 0x5
 1370 0618 03       		.byte	0x3
 1371 0619 00000000 		.4byte	k
 1372 061d 14       		.uleb128 0x14
 1373 061e 76617200 		.ascii	"var\000"
 1374 0622 01       		.byte	0x1
 1375 0623 21       		.byte	0x21
 1376 0624 81000000 		.4byte	0x81
 1377 0628 05       		.uleb128 0x5
 1378 0629 03       		.byte	0x3
 1379 062a 00000000 		.4byte	var
 1380 062e 15       		.uleb128 0x15
 1381 062f AB020000 		.4byte	.LASF34
 1382 0633 AB020000 		.4byte	.LASF34
 1383 0637 07       		.byte	0x7
 1384 0638 5A       		.byte	0x5a
 1385 0639 15       		.uleb128 0x15
 1386 063a 0C000000 		.4byte	.LASF35
 1387 063e 0C000000 		.4byte	.LASF35
 1388 0642 08       		.byte	0x8
 1389 0643 5A       		.byte	0x5a
 1390 0644 15       		.uleb128 0x15
 1391 0645 88020000 		.4byte	.LASF36
 1392 0649 88020000 		.4byte	.LASF36
 1393 064d 09       		.byte	0x9
 1394 064e 4D       		.byte	0x4d
 1395 064f 15       		.uleb128 0x15
 1396 0650 FF000000 		.4byte	.LASF37
 1397 0654 FF000000 		.4byte	.LASF37
 1398 0658 09       		.byte	0x9
 1399 0659 4B       		.byte	0x4b
 1400 065a 15       		.uleb128 0x15
 1401 065b 59020000 		.4byte	.LASF38
ARM GAS  C:\Users\mgnocco\AppData\Local\Temp\ccVnpVD9.s 			page 29


 1402 065f 59020000 		.4byte	.LASF38
 1403 0663 09       		.byte	0x9
 1404 0664 4C       		.byte	0x4c
 1405 0665 15       		.uleb128 0x15
 1406 0666 53000000 		.4byte	.LASF39
 1407 066a 53000000 		.4byte	.LASF39
 1408 066e 09       		.byte	0x9
 1409 066f 64       		.byte	0x64
 1410 0670 15       		.uleb128 0x15
 1411 0671 EA020000 		.4byte	.LASF40
 1412 0675 EA020000 		.4byte	.LASF40
 1413 0679 09       		.byte	0x9
 1414 067a 65       		.byte	0x65
 1415 067b 15       		.uleb128 0x15
 1416 067c 71000000 		.4byte	.LASF41
 1417 0680 71000000 		.4byte	.LASF41
 1418 0684 09       		.byte	0x9
 1419 0685 66       		.byte	0x66
 1420 0686 15       		.uleb128 0x15
 1421 0687 AF030000 		.4byte	.LASF42
 1422 068b AF030000 		.4byte	.LASF42
 1423 068f 0A       		.byte	0xa
 1424 0690 76       		.byte	0x76
 1425 0691 15       		.uleb128 0x15
 1426 0692 2E020000 		.4byte	.LASF43
 1427 0696 2E020000 		.4byte	.LASF43
 1428 069a 0B       		.byte	0xb
 1429 069b 54       		.byte	0x54
 1430 069c 15       		.uleb128 0x15
 1431 069d EE010000 		.4byte	.LASF44
 1432 06a1 EE010000 		.4byte	.LASF44
 1433 06a5 0C       		.byte	0xc
 1434 06a6 2F       		.byte	0x2f
 1435 06a7 15       		.uleb128 0x15
 1436 06a8 41020000 		.4byte	.LASF45
 1437 06ac 41020000 		.4byte	.LASF45
 1438 06b0 0D       		.byte	0xd
 1439 06b1 7B       		.byte	0x7b
 1440 06b2 15       		.uleb128 0x15
 1441 06b3 15030000 		.4byte	.LASF46
 1442 06b7 15030000 		.4byte	.LASF46
 1443 06bb 0D       		.byte	0xd
 1444 06bc 71       		.byte	0x71
 1445 06bd 15       		.uleb128 0x15
 1446 06be 96020000 		.4byte	.LASF47
 1447 06c2 96020000 		.4byte	.LASF47
 1448 06c6 0D       		.byte	0xd
 1449 06c7 72       		.byte	0x72
 1450 06c8 15       		.uleb128 0x15
 1451 06c9 B4000000 		.4byte	.LASF48
 1452 06cd B4000000 		.4byte	.LASF48
 1453 06d1 0D       		.byte	0xd
 1454 06d2 70       		.byte	0x70
 1455 06d3 15       		.uleb128 0x15
 1456 06d4 73020000 		.4byte	.LASF49
 1457 06d8 73020000 		.4byte	.LASF49
 1458 06dc 07       		.byte	0x7
ARM GAS  C:\Users\mgnocco\AppData\Local\Temp\ccVnpVD9.s 			page 30


 1459 06dd 69       		.byte	0x69
 1460 06de 15       		.uleb128 0x15
 1461 06df 1E000000 		.4byte	.LASF50
 1462 06e3 1E000000 		.4byte	.LASF50
 1463 06e7 0D       		.byte	0xd
 1464 06e8 7A       		.byte	0x7a
 1465 06e9 15       		.uleb128 0x15
 1466 06ea 12010000 		.4byte	.LASF51
 1467 06ee 12010000 		.4byte	.LASF51
 1468 06f2 0A       		.byte	0xa
 1469 06f3 77       		.byte	0x77
 1470 06f4 15       		.uleb128 0x15
 1471 06f5 BC030000 		.4byte	.LASF52
 1472 06f9 BC030000 		.4byte	.LASF52
 1473 06fd 0B       		.byte	0xb
 1474 06fe 8A       		.byte	0x8a
 1475 06ff 15       		.uleb128 0x15
 1476 0700 96000000 		.4byte	.LASF53
 1477 0704 96000000 		.4byte	.LASF53
 1478 0708 0E       		.byte	0xe
 1479 0709 2F       		.byte	0x2f
 1480 070a 00       		.byte	0
 1481              		.section	.debug_abbrev,"",%progbits
 1482              	.Ldebug_abbrev0:
 1483 0000 01       		.uleb128 0x1
 1484 0001 11       		.uleb128 0x11
 1485 0002 01       		.byte	0x1
 1486 0003 25       		.uleb128 0x25
 1487 0004 0E       		.uleb128 0xe
 1488 0005 13       		.uleb128 0x13
 1489 0006 0B       		.uleb128 0xb
 1490 0007 03       		.uleb128 0x3
 1491 0008 0E       		.uleb128 0xe
 1492 0009 1B       		.uleb128 0x1b
 1493 000a 0E       		.uleb128 0xe
 1494 000b 55       		.uleb128 0x55
 1495 000c 17       		.uleb128 0x17
 1496 000d 11       		.uleb128 0x11
 1497 000e 01       		.uleb128 0x1
 1498 000f 10       		.uleb128 0x10
 1499 0010 17       		.uleb128 0x17
 1500 0011 00       		.byte	0
 1501 0012 00       		.byte	0
 1502 0013 02       		.uleb128 0x2
 1503 0014 24       		.uleb128 0x24
 1504 0015 00       		.byte	0
 1505 0016 0B       		.uleb128 0xb
 1506 0017 0B       		.uleb128 0xb
 1507 0018 3E       		.uleb128 0x3e
 1508 0019 0B       		.uleb128 0xb
 1509 001a 03       		.uleb128 0x3
 1510 001b 0E       		.uleb128 0xe
 1511 001c 00       		.byte	0
 1512 001d 00       		.byte	0
 1513 001e 03       		.uleb128 0x3
 1514 001f 16       		.uleb128 0x16
 1515 0020 00       		.byte	0
ARM GAS  C:\Users\mgnocco\AppData\Local\Temp\ccVnpVD9.s 			page 31


 1516 0021 03       		.uleb128 0x3
 1517 0022 0E       		.uleb128 0xe
 1518 0023 3A       		.uleb128 0x3a
 1519 0024 0B       		.uleb128 0xb
 1520 0025 3B       		.uleb128 0x3b
 1521 0026 0B       		.uleb128 0xb
 1522 0027 49       		.uleb128 0x49
 1523 0028 13       		.uleb128 0x13
 1524 0029 00       		.byte	0
 1525 002a 00       		.byte	0
 1526 002b 04       		.uleb128 0x4
 1527 002c 24       		.uleb128 0x24
 1528 002d 00       		.byte	0
 1529 002e 0B       		.uleb128 0xb
 1530 002f 0B       		.uleb128 0xb
 1531 0030 3E       		.uleb128 0x3e
 1532 0031 0B       		.uleb128 0xb
 1533 0032 03       		.uleb128 0x3
 1534 0033 08       		.uleb128 0x8
 1535 0034 00       		.byte	0
 1536 0035 00       		.byte	0
 1537 0036 05       		.uleb128 0x5
 1538 0037 16       		.uleb128 0x16
 1539 0038 00       		.byte	0
 1540 0039 03       		.uleb128 0x3
 1541 003a 0E       		.uleb128 0xe
 1542 003b 3A       		.uleb128 0x3a
 1543 003c 0B       		.uleb128 0xb
 1544 003d 3B       		.uleb128 0x3b
 1545 003e 05       		.uleb128 0x5
 1546 003f 49       		.uleb128 0x49
 1547 0040 13       		.uleb128 0x13
 1548 0041 00       		.byte	0
 1549 0042 00       		.byte	0
 1550 0043 06       		.uleb128 0x6
 1551 0044 13       		.uleb128 0x13
 1552 0045 01       		.byte	0x1
 1553 0046 03       		.uleb128 0x3
 1554 0047 0E       		.uleb128 0xe
 1555 0048 0B       		.uleb128 0xb
 1556 0049 0B       		.uleb128 0xb
 1557 004a 3A       		.uleb128 0x3a
 1558 004b 0B       		.uleb128 0xb
 1559 004c 3B       		.uleb128 0x3b
 1560 004d 0B       		.uleb128 0xb
 1561 004e 01       		.uleb128 0x1
 1562 004f 13       		.uleb128 0x13
 1563 0050 00       		.byte	0
 1564 0051 00       		.byte	0
 1565 0052 07       		.uleb128 0x7
 1566 0053 0D       		.uleb128 0xd
 1567 0054 00       		.byte	0
 1568 0055 03       		.uleb128 0x3
 1569 0056 0E       		.uleb128 0xe
 1570 0057 3A       		.uleb128 0x3a
 1571 0058 0B       		.uleb128 0xb
 1572 0059 3B       		.uleb128 0x3b
ARM GAS  C:\Users\mgnocco\AppData\Local\Temp\ccVnpVD9.s 			page 32


 1573 005a 0B       		.uleb128 0xb
 1574 005b 49       		.uleb128 0x49
 1575 005c 13       		.uleb128 0x13
 1576 005d 38       		.uleb128 0x38
 1577 005e 0B       		.uleb128 0xb
 1578 005f 00       		.byte	0
 1579 0060 00       		.byte	0
 1580 0061 08       		.uleb128 0x8
 1581 0062 01       		.uleb128 0x1
 1582 0063 01       		.byte	0x1
 1583 0064 49       		.uleb128 0x49
 1584 0065 13       		.uleb128 0x13
 1585 0066 01       		.uleb128 0x1
 1586 0067 13       		.uleb128 0x13
 1587 0068 00       		.byte	0
 1588 0069 00       		.byte	0
 1589 006a 09       		.uleb128 0x9
 1590 006b 21       		.uleb128 0x21
 1591 006c 00       		.byte	0
 1592 006d 49       		.uleb128 0x49
 1593 006e 13       		.uleb128 0x13
 1594 006f 2F       		.uleb128 0x2f
 1595 0070 0B       		.uleb128 0xb
 1596 0071 00       		.byte	0
 1597 0072 00       		.byte	0
 1598 0073 0A       		.uleb128 0xa
 1599 0074 2E       		.uleb128 0x2e
 1600 0075 01       		.byte	0x1
 1601 0076 3F       		.uleb128 0x3f
 1602 0077 19       		.uleb128 0x19
 1603 0078 03       		.uleb128 0x3
 1604 0079 0E       		.uleb128 0xe
 1605 007a 3A       		.uleb128 0x3a
 1606 007b 0B       		.uleb128 0xb
 1607 007c 3B       		.uleb128 0x3b
 1608 007d 0B       		.uleb128 0xb
 1609 007e 49       		.uleb128 0x49
 1610 007f 13       		.uleb128 0x13
 1611 0080 8701     		.uleb128 0x87
 1612 0082 19       		.uleb128 0x19
 1613 0083 11       		.uleb128 0x11
 1614 0084 01       		.uleb128 0x1
 1615 0085 12       		.uleb128 0x12
 1616 0086 06       		.uleb128 0x6
 1617 0087 40       		.uleb128 0x40
 1618 0088 18       		.uleb128 0x18
 1619 0089 9742     		.uleb128 0x2117
 1620 008b 19       		.uleb128 0x19
 1621 008c 01       		.uleb128 0x1
 1622 008d 13       		.uleb128 0x13
 1623 008e 00       		.byte	0
 1624 008f 00       		.byte	0
 1625 0090 0B       		.uleb128 0xb
 1626 0091 34       		.uleb128 0x34
 1627 0092 00       		.byte	0
 1628 0093 03       		.uleb128 0x3
 1629 0094 08       		.uleb128 0x8
ARM GAS  C:\Users\mgnocco\AppData\Local\Temp\ccVnpVD9.s 			page 33


 1630 0095 3A       		.uleb128 0x3a
 1631 0096 0B       		.uleb128 0xb
 1632 0097 3B       		.uleb128 0x3b
 1633 0098 0B       		.uleb128 0xb
 1634 0099 49       		.uleb128 0x49
 1635 009a 13       		.uleb128 0x13
 1636 009b 02       		.uleb128 0x2
 1637 009c 17       		.uleb128 0x17
 1638 009d 00       		.byte	0
 1639 009e 00       		.byte	0
 1640 009f 0C       		.uleb128 0xc
 1641 00a0 34       		.uleb128 0x34
 1642 00a1 00       		.byte	0
 1643 00a2 03       		.uleb128 0x3
 1644 00a3 08       		.uleb128 0x8
 1645 00a4 3A       		.uleb128 0x3a
 1646 00a5 0B       		.uleb128 0xb
 1647 00a6 3B       		.uleb128 0x3b
 1648 00a7 0B       		.uleb128 0xb
 1649 00a8 49       		.uleb128 0x49
 1650 00a9 13       		.uleb128 0x13
 1651 00aa 00       		.byte	0
 1652 00ab 00       		.byte	0
 1653 00ac 0D       		.uleb128 0xd
 1654 00ad 898201   		.uleb128 0x4109
 1655 00b0 00       		.byte	0
 1656 00b1 11       		.uleb128 0x11
 1657 00b2 01       		.uleb128 0x1
 1658 00b3 31       		.uleb128 0x31
 1659 00b4 13       		.uleb128 0x13
 1660 00b5 00       		.byte	0
 1661 00b6 00       		.byte	0
 1662 00b7 0E       		.uleb128 0xe
 1663 00b8 898201   		.uleb128 0x4109
 1664 00bb 01       		.byte	0x1
 1665 00bc 11       		.uleb128 0x11
 1666 00bd 01       		.uleb128 0x1
 1667 00be 31       		.uleb128 0x31
 1668 00bf 13       		.uleb128 0x13
 1669 00c0 01       		.uleb128 0x1
 1670 00c1 13       		.uleb128 0x13
 1671 00c2 00       		.byte	0
 1672 00c3 00       		.byte	0
 1673 00c4 0F       		.uleb128 0xf
 1674 00c5 8A8201   		.uleb128 0x410a
 1675 00c8 00       		.byte	0
 1676 00c9 02       		.uleb128 0x2
 1677 00ca 18       		.uleb128 0x18
 1678 00cb 9142     		.uleb128 0x2111
 1679 00cd 18       		.uleb128 0x18
 1680 00ce 00       		.byte	0
 1681 00cf 00       		.byte	0
 1682 00d0 10       		.uleb128 0x10
 1683 00d1 898201   		.uleb128 0x4109
 1684 00d4 01       		.byte	0x1
 1685 00d5 11       		.uleb128 0x11
 1686 00d6 01       		.uleb128 0x1
ARM GAS  C:\Users\mgnocco\AppData\Local\Temp\ccVnpVD9.s 			page 34


 1687 00d7 31       		.uleb128 0x31
 1688 00d8 13       		.uleb128 0x13
 1689 00d9 00       		.byte	0
 1690 00da 00       		.byte	0
 1691 00db 11       		.uleb128 0x11
 1692 00dc 34       		.uleb128 0x34
 1693 00dd 00       		.byte	0
 1694 00de 03       		.uleb128 0x3
 1695 00df 0E       		.uleb128 0xe
 1696 00e0 3A       		.uleb128 0x3a
 1697 00e1 0B       		.uleb128 0xb
 1698 00e2 3B       		.uleb128 0x3b
 1699 00e3 05       		.uleb128 0x5
 1700 00e4 49       		.uleb128 0x49
 1701 00e5 13       		.uleb128 0x13
 1702 00e6 3F       		.uleb128 0x3f
 1703 00e7 19       		.uleb128 0x19
 1704 00e8 3C       		.uleb128 0x3c
 1705 00e9 19       		.uleb128 0x19
 1706 00ea 00       		.byte	0
 1707 00eb 00       		.byte	0
 1708 00ec 12       		.uleb128 0x12
 1709 00ed 35       		.uleb128 0x35
 1710 00ee 00       		.byte	0
 1711 00ef 49       		.uleb128 0x49
 1712 00f0 13       		.uleb128 0x13
 1713 00f1 00       		.byte	0
 1714 00f2 00       		.byte	0
 1715 00f3 13       		.uleb128 0x13
 1716 00f4 34       		.uleb128 0x34
 1717 00f5 00       		.byte	0
 1718 00f6 03       		.uleb128 0x3
 1719 00f7 0E       		.uleb128 0xe
 1720 00f8 3A       		.uleb128 0x3a
 1721 00f9 0B       		.uleb128 0xb
 1722 00fa 3B       		.uleb128 0x3b
 1723 00fb 0B       		.uleb128 0xb
 1724 00fc 49       		.uleb128 0x49
 1725 00fd 13       		.uleb128 0x13
 1726 00fe 3F       		.uleb128 0x3f
 1727 00ff 19       		.uleb128 0x19
 1728 0100 02       		.uleb128 0x2
 1729 0101 18       		.uleb128 0x18
 1730 0102 00       		.byte	0
 1731 0103 00       		.byte	0
 1732 0104 14       		.uleb128 0x14
 1733 0105 34       		.uleb128 0x34
 1734 0106 00       		.byte	0
 1735 0107 03       		.uleb128 0x3
 1736 0108 08       		.uleb128 0x8
 1737 0109 3A       		.uleb128 0x3a
 1738 010a 0B       		.uleb128 0xb
 1739 010b 3B       		.uleb128 0x3b
 1740 010c 0B       		.uleb128 0xb
 1741 010d 49       		.uleb128 0x49
 1742 010e 13       		.uleb128 0x13
 1743 010f 3F       		.uleb128 0x3f
ARM GAS  C:\Users\mgnocco\AppData\Local\Temp\ccVnpVD9.s 			page 35


 1744 0110 19       		.uleb128 0x19
 1745 0111 02       		.uleb128 0x2
 1746 0112 18       		.uleb128 0x18
 1747 0113 00       		.byte	0
 1748 0114 00       		.byte	0
 1749 0115 15       		.uleb128 0x15
 1750 0116 2E       		.uleb128 0x2e
 1751 0117 00       		.byte	0
 1752 0118 3F       		.uleb128 0x3f
 1753 0119 19       		.uleb128 0x19
 1754 011a 3C       		.uleb128 0x3c
 1755 011b 19       		.uleb128 0x19
 1756 011c 6E       		.uleb128 0x6e
 1757 011d 0E       		.uleb128 0xe
 1758 011e 03       		.uleb128 0x3
 1759 011f 0E       		.uleb128 0xe
 1760 0120 3A       		.uleb128 0x3a
 1761 0121 0B       		.uleb128 0xb
 1762 0122 3B       		.uleb128 0x3b
 1763 0123 0B       		.uleb128 0xb
 1764 0124 00       		.byte	0
 1765 0125 00       		.byte	0
 1766 0126 00       		.byte	0
 1767              		.section	.debug_loc,"",%progbits
 1768              	.Ldebug_loc0:
 1769              	.LLST0:
 1770 0000 0A010000 		.4byte	.LVL31
 1771 0004 18010000 		.4byte	.LVL32
 1772 0008 0200     		.2byte	0x2
 1773 000a 30       		.byte	0x30
 1774 000b 9F       		.byte	0x9f
 1775 000c 20010000 		.4byte	.LVL33
 1776 0010 3A010000 		.4byte	.LVL35
 1777 0014 0100     		.2byte	0x1
 1778 0016 58       		.byte	0x58
 1779 0017 3A010000 		.4byte	.LVL35
 1780 001b 3E010000 		.4byte	.LVL36
 1781 001f 0300     		.2byte	0x3
 1782 0021 78       		.byte	0x78
 1783 0022 01       		.sleb128 1
 1784 0023 9F       		.byte	0x9f
 1785 0024 3E010000 		.4byte	.LVL36
 1786 0028 52010000 		.4byte	.LVL38
 1787 002c 0300     		.2byte	0x3
 1788 002e 78       		.byte	0x78
 1789 002f 00       		.sleb128 0
 1790 0030 9F       		.byte	0x9f
 1791 0031 52010000 		.4byte	.LVL38
 1792 0035 5A010000 		.4byte	.LVL39
 1793 0039 0200     		.2byte	0x2
 1794 003b 30       		.byte	0x30
 1795 003c 9F       		.byte	0x9f
 1796 003d 62010000 		.4byte	.LVL40
 1797 0041 7E010000 		.4byte	.LVL42
 1798 0045 0100     		.2byte	0x1
 1799 0047 56       		.byte	0x56
 1800 0048 7E010000 		.4byte	.LVL42
ARM GAS  C:\Users\mgnocco\AppData\Local\Temp\ccVnpVD9.s 			page 36


 1801 004c 80010000 		.4byte	.LVL43
 1802 0050 0300     		.2byte	0x3
 1803 0052 76       		.byte	0x76
 1804 0053 01       		.sleb128 1
 1805 0054 9F       		.byte	0x9f
 1806 0055 80010000 		.4byte	.LVL43
 1807 0059 8A010000 		.4byte	.LVL44
 1808 005d 0300     		.2byte	0x3
 1809 005f 76       		.byte	0x76
 1810 0060 00       		.sleb128 0
 1811 0061 9F       		.byte	0x9f
 1812 0062 92010000 		.4byte	.LVL45
 1813 0066 B6010000 		.4byte	.LVL47
 1814 006a 0100     		.2byte	0x1
 1815 006c 58       		.byte	0x58
 1816 006d B6010000 		.4byte	.LVL47
 1817 0071 BA010000 		.4byte	.LVL48
 1818 0075 0300     		.2byte	0x3
 1819 0077 78       		.byte	0x78
 1820 0078 01       		.sleb128 1
 1821 0079 9F       		.byte	0x9f
 1822 007a BA010000 		.4byte	.LVL48
 1823 007e CC010000 		.4byte	.LVL49
 1824 0082 0300     		.2byte	0x3
 1825 0084 78       		.byte	0x78
 1826 0085 00       		.sleb128 0
 1827 0086 9F       		.byte	0x9f
 1828 0087 42020000 		.4byte	.LVL55
 1829 008b 56020000 		.4byte	.LVL56
 1830 008f 0100     		.2byte	0x1
 1831 0091 56       		.byte	0x56
 1832 0092 68020000 		.4byte	.LVL58
 1833 0096 80020000 		.4byte	.LVL59
 1834 009a 0100     		.2byte	0x1
 1835 009c 5B       		.byte	0x5b
 1836 009d 94020000 		.4byte	.LVL61
 1837 00a1 B2020000 		.4byte	.LVL62
 1838 00a5 0100     		.2byte	0x1
 1839 00a7 59       		.byte	0x59
 1840 00a8 00000000 		.4byte	0
 1841 00ac 00000000 		.4byte	0
 1842              		.section	.debug_aranges,"",%progbits
 1843 0000 1C000000 		.4byte	0x1c
 1844 0004 0200     		.2byte	0x2
 1845 0006 00000000 		.4byte	.Ldebug_info0
 1846 000a 04       		.byte	0x4
 1847 000b 00       		.byte	0
 1848 000c 0000     		.2byte	0
 1849 000e 0000     		.2byte	0
 1850 0010 00000000 		.4byte	.LFB64
 1851 0014 20030000 		.4byte	.LFE64-.LFB64
 1852 0018 00000000 		.4byte	0
 1853 001c 00000000 		.4byte	0
 1854              		.section	.debug_ranges,"",%progbits
 1855              	.Ldebug_ranges0:
 1856 0000 00000000 		.4byte	.LFB64
 1857 0004 20030000 		.4byte	.LFE64
ARM GAS  C:\Users\mgnocco\AppData\Local\Temp\ccVnpVD9.s 			page 37


 1858 0008 00000000 		.4byte	0
 1859 000c 00000000 		.4byte	0
 1860              		.section	.debug_line,"",%progbits
 1861              	.Ldebug_line0:
 1862 0000 1E030000 		.section	.debug_str,"MS",%progbits,1
 1862      0200CD01 
 1862      00000201 
 1862      FB0E0D00 
 1862      01010101 
 1863              	.LASF17:
 1864 0000 6C6F6E67 		.ascii	"long double\000"
 1864      20646F75 
 1864      626C6500 
 1865              	.LASF35:
 1866 000c 50414345 		.ascii	"PACER_TIMER_Start\000"
 1866      525F5449 
 1866      4D45525F 
 1866      53746172 
 1866      7400
 1867              	.LASF50:
 1868 001e 52656164 		.ascii	"ReadControlRegisterSPI\000"
 1868      436F6E74 
 1868      726F6C52 
 1868      65676973 
 1868      74657253 
 1869              	.LASF30:
 1870 0035 584C4441 		.ascii	"XLDA\000"
 1870      00
 1871              	.LASF2:
 1872 003a 73686F72 		.ascii	"short int\000"
 1872      7420696E 
 1872      7400
 1873              	.LASF18:
 1874 0044 73697A65 		.ascii	"sizetype\000"
 1874      74797065 
 1874      00
 1875              	.LASF32:
 1876 004d 74656D70 		.ascii	"tempo\000"
 1876      6F00
 1877              	.LASF39:
 1878 0053 5350495F 		.ascii	"SPI_IMU_ClearRxBuffer\000"
 1878      494D555F 
 1878      436C6561 
 1878      72527842 
 1878      75666665 
 1879              	.LASF29:
 1880 0069 494D555F 		.ascii	"IMU_ack\000"
 1880      61636B00 
 1881              	.LASF41:
 1882 0071 5350495F 		.ascii	"SPI_IMU_ClearFIFO\000"
 1882      494D555F 
 1882      436C6561 
 1882      72464946 
 1882      4F00
 1883              	.LASF24:
 1884 0083 675F696D 		.ascii	"g_imu\000"
 1884      7500
ARM GAS  C:\Users\mgnocco\AppData\Local\Temp\ccVnpVD9.s 			page 38


 1885              	.LASF12:
 1886 0089 75696E74 		.ascii	"uint16\000"
 1886      313600
 1887              	.LASF13:
 1888 0090 696E7431 		.ascii	"int16\000"
 1888      3600
 1889              	.LASF53:
 1890 0096 4D595F54 		.ascii	"MY_TIMER_REG_Write\000"
 1890      494D4552 
 1890      5F524547 
 1890      5F577269 
 1890      746500
 1891              	.LASF11:
 1892 00a9 75696E74 		.ascii	"uint8\000"
 1892      3800
 1893              	.LASF28:
 1894 00af 54656D70 		.ascii	"Temp\000"
 1894      00
 1895              	.LASF48:
 1896 00b4 436F6E74 		.ascii	"Continuous_ReadRoutine\000"
 1896      696E756F 
 1896      75735F52 
 1896      65616452 
 1896      6F757469 
 1897              	.LASF14:
 1898 00cb 666C6F61 		.ascii	"float\000"
 1898      7400
 1899              	.LASF57:
 1900 00d1 73745F69 		.ascii	"st_imu_data\000"
 1900      6D755F64 
 1900      61746100 
 1901              	.LASF6:
 1902 00dd 6C6F6E67 		.ascii	"long long int\000"
 1902      206C6F6E 
 1902      6720696E 
 1902      7400
 1903              	.LASF21:
 1904 00eb 6779726F 		.ascii	"gyro_value\000"
 1904      5F76616C 
 1904      756500
 1905              	.LASF4:
 1906 00f6 6C6F6E67 		.ascii	"long int\000"
 1906      20696E74 
 1906      00
 1907              	.LASF37:
 1908 00ff 5350495F 		.ascii	"SPI_IMU_Init\000"
 1908      494D555F 
 1908      496E6974 
 1908      00
 1909              	.LASF26:
 1910 010c 41636365 		.ascii	"Accel\000"
 1910      6C00
 1911              	.LASF51:
 1912 0112 43794465 		.ascii	"CyDelayUs\000"
 1912      6C617955 
 1912      7300
 1913              	.LASF1:
ARM GAS  C:\Users\mgnocco\AppData\Local\Temp\ccVnpVD9.s 			page 39


 1914 011c 756E7369 		.ascii	"unsigned char\000"
 1914      676E6564 
 1914      20636861 
 1914      7200
 1915              	.LASF0:
 1916 012a 7369676E 		.ascii	"signed char\000"
 1916      65642063 
 1916      68617200 
 1917              	.LASF19:
 1918 0136 666C6167 		.ascii	"flags\000"
 1918      7300
 1919              	.LASF7:
 1920 013c 6C6F6E67 		.ascii	"long long unsigned int\000"
 1920      206C6F6E 
 1920      6720756E 
 1920      7369676E 
 1920      65642069 
 1921              	.LASF8:
 1922 0153 756E7369 		.ascii	"unsigned int\000"
 1922      676E6564 
 1922      20696E74 
 1922      00
 1923              	.LASF54:
 1924 0160 474E5520 		.ascii	"GNU C11 5.4.1 20160609 (release) [ARM/embedded-5-br"
 1924      43313120 
 1924      352E342E 
 1924      31203230 
 1924      31363036 
 1925 0193 616E6368 		.ascii	"anch revision 237715] -mcpu=cortex-m3 -mthumb -g -O"
 1925      20726576 
 1925      6973696F 
 1925      6E203233 
 1925      37373135 
 1926 01c6 73202D66 		.ascii	"s -ffunction-sections -ffat-lto-objects\000"
 1926      66756E63 
 1926      74696F6E 
 1926      2D736563 
 1926      74696F6E 
 1927              	.LASF44:
 1928 01ee 436F6E74 		.ascii	"Control_Reg_1_Write\000"
 1928      726F6C5F 
 1928      5265675F 
 1928      315F5772 
 1928      69746500 
 1929              	.LASF3:
 1930 0202 73686F72 		.ascii	"short unsigned int\000"
 1930      7420756E 
 1930      7369676E 
 1930      65642069 
 1930      6E7400
 1931              	.LASF16:
 1932 0215 63686172 		.ascii	"char\000"
 1932      00
 1933              	.LASF31:
 1934 021a 53454E53 		.ascii	"SENS_HUB_ENDOP\000"
 1934      5F485542 
 1934      5F454E44 
ARM GAS  C:\Users\mgnocco\AppData\Local\Temp\ccVnpVD9.s 			page 40


 1934      4F5000
 1935              	.LASF58:
 1936 0229 6D61696E 		.ascii	"main\000"
 1936      00
 1937              	.LASF43:
 1938 022e 55415254 		.ascii	"UART_Start\000"
 1938      5F537461 
 1938      727400
 1939              	.LASF10:
 1940 0239 696E7433 		.ascii	"int32_t\000"
 1940      325F7400 
 1941              	.LASF45:
 1942 0241 57726974 		.ascii	"WriteControlRegisterSPI\000"
 1942      65436F6E 
 1942      74726F6C 
 1942      52656769 
 1942      73746572 
 1943              	.LASF38:
 1944 0259 5350495F 		.ascii	"SPI_IMU_Enable\000"
 1944      494D555F 
 1944      456E6162 
 1944      6C6500
 1945              	.LASF22:
 1946 0268 74656D70 		.ascii	"temp_value\000"
 1946      5F76616C 
 1946      756500
 1947              	.LASF49:
 1948 0273 4D595F54 		.ascii	"MY_TIMER_ReadCounter\000"
 1948      494D4552 
 1948      5F526561 
 1948      64436F75 
 1948      6E746572 
 1949              	.LASF36:
 1950 0288 5350495F 		.ascii	"SPI_IMU_Start\000"
 1950      494D555F 
 1950      53746172 
 1950      7400
 1951              	.LASF47:
 1952 0296 4F6E6553 		.ascii	"OneShot_WriteRoutine\000"
 1952      686F745F 
 1952      57726974 
 1952      65526F75 
 1952      74696E65 
 1953              	.LASF34:
 1954 02ab 4D595F54 		.ascii	"MY_TIMER_Start\000"
 1954      494D4552 
 1954      5F537461 
 1954      727400
 1955              	.LASF55:
 1956 02ba 6D61696E 		.ascii	"main.c\000"
 1956      2E6300
 1957              	.LASF5:
 1958 02c1 6C6F6E67 		.ascii	"long unsigned int\000"
 1958      20756E73 
 1958      69676E65 
 1958      6420696E 
 1958      7400
ARM GAS  C:\Users\mgnocco\AppData\Local\Temp\ccVnpVD9.s 			page 41


 1959              	.LASF15:
 1960 02d3 646F7562 		.ascii	"double\000"
 1960      6C6500
 1961              	.LASF33:
 1962 02da 636F756E 		.ascii	"count\000"
 1962      7400
 1963              	.LASF9:
 1964 02e0 5F5F696E 		.ascii	"__int32_t\000"
 1964      7433325F 
 1964      7400
 1965              	.LASF40:
 1966 02ea 5350495F 		.ascii	"SPI_IMU_ClearTxBuffer\000"
 1966      494D555F 
 1966      436C6561 
 1966      72547842 
 1966      75666665 
 1967              	.LASF25:
 1968 0300 675F696D 		.ascii	"g_imuNew\000"
 1968      754E6577 
 1968      00
 1969              	.LASF20:
 1970 0309 61636365 		.ascii	"accel_value\000"
 1970      6C5F7661 
 1970      6C756500 
 1971              	.LASF46:
 1972 0315 4F6E6553 		.ascii	"OneShot_ReadRoutine\000"
 1972      686F745F 
 1972      52656164 
 1972      526F7574 
 1972      696E6500 
 1973              	.LASF56:
 1974 0329 433A5C55 		.ascii	"C:\\Users\\mgnocco\\Documents\\Git\\PSoC5\\PSoC5_FW"
 1974      73657273 
 1974      5C6D676E 
 1974      6F63636F 
 1974      5C446F63 
 1975 0356 5F494D55 		.ascii	"_IMU_LSM6DSRX_LIS2MDL\\LSM6DSRX +lis2mdl_funziona -"
 1975      5F4C534D 
 1975      36445352 
 1975      585F4C49 
 1975      53324D44 
 1976 0388 4E4F4E54 		.ascii	"NONTOCCARE\\Design02.cydsn\000"
 1976      4F434341 
 1976      52455C44 
 1976      65736967 
 1976      6E30322E 
 1977              	.LASF23:
 1978 03a2 49544D5F 		.ascii	"ITM_RxBuffer\000"
 1978      52784275 
 1978      66666572 
 1978      00
 1979              	.LASF42:
 1980 03af 43794465 		.ascii	"CyDelay\000"
 1980      6C617900 
 1981              	.LASF27:
 1982 03b7 4779726F 		.ascii	"Gyro\000"
 1982      00
ARM GAS  C:\Users\mgnocco\AppData\Local\Temp\ccVnpVD9.s 			page 42


 1983              	.LASF52:
 1984 03bc 55415254 		.ascii	"UART_PutChar\000"
 1984      5F507574 
 1984      43686172 
 1984      00
 1985              		.ident	"GCC: (GNU Tools for ARM Embedded Processors) 5.4.1 20160609 (release) [ARM/embedded-5-bran
