ARM GAS  C:\Users\mgnocco\AppData\Local\Temp\ccJ04Of3.s 			page 1


   1              		.syntax unified
   2              		.cpu cortex-m3
   3              		.fpu softvfp
   4              		.eabi_attribute 20, 1
   5              		.eabi_attribute 21, 1
   6              		.eabi_attribute 23, 3
   7              		.eabi_attribute 24, 1
   8              		.eabi_attribute 25, 1
   9              		.eabi_attribute 26, 1
  10              		.eabi_attribute 30, 4
  11              		.eabi_attribute 34, 1
  12              		.eabi_attribute 18, 4
  13              		.thumb
  14              		.syntax unified
  15              		.file	"source01.c"
  16              		.text
  17              	.Ltext0:
  18              		.cfi_sections	.debug_frame
  19              		.section	.text.WriteControlRegisterSPI,"ax",%progbits
  20              		.align	1
  21              		.global	WriteControlRegisterSPI
  22              		.thumb
  23              		.thumb_func
  24              		.type	WriteControlRegisterSPI, %function
  25              	WriteControlRegisterSPI:
  26              	.LFB64:
  27              		.file 1 "source01.c"
   1:source01.c    **** /* ========================================
   2:source01.c    ****  *
   3:source01.c    ****  * Copyright YOUR COMPANY, THE YEAR
   4:source01.c    ****  * All Rights Reserved
   5:source01.c    ****  * UNPUBLISHED, LICENSED SOFTWARE.
   6:source01.c    ****  *
   7:source01.c    ****  * CONFIDENTIAL AND PROPRIETARY INFORMATION
   8:source01.c    ****  * WHICH IS THE PROPERTY OF your company.
   9:source01.c    ****  *
  10:source01.c    ****  * ========================================
  11:source01.c    **** */
  12:source01.c    **** 
  13:source01.c    **** #include "header01.h"
  14:source01.c    **** #include "globals.h"
  15:source01.c    **** /********************************** *********************************************
  16:source01.c    **** * Function Name: Write Control Register
  17:source01.c    **** *********************************************************************************/
  18:source01.c    **** 
  19:source01.c    **** void WriteControlRegisterSPI(uint8 address, uint8 dta){
  28              		.loc 1 19 0
  29              		.cfi_startproc
  30              		@ args = 0, pretend = 0, frame = 0
  31              		@ frame_needed = 0, uses_anonymous_args = 0
  32              	.LVL0:
  33 0000 38B5     		push	{r3, r4, r5, lr}
  34              		.cfi_def_cfa_offset 16
  35              		.cfi_offset 3, -16
  36              		.cfi_offset 4, -12
  37              		.cfi_offset 5, -8
  38              		.cfi_offset 14, -4
ARM GAS  C:\Users\mgnocco\AppData\Local\Temp\ccJ04Of3.s 			page 2


  39              		.loc 1 19 0
  40 0002 0546     		mov	r5, r0
  41 0004 0C46     		mov	r4, r1
  20:source01.c    **** 	
  21:source01.c    **** 	SPI_IMU_ClearRxBuffer();
  42              		.loc 1 21 0
  43 0006 FFF7FEFF 		bl	SPI_IMU_ClearRxBuffer
  44              	.LVL1:
  22:source01.c    **** 	SPI_IMU_ClearTxBuffer();
  45              		.loc 1 22 0
  46 000a FFF7FEFF 		bl	SPI_IMU_ClearTxBuffer
  47              	.LVL2:
  23:source01.c    **** 	SPI_IMU_ClearFIFO();
  48              		.loc 1 23 0
  49 000e FFF7FEFF 		bl	SPI_IMU_ClearFIFO
  50              	.LVL3:
  24:source01.c    **** 	SPI_IMU_WriteByte(LSM6DSRX_WCR | address);
  51              		.loc 1 24 0
  52 0012 2846     		mov	r0, r5
  53 0014 FFF7FEFF 		bl	SPI_IMU_WriteTxData
  54              	.LVL4:
  55              	.L2:
  25:source01.c    **** 	while(!( SPI_IMU_ReadStatus() & SPI_IMU_STS_TX_FIFO_EMPTY));		
  56              		.loc 1 25 0 discriminator 1
  57 0018 FFF7FEFF 		bl	SPI_IMU_ReadStatus
  58              	.LVL5:
  59 001c 8207     		lsls	r2, r0, #30
  60 001e FBD5     		bpl	.L2
  26:source01.c    **** 	SPI_IMU_WriteByte(dta);
  61              		.loc 1 26 0
  62 0020 2046     		mov	r0, r4
  63 0022 FFF7FEFF 		bl	SPI_IMU_WriteTxData
  64              	.LVL6:
  65              	.L3:
  27:source01.c    **** 	while(!( SPI_IMU_ReadStatus() & SPI_IMU_STS_TX_FIFO_EMPTY));
  66              		.loc 1 27 0 discriminator 1
  67 0026 FFF7FEFF 		bl	SPI_IMU_ReadStatus
  68              	.LVL7:
  69 002a 8307     		lsls	r3, r0, #30
  70 002c FBD5     		bpl	.L3
  28:source01.c    **** }
  71              		.loc 1 28 0
  72 002e 38BD     		pop	{r3, r4, r5, pc}
  73              		.cfi_endproc
  74              	.LFE64:
  75              		.size	WriteControlRegisterSPI, .-WriteControlRegisterSPI
  76              		.section	.text.ReadControlRegisterSPI,"ax",%progbits
  77              		.align	1
  78              		.global	ReadControlRegisterSPI
  79              		.thumb
  80              		.thumb_func
  81              		.type	ReadControlRegisterSPI, %function
  82              	ReadControlRegisterSPI:
  83              	.LFB65:
  29:source01.c    **** 
  30:source01.c    **** /*******************************************************************************
  31:source01.c    **** * Function Name: Read Control Register
ARM GAS  C:\Users\mgnocco\AppData\Local\Temp\ccJ04Of3.s 			page 3


  32:source01.c    **** *********************************************************************************/
  33:source01.c    **** uint8 ReadControlRegisterSPI(uint8 address){
  84              		.loc 1 33 0
  85              		.cfi_startproc
  86              		@ args = 0, pretend = 0, frame = 0
  87              		@ frame_needed = 0, uses_anonymous_args = 0
  88              	.LVL8:
  89 0000 08B5     		push	{r3, lr}
  90              		.cfi_def_cfa_offset 8
  91              		.cfi_offset 3, -8
  92              		.cfi_offset 14, -4
  34:source01.c    **** 	uint8 controlreg = 0;
  35:source01.c    **** 	SPI_IMU_WriteByte(LSM6DSRX_RCR | address);
  93              		.loc 1 35 0
  94 0002 40F08000 		orr	r0, r0, #128
  95              	.LVL9:
  96 0006 FFF7FEFF 		bl	SPI_IMU_WriteTxData
  97              	.LVL10:
  98              	.L10:
  36:source01.c    ****     while(!( SPI_IMU_ReadStatus() & SPI_IMU_STS_TX_FIFO_EMPTY));
  99              		.loc 1 36 0 discriminator 1
 100 000a FFF7FEFF 		bl	SPI_IMU_ReadStatus
 101              	.LVL11:
 102 000e 8207     		lsls	r2, r0, #30
 103 0010 FBD5     		bpl	.L10
  37:source01.c    ****     SPI_IMU_WriteByte(0x00);
 104              		.loc 1 37 0
 105 0012 0020     		movs	r0, #0
 106 0014 FFF7FEFF 		bl	SPI_IMU_WriteTxData
 107              	.LVL12:
 108              	.L11:
  38:source01.c    **** 	while(!( SPI_IMU_ReadStatus() & SPI_IMU_STS_SPI_DONE));
 109              		.loc 1 38 0 discriminator 1
 110 0018 FFF7FEFF 		bl	SPI_IMU_ReadStatus
 111              	.LVL13:
 112 001c C307     		lsls	r3, r0, #31
 113 001e FBD5     		bpl	.L11
  39:source01.c    **** 	controlreg = SPI_IMU_ReadByte();        //real data
  40:source01.c    **** 	return controlreg;
  41:source01.c    **** }
 114              		.loc 1 41 0
 115 0020 BDE80840 		pop	{r3, lr}
 116              		.cfi_restore 14
 117              		.cfi_restore 3
 118              		.cfi_def_cfa_offset 0
  39:source01.c    **** 	controlreg = SPI_IMU_ReadByte();        //real data
 119              		.loc 1 39 0
 120 0024 FFF7FEBF 		b	SPI_IMU_ReadRxData
 121              	.LVL14:
 122              		.cfi_endproc
 123              	.LFE65:
 124              		.size	ReadControlRegisterSPI, .-ReadControlRegisterSPI
 125              		.text
 126              	.Letext0:
 127              		.file 2 "c:\\program files (x86)\\cypress\\psoc creator\\4.4\\psoc creator\\import\\gnu\\arm\\5.4.
 128              		.file 3 "c:\\program files (x86)\\cypress\\psoc creator\\4.4\\psoc creator\\import\\gnu\\arm\\5.4.
 129              		.file 4 "Generated_Source\\PSoC5/cytypes.h"
ARM GAS  C:\Users\mgnocco\AppData\Local\Temp\ccJ04Of3.s 			page 4


 130              		.file 5 "Generated_Source\\PSoC5/SPI_IMU.h"
 131              		.file 6 "Generated_Source\\PSoC5/core_cm3.h"
 132              		.section	.debug_info,"",%progbits
 133              	.Ldebug_info0:
 134 0000 F6010000 		.4byte	0x1f6
 135 0004 0400     		.2byte	0x4
 136 0006 00000000 		.4byte	.Ldebug_abbrev0
 137 000a 04       		.byte	0x4
 138 000b 01       		.uleb128 0x1
 139 000c ED010000 		.4byte	.LASF24
 140 0010 0C       		.byte	0xc
 141 0011 9B010000 		.4byte	.LASF25
 142 0015 12000000 		.4byte	.LASF26
 143 0019 00000000 		.4byte	.Ldebug_ranges0+0
 144 001d 00000000 		.4byte	0
 145 0021 00000000 		.4byte	.Ldebug_line0
 146 0025 02       		.uleb128 0x2
 147 0026 01       		.byte	0x1
 148 0027 06       		.byte	0x6
 149 0028 90020000 		.4byte	.LASF0
 150 002c 02       		.uleb128 0x2
 151 002d 01       		.byte	0x1
 152 002e 08       		.byte	0x8
 153 002f E7000000 		.4byte	.LASF1
 154 0033 02       		.uleb128 0x2
 155 0034 02       		.byte	0x2
 156 0035 05       		.byte	0x5
 157 0036 DD010000 		.4byte	.LASF2
 158 003a 02       		.uleb128 0x2
 159 003b 02       		.byte	0x2
 160 003c 07       		.byte	0x7
 161 003d 07010000 		.4byte	.LASF3
 162 0041 03       		.uleb128 0x3
 163 0042 B4000000 		.4byte	.LASF9
 164 0046 02       		.byte	0x2
 165 0047 3F       		.byte	0x3f
 166 0048 4C000000 		.4byte	0x4c
 167 004c 02       		.uleb128 0x2
 168 004d 04       		.byte	0x4
 169 004e 05       		.byte	0x5
 170 004f 7B020000 		.4byte	.LASF4
 171 0053 02       		.uleb128 0x2
 172 0054 04       		.byte	0x4
 173 0055 07       		.byte	0x7
 174 0056 F5000000 		.4byte	.LASF5
 175 005a 02       		.uleb128 0x2
 176 005b 08       		.byte	0x8
 177 005c 05       		.byte	0x5
 178 005d B7010000 		.4byte	.LASF6
 179 0061 02       		.uleb128 0x2
 180 0062 08       		.byte	0x8
 181 0063 07       		.byte	0x7
 182 0064 84010000 		.4byte	.LASF7
 183 0068 04       		.uleb128 0x4
 184 0069 04       		.byte	0x4
 185 006a 05       		.byte	0x5
 186 006b 696E7400 		.ascii	"int\000"
ARM GAS  C:\Users\mgnocco\AppData\Local\Temp\ccJ04Of3.s 			page 5


 187 006f 02       		.uleb128 0x2
 188 0070 04       		.byte	0x4
 189 0071 07       		.byte	0x7
 190 0072 6F010000 		.4byte	.LASF8
 191 0076 03       		.uleb128 0x3
 192 0077 A6010000 		.4byte	.LASF10
 193 007b 03       		.byte	0x3
 194 007c 2C       		.byte	0x2c
 195 007d 41000000 		.4byte	0x41
 196 0081 05       		.uleb128 0x5
 197 0082 E7010000 		.4byte	.LASF11
 198 0086 04       		.byte	0x4
 199 0087 E901     		.2byte	0x1e9
 200 0089 2C000000 		.4byte	0x2c
 201 008d 02       		.uleb128 0x2
 202 008e 04       		.byte	0x4
 203 008f 04       		.byte	0x4
 204 0090 E1000000 		.4byte	.LASF12
 205 0094 02       		.uleb128 0x2
 206 0095 08       		.byte	0x8
 207 0096 04       		.byte	0x4
 208 0097 51010000 		.4byte	.LASF13
 209 009b 02       		.uleb128 0x2
 210 009c 01       		.byte	0x1
 211 009d 08       		.byte	0x8
 212 009e C5010000 		.4byte	.LASF14
 213 00a2 02       		.uleb128 0x2
 214 00a3 08       		.byte	0x8
 215 00a4 04       		.byte	0x4
 216 00a5 84020000 		.4byte	.LASF15
 217 00a9 02       		.uleb128 0x2
 218 00aa 04       		.byte	0x4
 219 00ab 07       		.byte	0x7
 220 00ac AE010000 		.4byte	.LASF16
 221 00b0 06       		.uleb128 0x6
 222 00b1 C9000000 		.4byte	.LASF27
 223 00b5 01       		.byte	0x1
 224 00b6 13       		.byte	0x13
 225 00b7 00000000 		.4byte	.LFB64
 226 00bb 30000000 		.4byte	.LFE64-.LFB64
 227 00bf 01       		.uleb128 0x1
 228 00c0 9C       		.byte	0x9c
 229 00c1 39010000 		.4byte	0x139
 230 00c5 07       		.uleb128 0x7
 231 00c6 7C010000 		.4byte	.LASF17
 232 00ca 01       		.byte	0x1
 233 00cb 13       		.byte	0x13
 234 00cc 81000000 		.4byte	0x81
 235 00d0 00000000 		.4byte	.LLST0
 236 00d4 08       		.uleb128 0x8
 237 00d5 64746100 		.ascii	"dta\000"
 238 00d9 01       		.byte	0x1
 239 00da 13       		.byte	0x13
 240 00db 81000000 		.4byte	0x81
 241 00df 21000000 		.4byte	.LLST1
 242 00e3 09       		.uleb128 0x9
 243 00e4 0A000000 		.4byte	.LVL1
ARM GAS  C:\Users\mgnocco\AppData\Local\Temp\ccJ04Of3.s 			page 6


 244 00e8 B6010000 		.4byte	0x1b6
 245 00ec 09       		.uleb128 0x9
 246 00ed 0E000000 		.4byte	.LVL2
 247 00f1 C1010000 		.4byte	0x1c1
 248 00f5 09       		.uleb128 0x9
 249 00f6 12000000 		.4byte	.LVL3
 250 00fa CC010000 		.4byte	0x1cc
 251 00fe 0A       		.uleb128 0xa
 252 00ff 18000000 		.4byte	.LVL4
 253 0103 D7010000 		.4byte	0x1d7
 254 0107 12010000 		.4byte	0x112
 255 010b 0B       		.uleb128 0xb
 256 010c 01       		.uleb128 0x1
 257 010d 50       		.byte	0x50
 258 010e 02       		.uleb128 0x2
 259 010f 75       		.byte	0x75
 260 0110 00       		.sleb128 0
 261 0111 00       		.byte	0
 262 0112 09       		.uleb128 0x9
 263 0113 1C000000 		.4byte	.LVL5
 264 0117 E2010000 		.4byte	0x1e2
 265 011b 0A       		.uleb128 0xa
 266 011c 26000000 		.4byte	.LVL6
 267 0120 D7010000 		.4byte	0x1d7
 268 0124 2F010000 		.4byte	0x12f
 269 0128 0B       		.uleb128 0xb
 270 0129 01       		.uleb128 0x1
 271 012a 50       		.byte	0x50
 272 012b 02       		.uleb128 0x2
 273 012c 74       		.byte	0x74
 274 012d 00       		.sleb128 0
 275 012e 00       		.byte	0
 276 012f 09       		.uleb128 0x9
 277 0130 2A000000 		.4byte	.LVL7
 278 0134 E2010000 		.4byte	0x1e2
 279 0138 00       		.byte	0
 280 0139 0C       		.uleb128 0xc
 281 013a 58010000 		.4byte	.LASF28
 282 013e 01       		.byte	0x1
 283 013f 21       		.byte	0x21
 284 0140 81000000 		.4byte	0x81
 285 0144 00000000 		.4byte	.LFB65
 286 0148 28000000 		.4byte	.LFE65-.LFB65
 287 014c 01       		.uleb128 0x1
 288 014d 9C       		.byte	0x9c
 289 014e A5010000 		.4byte	0x1a5
 290 0152 07       		.uleb128 0x7
 291 0153 7C010000 		.4byte	.LASF17
 292 0157 01       		.byte	0x1
 293 0158 21       		.byte	0x21
 294 0159 81000000 		.4byte	0x81
 295 015d 42000000 		.4byte	.LLST2
 296 0161 0D       		.uleb128 0xd
 297 0162 BE000000 		.4byte	.LASF29
 298 0166 01       		.byte	0x1
 299 0167 22       		.byte	0x22
 300 0168 81000000 		.4byte	0x81
ARM GAS  C:\Users\mgnocco\AppData\Local\Temp\ccJ04Of3.s 			page 7


 301 016c 00       		.byte	0
 302 016d 09       		.uleb128 0x9
 303 016e 0A000000 		.4byte	.LVL10
 304 0172 D7010000 		.4byte	0x1d7
 305 0176 09       		.uleb128 0x9
 306 0177 0E000000 		.4byte	.LVL11
 307 017b E2010000 		.4byte	0x1e2
 308 017f 0A       		.uleb128 0xa
 309 0180 18000000 		.4byte	.LVL12
 310 0184 D7010000 		.4byte	0x1d7
 311 0188 92010000 		.4byte	0x192
 312 018c 0B       		.uleb128 0xb
 313 018d 01       		.uleb128 0x1
 314 018e 50       		.byte	0x50
 315 018f 01       		.uleb128 0x1
 316 0190 30       		.byte	0x30
 317 0191 00       		.byte	0
 318 0192 09       		.uleb128 0x9
 319 0193 1C000000 		.4byte	.LVL13
 320 0197 E2010000 		.4byte	0x1e2
 321 019b 0E       		.uleb128 0xe
 322 019c 28000000 		.4byte	.LVL14
 323 01a0 EE010000 		.4byte	0x1ee
 324 01a4 00       		.byte	0
 325 01a5 0F       		.uleb128 0xf
 326 01a6 44010000 		.4byte	.LASF30
 327 01aa 06       		.byte	0x6
 328 01ab 1207     		.2byte	0x712
 329 01ad B1010000 		.4byte	0x1b1
 330 01b1 10       		.uleb128 0x10
 331 01b2 76000000 		.4byte	0x76
 332 01b6 11       		.uleb128 0x11
 333 01b7 2E010000 		.4byte	.LASF18
 334 01bb 2E010000 		.4byte	.LASF18
 335 01bf 05       		.byte	0x5
 336 01c0 64       		.byte	0x64
 337 01c1 11       		.uleb128 0x11
 338 01c2 8B000000 		.4byte	.LASF19
 339 01c6 8B000000 		.4byte	.LASF19
 340 01ca 05       		.byte	0x5
 341 01cb 65       		.byte	0x65
 342 01cc 11       		.uleb128 0x11
 343 01cd 00000000 		.4byte	.LASF20
 344 01d1 00000000 		.4byte	.LASF20
 345 01d5 05       		.byte	0x5
 346 01d6 66       		.byte	0x66
 347 01d7 11       		.uleb128 0x11
 348 01d8 1A010000 		.4byte	.LASF21
 349 01dc 1A010000 		.4byte	.LASF21
 350 01e0 05       		.byte	0x5
 351 01e1 5E       		.byte	0x5e
 352 01e2 12       		.uleb128 0x12
 353 01e3 CA010000 		.4byte	.LASF22
 354 01e7 CA010000 		.4byte	.LASF22
 355 01eb 05       		.byte	0x5
 356 01ec 4101     		.2byte	0x141
 357 01ee 11       		.uleb128 0x11
ARM GAS  C:\Users\mgnocco\AppData\Local\Temp\ccJ04Of3.s 			page 8


 358 01ef A1000000 		.4byte	.LASF23
 359 01f3 A1000000 		.4byte	.LASF23
 360 01f7 05       		.byte	0x5
 361 01f8 60       		.byte	0x60
 362 01f9 00       		.byte	0
 363              		.section	.debug_abbrev,"",%progbits
 364              	.Ldebug_abbrev0:
 365 0000 01       		.uleb128 0x1
 366 0001 11       		.uleb128 0x11
 367 0002 01       		.byte	0x1
 368 0003 25       		.uleb128 0x25
 369 0004 0E       		.uleb128 0xe
 370 0005 13       		.uleb128 0x13
 371 0006 0B       		.uleb128 0xb
 372 0007 03       		.uleb128 0x3
 373 0008 0E       		.uleb128 0xe
 374 0009 1B       		.uleb128 0x1b
 375 000a 0E       		.uleb128 0xe
 376 000b 55       		.uleb128 0x55
 377 000c 17       		.uleb128 0x17
 378 000d 11       		.uleb128 0x11
 379 000e 01       		.uleb128 0x1
 380 000f 10       		.uleb128 0x10
 381 0010 17       		.uleb128 0x17
 382 0011 00       		.byte	0
 383 0012 00       		.byte	0
 384 0013 02       		.uleb128 0x2
 385 0014 24       		.uleb128 0x24
 386 0015 00       		.byte	0
 387 0016 0B       		.uleb128 0xb
 388 0017 0B       		.uleb128 0xb
 389 0018 3E       		.uleb128 0x3e
 390 0019 0B       		.uleb128 0xb
 391 001a 03       		.uleb128 0x3
 392 001b 0E       		.uleb128 0xe
 393 001c 00       		.byte	0
 394 001d 00       		.byte	0
 395 001e 03       		.uleb128 0x3
 396 001f 16       		.uleb128 0x16
 397 0020 00       		.byte	0
 398 0021 03       		.uleb128 0x3
 399 0022 0E       		.uleb128 0xe
 400 0023 3A       		.uleb128 0x3a
 401 0024 0B       		.uleb128 0xb
 402 0025 3B       		.uleb128 0x3b
 403 0026 0B       		.uleb128 0xb
 404 0027 49       		.uleb128 0x49
 405 0028 13       		.uleb128 0x13
 406 0029 00       		.byte	0
 407 002a 00       		.byte	0
 408 002b 04       		.uleb128 0x4
 409 002c 24       		.uleb128 0x24
 410 002d 00       		.byte	0
 411 002e 0B       		.uleb128 0xb
 412 002f 0B       		.uleb128 0xb
 413 0030 3E       		.uleb128 0x3e
 414 0031 0B       		.uleb128 0xb
ARM GAS  C:\Users\mgnocco\AppData\Local\Temp\ccJ04Of3.s 			page 9


 415 0032 03       		.uleb128 0x3
 416 0033 08       		.uleb128 0x8
 417 0034 00       		.byte	0
 418 0035 00       		.byte	0
 419 0036 05       		.uleb128 0x5
 420 0037 16       		.uleb128 0x16
 421 0038 00       		.byte	0
 422 0039 03       		.uleb128 0x3
 423 003a 0E       		.uleb128 0xe
 424 003b 3A       		.uleb128 0x3a
 425 003c 0B       		.uleb128 0xb
 426 003d 3B       		.uleb128 0x3b
 427 003e 05       		.uleb128 0x5
 428 003f 49       		.uleb128 0x49
 429 0040 13       		.uleb128 0x13
 430 0041 00       		.byte	0
 431 0042 00       		.byte	0
 432 0043 06       		.uleb128 0x6
 433 0044 2E       		.uleb128 0x2e
 434 0045 01       		.byte	0x1
 435 0046 3F       		.uleb128 0x3f
 436 0047 19       		.uleb128 0x19
 437 0048 03       		.uleb128 0x3
 438 0049 0E       		.uleb128 0xe
 439 004a 3A       		.uleb128 0x3a
 440 004b 0B       		.uleb128 0xb
 441 004c 3B       		.uleb128 0x3b
 442 004d 0B       		.uleb128 0xb
 443 004e 27       		.uleb128 0x27
 444 004f 19       		.uleb128 0x19
 445 0050 11       		.uleb128 0x11
 446 0051 01       		.uleb128 0x1
 447 0052 12       		.uleb128 0x12
 448 0053 06       		.uleb128 0x6
 449 0054 40       		.uleb128 0x40
 450 0055 18       		.uleb128 0x18
 451 0056 9742     		.uleb128 0x2117
 452 0058 19       		.uleb128 0x19
 453 0059 01       		.uleb128 0x1
 454 005a 13       		.uleb128 0x13
 455 005b 00       		.byte	0
 456 005c 00       		.byte	0
 457 005d 07       		.uleb128 0x7
 458 005e 05       		.uleb128 0x5
 459 005f 00       		.byte	0
 460 0060 03       		.uleb128 0x3
 461 0061 0E       		.uleb128 0xe
 462 0062 3A       		.uleb128 0x3a
 463 0063 0B       		.uleb128 0xb
 464 0064 3B       		.uleb128 0x3b
 465 0065 0B       		.uleb128 0xb
 466 0066 49       		.uleb128 0x49
 467 0067 13       		.uleb128 0x13
 468 0068 02       		.uleb128 0x2
 469 0069 17       		.uleb128 0x17
 470 006a 00       		.byte	0
 471 006b 00       		.byte	0
ARM GAS  C:\Users\mgnocco\AppData\Local\Temp\ccJ04Of3.s 			page 10


 472 006c 08       		.uleb128 0x8
 473 006d 05       		.uleb128 0x5
 474 006e 00       		.byte	0
 475 006f 03       		.uleb128 0x3
 476 0070 08       		.uleb128 0x8
 477 0071 3A       		.uleb128 0x3a
 478 0072 0B       		.uleb128 0xb
 479 0073 3B       		.uleb128 0x3b
 480 0074 0B       		.uleb128 0xb
 481 0075 49       		.uleb128 0x49
 482 0076 13       		.uleb128 0x13
 483 0077 02       		.uleb128 0x2
 484 0078 17       		.uleb128 0x17
 485 0079 00       		.byte	0
 486 007a 00       		.byte	0
 487 007b 09       		.uleb128 0x9
 488 007c 898201   		.uleb128 0x4109
 489 007f 00       		.byte	0
 490 0080 11       		.uleb128 0x11
 491 0081 01       		.uleb128 0x1
 492 0082 31       		.uleb128 0x31
 493 0083 13       		.uleb128 0x13
 494 0084 00       		.byte	0
 495 0085 00       		.byte	0
 496 0086 0A       		.uleb128 0xa
 497 0087 898201   		.uleb128 0x4109
 498 008a 01       		.byte	0x1
 499 008b 11       		.uleb128 0x11
 500 008c 01       		.uleb128 0x1
 501 008d 31       		.uleb128 0x31
 502 008e 13       		.uleb128 0x13
 503 008f 01       		.uleb128 0x1
 504 0090 13       		.uleb128 0x13
 505 0091 00       		.byte	0
 506 0092 00       		.byte	0
 507 0093 0B       		.uleb128 0xb
 508 0094 8A8201   		.uleb128 0x410a
 509 0097 00       		.byte	0
 510 0098 02       		.uleb128 0x2
 511 0099 18       		.uleb128 0x18
 512 009a 9142     		.uleb128 0x2111
 513 009c 18       		.uleb128 0x18
 514 009d 00       		.byte	0
 515 009e 00       		.byte	0
 516 009f 0C       		.uleb128 0xc
 517 00a0 2E       		.uleb128 0x2e
 518 00a1 01       		.byte	0x1
 519 00a2 3F       		.uleb128 0x3f
 520 00a3 19       		.uleb128 0x19
 521 00a4 03       		.uleb128 0x3
 522 00a5 0E       		.uleb128 0xe
 523 00a6 3A       		.uleb128 0x3a
 524 00a7 0B       		.uleb128 0xb
 525 00a8 3B       		.uleb128 0x3b
 526 00a9 0B       		.uleb128 0xb
 527 00aa 27       		.uleb128 0x27
 528 00ab 19       		.uleb128 0x19
ARM GAS  C:\Users\mgnocco\AppData\Local\Temp\ccJ04Of3.s 			page 11


 529 00ac 49       		.uleb128 0x49
 530 00ad 13       		.uleb128 0x13
 531 00ae 11       		.uleb128 0x11
 532 00af 01       		.uleb128 0x1
 533 00b0 12       		.uleb128 0x12
 534 00b1 06       		.uleb128 0x6
 535 00b2 40       		.uleb128 0x40
 536 00b3 18       		.uleb128 0x18
 537 00b4 9742     		.uleb128 0x2117
 538 00b6 19       		.uleb128 0x19
 539 00b7 01       		.uleb128 0x1
 540 00b8 13       		.uleb128 0x13
 541 00b9 00       		.byte	0
 542 00ba 00       		.byte	0
 543 00bb 0D       		.uleb128 0xd
 544 00bc 34       		.uleb128 0x34
 545 00bd 00       		.byte	0
 546 00be 03       		.uleb128 0x3
 547 00bf 0E       		.uleb128 0xe
 548 00c0 3A       		.uleb128 0x3a
 549 00c1 0B       		.uleb128 0xb
 550 00c2 3B       		.uleb128 0x3b
 551 00c3 0B       		.uleb128 0xb
 552 00c4 49       		.uleb128 0x49
 553 00c5 13       		.uleb128 0x13
 554 00c6 1C       		.uleb128 0x1c
 555 00c7 0B       		.uleb128 0xb
 556 00c8 00       		.byte	0
 557 00c9 00       		.byte	0
 558 00ca 0E       		.uleb128 0xe
 559 00cb 898201   		.uleb128 0x4109
 560 00ce 00       		.byte	0
 561 00cf 11       		.uleb128 0x11
 562 00d0 01       		.uleb128 0x1
 563 00d1 9542     		.uleb128 0x2115
 564 00d3 19       		.uleb128 0x19
 565 00d4 31       		.uleb128 0x31
 566 00d5 13       		.uleb128 0x13
 567 00d6 00       		.byte	0
 568 00d7 00       		.byte	0
 569 00d8 0F       		.uleb128 0xf
 570 00d9 34       		.uleb128 0x34
 571 00da 00       		.byte	0
 572 00db 03       		.uleb128 0x3
 573 00dc 0E       		.uleb128 0xe
 574 00dd 3A       		.uleb128 0x3a
 575 00de 0B       		.uleb128 0xb
 576 00df 3B       		.uleb128 0x3b
 577 00e0 05       		.uleb128 0x5
 578 00e1 49       		.uleb128 0x49
 579 00e2 13       		.uleb128 0x13
 580 00e3 3F       		.uleb128 0x3f
 581 00e4 19       		.uleb128 0x19
 582 00e5 3C       		.uleb128 0x3c
 583 00e6 19       		.uleb128 0x19
 584 00e7 00       		.byte	0
 585 00e8 00       		.byte	0
ARM GAS  C:\Users\mgnocco\AppData\Local\Temp\ccJ04Of3.s 			page 12


 586 00e9 10       		.uleb128 0x10
 587 00ea 35       		.uleb128 0x35
 588 00eb 00       		.byte	0
 589 00ec 49       		.uleb128 0x49
 590 00ed 13       		.uleb128 0x13
 591 00ee 00       		.byte	0
 592 00ef 00       		.byte	0
 593 00f0 11       		.uleb128 0x11
 594 00f1 2E       		.uleb128 0x2e
 595 00f2 00       		.byte	0
 596 00f3 3F       		.uleb128 0x3f
 597 00f4 19       		.uleb128 0x19
 598 00f5 3C       		.uleb128 0x3c
 599 00f6 19       		.uleb128 0x19
 600 00f7 6E       		.uleb128 0x6e
 601 00f8 0E       		.uleb128 0xe
 602 00f9 03       		.uleb128 0x3
 603 00fa 0E       		.uleb128 0xe
 604 00fb 3A       		.uleb128 0x3a
 605 00fc 0B       		.uleb128 0xb
 606 00fd 3B       		.uleb128 0x3b
 607 00fe 0B       		.uleb128 0xb
 608 00ff 00       		.byte	0
 609 0100 00       		.byte	0
 610 0101 12       		.uleb128 0x12
 611 0102 2E       		.uleb128 0x2e
 612 0103 00       		.byte	0
 613 0104 3F       		.uleb128 0x3f
 614 0105 19       		.uleb128 0x19
 615 0106 3C       		.uleb128 0x3c
 616 0107 19       		.uleb128 0x19
 617 0108 6E       		.uleb128 0x6e
 618 0109 0E       		.uleb128 0xe
 619 010a 03       		.uleb128 0x3
 620 010b 0E       		.uleb128 0xe
 621 010c 3A       		.uleb128 0x3a
 622 010d 0B       		.uleb128 0xb
 623 010e 3B       		.uleb128 0x3b
 624 010f 05       		.uleb128 0x5
 625 0110 00       		.byte	0
 626 0111 00       		.byte	0
 627 0112 00       		.byte	0
 628              		.section	.debug_loc,"",%progbits
 629              	.Ldebug_loc0:
 630              	.LLST0:
 631 0000 00000000 		.4byte	.LVL0
 632 0004 09000000 		.4byte	.LVL1-1
 633 0008 0100     		.2byte	0x1
 634 000a 50       		.byte	0x50
 635 000b 09000000 		.4byte	.LVL1-1
 636 000f 30000000 		.4byte	.LFE64
 637 0013 0400     		.2byte	0x4
 638 0015 F3       		.byte	0xf3
 639 0016 01       		.uleb128 0x1
 640 0017 50       		.byte	0x50
 641 0018 9F       		.byte	0x9f
 642 0019 00000000 		.4byte	0
ARM GAS  C:\Users\mgnocco\AppData\Local\Temp\ccJ04Of3.s 			page 13


 643 001d 00000000 		.4byte	0
 644              	.LLST1:
 645 0021 00000000 		.4byte	.LVL0
 646 0025 09000000 		.4byte	.LVL1-1
 647 0029 0100     		.2byte	0x1
 648 002b 51       		.byte	0x51
 649 002c 09000000 		.4byte	.LVL1-1
 650 0030 30000000 		.4byte	.LFE64
 651 0034 0400     		.2byte	0x4
 652 0036 F3       		.byte	0xf3
 653 0037 01       		.uleb128 0x1
 654 0038 51       		.byte	0x51
 655 0039 9F       		.byte	0x9f
 656 003a 00000000 		.4byte	0
 657 003e 00000000 		.4byte	0
 658              	.LLST2:
 659 0042 00000000 		.4byte	.LVL8
 660 0046 06000000 		.4byte	.LVL9
 661 004a 0100     		.2byte	0x1
 662 004c 50       		.byte	0x50
 663 004d 06000000 		.4byte	.LVL9
 664 0051 28000000 		.4byte	.LFE65
 665 0055 0400     		.2byte	0x4
 666 0057 F3       		.byte	0xf3
 667 0058 01       		.uleb128 0x1
 668 0059 50       		.byte	0x50
 669 005a 9F       		.byte	0x9f
 670 005b 00000000 		.4byte	0
 671 005f 00000000 		.4byte	0
 672              		.section	.debug_aranges,"",%progbits
 673 0000 24000000 		.4byte	0x24
 674 0004 0200     		.2byte	0x2
 675 0006 00000000 		.4byte	.Ldebug_info0
 676 000a 04       		.byte	0x4
 677 000b 00       		.byte	0
 678 000c 0000     		.2byte	0
 679 000e 0000     		.2byte	0
 680 0010 00000000 		.4byte	.LFB64
 681 0014 30000000 		.4byte	.LFE64-.LFB64
 682 0018 00000000 		.4byte	.LFB65
 683 001c 28000000 		.4byte	.LFE65-.LFB65
 684 0020 00000000 		.4byte	0
 685 0024 00000000 		.4byte	0
 686              		.section	.debug_ranges,"",%progbits
 687              	.Ldebug_ranges0:
 688 0000 00000000 		.4byte	.LFB64
 689 0004 30000000 		.4byte	.LFE64
 690 0008 00000000 		.4byte	.LFB65
 691 000c 28000000 		.4byte	.LFE65
 692 0010 00000000 		.4byte	0
 693 0014 00000000 		.4byte	0
 694              		.section	.debug_line,"",%progbits
 695              	.Ldebug_line0:
 696 0000 A0010000 		.section	.debug_str,"MS",%progbits,1
 696      02005D01 
 696      00000201 
 696      FB0E0D00 
ARM GAS  C:\Users\mgnocco\AppData\Local\Temp\ccJ04Of3.s 			page 14


 696      01010101 
 697              	.LASF20:
 698 0000 5350495F 		.ascii	"SPI_IMU_ClearFIFO\000"
 698      494D555F 
 698      436C6561 
 698      72464946 
 698      4F00
 699              	.LASF26:
 700 0012 433A5C55 		.ascii	"C:\\Users\\mgnocco\\Documents\\Git\\PSoC5\\PSoC5_FW"
 700      73657273 
 700      5C6D676E 
 700      6F63636F 
 700      5C446F63 
 701 003f 5F494D55 		.ascii	"_IMU_LSM6DSRX_LIS2MDL\\LSM6DSRX +lis2mdl_funziona -"
 701      5F4C534D 
 701      36445352 
 701      585F4C49 
 701      53324D44 
 702 0071 4E4F4E54 		.ascii	"NONTOCCARE\\Design02.cydsn\000"
 702      4F434341 
 702      52455C44 
 702      65736967 
 702      6E30322E 
 703              	.LASF19:
 704 008b 5350495F 		.ascii	"SPI_IMU_ClearTxBuffer\000"
 704      494D555F 
 704      436C6561 
 704      72547842 
 704      75666665 
 705              	.LASF23:
 706 00a1 5350495F 		.ascii	"SPI_IMU_ReadRxData\000"
 706      494D555F 
 706      52656164 
 706      52784461 
 706      746100
 707              	.LASF9:
 708 00b4 5F5F696E 		.ascii	"__int32_t\000"
 708      7433325F 
 708      7400
 709              	.LASF29:
 710 00be 636F6E74 		.ascii	"controlreg\000"
 710      726F6C72 
 710      656700
 711              	.LASF27:
 712 00c9 57726974 		.ascii	"WriteControlRegisterSPI\000"
 712      65436F6E 
 712      74726F6C 
 712      52656769 
 712      73746572 
 713              	.LASF12:
 714 00e1 666C6F61 		.ascii	"float\000"
 714      7400
 715              	.LASF1:
 716 00e7 756E7369 		.ascii	"unsigned char\000"
 716      676E6564 
 716      20636861 
 716      7200
ARM GAS  C:\Users\mgnocco\AppData\Local\Temp\ccJ04Of3.s 			page 15


 717              	.LASF5:
 718 00f5 6C6F6E67 		.ascii	"long unsigned int\000"
 718      20756E73 
 718      69676E65 
 718      6420696E 
 718      7400
 719              	.LASF3:
 720 0107 73686F72 		.ascii	"short unsigned int\000"
 720      7420756E 
 720      7369676E 
 720      65642069 
 720      6E7400
 721              	.LASF21:
 722 011a 5350495F 		.ascii	"SPI_IMU_WriteTxData\000"
 722      494D555F 
 722      57726974 
 722      65547844 
 722      61746100 
 723              	.LASF18:
 724 012e 5350495F 		.ascii	"SPI_IMU_ClearRxBuffer\000"
 724      494D555F 
 724      436C6561 
 724      72527842 
 724      75666665 
 725              	.LASF30:
 726 0144 49544D5F 		.ascii	"ITM_RxBuffer\000"
 726      52784275 
 726      66666572 
 726      00
 727              	.LASF13:
 728 0151 646F7562 		.ascii	"double\000"
 728      6C6500
 729              	.LASF28:
 730 0158 52656164 		.ascii	"ReadControlRegisterSPI\000"
 730      436F6E74 
 730      726F6C52 
 730      65676973 
 730      74657253 
 731              	.LASF8:
 732 016f 756E7369 		.ascii	"unsigned int\000"
 732      676E6564 
 732      20696E74 
 732      00
 733              	.LASF17:
 734 017c 61646472 		.ascii	"address\000"
 734      65737300 
 735              	.LASF7:
 736 0184 6C6F6E67 		.ascii	"long long unsigned int\000"
 736      206C6F6E 
 736      6720756E 
 736      7369676E 
 736      65642069 
 737              	.LASF25:
 738 019b 736F7572 		.ascii	"source01.c\000"
 738      63653031 
 738      2E6300
 739              	.LASF10:
ARM GAS  C:\Users\mgnocco\AppData\Local\Temp\ccJ04Of3.s 			page 16


 740 01a6 696E7433 		.ascii	"int32_t\000"
 740      325F7400 
 741              	.LASF16:
 742 01ae 73697A65 		.ascii	"sizetype\000"
 742      74797065 
 742      00
 743              	.LASF6:
 744 01b7 6C6F6E67 		.ascii	"long long int\000"
 744      206C6F6E 
 744      6720696E 
 744      7400
 745              	.LASF14:
 746 01c5 63686172 		.ascii	"char\000"
 746      00
 747              	.LASF22:
 748 01ca 5350495F 		.ascii	"SPI_IMU_ReadStatus\000"
 748      494D555F 
 748      52656164 
 748      53746174 
 748      757300
 749              	.LASF2:
 750 01dd 73686F72 		.ascii	"short int\000"
 750      7420696E 
 750      7400
 751              	.LASF11:
 752 01e7 75696E74 		.ascii	"uint8\000"
 752      3800
 753              	.LASF24:
 754 01ed 474E5520 		.ascii	"GNU C11 5.4.1 20160609 (release) [ARM/embedded-5-br"
 754      43313120 
 754      352E342E 
 754      31203230 
 754      31363036 
 755 0220 616E6368 		.ascii	"anch revision 237715] -mcpu=cortex-m3 -mthumb -g -O"
 755      20726576 
 755      6973696F 
 755      6E203233 
 755      37373135 
 756 0253 73202D66 		.ascii	"s -ffunction-sections -ffat-lto-objects\000"
 756      66756E63 
 756      74696F6E 
 756      2D736563 
 756      74696F6E 
 757              	.LASF4:
 758 027b 6C6F6E67 		.ascii	"long int\000"
 758      20696E74 
 758      00
 759              	.LASF15:
 760 0284 6C6F6E67 		.ascii	"long double\000"
 760      20646F75 
 760      626C6500 
 761              	.LASF0:
 762 0290 7369676E 		.ascii	"signed char\000"
 762      65642063 
 762      68617200 
 763              		.ident	"GCC: (GNU Tools for ARM Embedded Processors) 5.4.1 20160609 (release) [ARM/embedded-5-bran
